Warning: The following synthetic libraries should be added to 
	the list of link libraries: 
	'dw_foundation.sldb'. (UISN-26)

Information: There are 34 potential problems in your design. Please run 'check_design' for more information. (LINT-99)



  Beginning Pass 1 Mapping
  ------------------------
  Processing 'Normalize'
Information: Added key list 'DesignWare' to design 'Normalize'. (DDB-72)
  Processing 'comparator24bit'
  Processing 'carryLookAheadAdder'
  Processing 'Adder24Bit'
  Processing 'shiftRegister'
  Processing 'comparator8bit'
  Processing 'FPAdder'

  Updating timing information
Information: Updating design information... (UID-85)

  Beginning Implementation Selection
  ----------------------------------
  Processing 'Normalize_DW01_sub_0'
  Processing 'Normalize_DW01_sub_1'
  Processing 'Normalize_DW01_sub_2'
  Processing 'Normalize_DW01_sub_3'
  Processing 'Normalize_DW01_sub_4'
  Processing 'Normalize_DW01_sub_5'
  Processing 'Normalize_DW01_sub_6'
  Processing 'Normalize_DW01_sub_7'
  Processing 'Normalize_DW01_sub_8'
  Processing 'Normalize_DW01_sub_9'
  Processing 'Normalize_DW01_sub_10'
  Processing 'Normalize_DW01_sub_11'
  Processing 'Normalize_DW01_sub_12'
  Processing 'Normalize_DW01_sub_13'
  Processing 'Normalize_DW01_sub_14'
  Processing 'Normalize_DW01_sub_15'
  Processing 'Normalize_DW01_sub_16'
  Processing 'Normalize_DW01_sub_17'
  Processing 'Normalize_DW01_sub_18'
  Processing 'Normalize_DW01_sub_19'
  Processing 'Normalize_DW01_sub_20'
  Processing 'Normalize_DW01_sub_21'
  Processing 'Normalize_DW01_sub_22'
  Processing 'Normalize_DW01_sub_23'
  Processing 'Normalize_DW01_add_0'
  Mapping 'Adder24Bit_DW_rightsh_0'
Information: Added key list 'DesignWare' to design 'Adder24Bit'. (DDB-72)
  Processing 'Adder24Bit_DW01_add_0'
  Processing 'Adder24Bit_DW01_add_1'
  Processing 'Adder24Bit_DW01_add_2'
  Processing 'comparator24bit_DW01_add_0'
  Processing 'comparator24bit_DW01_sub_0'
  Mapping 'shiftRegister_DW_rightsh_0'
  Processing 'comparator8bit_DW01_inc_0'
  Processing 'comparator8bit_DW01_add_0'
  Processing 'comparator8bit_DW01_sub_0'

  Beginning Mapping Optimizations  (Medium effort)
  -------------------------------
  Mapping Optimization (Phase 5)

   ELAPSED            WORST NEG TOTAL NEG  DESIGN                            
    TIME      AREA      SLACK     SLACK   RULE COST         ENDPOINT         
  --------- --------- --------- --------- --------- -------------------------
    0:00:10    3165.9      7.77     239.8      15.2                          
    0:00:10    3165.9      7.77     239.8      15.2                          
    0:00:10    3165.9      7.77     239.8      15.2                          
    0:00:10    3165.9      7.77     239.8      15.2                          
    0:00:10    3165.9      7.77     239.8      15.2                          
    0:00:11    3165.9      7.77     239.8      15.2                          
    0:00:11    2940.9      7.74     238.9       0.0                          
    0:00:11    2938.5      7.73     238.8       0.0                          
    0:00:11    2938.5      7.73     238.8       0.0                          
    0:00:11    2938.5      7.73     238.8       0.0                          
    0:00:11    2938.5      7.73     238.8       0.0                          
    0:00:11    2938.5      7.73     238.8       0.0                          
    0:00:11    2938.5      7.73     238.8       0.0                          
    0:00:11    2938.5      7.73     238.8       0.0                          
    0:00:11    2938.5      7.73     238.8       0.0                          
    0:00:11    2938.5      7.73     238.8       0.0                          



  Beginning Delay Optimization Phase
  ----------------------------------

   ELAPSED            WORST NEG TOTAL NEG  DESIGN                            
    TIME      AREA      SLACK     SLACK   RULE COST         ENDPOINT         
  --------- --------- --------- --------- --------- -------------------------
    0:00:11    2938.5      7.73     238.8       0.0                          
    0:00:11    2939.6      7.68     237.2      18.3 overflow_reg/D           
    0:00:12    2950.7      7.34     226.1      18.3 overflow_reg/D           
    0:00:12    2960.6      7.10     218.7      18.3 underflow_reg/D          
    0:00:12    2961.9      6.94     213.3      18.3 overflow_reg/D           
    0:00:12    2969.9      6.81     209.0      18.3 overflow_reg/D           
    0:00:12    2984.0      6.70     205.7      18.3 overflow_reg/D           
    0:00:12    2989.6      6.65     204.0      18.3 overflow_reg/D           
    0:00:12    2997.0      6.60     202.4      18.3 overflow_reg/D           
    0:00:13    3000.2      6.56     201.0      18.3 overflow_reg/D           
    0:00:13    3004.7      6.44     197.3      18.3 overflow_reg/D           
    0:00:13    3013.8      6.31     193.3      18.3 overflow_reg/D           
    0:00:13    3013.0      6.27     192.0      36.6 overflow_reg/D           
    0:00:13    3026.5      5.97     182.5      36.6 overflow_reg/D           
    0:00:14    3027.6      5.90     180.7      36.6 overflow_reg/D           
    0:00:14    3028.9      5.72     174.8      36.6 overflow_reg/D           
    0:00:14    3043.0      5.63     172.1      36.6 overflow_reg/D           
    0:00:14    3049.7      5.61     171.3      36.6 overflow_reg/D           
    0:00:14    3055.0      5.57     170.2      36.6 overflow_reg/D           
    0:00:14    3058.5      5.52     168.6      36.6 overflow_reg/D           
    0:00:14    3059.5      5.49     167.7      36.6 overflow_reg/D           
    0:00:15    3073.1      5.14     156.5      36.6 overflow_reg/D           
    0:00:15    3075.2      5.12     155.8      36.6 overflow_reg/D           
    0:00:15    3080.5      5.04     153.3      36.6 overflow_reg/D           
    0:00:15    3084.8      4.98     151.2      36.6 overflow_reg/D           
    0:00:15    3085.9      4.89     148.5      36.6 overflow_reg/D           
    0:00:16    3085.6      4.78     146.1      36.6 overflow_reg/D           
    0:00:16    3090.1      4.75     145.3      36.6 overflow_reg/D           
    0:00:16    3091.7      4.70     143.8      36.6 overflow_reg/D           
    0:00:16    3093.8      4.68     143.2      36.6 overflow_reg/D           
    0:00:16    3095.2      4.67     142.6      36.6 overflow_reg/D           
    0:00:16    3098.1      4.62     141.2      36.6 overflow_reg/D           
    0:00:17    3101.6      4.60     140.5      18.3 overflow_reg/D           
    0:00:17    3102.6      4.53     138.2      18.3 overflow_reg/D           
    0:00:17    3109.0      4.42     134.7      18.3 overflow_reg/D           
    0:00:17    3114.9      4.38     133.3      18.3 overflow_reg/D           
    0:00:17    3115.9      4.30     130.7      18.3 overflow_reg/D           
    0:00:17    3117.0      4.28     130.2      18.3 overflow_reg/D           
    0:00:17    3118.8      4.27     129.8      18.3 overflow_reg/D           
    0:00:18    3126.8      4.19     127.4      18.3 overflow_reg/D           
    0:00:18    3131.4      4.17     126.5      18.3 overflow_reg/D           
    0:00:18    3133.2      4.11     124.6      18.3 overflow_reg/D           
    0:00:18    3136.1      4.08     123.7      18.3 overflow_reg/D           
    0:00:18    3139.1      4.00     121.3      18.3 overflow_reg/D           
    0:00:18    3141.5      3.98     120.5      18.3 overflow_reg/D           
    0:00:18    3153.4      3.93     119.0      18.3 overflow_reg/D           
    0:00:19    3161.4      3.83     115.6      18.3 overflow_reg/D           
    0:00:19    3159.8      3.79     114.4      18.3 overflow_reg/D           
    0:00:19    3161.4      3.72     112.3      18.3 overflow_reg/D           
    0:00:19    3163.8      3.66     110.5      18.3 overflow_reg/D           
    0:00:20    3167.5      3.64     109.7      18.3 overflow_reg/D           
    0:00:20    3169.4      3.62     109.1      18.3 overflow_reg/D           
    0:00:20    3173.1      3.60     108.6      18.3 overflow_reg/D           
    0:00:20    3174.2      3.57     107.4      18.3 overflow_reg/D           
    0:00:20    3180.3      3.42     103.2      18.3 overflow_reg/D           
    0:00:20    3186.4      3.35     101.1      18.3 overflow_reg/D           
    0:00:20    3190.9      3.28      98.9      18.3 overflow_reg/D           
    0:00:20    3192.3      3.28      98.6      18.3 overflow_reg/D           
    0:00:21    3190.9      3.24      97.6      18.3 overflow_reg/D           
    0:00:21    3187.7      3.22      96.9      18.3 underflow_reg/D          
    0:00:21    3194.1      2.98      90.0      18.3 underflow_reg/D          
    0:00:21    3195.2      2.91      87.8      18.3 underflow_reg/D          
    0:00:21    3203.4      2.83      85.7      18.3 underflow_reg/D          
    0:00:22    3204.5      2.81      85.1      18.3 underflow_reg/D          
    0:00:22    3216.2      2.81      84.6      18.3 underflow_reg/D          
    0:00:22    3221.5      2.80      84.4      18.3 underflow_reg/D          
    0:00:22    3222.3      2.73      82.3      18.3 underflow_reg/D          
    0:00:22    3225.2      2.67      81.8      18.3 underflow_reg/D          
    0:00:22    3229.8      2.65      80.2       0.4 underflow_reg/D          
    0:00:23    3233.5      2.63      79.7       0.4 underflow_reg/D          
    0:00:23    3234.3      2.61      79.1       0.4 underflow_reg/D          
    0:00:23    3239.6      2.61      79.0       0.4 underflow_reg/D          
    0:00:23    3259.0      2.50      75.4       0.4 underflow_reg/D          
    0:00:23    3263.3      2.45      75.1       0.4 underflow_reg/D          
    0:00:24    3268.3      2.42      74.2       0.4 overflow_reg/D           
    0:00:24    3269.9      2.40      73.5       0.4 overflow_reg/D           
    0:00:24    3272.9      2.37      72.6       0.4 underflow_reg/D          
    0:00:24    3272.3      2.35      72.0       0.4 underflow_reg/D          
    0:00:25    3285.1      2.33      71.4       0.4 underflow_reg/D          
    0:00:25    3285.9      2.29      69.5       0.4 underflow_reg/D          
    0:00:25    3287.2      2.27      68.8       0.4 underflow_reg/D          
    0:00:25    3287.2      2.25      68.3       0.4 underflow_reg/D          
    0:00:25    3288.8      2.24      68.1       0.4 underflow_reg/D          
    0:00:25    3289.9      2.24      67.9       0.0 underflow_reg/D          
    0:00:25    3289.4      2.20      67.3       0.0 underflow_reg/D          
    0:00:26    3288.3      2.18      66.9       0.0 overflow_reg/D           
    0:00:26    3280.8      2.17      66.3       0.0 overflow_reg/D           
    0:00:26    3284.6      2.10      64.1       0.0 overflow_reg/D           
    0:00:26    3285.6      2.02      62.3       0.0 overflow_reg/D           
    0:00:26    3286.2      2.01      62.0       0.0 result_reg[8]/D          
    0:00:27    3287.8      1.98      61.4       0.0 result_reg[8]/D          
    0:00:27    3289.4      1.96      60.7       0.0 result_reg[8]/D          
    0:00:27    3290.4      1.95      60.4       0.0 result_reg[8]/D          
    0:00:27    3292.5      1.94      60.1       0.0 result_reg[8]/D          
    0:00:27    3297.1      1.93      59.7       0.0 result_reg[8]/D          
    0:00:27    3310.4      1.80      55.5       0.0 result_reg[8]/D          
    0:00:28    3310.9      1.73      53.4       0.0 underflow_reg/D          
    0:00:28    3312.5      1.70      52.3       0.0 result_reg[8]/D          
    0:00:28    3312.2      1.70      52.2       0.0 result_reg[8]/D          
    0:00:28    3313.3      1.69      51.9       0.0 result_reg[8]/D          
    0:00:28    3313.6      1.68      51.6       0.0 result_reg[8]/D          
    0:00:28    3314.9      1.66      50.9       0.0 result_reg[8]/D          
    0:00:29    3314.1      1.64      50.3       0.0 result_reg[8]/D          
    0:00:29    3307.2      1.62      49.7       0.0 result_reg[8]/D          
    0:00:29    3311.4      1.61      49.3       0.0 result_reg[8]/D          
    0:00:29    3320.2      1.56      47.8       0.0 underflow_reg/D          
    0:00:30    3323.4      1.53      46.8       0.0 underflow_reg/D          
    0:00:30    3322.3      1.53      46.7       0.0 underflow_reg/D          
    0:00:30    3322.6      1.52      46.5       0.0 underflow_reg/D          
    0:00:30    3326.6      1.51      46.2       0.0 underflow_reg/D          
    0:00:30    3326.6      1.51      46.1       0.0 underflow_reg/D          
    0:00:30    3328.2      1.50      45.9       0.0 underflow_reg/D          
    0:00:30    3328.7      1.49      45.7       0.0 underflow_reg/D          
    0:00:30    3331.4      1.49      45.6       0.4 underflow_reg/D          
    0:00:30    3334.8      1.49      45.5       0.4 underflow_reg/D          
    0:00:31    3343.6      1.46      44.5       0.4 underflow_reg/D          
    0:00:31    3344.7      1.41      43.2       0.4 underflow_reg/D          
    0:00:31    3346.3      1.39      42.5       0.4 underflow_reg/D          
    0:00:31    3350.0      1.39      42.3       0.4 underflow_reg/D          
    0:00:31    3353.2      1.37      41.8       0.4 underflow_reg/D          
    0:00:31    3356.7      1.37      41.8       0.4 result_reg[10]/D         
    0:00:32    3356.9      1.35      41.2       0.4 underflow_reg/D          
    0:00:32    3357.2      1.33      40.6       0.4 underflow_reg/D          
    0:00:32    3357.7      1.33      40.4       0.4 underflow_reg/D          
    0:00:32    3358.0      1.33      40.4       0.4 underflow_reg/D          
    0:00:32    3358.8      1.30      39.7       0.4 underflow_reg/D          
    0:00:32    3363.8      1.29      39.1       0.4 underflow_reg/D          
    0:00:32    3366.2      1.28      38.9       0.4 underflow_reg/D          
    0:00:32    3370.5      1.27      38.8       0.4 underflow_reg/D          
    0:00:33    3370.5      1.27      38.7       0.4 result_reg[12]/D         
    0:00:33    3381.1      1.18      36.0       0.4 underflow_reg/D          
    0:00:33    3383.5      1.18      35.9       0.4 underflow_reg/D          
    0:00:33    3388.6      1.18      35.7       0.4 underflow_reg/D          
    0:00:33    3389.4      1.16      35.3       0.4 underflow_reg/D          
    0:00:34    3390.2      1.15      34.8       0.4 underflow_reg/D          
    0:00:34    3391.2      1.14      34.6       0.4 underflow_reg/D          
    0:00:34    3392.6      1.14      34.5       0.4 underflow_reg/D          
    0:00:34    3397.9      1.10      33.4       0.4 underflow_reg/D          
    0:00:34    3399.7      1.09      32.9       0.4 underflow_reg/D          
    0:00:34    3401.3      1.08      32.6       0.4 underflow_reg/D          
    0:00:34    3410.7      1.08      32.4       0.4 result_reg[10]/D         
    0:00:35    3412.0      1.07      32.4       0.4 underflow_reg/D          
    0:00:35    3413.8      1.07      32.2       0.4 underflow_reg/D          
    0:00:35    3413.0      1.06      32.0       0.4 underflow_reg/D          
    0:00:35    3417.8      1.04      31.4       0.4 underflow_reg/D          
    0:00:35    3421.8      1.04      31.2       0.4 underflow_reg/D          
    0:00:35    3421.6      1.03      31.1       0.4 underflow_reg/D          
    0:00:36    3421.6      1.03      31.0       0.4 underflow_reg/D          
    0:00:36    3420.8      1.03      30.9       0.4 underflow_reg/D          
    0:00:36    3420.8      1.03      30.9       0.4 underflow_reg/D          
    0:00:36    3421.6      1.02      30.8       0.4 underflow_reg/D          
    0:00:36    3421.6      1.02      30.8       0.4 underflow_reg/D          
    0:00:36    3424.7      1.02      30.7       0.4 underflow_reg/D          
    0:00:36    3424.7      1.02      30.6       0.4 underflow_reg/D          
    0:00:36    3427.4      1.02      30.6       0.4 underflow_reg/D          
    0:00:37    3428.5      1.01      30.4       0.4 underflow_reg/D          
    0:00:37    3430.9      1.01      30.4       0.4 underflow_reg/D          
    0:00:37    3436.2      1.00      30.1       0.4 underflow_reg/D          
    0:00:37    3436.5      1.00      30.0       0.4 result_reg[10]/D         
    0:00:37    3435.9      0.99      29.8       0.4 underflow_reg/D          
    0:00:37    3436.7      0.99      29.8       0.4 underflow_reg/D          
    0:00:38    3439.1      0.97      29.3       0.4 underflow_reg/D          
    0:00:38    3439.9      0.97      29.2       0.4 underflow_reg/D          
    0:00:38    3439.9      0.97      29.2       0.4 underflow_reg/D          
    0:00:38    3439.9      0.97      29.1       0.4 underflow_reg/D          
    0:00:38    3439.4      0.97      29.1       0.4 underflow_reg/D          
    0:00:38    3441.2      0.97      29.0       0.4 underflow_reg/D          
    0:00:38    3442.3      0.97      29.0       0.4 underflow_reg/D          
    0:00:38    3445.8      0.94      28.3       0.4 underflow_reg/D          
    0:00:39    3449.0      0.93      27.9       0.4 underflow_reg/D          
    0:00:39    3449.0      0.93      27.7       0.4 underflow_reg/D          
    0:00:39    3450.0      0.92      27.5       0.4 underflow_reg/D          
    0:00:39    3446.8      0.92      27.5       0.4 underflow_reg/D          
    0:00:39    3448.4      0.92      27.4       0.4 underflow_reg/D          
    0:00:39    3452.7      0.91      27.2       0.4 underflow_reg/D          
    0:00:40    3455.1      0.90      27.0       0.4 underflow_reg/D          
    0:00:40    3456.1      0.90      27.0       0.4 underflow_reg/D          
    0:00:40    3466.0      0.89      26.7       0.4 underflow_reg/D          
    0:00:40    3470.5      0.87      25.9       0.4 underflow_reg/D          
    0:00:40    3471.0      0.87      25.8       0.4 underflow_reg/D          
    0:00:40    3470.8      0.86      25.8       0.4 underflow_reg/D          
    0:00:41    3472.9      0.86      25.6       0.4 underflow_reg/D          
    0:00:41    3474.2      0.85      25.5       0.4 underflow_reg/D          
    0:00:41    3476.4      0.84      25.2       0.4 underflow_reg/D          
    0:00:41    3475.6      0.83      24.9       2.9 underflow_reg/D          
    0:00:41    3476.9      0.83      24.7       2.9 underflow_reg/D          
    0:00:41    3478.7      0.82      24.4       2.9 underflow_reg/D          
    0:00:41    3479.5      0.82      24.3       2.9 underflow_reg/D          
    0:00:41    3482.5      0.81      24.3       2.9 underflow_reg/D          
    0:00:42    3485.4      0.81      24.2       2.9 underflow_reg/D          
    0:00:42    3484.3      0.81      24.1       2.9 underflow_reg/D          
    0:00:42    3488.3      0.80      23.8      22.0 underflow_reg/D          
    0:00:42    3488.6      0.79      23.6      22.0 underflow_reg/D          
    0:00:42    3489.1      0.79      23.6      22.0 underflow_reg/D          
    0:00:42    3488.3      0.79      23.5      22.0 underflow_reg/D          
    0:00:42    3488.1      0.79      23.4      22.0 underflow_reg/D          
    0:00:43    3489.1      0.78      23.3      22.0 underflow_reg/D          
    0:00:43    3491.0      0.78      23.2      22.0 underflow_reg/D          
    0:00:43    3490.2      0.78      23.1      22.0 underflow_reg/D          
    0:00:43    3489.9      0.77      23.0      22.0 underflow_reg/D          
    0:00:43    3489.9      0.77      22.9      22.0 underflow_reg/D          
    0:00:43    3490.5      0.77      22.9      22.0 underflow_reg/D          
    0:00:43    3491.0      0.77      22.8      22.0 result_reg[10]/D         
    0:00:44    3497.6      0.76      22.4      22.0 result_reg[10]/D         
    0:00:44    3497.4      0.75      22.4      22.0 underflow_reg/D          
    0:00:44    3497.6      0.75      22.3      22.0 result_reg[12]/D         
    0:00:44    3500.3      0.75      22.2      22.0 result_reg[12]/D         
    0:00:44    3499.5      0.75      22.2      22.0 underflow_reg/D          
    0:00:44    3501.1      0.75      22.1      22.0 underflow_reg/D          
    0:00:45    3500.6      0.74      22.0      22.0 result_reg[12]/D         
    0:00:45    3500.6      0.74      22.0      22.0 result_reg[12]/D         
    0:00:45    3499.5      0.74      22.0      22.0 result_reg[12]/D         
    0:00:45    3499.5      0.74      22.0      22.0 result_reg[12]/D         
    0:00:45    3499.5      0.74      22.0      22.0 result_reg[12]/D         
    0:00:45    3499.5      0.74      21.8      22.0 result_reg[12]/D         
    0:00:45    3500.6      0.73      21.7      22.0 result_reg[12]/D         
    0:00:45    3501.4      0.73      21.5      22.0 underflow_reg/D          
    0:00:46    3502.4      0.73      21.4      22.0 underflow_reg/D          
    0:00:46    3505.3      0.72      21.3      22.0 underflow_reg/D          
    0:00:46    3513.9      0.70      20.5      22.0 underflow_reg/D          
    0:00:46    3523.4      0.69      20.4      22.0 underflow_reg/D          
    0:00:46    3522.9      0.67      19.6      22.0 underflow_reg/D          
    0:00:47    3524.8      0.66      19.2      22.0 underflow_reg/D          
    0:00:47    3524.8      0.65      19.1      22.0 underflow_reg/D          
    0:00:47    3528.8      0.64      18.9      22.0 underflow_reg/D          
    0:00:47    3530.6      0.64      18.8      22.0 underflow_reg/D          
    0:00:47    3531.4      0.63      18.5      22.0 underflow_reg/D          
    0:00:47    3533.3      0.63      18.4      22.0 underflow_reg/D          
    0:00:47    3533.8      0.63      18.3      22.0 underflow_reg/D          
    0:00:48    3535.1      0.62      18.1      22.0 underflow_reg/D          
    0:00:48    3534.6      0.61      17.7      22.0 underflow_reg/D          
    0:00:48    3535.4      0.61      17.6      22.0 underflow_reg/D          
    0:00:48    3535.4      0.60      17.5      22.0 underflow_reg/D          
    0:00:48    3535.1      0.60      17.4      22.0 underflow_reg/D          
    0:00:49    3537.0      0.59      17.2      22.0 underflow_reg/D          
    0:00:49    3539.1      0.59      17.1      22.0 underflow_reg/D          
    0:00:49    3541.0      0.59      17.1      22.0 underflow_reg/D          
    0:00:49    3541.3      0.59      17.1      22.0 underflow_reg/D          
    0:00:49    3542.1      0.58      16.7      22.0 underflow_reg/D          
    0:00:49    3541.8      0.56      16.3      22.0 underflow_reg/D          
    0:00:50    3542.9      0.56      16.3      22.0 underflow_reg/D          
    0:00:50    3544.4      0.56      16.0      22.0 underflow_reg/D          
    0:00:50    3546.8      0.55      15.9      22.0 underflow_reg/D          
    0:00:50    3549.5      0.55      15.7      22.0 underflow_reg/D          
    0:00:50    3549.5      0.55      15.7      22.0 underflow_reg/D          
    0:00:51    3550.8      0.55      15.7      22.0 underflow_reg/D          
    0:00:51    3550.8      0.54      15.6      22.0 underflow_reg/D          
    0:00:51    3552.7      0.54      15.6      22.0 underflow_reg/D          
    0:00:51    3552.7      0.54      15.5      22.0 underflow_reg/D          
    0:00:52    3555.9      0.54      15.5      22.0 underflow_reg/D          
    0:00:52    3560.9      0.53      15.2      22.0 underflow_reg/D          
    0:00:52    3559.6      0.52      14.8      22.0 underflow_reg/D          
    0:00:52    3559.9      0.51      14.6      22.0 underflow_reg/D          
    0:00:52    3559.6      0.51      14.6      22.0 underflow_reg/D          
    0:00:52    3561.7      0.51      14.5      22.0 underflow_reg/D          
    0:00:52    3561.7      0.51      14.4      22.0 underflow_reg/D          
    0:00:53    3563.9      0.51      14.4      22.0 underflow_reg/D          
    0:00:53    3566.3      0.50      14.4      22.0 underflow_reg/D          
    0:00:53    3566.3      0.50      14.4      22.0 underflow_reg/D          
    0:00:53    3567.1      0.50      14.3      22.0 underflow_reg/D          
    0:00:53    3571.0      0.50      14.3      22.0 underflow_reg/D          
    0:00:53    3574.2      0.50      14.2      22.0 underflow_reg/D          
    0:00:54    3573.4      0.50      14.2      22.0 underflow_reg/D          
    0:00:54    3571.8      0.50      14.2      22.0 underflow_reg/D          
    0:00:54    3574.8      0.49      14.0      22.0 underflow_reg/D          
    0:00:54    3575.8      0.49      14.0      22.0 underflow_reg/D          
    0:00:54    3575.0      0.49      13.8      22.0 underflow_reg/D          
    0:00:54    3577.4      0.48      13.7      22.0 underflow_reg/D          
    0:00:54    3579.8      0.48      13.5      22.0 underflow_reg/D          
    0:00:54    3578.8      0.48      13.5      22.0 underflow_reg/D          
    0:00:55    3580.6      0.47      13.3      22.0 underflow_reg/D          
    0:00:55    3581.4      0.47      13.2      22.0 underflow_reg/D          
    0:00:55    3583.8      0.46      13.1      22.0 underflow_reg/D          
    0:00:55    3584.6      0.46      13.0      22.0 underflow_reg/D          
    0:00:55    3590.2      0.45      12.7      22.0 underflow_reg/D          
    0:00:56    3592.9      0.45      12.6      22.0 underflow_reg/D          
    0:00:56    3592.9      0.45      12.5      22.0 underflow_reg/D          
    0:00:56    3594.2      0.45      12.5      22.0 underflow_reg/D          
    0:00:56    3595.0      0.44      12.4      22.0 underflow_reg/D          
    0:00:56    3596.9      0.44      12.4      22.0 underflow_reg/D          
    0:00:57    3598.7      0.44      12.3      22.0 underflow_reg/D          
    0:00:57    3598.2      0.44      12.2      22.0 underflow_reg/D          
    0:00:57    3600.0      0.44      12.1      22.0 underflow_reg/D          
    0:00:57    3600.8      0.43      12.0      22.0 underflow_reg/D          
    0:00:57    3600.8      0.43      12.0      22.0 underflow_reg/D          
    0:00:57    3601.6      0.43      12.0      22.0 underflow_reg/D          
    0:00:57    3603.2      0.43      12.0      22.0 underflow_reg/D          
    0:00:57    3603.2      0.43      12.0      22.0 underflow_reg/D          
    0:00:57    3603.2      0.43      11.9      22.0 underflow_reg/D          
    0:00:58    3605.6      0.43      11.9      22.0 underflow_reg/D          
    0:00:58    3605.4      0.43      11.9      22.0 underflow_reg/D          
    0:00:58    3605.4      0.43      11.8      22.0 underflow_reg/D          
    0:00:58    3615.2      0.42      11.7      57.3 underflow_reg/D          
    0:00:58    3615.2      0.42      11.7      57.3 underflow_reg/D          
    0:00:58    3615.2      0.42      11.7      57.3 underflow_reg/D          
    0:00:58    3614.1      0.42      11.6      57.3 underflow_reg/D          
    0:00:59    3615.7      0.42      11.6      57.3 underflow_reg/D          
    0:00:59    3615.5      0.41      11.5      57.3 underflow_reg/D          
    0:00:59    3616.8      0.41      11.5      57.3 underflow_reg/D          
    0:00:59    3617.3      0.41      11.4      57.3 underflow_reg/D          
    0:00:59    3619.7      0.41      11.4      57.3 underflow_reg/D          
    0:00:59    3619.2      0.41      11.4      57.3 underflow_reg/D          
    0:00:59    3620.8      0.41      11.3      57.3 underflow_reg/D          
    0:01:00    3622.4      0.41      11.2      57.3 underflow_reg/D          
    0:01:00    3624.5      0.41      11.2      57.3 underflow_reg/D          
    0:01:00    3625.0      0.40      11.2      57.3 underflow_reg/D          
    0:01:00    3627.2      0.40      11.2      57.3 underflow_reg/D          
    0:01:00    3627.2      0.40      11.2      57.3 underflow_reg/D          
    0:01:00    3627.2      0.40      11.0      57.3 underflow_reg/D          
    0:01:00    3628.2      0.40      11.0      57.3 underflow_reg/D          
    0:01:00    3630.9      0.40      10.9      57.3 underflow_reg/D          
    0:01:01    3630.1      0.39      10.7      57.3 underflow_reg/D          
    0:01:01    3629.0      0.39      10.6      57.3 underflow_reg/D          
    0:01:01    3631.2      0.39      10.6      57.3 underflow_reg/D          
    0:01:01    3631.2      0.38      10.5      57.3 underflow_reg/D          
    0:01:01    3631.2      0.38      10.5      57.3 underflow_reg/D          
    0:01:02    3631.4      0.38      10.5      57.3 underflow_reg/D          
    0:01:02    3632.8      0.38      10.5      57.3 underflow_reg/D          
    0:01:02    3634.4      0.38      10.5      57.3 underflow_reg/D          
    0:01:02    3635.4      0.38      10.4      57.3 underflow_reg/D          
    0:01:02    3636.5      0.38      10.4      57.3 underflow_reg/D          
    0:01:03    3637.0      0.38      10.4      57.3 underflow_reg/D          
    0:01:03    3638.6      0.38      10.3      57.3 underflow_reg/D          
    0:01:03    3637.8      0.38      10.3      57.3 underflow_reg/D          
    0:01:03    3637.0      0.37      10.3      57.3 underflow_reg/D          
    0:01:03    3636.2      0.37      10.1      57.3 underflow_reg/D          
    0:01:03    3644.2      0.36       9.9      57.3 underflow_reg/D          
    0:01:04    3643.4      0.36       9.7      57.3 underflow_reg/D          
    0:01:04    3643.4      0.36       9.7      57.3 underflow_reg/D          
    0:01:04    3644.2      0.36       9.7      57.3 underflow_reg/D          
    0:01:04    3644.2      0.36       9.7      57.3 underflow_reg/D          
    0:01:05    3646.1      0.35       9.6      57.3 underflow_reg/D          
    0:01:05    3648.5      0.35       9.6      57.3 underflow_reg/D          
    0:01:05    3648.7      0.35       9.5      57.3 underflow_reg/D          
    0:01:05    3649.3      0.35       9.4      57.3 underflow_reg/D          
    0:01:05    3648.2      0.35       9.4      57.3 underflow_reg/D          
    0:01:05    3648.2      0.35       9.4      57.3 underflow_reg/D          
    0:01:05    3649.3      0.35       9.4      57.3 underflow_reg/D          
    0:01:06    3652.4      0.34       9.3      57.3 underflow_reg/D          
    0:01:06    3653.0      0.34       9.3      57.3 underflow_reg/D          
    0:01:06    3652.2      0.34       9.3      57.3 underflow_reg/D          
    0:01:06    3652.2      0.34       9.3      57.3 underflow_reg/D          
    0:01:07    3655.9      0.34       9.1      57.3 underflow_reg/D          
    0:01:07    3656.7      0.33       8.9      57.3 underflow_reg/D          
    0:01:07    3656.7      0.33       8.9      57.3 underflow_reg/D          
    0:01:07    3656.7      0.33       8.9      57.3 underflow_reg/D          
    0:01:07    3657.0      0.32       8.7      57.3 underflow_reg/D          
    0:01:08    3657.0      0.32       8.7      57.3 underflow_reg/D          
    0:01:08    3658.0      0.32       8.6      57.3 underflow_reg/D          
    0:01:08    3658.0      0.32       8.6      57.3 underflow_reg/D          
    0:01:08    3658.0      0.32       8.6      57.3 underflow_reg/D          
    0:01:08    3657.8      0.32       8.6      57.3 underflow_reg/D          
    0:01:08    3657.0      0.32       8.5      57.3 underflow_reg/D          
    0:01:09    3657.8      0.32       8.5      57.3 underflow_reg/D          
    0:01:09    3657.5      0.31       8.5      57.3 underflow_reg/D          
    0:01:09    3656.4      0.31       8.4      57.3 underflow_reg/D          
    0:01:09    3657.0      0.31       8.4      57.3 underflow_reg/D          
    0:01:09    3657.5      0.31       8.4      57.3 underflow_reg/D          
    0:01:09    3657.5      0.31       8.3      57.3 underflow_reg/D          
    0:01:10    3658.3      0.31       8.2      57.3 underflow_reg/D          
    0:01:10    3658.8      0.31       8.2      57.3 underflow_reg/D          
    0:01:10    3660.7      0.31       8.2      57.3 underflow_reg/D          
    0:01:10    3662.3      0.30       8.1      57.3 underflow_reg/D          
    0:01:10    3662.6      0.30       8.0      57.3 underflow_reg/D          
    0:01:10    3662.6      0.30       8.0      57.3 underflow_reg/D          
    0:01:11    3662.6      0.30       8.0      57.3 underflow_reg/D          
    0:01:11    3665.2      0.29       7.8      57.3 underflow_reg/D          
    0:01:11    3666.0      0.29       7.8      57.3 underflow_reg/D          
    0:01:11    3667.9      0.29       7.8      57.3 result_reg[12]/D         
    0:01:11    3668.9      0.29       7.7      57.3 underflow_reg/D          
    0:01:12    3671.1      0.29       7.7      57.3 underflow_reg/D          
    0:01:12    3674.0      0.29       7.7      57.3 underflow_reg/D          
    0:01:12    3676.4      0.29       7.7      57.3 underflow_reg/D          
    0:01:12    3676.4      0.29       7.7      57.3 underflow_reg/D          
    0:01:12    3676.7      0.29       7.6      57.3 underflow_reg/D          
    0:01:12    3678.5      0.29       7.6      57.3 underflow_reg/D          
    0:01:12    3677.4      0.28       7.6      57.3 underflow_reg/D          
    0:01:13    3678.5      0.28       7.4      57.3 underflow_reg/D          
    0:01:13    3676.9      0.28       7.4      57.3 underflow_reg/D          
    0:01:13    3678.0      0.28       7.4      57.3 underflow_reg/D          
    0:01:13    3678.0      0.28       7.4      57.3 underflow_reg/D          
    0:01:14    3678.0      0.28       7.4      57.3 underflow_reg/D          
    0:01:14    3678.0      0.28       7.4      57.3 underflow_reg/D          
    0:01:14    3678.8      0.28       7.4      57.3 underflow_reg/D          
    0:01:14    3679.3      0.28       7.4      57.3 underflow_reg/D          
    0:01:15    3679.3      0.28       7.4      57.3 underflow_reg/D          
    0:01:15    3682.8      0.28       7.3      57.3 underflow_reg/D          
    0:01:15    3682.8      0.28       7.3      57.3 underflow_reg/D          
    0:01:16    3684.6      0.27       7.2      57.3 underflow_reg/D          
    0:01:16    3684.6      0.27       7.2      57.3 underflow_reg/D          
    0:01:16    3684.6      0.27       7.2      57.3 underflow_reg/D          
    0:01:16    3684.6      0.27       7.1      57.3 underflow_reg/D          
    0:01:16    3684.6      0.27       7.1      57.3 underflow_reg/D          
    0:01:16    3684.6      0.27       7.1      57.3 underflow_reg/D          
    0:01:17    3686.0      0.27       7.1      57.3 underflow_reg/D          
    0:01:17    3686.8      0.27       7.0      57.3 underflow_reg/D          
    0:01:18    3691.8      0.26       7.0      57.3 result_reg[12]/D         
    0:01:18    3695.8      0.26       6.8      57.3 underflow_reg/D          
    0:01:18    3694.5      0.26       6.8      57.3 underflow_reg/D          
    0:01:18    3697.7      0.25       6.6      57.3 underflow_reg/D          
    0:01:18    3702.5      0.25       6.6      57.3 underflow_reg/D          
    0:01:18    3705.1      0.25       6.5      57.3 underflow_reg/D          
    0:01:18    3708.0      0.24       6.3      57.3 underflow_reg/D          
    0:01:18    3711.8      0.24       6.2      57.3 result_reg[12]/D         
    0:01:19    3715.2      0.23       6.1      57.3 underflow_reg/D          
    0:01:19    3717.3      0.23       6.1      57.3 underflow_reg/D          
    0:01:19    3719.2      0.23       6.0      57.0 underflow_reg/D          
    0:01:19    3720.0      0.23       6.0      57.0 underflow_reg/D          
    0:01:19    3720.5      0.23       6.0      57.0 underflow_reg/D          
    0:01:19    3724.0      0.23       5.9      57.0 underflow_reg/D          
    0:01:19    3727.7      0.23       5.9      57.0 underflow_reg/D          
    0:01:19    3726.7      0.23       5.9      57.0 underflow_reg/D          
    0:01:20    3726.7      0.23       5.9      57.0 underflow_reg/D          
    0:01:20    3730.9      0.22       5.8      57.0 underflow_reg/D          
    0:01:20    3736.2      0.22       5.7      57.0 underflow_reg/D          
    0:01:20    3740.0      0.22       5.7      57.0 underflow_reg/D          
    0:01:20    3742.1      0.21       5.6      57.0 underflow_reg/D          
    0:01:20    3741.0      0.21       5.5      57.0 underflow_reg/D          
    0:01:20    3741.8      0.21       5.5      57.0 underflow_reg/D          
    0:01:21    3741.8      0.21       5.5      57.0 underflow_reg/D          
    0:01:21    3742.4      0.21       5.4      57.0 underflow_reg/D          
    0:01:21    3743.4      0.20       5.3      57.0 underflow_reg/D          
    0:01:21    3742.6      0.20       5.1      57.0 result_reg[14]/D         
    0:01:21    3744.5      0.20       5.0      57.0 underflow_reg/D          
    0:01:21    3747.7      0.20       4.9      57.0 underflow_reg/D          
    0:01:21    3747.7      0.20       4.9      57.0 underflow_reg/D          
    0:01:21    3747.7      0.19       4.9      57.0 underflow_reg/D          
    0:01:22    3747.7      0.19       4.9      57.0 underflow_reg/D          
    0:01:22    3749.0      0.19       4.9      57.0 underflow_reg/D          
    0:01:22    3751.7      0.19       4.8      57.0 underflow_reg/D          
    0:01:22    3753.5      0.19       4.8      57.0 underflow_reg/D          
    0:01:22    3756.5      0.19       4.8      57.0 underflow_reg/D          
    0:01:22    3755.9      0.19       4.8      57.0 underflow_reg/D          
    0:01:22    3757.0      0.19       4.7      57.0 underflow_reg/D          
    0:01:23    3757.8      0.19       4.7      57.0 underflow_reg/D          
    0:01:23    3757.8      0.19       4.7      57.0 underflow_reg/D          
    0:01:23    3759.6      0.19       4.7      57.0 underflow_reg/D          
    0:01:23    3761.5      0.19       4.7      57.0 underflow_reg/D          
    0:01:23    3761.2      0.19       4.6      57.0 underflow_reg/D          
    0:01:23    3764.2      0.18       4.5      57.0 result_reg[9]/D          
    0:01:24    3767.9      0.18       4.4      57.0 underflow_reg/D          
    0:01:24    3767.4      0.18       4.4      57.0 underflow_reg/D          
    0:01:24    3767.1      0.18       4.4      57.0 underflow_reg/D          
    0:01:24    3767.1      0.18       4.5      57.0 underflow_reg/D          
    0:01:24    3767.9      0.18       4.5      57.0 underflow_reg/D          
    0:01:24    3770.0      0.18       4.5      57.0 underflow_reg/D          
    0:01:25    3770.3      0.18       4.5      57.0 underflow_reg/D          
    0:01:25    3768.7      0.17       4.4      57.0 underflow_reg/D          
    0:01:25    3769.5      0.17       4.4      57.0 underflow_reg/D          
    0:01:25    3772.4      0.17       4.3      57.0 underflow_reg/D          
    0:01:25    3771.6      0.17       4.3      57.0 underflow_reg/D          
    0:01:25    3771.6      0.17       4.3      57.0 underflow_reg/D          
    0:01:26    3772.9      0.17       4.3      57.0 underflow_reg/D          
    0:01:26    3772.1      0.17       4.3      57.0 underflow_reg/D          
    0:01:26    3772.1      0.17       4.3      57.0 underflow_reg/D          
    0:01:26    3772.9      0.17       4.2      57.0 underflow_reg/D          
    0:01:26    3772.9      0.16       4.2      57.0 underflow_reg/D          
    0:01:27    3776.9      0.16       4.1      57.0 underflow_reg/D          
    0:01:27    3777.7      0.16       4.1      57.0 underflow_reg/D          
    0:01:27    3780.1      0.16       4.1      57.0 underflow_reg/D          
    0:01:27    3782.8      0.16       4.0      57.0 underflow_reg/D          
    0:01:27    3784.4      0.16       4.0      57.0 underflow_reg/D          
    0:01:27    3784.4      0.16       3.9      57.0 underflow_reg/D          
    0:01:27    3785.2      0.15       3.9      57.0 underflow_reg/D          
    0:01:28    3786.8      0.15       3.9      57.0 underflow_reg/D          
    0:01:28    3786.8      0.15       3.9      57.0 underflow_reg/D          
    0:01:30    3787.8      0.15       3.8      57.0 underflow_reg/D          
    0:01:30    3792.4      0.13       3.1      57.0 underflow_reg/D          
    0:01:31    3797.9      0.01       0.2      57.0 underflow_reg/D          
    0:01:32    3797.1      0.00       0.0      57.0                          
    0:01:32    3797.1      0.00       0.0      57.0                          


  Beginning Design Rule Fixing  (max_capacitance)
  ----------------------------

   ELAPSED            WORST NEG TOTAL NEG  DESIGN                            
    TIME      AREA      SLACK     SLACK   RULE COST         ENDPOINT         
  --------- --------- --------- --------- --------- -------------------------
    0:01:32    3797.1      0.00       0.0      57.0                          
    0:01:32    3781.7      0.00       0.0       0.0                          


  Beginning Area-Recovery Phase  (cleanup)
  -----------------------------

   ELAPSED            WORST NEG TOTAL NEG  DESIGN                            
    TIME      AREA      SLACK     SLACK   RULE COST         ENDPOINT         
  --------- --------- --------- --------- --------- -------------------------
    0:01:32    3781.7      0.00       0.0       0.0                          
    0:01:32    3781.7      0.00       0.0       0.0                          
    0:01:32    3781.7      0.00       0.0       0.0                          
    0:01:32    3647.4      0.08       1.6       0.0                          
    0:01:32    3613.9      0.07       1.4       0.0                          
    0:01:32    3607.5      0.07       1.4       0.0                          
    0:01:32    3603.8      0.07       1.4       0.0                          
    0:01:32    3603.2      0.07       1.4       0.0                          
    0:01:32    3603.2      0.07       1.4       0.0                          
    0:01:32    3603.2      0.05       0.9       0.0 underflow_reg/D          
    0:01:32    3601.1      0.04       0.6       0.0 underflow_reg/D          
    0:01:33    3600.8      0.03       0.5       0.0 underflow_reg/D          
    0:01:33    3601.9      0.03       0.5       0.0 underflow_reg/D          
    0:01:34    3609.4      0.01       0.1       0.0                          
    0:01:34    3612.3      0.00       0.0       0.0                          
    0:01:34    3612.3      0.00       0.0       0.0                          
    0:01:34    3612.3      0.00       0.0       0.0                          
    0:01:34    3583.0      0.00       0.0       0.0                          
    0:01:34    3582.5      0.00       0.0       0.0                          
    0:01:34    3582.5      0.00       0.0       0.0                          
    0:01:34    3582.5      0.00       0.0       0.0                          
    0:01:34    3582.5      0.00       0.0       0.0                          
    0:01:34    3582.5      0.00       0.0       0.0                          
    0:01:34    3582.5      0.00       0.0       0.0                          
    0:01:34    3582.5      0.00       0.0       0.0                          
    0:01:34    3582.5      0.00       0.0       0.0                          
Loading db file '/home/standard_cell_libraries/NangateOpenCellLibrary_PDKv1_3_v2010_12/lib/Front_End/Liberty/NLDM/NangateOpenCellLibrary_ss0p95vn40c.db'

  Optimization Complete
  ---------------------
1
