 
****************************************
Report : qor
Design : carrySelectAdder
Version: U-2022.12-SP7
Date   : Tue Dec 12 17:24:34 2023
****************************************


  Timing Path Group (none)
  -----------------------------------
  Levels of Logic:              15.00
  Critical Path Length:          3.78
  Critical Path Slack:         uninit
  Critical Path Clk Period:       n/a
  Total Negative Slack:          0.00
  No. of Violating Paths:        0.00
  Worst Hold Violation:          0.00
  Total Hold Violation:          0.00
  No. of Hold Violations:        0.00
  -----------------------------------


  Cell Count
  -----------------------------------
  Hierarchical Cell Count:         72
  Hierarchical Port Count:        432
  Leaf Cell Count:                235
  Buf/Inv Cell Count:               0
  Buf Cell Count:                   0
  Inv Cell Count:                   0
  CT Buf/Inv Cell Count:            0
  Combinational Cell Count:       235
  Sequential Cell Count:            0
  Macro Count:                      0
  -----------------------------------


  Area
  -----------------------------------
  Combinational Area:     3011.788837
  Noncombinational Area:     0.000000
  Buf/Inv Area:              0.000000
  Total Buffer Area:             0.00
  Total Inverter Area:           0.00
  Macro/Black Box Area:      0.000000
  Net Area:                101.395641
  -----------------------------------
  Cell Area:              3011.788837
  Design Area:            3113.184479


  Design Rules
  -----------------------------------
  Total Number of Nets:           316
  Nets With Violations:             0
  Max Trans Violations:             0
  Max Cap Violations:               0
  -----------------------------------


  Hostname: ip-172-31-17-209.ec2.internal

  Compile CPU Statistics
  -----------------------------------------
  Resource Sharing:                    0.11
  Logic Optimization:                  0.16
  Mapping Optimization:                0.12
  -----------------------------------------
  Overall Compile Time:                0.83
  Overall Compile Wall Clock Time:     1.08

  --------------------------------------------------------------------

  Design  WNS: 0.00  TNS: 0.00  Number of Violating Paths: 0


  Design (Hold)  WNS: 0.00  TNS: 0.00  Number of Violating Paths: 0

  --------------------------------------------------------------------


1
