Warning: The following synthetic libraries should be added to 
	the list of link libraries: 
	'dw_foundation.sldb'. (UISN-26)
Information: Checking out the license 'DesignWare'. (SEC-104)
Information: Evaluating DesignWare library utilization. (UISN-27)

============================================================================
| DesignWare Building Block Library  |         Version         | Available |
============================================================================
| Basic DW Building Blocks           | G-2012.06-DWBB_201206.2 |     *     |
| Licensed DW Building Blocks        | G-2012.06-DWBB_201206.2 |     *     |
============================================================================



  Beginning Pass 1 Mapping
  ------------------------
  Processing 'FPMultiplier'

  Updating timing information
Information: Updating design information... (UID-85)

  Beginning Implementation Selection
  ----------------------------------
  Processing 'FPMultiplier_DW01_add_0'
  Processing 'FPMultiplier_DW01_sub_0'
  Mapping 'FPMultiplier_DW_mult_uns_0'
  Processing 'FPMultiplier_DW01_add_1'

  Beginning Mapping Optimizations  (Medium effort)
  -------------------------------

   ELAPSED            WORST NEG TOTAL NEG  DESIGN                            
    TIME      AREA      SLACK     SLACK   RULE COST         ENDPOINT         
  --------- --------- --------- --------- --------- -------------------------
    0:00:03    2833.2      0.35       1.1       0.0                          
    0:00:03    2833.2      0.35       1.1       0.0                          
    0:00:03    2833.2      0.35       1.1       0.0                          
    0:00:03    2833.2      0.35       1.1       0.0                          
    0:00:03    2833.2      0.35       1.1       0.0                          
    0:00:03    2833.2      0.35       1.1       0.0                          
    0:00:03    2719.1      0.36       1.3       0.0                          
    0:00:03    2716.1      0.33       1.1       0.0                          
    0:00:03    2716.7      0.32       1.0       0.0                          
    0:00:03    2716.7      0.32       1.0       0.0                          
    0:00:03    2717.5      0.31       1.0       0.0                          
    0:00:03    2717.5      0.31       1.0       0.0                          
    0:00:03    2717.5      0.31       1.0       0.0                          
    0:00:03    2717.5      0.31       1.0       0.0                          
    0:00:03    2717.5      0.31       1.0       0.0                          
    0:00:03    2717.5      0.31       1.0       0.0                          
    0:00:03    2717.5      0.31       1.0       0.0                          
    0:00:03    2717.5      0.31       1.0       0.0                          



  Beginning Delay Optimization Phase
  ----------------------------------

   ELAPSED            WORST NEG TOTAL NEG  DESIGN                            
    TIME      AREA      SLACK     SLACK   RULE COST         ENDPOINT         
  --------- --------- --------- --------- --------- -------------------------
    0:00:03    2717.5      0.31       1.0       0.0                          
    0:00:03    2722.5      0.29       0.9       0.0 result_reg[30]/D         
    0:00:04    2726.5      0.28       0.9       0.0 result_reg[30]/D         
    0:00:04    2743.3      0.25       0.7       0.0 result_reg[30]/D         
    0:00:04    2752.3      0.22       0.5       0.0 result_reg[30]/D         
    0:00:04    2764.3      0.21       0.5       0.0 result_reg[30]/D         
    0:00:04    2776.5      0.20       0.5       0.0 result_reg[30]/D         
    0:00:04    2784.0      0.16       0.3       0.0 result_reg[30]/D         
    0:00:04    2790.1      0.14       0.3       0.0 result_reg[30]/D         
    0:00:04    2791.1      0.13       0.3       0.0 result_reg[30]/D         
    0:00:04    2794.9      0.12       0.2       0.0 result_reg[30]/D         
    0:00:04    2797.0      0.10       0.2       0.0 result_reg[30]/D         
    0:00:04    2799.4      0.09       0.2       0.0 result_reg[30]/D         
    0:00:05    2800.2      0.08       0.1       0.0 result_reg[30]/D         
    0:00:05    2799.4      0.08       0.1       0.0 result_reg[30]/D         
    0:00:05    2801.0      0.07       0.1       0.0 result_reg[30]/D         
    0:00:05    2804.4      0.06       0.1       0.0 result_reg[30]/D         
    0:00:05    2811.4      0.05       0.1       0.3 result_reg[30]/D         
    0:00:05    2816.7      0.05       0.1       0.3 result_reg[30]/D         
    0:00:05    2816.7      0.05       0.1       0.3 result_reg[30]/D         
    0:00:05    2816.7      0.05       0.1       0.3 result_reg[30]/D         
    0:00:06    2817.2      0.05       0.1       0.3 result_reg[30]/D         
    0:00:06    2818.8      0.03       0.0       0.3 result_reg[30]/D         
    0:00:06    2822.5      0.02       0.0       0.3 result_reg[30]/D         
    0:00:06    2826.8      0.01       0.0       0.3 result_reg[30]/D         
    0:00:06    2830.0      0.01       0.0       0.3 result_reg[30]/D         
    0:00:06    2829.7      0.00       0.0       0.3                          
    0:00:06    2829.7      0.00       0.0       0.3                          


  Beginning Design Rule Fixing  (max_capacitance)
  ----------------------------

   ELAPSED            WORST NEG TOTAL NEG  DESIGN                            
    TIME      AREA      SLACK     SLACK   RULE COST         ENDPOINT         
  --------- --------- --------- --------- --------- -------------------------
    0:00:06    2829.7      0.00       0.0       0.3                          
    0:00:06    2830.2      0.00       0.0       0.0                          


  Beginning Area-Recovery Phase  (cleanup)
  -----------------------------

   ELAPSED            WORST NEG TOTAL NEG  DESIGN                            
    TIME      AREA      SLACK     SLACK   RULE COST         ENDPOINT         
  --------- --------- --------- --------- --------- -------------------------
    0:00:06    2830.2      0.00       0.0       0.0                          
    0:00:06    2830.2      0.00       0.0       0.0                          
    0:00:06    2830.2      0.00       0.0       0.0                          
    0:00:06    2819.1      0.00       0.0       0.0                          
    0:00:06    2816.7      0.01       0.0       0.0                          
    0:00:06    2816.1      0.01       0.0       0.0                          
    0:00:06    2816.1      0.01       0.0       0.0                          
    0:00:06    2816.1      0.01       0.0       0.0                          
    0:00:06    2816.1      0.01       0.0       0.0                          
    0:00:06    2816.7      0.00       0.0       0.0                          
    0:00:06    2816.7      0.00       0.0       0.0                          
    0:00:06    2816.7      0.00       0.0       0.0                          
    0:00:06    2806.6      0.01       0.0       0.0                          
    0:00:06    2806.3      0.01       0.0       0.0                          
    0:00:06    2806.3      0.01       0.0       0.0                          
    0:00:06    2806.3      0.01       0.0       0.0                          
    0:00:06    2806.3      0.01       0.0       0.0                          
    0:00:06    2806.3      0.01       0.0       0.0                          
    0:00:06    2806.3      0.01       0.0       0.0                          
    0:00:06    2806.8      0.00       0.0       0.0                          
    0:00:06    2792.7      0.00       0.0       0.0                          
Loading db file '/home/standard_cell_libraries/NangateOpenCellLibrary_PDKv1_3_v2010_12/lib/Front_End/Liberty/NLDM/NangateOpenCellLibrary_ss0p95vn40c.db'

  Optimization Complete
  ---------------------
1
