 
****************************************
Report : resources
Design : FPMultiplier
Version: G-2012.06-SP2
Date   : Mon Dec 28 21:07:12 2015
****************************************

Resource Sharing Report for design FPMultiplier in file
        ../source/FPMultiplier.v

===============================================================================
|          |              |            | Contained     |                      |
| Resource | Module       | Parameters | Resources     | Contained Operations |
===============================================================================
| r908     | DW_mult_uns  | a_width=24 |               | mult_17              |
|          |              | b_width=24 |               |                      |
| r910     | DW01_sub     | width=8    |               | sub_1_root_sub_1_root_sub_23 |
| r912     | DW01_add     | width=8    |               | add_0_root_sub_1_root_sub_23 |
| r914     | DW01_add     | width=8    |               | add_2_root_sub_1_root_sub_23 |
===============================================================================


Implementation Report
===============================================================================
|                    |                  | Current            | Set            |
| Cell               | Module           | Implementation     | Implementation |
===============================================================================
| mult_17            | DW_mult_uns      | apparch (area)     |                |
| add_2_root_sub_1_root_sub_23          |                    |                |
|                    | DW01_add         | rpl                |                |
===============================================================================


No multiplexors to report
1
