 
****************************************
Report : qor
Design : FPMultiplier
Version: G-2012.06-SP2
Date   : Mon Dec 28 21:07:12 2015
****************************************


  Timing Path Group 'clk'
  -----------------------------------
  Levels of Logic:              83.00
  Critical Path Length:          4.46
  Critical Path Slack:           0.01
  Critical Path Clk Period:      4.50
  Total Negative Slack:          0.00
  No. of Violating Paths:        0.00
  Worst Hold Violation:          0.00
  Total Hold Violation:          0.00
  No. of Hold Violations:        0.00
  -----------------------------------


  Cell Count
  -----------------------------------
  Hierarchical Cell Count:          2
  Hierarchical Port Count:        122
  Leaf Cell Count:               1535
  Buf/Inv Cell Count:             200
  CT Buf/Inv Cell Count:            0
  Combinational Cell Count:      1439
  Sequential Cell Count:           96
  Macro Count:                      0
  -----------------------------------


  Area
  -----------------------------------
  Combinational Area:     2358.089998
  Noncombinational Area:   434.643984
  Buf/Inv Area:            131.404000
  Net Area:                  0.000000
  -----------------------------------
  Cell Area:              2792.733982
  Design Area:            2792.733982


  Design Rules
  -----------------------------------
  Total Number of Nets:          1804
  Nets With Violations:             0
  Max Trans Violations:             0
  Max Cap Violations:               0
  -----------------------------------


  Hostname: localhost.localdomain

  Compile CPU Statistics
  -----------------------------------------
  Resource Sharing:                    0.71
  Logic Optimization:                  1.66
  Mapping Optimization:                3.58
  -----------------------------------------
  Overall Compile Time:                6.31
  Overall Compile Wall Clock Time:     6.84

1
