 
****************************************
Report : cell
Design : FPMultiplier
Version: G-2012.06-SP2
Date   : Mon Dec 28 21:07:12 2015
****************************************

Attributes:
   BO - reference allows boundary optimization
    b - black box (unknown)
    h - hierarchical
   mo - map_only
    n - noncombinational
    r - removable
    u - contains unmapped logic

Cell                      Reference       Library             Area  Attributes
--------------------------------------------------------------------------------
U82                       XOR2_X1         NangateOpenCellLibrary_ss0p95vn40c
                                                          1.596000  
U83                       INV_X2          NangateOpenCellLibrary_ss0p95vn40c
                                                          0.798000  
U84                       INV_X2          NangateOpenCellLibrary_ss0p95vn40c
                                                          0.798000  
U85                       INV_X2          NangateOpenCellLibrary_ss0p95vn40c
                                                          0.798000  
U86                       INV_X2          NangateOpenCellLibrary_ss0p95vn40c
                                                          0.798000  
U87                       INV_X2          NangateOpenCellLibrary_ss0p95vn40c
                                                          0.798000  
U88                       AND2_X1         NangateOpenCellLibrary_ss0p95vn40c
                                                          1.064000  
U89                       BUF_X2          NangateOpenCellLibrary_ss0p95vn40c
                                                          1.064000  
U90                       CLKBUF_X1       NangateOpenCellLibrary_ss0p95vn40c
                                                          0.798000  
U91                       INV_X1          NangateOpenCellLibrary_ss0p95vn40c
                                                          0.532000  
U92                       INV_X1          NangateOpenCellLibrary_ss0p95vn40c
                                                          0.532000  
U93                       XOR2_X1         NangateOpenCellLibrary_ss0p95vn40c
                                                          1.596000  
U94                       NAND2_X1        NangateOpenCellLibrary_ss0p95vn40c
                                                          0.798000  
U95                       INV_X1          NangateOpenCellLibrary_ss0p95vn40c
                                                          0.532000  
U96                       CLKBUF_X1       NangateOpenCellLibrary_ss0p95vn40c
                                                          0.798000  
U97                       CLKBUF_X1       NangateOpenCellLibrary_ss0p95vn40c
                                                          0.798000  
U98                       XOR2_X1         NangateOpenCellLibrary_ss0p95vn40c
                                                          1.596000  
U99                       NAND2_X1        NangateOpenCellLibrary_ss0p95vn40c
                                                          0.798000  
U100                      XOR2_X1         NangateOpenCellLibrary_ss0p95vn40c
                                                          1.596000  
U101                      NAND2_X1        NangateOpenCellLibrary_ss0p95vn40c
                                                          0.798000  
U102                      XOR2_X1         NangateOpenCellLibrary_ss0p95vn40c
                                                          1.596000  
U103                      NAND2_X1        NangateOpenCellLibrary_ss0p95vn40c
                                                          0.798000  
U104                      CLKBUF_X1       NangateOpenCellLibrary_ss0p95vn40c
                                                          0.798000  
U105                      OAI22_X1        NangateOpenCellLibrary_ss0p95vn40c
                                                          1.330000  
U106                      OAI22_X1        NangateOpenCellLibrary_ss0p95vn40c
                                                          1.330000  
U107                      OAI22_X1        NangateOpenCellLibrary_ss0p95vn40c
                                                          1.330000  
U108                      OAI22_X1        NangateOpenCellLibrary_ss0p95vn40c
                                                          1.330000  
U109                      OAI22_X1        NangateOpenCellLibrary_ss0p95vn40c
                                                          1.330000  
U110                      OAI22_X1        NangateOpenCellLibrary_ss0p95vn40c
                                                          1.330000  
U111                      OAI22_X1        NangateOpenCellLibrary_ss0p95vn40c
                                                          1.330000  
U112                      OAI22_X1        NangateOpenCellLibrary_ss0p95vn40c
                                                          1.330000  
U113                      OAI22_X1        NangateOpenCellLibrary_ss0p95vn40c
                                                          1.330000  
U114                      OAI22_X1        NangateOpenCellLibrary_ss0p95vn40c
                                                          1.330000  
U115                      OAI22_X1        NangateOpenCellLibrary_ss0p95vn40c
                                                          1.330000  
U116                      OAI22_X1        NangateOpenCellLibrary_ss0p95vn40c
                                                          1.330000  
U117                      OAI22_X1        NangateOpenCellLibrary_ss0p95vn40c
                                                          1.330000  
U118                      OAI22_X1        NangateOpenCellLibrary_ss0p95vn40c
                                                          1.330000  
U119                      INV_X1          NangateOpenCellLibrary_ss0p95vn40c
                                                          0.532000  
U120                      OAI22_X1        NangateOpenCellLibrary_ss0p95vn40c
                                                          1.330000  
U121                      OAI22_X1        NangateOpenCellLibrary_ss0p95vn40c
                                                          1.330000  
U122                      OAI22_X1        NangateOpenCellLibrary_ss0p95vn40c
                                                          1.330000  
U123                      OAI22_X1        NangateOpenCellLibrary_ss0p95vn40c
                                                          1.330000  
U124                      OAI22_X1        NangateOpenCellLibrary_ss0p95vn40c
                                                          1.330000  
U125                      OAI22_X1        NangateOpenCellLibrary_ss0p95vn40c
                                                          1.330000  
U126                      OAI22_X1        NangateOpenCellLibrary_ss0p95vn40c
                                                          1.330000  
U127                      OAI22_X1        NangateOpenCellLibrary_ss0p95vn40c
                                                          1.330000  
U128                      INV_X1          NangateOpenCellLibrary_ss0p95vn40c
                                                          0.532000  
U129                      INV_X1          NangateOpenCellLibrary_ss0p95vn40c
                                                          0.532000  
U130                      INV_X1          NangateOpenCellLibrary_ss0p95vn40c
                                                          0.532000  
U131                      INV_X1          NangateOpenCellLibrary_ss0p95vn40c
                                                          0.532000  
U132                      AND2_X1         NangateOpenCellLibrary_ss0p95vn40c
                                                          1.064000  
U133                      INV_X1          NangateOpenCellLibrary_ss0p95vn40c
                                                          0.532000  
U134                      INV_X1          NangateOpenCellLibrary_ss0p95vn40c
                                                          0.532000  
U135                      INV_X1          NangateOpenCellLibrary_ss0p95vn40c
                                                          0.532000  
U136                      INV_X1          NangateOpenCellLibrary_ss0p95vn40c
                                                          0.532000  
U137                      INV_X1          NangateOpenCellLibrary_ss0p95vn40c
                                                          0.532000  
U138                      INV_X1          NangateOpenCellLibrary_ss0p95vn40c
                                                          0.532000  
U139                      INV_X1          NangateOpenCellLibrary_ss0p95vn40c
                                                          0.532000  
U140                      INV_X1          NangateOpenCellLibrary_ss0p95vn40c
                                                          0.532000  
U141                      INV_X1          NangateOpenCellLibrary_ss0p95vn40c
                                                          0.532000  
U142                      INV_X1          NangateOpenCellLibrary_ss0p95vn40c
                                                          0.532000  
U143                      INV_X1          NangateOpenCellLibrary_ss0p95vn40c
                                                          0.532000  
U144                      OAI22_X1        NangateOpenCellLibrary_ss0p95vn40c
                                                          1.330000  
U145                      INV_X1          NangateOpenCellLibrary_ss0p95vn40c
                                                          0.532000  
U146                      AND2_X1         NangateOpenCellLibrary_ss0p95vn40c
                                                          1.064000  
U147                      INV_X1          NangateOpenCellLibrary_ss0p95vn40c
                                                          0.532000  
U148                      INV_X1          NangateOpenCellLibrary_ss0p95vn40c
                                                          0.532000  
U149                      INV_X1          NangateOpenCellLibrary_ss0p95vn40c
                                                          0.532000  
U150                      INV_X1          NangateOpenCellLibrary_ss0p95vn40c
                                                          0.532000  
U151                      AND2_X1         NangateOpenCellLibrary_ss0p95vn40c
                                                          1.064000  
U152                      AND2_X1         NangateOpenCellLibrary_ss0p95vn40c
                                                          1.064000  
U153                      XOR2_X1         NangateOpenCellLibrary_ss0p95vn40c
                                                          1.596000  
U154                      AND2_X1         NangateOpenCellLibrary_ss0p95vn40c
                                                          1.064000  
U155                      AND2_X1         NangateOpenCellLibrary_ss0p95vn40c
                                                          1.064000  
U156                      AND2_X1         NangateOpenCellLibrary_ss0p95vn40c
                                                          1.064000  
U157                      INV_X1          NangateOpenCellLibrary_ss0p95vn40c
                                                          0.532000  
U158                      INV_X1          NangateOpenCellLibrary_ss0p95vn40c
                                                          0.532000  
U159                      INV_X1          NangateOpenCellLibrary_ss0p95vn40c
                                                          0.532000  
U160                      INV_X1          NangateOpenCellLibrary_ss0p95vn40c
                                                          0.532000  
U161                      OAI22_X1        NangateOpenCellLibrary_ss0p95vn40c
                                                          1.330000  
U162                      NAND4_X1        NangateOpenCellLibrary_ss0p95vn40c
                                                          1.330000  
U163                      NAND4_X1        NangateOpenCellLibrary_ss0p95vn40c
                                                          1.330000  
U164                      NAND4_X1        NangateOpenCellLibrary_ss0p95vn40c
                                                          1.330000  
U165                      XNOR2_X1        NangateOpenCellLibrary_ss0p95vn40c
                                                          1.596000  
U166                      NOR4_X1         NangateOpenCellLibrary_ss0p95vn40c
                                                          1.330000  
U167                      NOR4_X1         NangateOpenCellLibrary_ss0p95vn40c
                                                          1.330000  
U168                      NOR4_X1         NangateOpenCellLibrary_ss0p95vn40c
                                                          1.330000  
U169                      NOR4_X1         NangateOpenCellLibrary_ss0p95vn40c
                                                          1.330000  
U170                      NOR4_X1         NangateOpenCellLibrary_ss0p95vn40c
                                                          1.330000  
U171                      NOR4_X1         NangateOpenCellLibrary_ss0p95vn40c
                                                          1.330000  
U172                      NOR4_X1         NangateOpenCellLibrary_ss0p95vn40c
                                                          1.330000  
U173                      NOR4_X1         NangateOpenCellLibrary_ss0p95vn40c
                                                          1.330000  
U174                      NOR4_X1         NangateOpenCellLibrary_ss0p95vn40c
                                                          1.330000  
U175                      NOR3_X1         NangateOpenCellLibrary_ss0p95vn40c
                                                          1.064000  
U176                      NAND4_X1        NangateOpenCellLibrary_ss0p95vn40c
                                                          1.330000  
U177                      NOR3_X1         NangateOpenCellLibrary_ss0p95vn40c
                                                          1.064000  
U178                      NOR4_X1         NangateOpenCellLibrary_ss0p95vn40c
                                                          1.330000  
U179                      INV_X1          NangateOpenCellLibrary_ss0p95vn40c
                                                          0.532000  
U180                      INV_X1          NangateOpenCellLibrary_ss0p95vn40c
                                                          0.532000  
U181                      INV_X1          NangateOpenCellLibrary_ss0p95vn40c
                                                          0.532000  
U182                      AND2_X1         NangateOpenCellLibrary_ss0p95vn40c
                                                          1.064000  
U183                      NOR4_X1         NangateOpenCellLibrary_ss0p95vn40c
                                                          1.330000  
U184                      NOR4_X1         NangateOpenCellLibrary_ss0p95vn40c
                                                          1.330000  
U185                      NOR4_X1         NangateOpenCellLibrary_ss0p95vn40c
                                                          1.330000  
U186                      NOR4_X1         NangateOpenCellLibrary_ss0p95vn40c
                                                          1.330000  
U187                      NAND2_X1        NangateOpenCellLibrary_ss0p95vn40c
                                                          0.798000  
U188                      NAND2_X1        NangateOpenCellLibrary_ss0p95vn40c
                                                          0.798000  
U189                      OR2_X1          NangateOpenCellLibrary_ss0p95vn40c
                                                          1.064000  
U190                      OR2_X1          NangateOpenCellLibrary_ss0p95vn40c
                                                          1.064000  
a_reg_reg[0]              DFF_X1          NangateOpenCellLibrary_ss0p95vn40c
                                                          4.522000  n
a_reg_reg[1]              DFF_X1          NangateOpenCellLibrary_ss0p95vn40c
                                                          4.522000  n
a_reg_reg[2]              DFF_X1          NangateOpenCellLibrary_ss0p95vn40c
                                                          4.522000  n
a_reg_reg[3]              DFF_X1          NangateOpenCellLibrary_ss0p95vn40c
                                                          4.522000  n
a_reg_reg[4]              DFF_X1          NangateOpenCellLibrary_ss0p95vn40c
                                                          4.522000  n
a_reg_reg[5]              DFF_X1          NangateOpenCellLibrary_ss0p95vn40c
                                                          4.522000  n
a_reg_reg[6]              DFF_X1          NangateOpenCellLibrary_ss0p95vn40c
                                                          4.522000  n
a_reg_reg[7]              DFF_X1          NangateOpenCellLibrary_ss0p95vn40c
                                                          4.522000  n
a_reg_reg[8]              DFF_X1          NangateOpenCellLibrary_ss0p95vn40c
                                                          4.522000  n
a_reg_reg[9]              DFF_X1          NangateOpenCellLibrary_ss0p95vn40c
                                                          4.522000  n
a_reg_reg[10]             DFF_X1          NangateOpenCellLibrary_ss0p95vn40c
                                                          4.522000  n
a_reg_reg[11]             DFF_X1          NangateOpenCellLibrary_ss0p95vn40c
                                                          4.522000  n
a_reg_reg[12]             DFF_X1          NangateOpenCellLibrary_ss0p95vn40c
                                                          4.522000  n
a_reg_reg[13]             DFF_X1          NangateOpenCellLibrary_ss0p95vn40c
                                                          4.522000  n
a_reg_reg[14]             DFF_X1          NangateOpenCellLibrary_ss0p95vn40c
                                                          4.522000  n
a_reg_reg[15]             DFF_X1          NangateOpenCellLibrary_ss0p95vn40c
                                                          4.522000  n
a_reg_reg[16]             DFF_X1          NangateOpenCellLibrary_ss0p95vn40c
                                                          4.522000  n
a_reg_reg[17]             DFF_X1          NangateOpenCellLibrary_ss0p95vn40c
                                                          4.522000  n
a_reg_reg[18]             DFF_X1          NangateOpenCellLibrary_ss0p95vn40c
                                                          4.522000  n
a_reg_reg[19]             DFF_X1          NangateOpenCellLibrary_ss0p95vn40c
                                                          4.522000  n
a_reg_reg[20]             DFF_X1          NangateOpenCellLibrary_ss0p95vn40c
                                                          4.522000  n
a_reg_reg[21]             DFF_X1          NangateOpenCellLibrary_ss0p95vn40c
                                                          4.522000  n
a_reg_reg[22]             DFF_X1          NangateOpenCellLibrary_ss0p95vn40c
                                                          4.522000  n
a_reg_reg[23]             DFF_X1          NangateOpenCellLibrary_ss0p95vn40c
                                                          4.522000  n
a_reg_reg[24]             DFF_X1          NangateOpenCellLibrary_ss0p95vn40c
                                                          4.522000  n
a_reg_reg[25]             DFF_X1          NangateOpenCellLibrary_ss0p95vn40c
                                                          4.522000  n
a_reg_reg[26]             DFF_X1          NangateOpenCellLibrary_ss0p95vn40c
                                                          4.522000  n
a_reg_reg[27]             DFF_X1          NangateOpenCellLibrary_ss0p95vn40c
                                                          4.522000  n
a_reg_reg[28]             DFF_X1          NangateOpenCellLibrary_ss0p95vn40c
                                                          4.522000  n
a_reg_reg[29]             DFF_X1          NangateOpenCellLibrary_ss0p95vn40c
                                                          4.522000  n
a_reg_reg[30]             DFF_X1          NangateOpenCellLibrary_ss0p95vn40c
                                                          4.522000  n
a_reg_reg[31]             DFF_X1          NangateOpenCellLibrary_ss0p95vn40c
                                                          4.522000  n
add_0_root_sub_1_root_sub_23/U1_1
                          FA_X1           NangateOpenCellLibrary_ss0p95vn40c
                                                          4.256000  mo, r
add_0_root_sub_1_root_sub_23/U1_4
                          FA_X1           NangateOpenCellLibrary_ss0p95vn40c
                                                          4.256000  mo, r
add_2_root_sub_1_root_sub_23
                          FPMultiplier_DW01_add_1         32.452000 BO, h
b_reg_reg[0]              DFF_X1          NangateOpenCellLibrary_ss0p95vn40c
                                                          4.522000  n
b_reg_reg[1]              DFF_X1          NangateOpenCellLibrary_ss0p95vn40c
                                                          4.522000  n
b_reg_reg[2]              DFF_X1          NangateOpenCellLibrary_ss0p95vn40c
                                                          4.522000  n
b_reg_reg[3]              DFF_X2          NangateOpenCellLibrary_ss0p95vn40c
                                                          5.054000  n
b_reg_reg[4]              DFF_X1          NangateOpenCellLibrary_ss0p95vn40c
                                                          4.522000  n
b_reg_reg[5]              DFF_X1          NangateOpenCellLibrary_ss0p95vn40c
                                                          4.522000  n
b_reg_reg[6]              DFF_X1          NangateOpenCellLibrary_ss0p95vn40c
                                                          4.522000  n
b_reg_reg[7]              DFF_X1          NangateOpenCellLibrary_ss0p95vn40c
                                                          4.522000  n
b_reg_reg[8]              DFF_X1          NangateOpenCellLibrary_ss0p95vn40c
                                                          4.522000  n
b_reg_reg[9]              DFF_X1          NangateOpenCellLibrary_ss0p95vn40c
                                                          4.522000  n
b_reg_reg[10]             DFF_X1          NangateOpenCellLibrary_ss0p95vn40c
                                                          4.522000  n
b_reg_reg[11]             DFF_X1          NangateOpenCellLibrary_ss0p95vn40c
                                                          4.522000  n
b_reg_reg[12]             DFF_X1          NangateOpenCellLibrary_ss0p95vn40c
                                                          4.522000  n
b_reg_reg[13]             DFF_X1          NangateOpenCellLibrary_ss0p95vn40c
                                                          4.522000  n
b_reg_reg[14]             DFF_X1          NangateOpenCellLibrary_ss0p95vn40c
                                                          4.522000  n
b_reg_reg[15]             DFF_X1          NangateOpenCellLibrary_ss0p95vn40c
                                                          4.522000  n
b_reg_reg[16]             DFF_X1          NangateOpenCellLibrary_ss0p95vn40c
                                                          4.522000  n
b_reg_reg[17]             DFF_X1          NangateOpenCellLibrary_ss0p95vn40c
                                                          4.522000  n
b_reg_reg[18]             DFF_X1          NangateOpenCellLibrary_ss0p95vn40c
                                                          4.522000  n
b_reg_reg[19]             DFF_X1          NangateOpenCellLibrary_ss0p95vn40c
                                                          4.522000  n
b_reg_reg[20]             DFF_X1          NangateOpenCellLibrary_ss0p95vn40c
                                                          4.522000  n
b_reg_reg[21]             DFF_X1          NangateOpenCellLibrary_ss0p95vn40c
                                                          4.522000  n
b_reg_reg[22]             DFF_X1          NangateOpenCellLibrary_ss0p95vn40c
                                                          4.522000  n
b_reg_reg[23]             DFF_X1          NangateOpenCellLibrary_ss0p95vn40c
                                                          4.522000  n
b_reg_reg[24]             DFF_X1          NangateOpenCellLibrary_ss0p95vn40c
                                                          4.522000  n
b_reg_reg[25]             DFF_X1          NangateOpenCellLibrary_ss0p95vn40c
                                                          4.522000  n
b_reg_reg[26]             DFF_X1          NangateOpenCellLibrary_ss0p95vn40c
                                                          4.522000  n
b_reg_reg[27]             DFF_X1          NangateOpenCellLibrary_ss0p95vn40c
                                                          4.522000  n
b_reg_reg[28]             DFF_X1          NangateOpenCellLibrary_ss0p95vn40c
                                                          4.522000  n
b_reg_reg[29]             DFF_X1          NangateOpenCellLibrary_ss0p95vn40c
                                                          4.522000  n
b_reg_reg[30]             DFF_X1          NangateOpenCellLibrary_ss0p95vn40c
                                                          4.522000  n
b_reg_reg[31]             DFF_X1          NangateOpenCellLibrary_ss0p95vn40c
                                                          4.522000  n
mult_17                   FPMultiplier_DW_mult_uns_0      2206.735996
                                                                    BO, h
result_reg[0]             DFF_X1          NangateOpenCellLibrary_ss0p95vn40c
                                                          4.522000  n
result_reg[1]             DFF_X1          NangateOpenCellLibrary_ss0p95vn40c
                                                          4.522000  n
result_reg[2]             DFF_X1          NangateOpenCellLibrary_ss0p95vn40c
                                                          4.522000  n
result_reg[3]             DFF_X1          NangateOpenCellLibrary_ss0p95vn40c
                                                          4.522000  n
result_reg[4]             DFF_X1          NangateOpenCellLibrary_ss0p95vn40c
                                                          4.522000  n
result_reg[5]             DFF_X1          NangateOpenCellLibrary_ss0p95vn40c
                                                          4.522000  n
result_reg[6]             DFF_X1          NangateOpenCellLibrary_ss0p95vn40c
                                                          4.522000  n
result_reg[7]             DFF_X1          NangateOpenCellLibrary_ss0p95vn40c
                                                          4.522000  n
result_reg[8]             DFF_X1          NangateOpenCellLibrary_ss0p95vn40c
                                                          4.522000  n
result_reg[9]             DFF_X1          NangateOpenCellLibrary_ss0p95vn40c
                                                          4.522000  n
result_reg[10]            DFF_X1          NangateOpenCellLibrary_ss0p95vn40c
                                                          4.522000  n
result_reg[11]            DFF_X1          NangateOpenCellLibrary_ss0p95vn40c
                                                          4.522000  n
result_reg[12]            DFF_X1          NangateOpenCellLibrary_ss0p95vn40c
                                                          4.522000  n
result_reg[13]            DFF_X1          NangateOpenCellLibrary_ss0p95vn40c
                                                          4.522000  n
result_reg[14]            DFF_X1          NangateOpenCellLibrary_ss0p95vn40c
                                                          4.522000  n
result_reg[15]            DFF_X1          NangateOpenCellLibrary_ss0p95vn40c
                                                          4.522000  n
result_reg[16]            DFF_X1          NangateOpenCellLibrary_ss0p95vn40c
                                                          4.522000  n
result_reg[17]            DFF_X1          NangateOpenCellLibrary_ss0p95vn40c
                                                          4.522000  n
result_reg[18]            DFF_X1          NangateOpenCellLibrary_ss0p95vn40c
                                                          4.522000  n
result_reg[19]            DFF_X1          NangateOpenCellLibrary_ss0p95vn40c
                                                          4.522000  n
result_reg[20]            DFF_X1          NangateOpenCellLibrary_ss0p95vn40c
                                                          4.522000  n
result_reg[21]            DFF_X1          NangateOpenCellLibrary_ss0p95vn40c
                                                          4.522000  n
result_reg[22]            DFF_X1          NangateOpenCellLibrary_ss0p95vn40c
                                                          4.522000  n
result_reg[23]            DFF_X1          NangateOpenCellLibrary_ss0p95vn40c
                                                          4.522000  n
result_reg[24]            DFF_X1          NangateOpenCellLibrary_ss0p95vn40c
                                                          4.522000  n
result_reg[25]            DFF_X1          NangateOpenCellLibrary_ss0p95vn40c
                                                          4.522000  n
result_reg[26]            DFF_X1          NangateOpenCellLibrary_ss0p95vn40c
                                                          4.522000  n
result_reg[27]            DFF_X1          NangateOpenCellLibrary_ss0p95vn40c
                                                          4.522000  n
result_reg[28]            DFF_X1          NangateOpenCellLibrary_ss0p95vn40c
                                                          4.522000  n
result_reg[29]            DFF_X1          NangateOpenCellLibrary_ss0p95vn40c
                                                          4.522000  n
result_reg[30]            DFF_X1          NangateOpenCellLibrary_ss0p95vn40c
                                                          4.522000  n
result_reg[31]            DFF_X1          NangateOpenCellLibrary_ss0p95vn40c
                                                          4.522000  n
--------------------------------------------------------------------------------
Total 209 cells                                           2792.733982
1
