Loading db file '/home/standard_cell_libraries/NangateOpenCellLibrary_PDKv1_3_v2010_12/lib/Front_End/Liberty/NLDM/NangateOpenCellLibrary_ss0p95vn40c.db'
Information: Propagating switching activity (low effort zero delay simulation). (PWR-6)
Warning: Design has unannotated primary inputs. (PWR-414)
Warning: Design has unannotated sequential cell outputs. (PWR-415)
 
****************************************
Report : power
        -hier
        -analysis_effort low
Design : FPMultiplier
Version: G-2012.06-SP2
Date   : Mon Dec 28 21:07:12 2015
****************************************


Library(s) Used:

    NangateOpenCellLibrary_ss0p95vn40c (File: /home/standard_cell_libraries/NangateOpenCellLibrary_PDKv1_3_v2010_12/lib/Front_End/Liberty/NLDM/NangateOpenCellLibrary_ss0p95vn40c.db)


Operating Conditions: worst_low   Library: NangateOpenCellLibrary_ss0p95vn40c
Wire Load Model Mode: top

Design        Wire Load Model            Library
------------------------------------------------
FPMultiplier           5K_hvratio_1_1    NangateOpenCellLibrary_ss0p95vn40c


Global Operating Voltage = 0.95 
Power-specific unit information :
    Voltage Units = 1V
    Capacitance Units = 1.000000ff
    Time Units = 1ns
    Dynamic Power Units = 1uW    (derived from V,C,T units)
    Leakage Power Units = 1nW


--------------------------------------------------------------------------------
                                       Switch   Int      Leak     Total
Hierarchy                              Power    Power    Power    Power    %
--------------------------------------------------------------------------------
FPMultiplier                            191.564  246.461 1.43e+04  452.303 100.0
  mult_17 (FPMultiplier_DW_mult_uns_0)  155.931  153.087 1.18e+04  320.855  70.9
  add_2_root_sub_1_root_sub_23 (FPMultiplier_DW01_add_1)
                                          1.121    1.686  136.417    2.943   0.7
1
