

  Beginning Pass 1 Mapping
  ------------------------
  Processing 'register_0'
  Processing 'FPMultiplier'
  Processing 'TopModule'

  Updating timing information
Information: Updating design information... (UID-85)

  Beginning Implementation Selection
  ----------------------------------
  Processing 'FPMultiplier_DW01_add_0'
  Processing 'FPMultiplier_DW01_sub_0'
  Processing 'FPMultiplier_DW02_mult_0'
  Processing 'FPMultiplier_DW01_add_1'
  Processing 'FPMultiplier_DW01_add_2'

  Beginning Mapping Optimizations  (Medium effort)
  -------------------------------

   ELAPSED            WORST NEG TOTAL NEG  DESIGN                            
    TIME      AREA      SLACK     SLACK   RULE COST         ENDPOINT         
  --------- --------- --------- --------- --------- -------------------------
    0:00:03    3816.3      0.15       0.3       0.0                          
    0:00:03    3816.3      0.15       0.3       0.0                          
    0:00:03    3816.3      0.15       0.3       0.0                          
    0:00:03    3816.3      0.15       0.3       0.0                          
    0:00:03    3816.3      0.15       0.3       0.0                          
    0:00:03    3816.3      0.15       0.3       0.0                          
    0:00:03    3637.3      0.10       0.2       0.0                          
    0:00:03    3639.4      0.06       0.1       0.0                          
    0:00:03    3641.8      0.04       0.1       0.0                          
    0:00:03    3646.3      0.03       0.0       0.0                          
    0:00:03    3647.4      0.00       0.0       0.0                          
    0:00:03    3647.4      0.00       0.0       0.0                          
    0:00:03    3647.4      0.00       0.0       0.0                          
    0:00:03    3647.4      0.00       0.0       0.0                          
    0:00:03    3647.4      0.00       0.0       0.0                          
    0:00:03    3647.4      0.00       0.0       0.0                          
    0:00:03    3647.4      0.00       0.0       0.0                          
    0:00:03    3647.4      0.00       0.0       0.0                          



  Beginning Delay Optimization Phase
  ----------------------------------

   ELAPSED            WORST NEG TOTAL NEG  DESIGN                            
    TIME      AREA      SLACK     SLACK   RULE COST         ENDPOINT         
  --------- --------- --------- --------- --------- -------------------------
    0:00:03    3647.4      0.00       0.0       0.0                          
    0:00:03    3647.4      0.00       0.0       0.0                          
    0:00:03    3647.4      0.00       0.0       0.0                          


  Beginning Area-Recovery Phase  (cleanup)
  -----------------------------

   ELAPSED            WORST NEG TOTAL NEG  DESIGN                            
    TIME      AREA      SLACK     SLACK   RULE COST         ENDPOINT         
  --------- --------- --------- --------- --------- -------------------------
    0:00:03    3647.4      0.00       0.0       0.0                          
    0:00:03    3647.4      0.00       0.0       0.0                          
    0:00:03    3647.4      0.00       0.0       0.0                          
    0:00:03    3621.3      0.07       0.1       0.0                          
    0:00:03    3615.2      0.07       0.1       0.0                          
    0:00:03    3615.2      0.07       0.1       0.0                          
    0:00:03    3615.2      0.07       0.1       0.0                          
    0:00:03    3615.2      0.07       0.1       0.0                          
    0:00:04    3619.5      0.06       0.1       0.0 R2/reg_out_reg[30]/SE    
    0:00:04    3637.0      0.00       0.0       0.0 R2/reg_out_reg[30]/SE    
    0:00:04    3637.0      0.00       0.0       0.0                          
    0:00:04    3637.0      0.00       0.0       0.0                          
    0:00:04    3637.0      0.00       0.0       0.0                          
    0:00:04    3636.0      0.00       0.0       0.0                          
    0:00:04    3635.2      0.00       0.0       0.0                          
    0:00:04    3635.2      0.00       0.0       0.0                          
    0:00:04    3635.2      0.00       0.0       0.0                          
    0:00:04    3635.2      0.00       0.0       0.0                          
    0:00:04    3635.2      0.00       0.0       0.0                          
    0:00:04    3635.2      0.00       0.0       0.0                          
    0:00:04    3635.2      0.00       0.0       0.0                          
    0:00:04    3620.3      0.00       0.0       0.0                          
Loading db file '/home/standard_cell_libraries/NangateOpenCellLibrary_PDKv1_3_v2010_12/lib/Front_End/Liberty/NLDM/NangateOpenCellLibrary_ss0p95vn40c.db'

  Optimization Complete
  ---------------------
1
