 
****************************************
Report : area
Design : FPMultiplier
Version: G-2012.06-SP2
Date   : Mon Dec 28 21:07:12 2015
****************************************

Information: Updating design information... (UID-85)
Library(s) Used:

    NangateOpenCellLibrary_ss0p95vn40c (File: /home/standard_cell_libraries/NangateOpenCellLibrary_PDKv1_3_v2010_12/lib/Front_End/Liberty/NLDM/NangateOpenCellLibrary_ss0p95vn40c.db)

Number of ports:                           97
Number of nets:                           313
Number of cells:                          209
Number of combinational cells:            111
Number of sequential cells:                96
Number of macros:                           0
Number of buf/inv:                         41
Number of references:                      18

Combinational area:       2358.089998
Buf/Inv area:              131.404000
Noncombinational area:     434.643984
Net Interconnect area:      undefined  (Wire load has zero net area)

Total cell area:          2792.733982
Total area:                 undefined

Hierarchical area distribution
------------------------------

                                  Global cell area          Local cell area
                                  ------------------  ---------------------------- 
Hierarchical cell                 Absolute   Percent  Combi-     Noncombi-  Black
                                  Total      Total    national   national   boxes   Design
--------------------------------  ---------  -------  ---------  ---------  ------  --------------------------
FPMultiplier                      2792.7340    100.0   118.9020   434.6440  0.0000  FPMultiplier
add_2_root_sub_1_root_sub_23        32.4520      1.2    32.4520     0.0000  0.0000  FPMultiplier_DW01_add_1
mult_17                           2206.7360     79.0  2206.7360     0.0000  0.0000  FPMultiplier_DW_mult_uns_0
--------------------------------  ---------  -------  ---------  ---------  ------  --------------------------
Total                                                 2358.0900   434.6440  0.0000

1
