 
****************************************
Report : timing
        -path full
        -delay max
        -max_paths 10
Design : FPMultiplier
Version: G-2012.06-SP2
Date   : Mon Dec 28 21:07:12 2015
****************************************

Operating Conditions: worst_low   Library: NangateOpenCellLibrary_ss0p95vn40c
Wire Load Model Mode: top

  Startpoint: a_reg_reg[11]
              (rising edge-triggered flip-flop clocked by clk)
  Endpoint: result_reg[30]
            (rising edge-triggered flip-flop clocked by clk)
  Path Group: clk
  Path Type: max

  Des/Clust/Port     Wire Load Model       Library
  ------------------------------------------------
  FPMultiplier       5K_hvratio_1_1        NangateOpenCellLibrary_ss0p95vn40c

  Point                                                   Incr       Path
  --------------------------------------------------------------------------
  clock clk (rise edge)                                   0.00       0.00
  clock network delay (ideal)                             0.00       0.00
  a_reg_reg[11]/CK (DFF_X1)                               0.00       0.00 r
  a_reg_reg[11]/Q (DFF_X1)                                0.09       0.09 r
  mult_17/a[11] (FPMultiplier_DW_mult_uns_0)              0.00       0.09 r
  mult_17/U1520/ZN (INV_X1)                               0.04       0.12 f
  mult_17/U1391/Z (BUF_X4)                                0.07       0.19 f
  mult_17/U1955/ZN (XNOR2_X1)                             0.10       0.28 f
  mult_17/U1709/ZN (NOR2_X4)                              0.12       0.40 r
  mult_17/U1409/ZN (INV_X1)                               0.06       0.47 f
  mult_17/U1880/ZN (OAI22_X1)                             0.05       0.52 r
  mult_17/U1879/ZN (XNOR2_X1)                             0.04       0.56 f
  mult_17/U365/S (HA_X1)                                  0.08       0.63 f
  mult_17/U1249/ZN (NAND2_X1)                             0.03       0.67 r
  mult_17/U1250/ZN (NAND3_X1)                             0.04       0.70 f
  mult_17/U361/CO (FA_X1)                                 0.08       0.78 f
  mult_17/U358/CO (FA_X1)                                 0.08       0.87 f
  mult_17/U354/CO (FA_X1)                                 0.08       0.95 f
  mult_17/U350/CO (FA_X1)                                 0.09       1.04 f
  mult_17/U1319/ZN (NAND2_X1)                             0.03       1.07 r
  mult_17/U1321/ZN (NAND3_X1)                             0.04       1.10 f
  mult_17/U341/CO (FA_X1)                                 0.08       1.19 f
  mult_17/U336/CO (FA_X1)                                 0.08       1.27 f
  mult_17/U331/CO (FA_X1)                                 0.08       1.35 f
  mult_17/U325/CO (FA_X1)                                 0.08       1.43 f
  mult_17/U319/CO (FA_X1)                                 0.09       1.52 f
  mult_17/U1242/ZN (NAND2_X1)                             0.03       1.55 r
  mult_17/U1244/ZN (NAND3_X1)                             0.04       1.59 f
  mult_17/U306/CO (FA_X1)                                 0.09       1.68 f
  mult_17/U1310/ZN (NAND2_X1)                             0.04       1.71 r
  mult_17/U1311/ZN (NAND3_X1)                             0.05       1.76 f
  mult_17/U1314/ZN (NAND2_X1)                             0.04       1.80 r
  mult_17/U1315/ZN (NAND3_X1)                             0.04       1.83 f
  mult_17/U285/CO (FA_X1)                                 0.08       1.92 f
  mult_17/U278/S (FA_X1)                                  0.12       2.03 r
  mult_17/U277/S (FA_X1)                                  0.12       2.15 f
  mult_17/U1348/ZN (NAND2_X1)                             0.03       2.19 r
  mult_17/U1349/ZN (NAND3_X1)                             0.04       2.22 f
  mult_17/U147/CO (FA_X1)                                 0.09       2.31 f
  mult_17/U1294/ZN (NAND2_X1)                             0.04       2.34 r
  mult_17/U1297/ZN (NAND3_X1)                             0.04       2.38 f
  mult_17/U1595/ZN (NAND2_X1)                             0.04       2.42 r
  mult_17/U1288/ZN (NAND3_X1)                             0.04       2.46 f
  mult_17/U1284/ZN (NAND2_X1)                             0.03       2.48 r
  mult_17/U1287/ZN (NAND3_X1)                             0.03       2.51 f
  mult_17/U143/CO (FA_X1)                                 0.09       2.60 f
  mult_17/U1698/ZN (NAND2_X1)                             0.04       2.64 r
  mult_17/U1700/ZN (NAND3_X1)                             0.04       2.68 f
  mult_17/U1611/ZN (NAND2_X1)                             0.03       2.71 r
  mult_17/U1301/ZN (NAND3_X1)                             0.04       2.75 f
  mult_17/U1358/ZN (NAND2_X1)                             0.03       2.78 r
  mult_17/U1361/ZN (NAND3_X1)                             0.03       2.81 f
  mult_17/U139/CO (FA_X1)                                 0.09       2.89 f
  mult_17/U1630/ZN (NAND2_X1)                             0.04       2.93 r
  mult_17/U1302/ZN (NAND3_X1)                             0.04       2.97 f
  mult_17/U1365/ZN (NAND2_X1)                             0.03       3.00 r
  mult_17/U1368/ZN (NAND3_X1)                             0.03       3.03 f
  mult_17/U136/CO (FA_X1)                                 0.09       3.12 f
  mult_17/U1638/ZN (NAND2_X1)                             0.03       3.15 r
  mult_17/U1640/ZN (NAND3_X1)                             0.04       3.18 f
  mult_17/U134/CO (FA_X1)                                 0.09       3.27 f
  mult_17/U1649/ZN (NAND2_X1)                             0.03       3.30 r
  mult_17/U1652/ZN (NAND3_X1)                             0.04       3.34 f
  mult_17/U132/CO (FA_X1)                                 0.09       3.42 f
  mult_17/U1668/ZN (NAND2_X1)                             0.03       3.45 r
  mult_17/U1671/ZN (NAND3_X1)                             0.04       3.49 f
  mult_17/U130/CO (FA_X1)                                 0.09       3.58 f
  mult_17/U1692/ZN (NAND2_X1)                             0.03       3.61 r
  mult_17/U1694/ZN (NAND3_X1)                             0.04       3.64 f
  mult_17/U128/CO (FA_X1)                                 0.09       3.73 f
  mult_17/U1685/ZN (NAND2_X1)                             0.03       3.76 r
  mult_17/U1385/ZN (NAND3_X1)                             0.03       3.79 f
  mult_17/U1384/ZN (XNOR2_X1)                             0.05       3.85 f
  mult_17/U1533/ZN (XNOR2_X1)                             0.05       3.90 f
  mult_17/product[47] (FPMultiplier_DW_mult_uns_0)        0.00       3.90 f
  U179/ZN (INV_X1)                                        0.03       3.93 r
  U146/ZN (AND2_X1)                                       0.04       3.97 r
  add_0_root_sub_1_root_sub_23/U1_1/CO (FA_X1)            0.07       4.05 r
  U94/ZN (NAND2_X1)                                       0.03       4.08 f
  U87/ZN (INV_X2)                                         0.03       4.11 r
  U99/ZN (NAND2_X1)                                       0.03       4.14 f
  U86/ZN (INV_X2)                                         0.03       4.17 r
  add_0_root_sub_1_root_sub_23/U1_4/CO (FA_X1)            0.06       4.23 r
  U103/ZN (NAND2_X1)                                      0.04       4.27 f
  U84/ZN (INV_X2)                                         0.04       4.31 r
  U101/ZN (NAND2_X1)                                      0.03       4.33 f
  U83/ZN (INV_X2)                                         0.03       4.37 r
  U165/ZN (XNOR2_X1)                                      0.05       4.41 r
  U182/ZN (AND2_X1)                                       0.04       4.45 r
  result_reg[30]/D (DFF_X1)                               0.01       4.46 r
  data arrival time                                                  4.46

  clock clk (rise edge)                                   4.50       4.50
  clock network delay (ideal)                             0.00       4.50
  result_reg[30]/CK (DFF_X1)                              0.00       4.50 r
  library setup time                                     -0.03       4.47
  data required time                                                 4.47
  --------------------------------------------------------------------------
  data required time                                                 4.47
  data arrival time                                                 -4.46
  --------------------------------------------------------------------------
  slack (MET)                                                        0.01


  Startpoint: a_reg_reg[11]
              (rising edge-triggered flip-flop clocked by clk)
  Endpoint: result_reg[29]
            (rising edge-triggered flip-flop clocked by clk)
  Path Group: clk
  Path Type: max

  Des/Clust/Port     Wire Load Model       Library
  ------------------------------------------------
  FPMultiplier       5K_hvratio_1_1        NangateOpenCellLibrary_ss0p95vn40c

  Point                                                   Incr       Path
  --------------------------------------------------------------------------
  clock clk (rise edge)                                   0.00       0.00
  clock network delay (ideal)                             0.00       0.00
  a_reg_reg[11]/CK (DFF_X1)                               0.00       0.00 r
  a_reg_reg[11]/Q (DFF_X1)                                0.09       0.09 r
  mult_17/a[11] (FPMultiplier_DW_mult_uns_0)              0.00       0.09 r
  mult_17/U1520/ZN (INV_X1)                               0.04       0.12 f
  mult_17/U1391/Z (BUF_X4)                                0.07       0.19 f
  mult_17/U1955/ZN (XNOR2_X1)                             0.10       0.28 f
  mult_17/U1709/ZN (NOR2_X4)                              0.12       0.40 r
  mult_17/U1409/ZN (INV_X1)                               0.06       0.47 f
  mult_17/U1880/ZN (OAI22_X1)                             0.05       0.52 r
  mult_17/U1879/ZN (XNOR2_X1)                             0.04       0.56 f
  mult_17/U365/S (HA_X1)                                  0.08       0.63 f
  mult_17/U1249/ZN (NAND2_X1)                             0.03       0.67 r
  mult_17/U1250/ZN (NAND3_X1)                             0.04       0.70 f
  mult_17/U361/CO (FA_X1)                                 0.08       0.78 f
  mult_17/U358/CO (FA_X1)                                 0.08       0.87 f
  mult_17/U354/CO (FA_X1)                                 0.08       0.95 f
  mult_17/U350/CO (FA_X1)                                 0.09       1.04 f
  mult_17/U1319/ZN (NAND2_X1)                             0.03       1.07 r
  mult_17/U1321/ZN (NAND3_X1)                             0.04       1.10 f
  mult_17/U341/CO (FA_X1)                                 0.08       1.19 f
  mult_17/U336/CO (FA_X1)                                 0.08       1.27 f
  mult_17/U331/CO (FA_X1)                                 0.08       1.35 f
  mult_17/U325/CO (FA_X1)                                 0.08       1.43 f
  mult_17/U319/CO (FA_X1)                                 0.09       1.52 f
  mult_17/U1242/ZN (NAND2_X1)                             0.03       1.55 r
  mult_17/U1244/ZN (NAND3_X1)                             0.04       1.59 f
  mult_17/U306/CO (FA_X1)                                 0.09       1.68 f
  mult_17/U1310/ZN (NAND2_X1)                             0.04       1.71 r
  mult_17/U1311/ZN (NAND3_X1)                             0.05       1.76 f
  mult_17/U1314/ZN (NAND2_X1)                             0.04       1.80 r
  mult_17/U1315/ZN (NAND3_X1)                             0.04       1.83 f
  mult_17/U285/CO (FA_X1)                                 0.08       1.92 f
  mult_17/U278/S (FA_X1)                                  0.12       2.03 r
  mult_17/U277/S (FA_X1)                                  0.12       2.15 f
  mult_17/U1348/ZN (NAND2_X1)                             0.03       2.19 r
  mult_17/U1349/ZN (NAND3_X1)                             0.04       2.22 f
  mult_17/U147/CO (FA_X1)                                 0.09       2.31 f
  mult_17/U1294/ZN (NAND2_X1)                             0.04       2.34 r
  mult_17/U1297/ZN (NAND3_X1)                             0.04       2.38 f
  mult_17/U1595/ZN (NAND2_X1)                             0.04       2.42 r
  mult_17/U1288/ZN (NAND3_X1)                             0.04       2.46 f
  mult_17/U1284/ZN (NAND2_X1)                             0.03       2.48 r
  mult_17/U1287/ZN (NAND3_X1)                             0.03       2.51 f
  mult_17/U143/CO (FA_X1)                                 0.09       2.60 f
  mult_17/U1698/ZN (NAND2_X1)                             0.04       2.64 r
  mult_17/U1700/ZN (NAND3_X1)                             0.04       2.68 f
  mult_17/U1611/ZN (NAND2_X1)                             0.03       2.71 r
  mult_17/U1301/ZN (NAND3_X1)                             0.04       2.75 f
  mult_17/U1358/ZN (NAND2_X1)                             0.03       2.78 r
  mult_17/U1361/ZN (NAND3_X1)                             0.03       2.81 f
  mult_17/U139/CO (FA_X1)                                 0.09       2.89 f
  mult_17/U1630/ZN (NAND2_X1)                             0.04       2.93 r
  mult_17/U1302/ZN (NAND3_X1)                             0.04       2.97 f
  mult_17/U1365/ZN (NAND2_X1)                             0.03       3.00 r
  mult_17/U1368/ZN (NAND3_X1)                             0.03       3.03 f
  mult_17/U136/CO (FA_X1)                                 0.09       3.12 f
  mult_17/U1638/ZN (NAND2_X1)                             0.03       3.15 r
  mult_17/U1640/ZN (NAND3_X1)                             0.04       3.18 f
  mult_17/U134/CO (FA_X1)                                 0.09       3.27 f
  mult_17/U1649/ZN (NAND2_X1)                             0.03       3.30 r
  mult_17/U1652/ZN (NAND3_X1)                             0.04       3.34 f
  mult_17/U132/CO (FA_X1)                                 0.09       3.42 f
  mult_17/U1668/ZN (NAND2_X1)                             0.03       3.45 r
  mult_17/U1671/ZN (NAND3_X1)                             0.04       3.49 f
  mult_17/U130/CO (FA_X1)                                 0.09       3.58 f
  mult_17/U1692/ZN (NAND2_X1)                             0.03       3.61 r
  mult_17/U1694/ZN (NAND3_X1)                             0.04       3.64 f
  mult_17/U128/CO (FA_X1)                                 0.09       3.73 f
  mult_17/U1685/ZN (NAND2_X1)                             0.03       3.76 r
  mult_17/U1385/ZN (NAND3_X1)                             0.03       3.79 f
  mult_17/U1384/ZN (XNOR2_X1)                             0.05       3.85 f
  mult_17/U1533/ZN (XNOR2_X1)                             0.05       3.90 f
  mult_17/product[47] (FPMultiplier_DW_mult_uns_0)        0.00       3.90 f
  U179/ZN (INV_X1)                                        0.03       3.93 r
  U146/ZN (AND2_X1)                                       0.04       3.97 r
  add_0_root_sub_1_root_sub_23/U1_1/CO (FA_X1)            0.07       4.05 r
  U94/ZN (NAND2_X1)                                       0.03       4.08 f
  U87/ZN (INV_X2)                                         0.03       4.11 r
  U99/ZN (NAND2_X1)                                       0.03       4.14 f
  U86/ZN (INV_X2)                                         0.03       4.17 r
  add_0_root_sub_1_root_sub_23/U1_4/CO (FA_X1)            0.06       4.23 r
  U103/ZN (NAND2_X1)                                      0.04       4.27 f
  U85/ZN (INV_X2)                                         0.04       4.31 r
  U100/Z (XOR2_X1)                                        0.05       4.36 r
  U151/ZN (AND2_X1)                                       0.04       4.40 r
  result_reg[29]/D (DFF_X1)                               0.01       4.41 r
  data arrival time                                                  4.41

  clock clk (rise edge)                                   4.50       4.50
  clock network delay (ideal)                             0.00       4.50
  result_reg[29]/CK (DFF_X1)                              0.00       4.50 r
  library setup time                                     -0.03       4.47
  data required time                                                 4.47
  --------------------------------------------------------------------------
  data required time                                                 4.47
  data arrival time                                                 -4.41
  --------------------------------------------------------------------------
  slack (MET)                                                        0.06


  Startpoint: a_reg_reg[11]
              (rising edge-triggered flip-flop clocked by clk)
  Endpoint: result_reg[28]
            (rising edge-triggered flip-flop clocked by clk)
  Path Group: clk
  Path Type: max

  Des/Clust/Port     Wire Load Model       Library
  ------------------------------------------------
  FPMultiplier       5K_hvratio_1_1        NangateOpenCellLibrary_ss0p95vn40c

  Point                                                   Incr       Path
  --------------------------------------------------------------------------
  clock clk (rise edge)                                   0.00       0.00
  clock network delay (ideal)                             0.00       0.00
  a_reg_reg[11]/CK (DFF_X1)                               0.00       0.00 r
  a_reg_reg[11]/Q (DFF_X1)                                0.09       0.09 r
  mult_17/a[11] (FPMultiplier_DW_mult_uns_0)              0.00       0.09 r
  mult_17/U1520/ZN (INV_X1)                               0.04       0.12 f
  mult_17/U1391/Z (BUF_X4)                                0.07       0.19 f
  mult_17/U1955/ZN (XNOR2_X1)                             0.10       0.28 f
  mult_17/U1709/ZN (NOR2_X4)                              0.12       0.40 r
  mult_17/U1409/ZN (INV_X1)                               0.06       0.47 f
  mult_17/U1880/ZN (OAI22_X1)                             0.05       0.52 r
  mult_17/U1879/ZN (XNOR2_X1)                             0.04       0.56 f
  mult_17/U365/S (HA_X1)                                  0.08       0.63 f
  mult_17/U1249/ZN (NAND2_X1)                             0.03       0.67 r
  mult_17/U1250/ZN (NAND3_X1)                             0.04       0.70 f
  mult_17/U361/CO (FA_X1)                                 0.08       0.78 f
  mult_17/U358/CO (FA_X1)                                 0.08       0.87 f
  mult_17/U354/CO (FA_X1)                                 0.08       0.95 f
  mult_17/U350/CO (FA_X1)                                 0.09       1.04 f
  mult_17/U1319/ZN (NAND2_X1)                             0.03       1.07 r
  mult_17/U1321/ZN (NAND3_X1)                             0.04       1.10 f
  mult_17/U341/CO (FA_X1)                                 0.08       1.19 f
  mult_17/U336/CO (FA_X1)                                 0.08       1.27 f
  mult_17/U331/CO (FA_X1)                                 0.08       1.35 f
  mult_17/U325/CO (FA_X1)                                 0.08       1.43 f
  mult_17/U319/CO (FA_X1)                                 0.09       1.52 f
  mult_17/U1242/ZN (NAND2_X1)                             0.03       1.55 r
  mult_17/U1244/ZN (NAND3_X1)                             0.04       1.59 f
  mult_17/U306/CO (FA_X1)                                 0.09       1.68 f
  mult_17/U1310/ZN (NAND2_X1)                             0.04       1.71 r
  mult_17/U1311/ZN (NAND3_X1)                             0.05       1.76 f
  mult_17/U1314/ZN (NAND2_X1)                             0.04       1.80 r
  mult_17/U1315/ZN (NAND3_X1)                             0.04       1.83 f
  mult_17/U285/CO (FA_X1)                                 0.08       1.92 f
  mult_17/U278/S (FA_X1)                                  0.12       2.03 r
  mult_17/U277/S (FA_X1)                                  0.12       2.15 f
  mult_17/U1348/ZN (NAND2_X1)                             0.03       2.19 r
  mult_17/U1349/ZN (NAND3_X1)                             0.04       2.22 f
  mult_17/U147/CO (FA_X1)                                 0.09       2.31 f
  mult_17/U1294/ZN (NAND2_X1)                             0.04       2.34 r
  mult_17/U1297/ZN (NAND3_X1)                             0.04       2.38 f
  mult_17/U1595/ZN (NAND2_X1)                             0.04       2.42 r
  mult_17/U1288/ZN (NAND3_X1)                             0.04       2.46 f
  mult_17/U1284/ZN (NAND2_X1)                             0.03       2.48 r
  mult_17/U1287/ZN (NAND3_X1)                             0.03       2.51 f
  mult_17/U143/CO (FA_X1)                                 0.09       2.60 f
  mult_17/U1698/ZN (NAND2_X1)                             0.04       2.64 r
  mult_17/U1700/ZN (NAND3_X1)                             0.04       2.68 f
  mult_17/U1611/ZN (NAND2_X1)                             0.03       2.71 r
  mult_17/U1301/ZN (NAND3_X1)                             0.04       2.75 f
  mult_17/U1358/ZN (NAND2_X1)                             0.03       2.78 r
  mult_17/U1361/ZN (NAND3_X1)                             0.03       2.81 f
  mult_17/U139/CO (FA_X1)                                 0.09       2.89 f
  mult_17/U1630/ZN (NAND2_X1)                             0.04       2.93 r
  mult_17/U1302/ZN (NAND3_X1)                             0.04       2.97 f
  mult_17/U1365/ZN (NAND2_X1)                             0.03       3.00 r
  mult_17/U1368/ZN (NAND3_X1)                             0.03       3.03 f
  mult_17/U136/CO (FA_X1)                                 0.09       3.12 f
  mult_17/U1638/ZN (NAND2_X1)                             0.03       3.15 r
  mult_17/U1640/ZN (NAND3_X1)                             0.04       3.18 f
  mult_17/U134/CO (FA_X1)                                 0.09       3.27 f
  mult_17/U1649/ZN (NAND2_X1)                             0.03       3.30 r
  mult_17/U1652/ZN (NAND3_X1)                             0.04       3.34 f
  mult_17/U132/CO (FA_X1)                                 0.09       3.42 f
  mult_17/U1668/ZN (NAND2_X1)                             0.03       3.45 r
  mult_17/U1671/ZN (NAND3_X1)                             0.04       3.49 f
  mult_17/U130/CO (FA_X1)                                 0.09       3.58 f
  mult_17/U1692/ZN (NAND2_X1)                             0.03       3.61 r
  mult_17/U1694/ZN (NAND3_X1)                             0.04       3.64 f
  mult_17/U128/CO (FA_X1)                                 0.09       3.73 f
  mult_17/U1685/ZN (NAND2_X1)                             0.03       3.76 r
  mult_17/U1385/ZN (NAND3_X1)                             0.03       3.79 f
  mult_17/U1384/ZN (XNOR2_X1)                             0.04       3.84 r
  mult_17/U1533/ZN (XNOR2_X1)                             0.05       3.89 r
  mult_17/product[47] (FPMultiplier_DW_mult_uns_0)        0.00       3.89 r
  U179/ZN (INV_X1)                                        0.03       3.92 f
  U146/ZN (AND2_X1)                                       0.04       3.96 f
  add_0_root_sub_1_root_sub_23/U1_1/CO (FA_X1)            0.09       4.04 f
  U94/ZN (NAND2_X1)                                       0.03       4.08 r
  U87/ZN (INV_X2)                                         0.03       4.11 f
  U99/ZN (NAND2_X1)                                       0.03       4.13 r
  U86/ZN (INV_X2)                                         0.03       4.16 f
  add_0_root_sub_1_root_sub_23/U1_4/CO (FA_X1)            0.08       4.24 f
  U96/Z (CLKBUF_X1)                                       0.04       4.28 f
  U102/Z (XOR2_X1)                                        0.06       4.34 f
  U154/ZN (AND2_X1)                                       0.03       4.37 f
  result_reg[28]/D (DFF_X1)                               0.01       4.38 f
  data arrival time                                                  4.38

  clock clk (rise edge)                                   4.50       4.50
  clock network delay (ideal)                             0.00       4.50
  result_reg[28]/CK (DFF_X1)                              0.00       4.50 r
  library setup time                                     -0.03       4.47
  data required time                                                 4.47
  --------------------------------------------------------------------------
  data required time                                                 4.47
  data arrival time                                                 -4.38
  --------------------------------------------------------------------------
  slack (MET)                                                        0.09


  Startpoint: a_reg_reg[11]
              (rising edge-triggered flip-flop clocked by clk)
  Endpoint: result_reg[27]
            (rising edge-triggered flip-flop clocked by clk)
  Path Group: clk
  Path Type: max

  Des/Clust/Port     Wire Load Model       Library
  ------------------------------------------------
  FPMultiplier       5K_hvratio_1_1        NangateOpenCellLibrary_ss0p95vn40c

  Point                                                   Incr       Path
  --------------------------------------------------------------------------
  clock clk (rise edge)                                   0.00       0.00
  clock network delay (ideal)                             0.00       0.00
  a_reg_reg[11]/CK (DFF_X1)                               0.00       0.00 r
  a_reg_reg[11]/Q (DFF_X1)                                0.09       0.09 r
  mult_17/a[11] (FPMultiplier_DW_mult_uns_0)              0.00       0.09 r
  mult_17/U1520/ZN (INV_X1)                               0.04       0.12 f
  mult_17/U1391/Z (BUF_X4)                                0.07       0.19 f
  mult_17/U1955/ZN (XNOR2_X1)                             0.10       0.28 f
  mult_17/U1709/ZN (NOR2_X4)                              0.12       0.40 r
  mult_17/U1409/ZN (INV_X1)                               0.06       0.47 f
  mult_17/U1880/ZN (OAI22_X1)                             0.05       0.52 r
  mult_17/U1879/ZN (XNOR2_X1)                             0.04       0.56 f
  mult_17/U365/S (HA_X1)                                  0.08       0.63 f
  mult_17/U1249/ZN (NAND2_X1)                             0.03       0.67 r
  mult_17/U1250/ZN (NAND3_X1)                             0.04       0.70 f
  mult_17/U361/CO (FA_X1)                                 0.08       0.78 f
  mult_17/U358/CO (FA_X1)                                 0.08       0.87 f
  mult_17/U354/CO (FA_X1)                                 0.08       0.95 f
  mult_17/U350/CO (FA_X1)                                 0.09       1.04 f
  mult_17/U1319/ZN (NAND2_X1)                             0.03       1.07 r
  mult_17/U1321/ZN (NAND3_X1)                             0.04       1.10 f
  mult_17/U341/CO (FA_X1)                                 0.08       1.19 f
  mult_17/U336/CO (FA_X1)                                 0.08       1.27 f
  mult_17/U331/CO (FA_X1)                                 0.08       1.35 f
  mult_17/U325/CO (FA_X1)                                 0.08       1.43 f
  mult_17/U319/CO (FA_X1)                                 0.09       1.52 f
  mult_17/U1242/ZN (NAND2_X1)                             0.03       1.55 r
  mult_17/U1244/ZN (NAND3_X1)                             0.04       1.59 f
  mult_17/U306/CO (FA_X1)                                 0.09       1.68 f
  mult_17/U1310/ZN (NAND2_X1)                             0.04       1.71 r
  mult_17/U1311/ZN (NAND3_X1)                             0.05       1.76 f
  mult_17/U1314/ZN (NAND2_X1)                             0.04       1.80 r
  mult_17/U1315/ZN (NAND3_X1)                             0.04       1.83 f
  mult_17/U285/CO (FA_X1)                                 0.08       1.92 f
  mult_17/U278/S (FA_X1)                                  0.12       2.03 r
  mult_17/U277/S (FA_X1)                                  0.12       2.15 f
  mult_17/U1348/ZN (NAND2_X1)                             0.03       2.19 r
  mult_17/U1349/ZN (NAND3_X1)                             0.04       2.22 f
  mult_17/U147/CO (FA_X1)                                 0.09       2.31 f
  mult_17/U1294/ZN (NAND2_X1)                             0.04       2.34 r
  mult_17/U1297/ZN (NAND3_X1)                             0.04       2.38 f
  mult_17/U1595/ZN (NAND2_X1)                             0.04       2.42 r
  mult_17/U1288/ZN (NAND3_X1)                             0.04       2.46 f
  mult_17/U1284/ZN (NAND2_X1)                             0.03       2.48 r
  mult_17/U1287/ZN (NAND3_X1)                             0.03       2.51 f
  mult_17/U143/CO (FA_X1)                                 0.09       2.60 f
  mult_17/U1698/ZN (NAND2_X1)                             0.04       2.64 r
  mult_17/U1700/ZN (NAND3_X1)                             0.04       2.68 f
  mult_17/U1611/ZN (NAND2_X1)                             0.03       2.71 r
  mult_17/U1301/ZN (NAND3_X1)                             0.04       2.75 f
  mult_17/U1358/ZN (NAND2_X1)                             0.03       2.78 r
  mult_17/U1361/ZN (NAND3_X1)                             0.03       2.81 f
  mult_17/U139/CO (FA_X1)                                 0.09       2.89 f
  mult_17/U1630/ZN (NAND2_X1)                             0.04       2.93 r
  mult_17/U1302/ZN (NAND3_X1)                             0.04       2.97 f
  mult_17/U1365/ZN (NAND2_X1)                             0.03       3.00 r
  mult_17/U1368/ZN (NAND3_X1)                             0.03       3.03 f
  mult_17/U136/CO (FA_X1)                                 0.09       3.12 f
  mult_17/U1638/ZN (NAND2_X1)                             0.03       3.15 r
  mult_17/U1640/ZN (NAND3_X1)                             0.04       3.18 f
  mult_17/U134/CO (FA_X1)                                 0.09       3.27 f
  mult_17/U1649/ZN (NAND2_X1)                             0.03       3.30 r
  mult_17/U1652/ZN (NAND3_X1)                             0.04       3.34 f
  mult_17/U132/CO (FA_X1)                                 0.09       3.42 f
  mult_17/U1668/ZN (NAND2_X1)                             0.03       3.45 r
  mult_17/U1671/ZN (NAND3_X1)                             0.04       3.49 f
  mult_17/U130/CO (FA_X1)                                 0.09       3.58 f
  mult_17/U1692/ZN (NAND2_X1)                             0.03       3.61 r
  mult_17/U1694/ZN (NAND3_X1)                             0.04       3.64 f
  mult_17/U128/CO (FA_X1)                                 0.09       3.73 f
  mult_17/U1685/ZN (NAND2_X1)                             0.03       3.76 r
  mult_17/U1385/ZN (NAND3_X1)                             0.03       3.79 f
  mult_17/U1384/ZN (XNOR2_X1)                             0.04       3.84 r
  mult_17/U1533/ZN (XNOR2_X1)                             0.05       3.89 r
  mult_17/product[47] (FPMultiplier_DW_mult_uns_0)        0.00       3.89 r
  U179/ZN (INV_X1)                                        0.03       3.92 f
  U146/ZN (AND2_X1)                                       0.04       3.96 f
  add_0_root_sub_1_root_sub_23/U1_1/CO (FA_X1)            0.09       4.04 f
  U94/ZN (NAND2_X1)                                       0.03       4.08 r
  U87/ZN (INV_X2)                                         0.03       4.11 f
  U99/ZN (NAND2_X1)                                       0.03       4.13 r
  U86/ZN (INV_X2)                                         0.03       4.16 f
  add_0_root_sub_1_root_sub_23/U1_4/S (FA_X1)             0.11       4.27 r
  U155/ZN (AND2_X1)                                       0.04       4.31 r
  result_reg[27]/D (DFF_X1)                               0.01       4.32 r
  data arrival time                                                  4.32

  clock clk (rise edge)                                   4.50       4.50
  clock network delay (ideal)                             0.00       4.50
  result_reg[27]/CK (DFF_X1)                              0.00       4.50 r
  library setup time                                     -0.03       4.47
  data required time                                                 4.47
  --------------------------------------------------------------------------
  data required time                                                 4.47
  data arrival time                                                 -4.32
  --------------------------------------------------------------------------
  slack (MET)                                                        0.15


  Startpoint: a_reg_reg[11]
              (rising edge-triggered flip-flop clocked by clk)
  Endpoint: result_reg[26]
            (rising edge-triggered flip-flop clocked by clk)
  Path Group: clk
  Path Type: max

  Des/Clust/Port     Wire Load Model       Library
  ------------------------------------------------
  FPMultiplier       5K_hvratio_1_1        NangateOpenCellLibrary_ss0p95vn40c

  Point                                                   Incr       Path
  --------------------------------------------------------------------------
  clock clk (rise edge)                                   0.00       0.00
  clock network delay (ideal)                             0.00       0.00
  a_reg_reg[11]/CK (DFF_X1)                               0.00       0.00 r
  a_reg_reg[11]/Q (DFF_X1)                                0.09       0.09 r
  mult_17/a[11] (FPMultiplier_DW_mult_uns_0)              0.00       0.09 r
  mult_17/U1520/ZN (INV_X1)                               0.04       0.12 f
  mult_17/U1391/Z (BUF_X4)                                0.07       0.19 f
  mult_17/U1955/ZN (XNOR2_X1)                             0.10       0.28 f
  mult_17/U1709/ZN (NOR2_X4)                              0.12       0.40 r
  mult_17/U1409/ZN (INV_X1)                               0.06       0.47 f
  mult_17/U1880/ZN (OAI22_X1)                             0.05       0.52 r
  mult_17/U1879/ZN (XNOR2_X1)                             0.04       0.56 f
  mult_17/U365/S (HA_X1)                                  0.08       0.63 f
  mult_17/U1249/ZN (NAND2_X1)                             0.03       0.67 r
  mult_17/U1250/ZN (NAND3_X1)                             0.04       0.70 f
  mult_17/U361/CO (FA_X1)                                 0.08       0.78 f
  mult_17/U358/CO (FA_X1)                                 0.08       0.87 f
  mult_17/U354/CO (FA_X1)                                 0.08       0.95 f
  mult_17/U350/CO (FA_X1)                                 0.09       1.04 f
  mult_17/U1319/ZN (NAND2_X1)                             0.03       1.07 r
  mult_17/U1321/ZN (NAND3_X1)                             0.04       1.10 f
  mult_17/U341/CO (FA_X1)                                 0.08       1.19 f
  mult_17/U336/CO (FA_X1)                                 0.08       1.27 f
  mult_17/U331/CO (FA_X1)                                 0.08       1.35 f
  mult_17/U325/CO (FA_X1)                                 0.08       1.43 f
  mult_17/U319/CO (FA_X1)                                 0.09       1.52 f
  mult_17/U1242/ZN (NAND2_X1)                             0.03       1.55 r
  mult_17/U1244/ZN (NAND3_X1)                             0.04       1.59 f
  mult_17/U306/CO (FA_X1)                                 0.09       1.68 f
  mult_17/U1310/ZN (NAND2_X1)                             0.04       1.71 r
  mult_17/U1311/ZN (NAND3_X1)                             0.05       1.76 f
  mult_17/U1314/ZN (NAND2_X1)                             0.04       1.80 r
  mult_17/U1315/ZN (NAND3_X1)                             0.04       1.83 f
  mult_17/U285/CO (FA_X1)                                 0.08       1.92 f
  mult_17/U278/S (FA_X1)                                  0.12       2.03 r
  mult_17/U277/S (FA_X1)                                  0.12       2.15 f
  mult_17/U1348/ZN (NAND2_X1)                             0.03       2.19 r
  mult_17/U1349/ZN (NAND3_X1)                             0.04       2.22 f
  mult_17/U147/CO (FA_X1)                                 0.09       2.31 f
  mult_17/U1294/ZN (NAND2_X1)                             0.04       2.34 r
  mult_17/U1297/ZN (NAND3_X1)                             0.04       2.38 f
  mult_17/U1595/ZN (NAND2_X1)                             0.04       2.42 r
  mult_17/U1288/ZN (NAND3_X1)                             0.04       2.46 f
  mult_17/U1284/ZN (NAND2_X1)                             0.03       2.48 r
  mult_17/U1287/ZN (NAND3_X1)                             0.03       2.51 f
  mult_17/U143/CO (FA_X1)                                 0.09       2.60 f
  mult_17/U1698/ZN (NAND2_X1)                             0.04       2.64 r
  mult_17/U1700/ZN (NAND3_X1)                             0.04       2.68 f
  mult_17/U1611/ZN (NAND2_X1)                             0.03       2.71 r
  mult_17/U1301/ZN (NAND3_X1)                             0.04       2.75 f
  mult_17/U1358/ZN (NAND2_X1)                             0.03       2.78 r
  mult_17/U1361/ZN (NAND3_X1)                             0.03       2.81 f
  mult_17/U139/CO (FA_X1)                                 0.09       2.89 f
  mult_17/U1630/ZN (NAND2_X1)                             0.04       2.93 r
  mult_17/U1302/ZN (NAND3_X1)                             0.04       2.97 f
  mult_17/U1365/ZN (NAND2_X1)                             0.03       3.00 r
  mult_17/U1368/ZN (NAND3_X1)                             0.03       3.03 f
  mult_17/U136/CO (FA_X1)                                 0.09       3.12 f
  mult_17/U1638/ZN (NAND2_X1)                             0.03       3.15 r
  mult_17/U1640/ZN (NAND3_X1)                             0.04       3.18 f
  mult_17/U134/CO (FA_X1)                                 0.09       3.27 f
  mult_17/U1649/ZN (NAND2_X1)                             0.03       3.30 r
  mult_17/U1652/ZN (NAND3_X1)                             0.04       3.34 f
  mult_17/U132/CO (FA_X1)                                 0.09       3.42 f
  mult_17/U1668/ZN (NAND2_X1)                             0.03       3.45 r
  mult_17/U1671/ZN (NAND3_X1)                             0.04       3.49 f
  mult_17/U130/CO (FA_X1)                                 0.09       3.58 f
  mult_17/U1692/ZN (NAND2_X1)                             0.03       3.61 r
  mult_17/U1694/ZN (NAND3_X1)                             0.04       3.64 f
  mult_17/U128/CO (FA_X1)                                 0.09       3.73 f
  mult_17/U1685/ZN (NAND2_X1)                             0.03       3.76 r
  mult_17/U1385/ZN (NAND3_X1)                             0.03       3.79 f
  mult_17/U1384/ZN (XNOR2_X1)                             0.05       3.85 f
  mult_17/U1533/ZN (XNOR2_X1)                             0.05       3.90 f
  mult_17/product[47] (FPMultiplier_DW_mult_uns_0)        0.00       3.90 f
  U179/ZN (INV_X1)                                        0.03       3.93 r
  U146/ZN (AND2_X1)                                       0.04       3.97 r
  add_0_root_sub_1_root_sub_23/U1_1/CO (FA_X1)            0.07       4.05 r
  U94/ZN (NAND2_X1)                                       0.03       4.08 f
  U87/ZN (INV_X2)                                         0.03       4.11 r
  U97/Z (CLKBUF_X1)                                       0.04       4.15 r
  U98/Z (XOR2_X1)                                         0.05       4.20 r
  U156/ZN (AND2_X1)                                       0.04       4.24 r
  result_reg[26]/D (DFF_X1)                               0.01       4.25 r
  data arrival time                                                  4.25

  clock clk (rise edge)                                   4.50       4.50
  clock network delay (ideal)                             0.00       4.50
  result_reg[26]/CK (DFF_X1)                              0.00       4.50 r
  library setup time                                     -0.03       4.47
  data required time                                                 4.47
  --------------------------------------------------------------------------
  data required time                                                 4.47
  data arrival time                                                 -4.25
  --------------------------------------------------------------------------
  slack (MET)                                                        0.22


  Startpoint: a_reg_reg[11]
              (rising edge-triggered flip-flop clocked by clk)
  Endpoint: result_reg[25]
            (rising edge-triggered flip-flop clocked by clk)
  Path Group: clk
  Path Type: max

  Des/Clust/Port     Wire Load Model       Library
  ------------------------------------------------
  FPMultiplier       5K_hvratio_1_1        NangateOpenCellLibrary_ss0p95vn40c

  Point                                                   Incr       Path
  --------------------------------------------------------------------------
  clock clk (rise edge)                                   0.00       0.00
  clock network delay (ideal)                             0.00       0.00
  a_reg_reg[11]/CK (DFF_X1)                               0.00       0.00 r
  a_reg_reg[11]/Q (DFF_X1)                                0.09       0.09 r
  mult_17/a[11] (FPMultiplier_DW_mult_uns_0)              0.00       0.09 r
  mult_17/U1520/ZN (INV_X1)                               0.04       0.12 f
  mult_17/U1391/Z (BUF_X4)                                0.07       0.19 f
  mult_17/U1955/ZN (XNOR2_X1)                             0.10       0.28 f
  mult_17/U1709/ZN (NOR2_X4)                              0.12       0.40 r
  mult_17/U1409/ZN (INV_X1)                               0.06       0.47 f
  mult_17/U1880/ZN (OAI22_X1)                             0.05       0.52 r
  mult_17/U1879/ZN (XNOR2_X1)                             0.04       0.56 f
  mult_17/U365/S (HA_X1)                                  0.08       0.63 f
  mult_17/U1249/ZN (NAND2_X1)                             0.03       0.67 r
  mult_17/U1250/ZN (NAND3_X1)                             0.04       0.70 f
  mult_17/U361/CO (FA_X1)                                 0.08       0.78 f
  mult_17/U358/CO (FA_X1)                                 0.08       0.87 f
  mult_17/U354/CO (FA_X1)                                 0.08       0.95 f
  mult_17/U350/CO (FA_X1)                                 0.09       1.04 f
  mult_17/U1319/ZN (NAND2_X1)                             0.03       1.07 r
  mult_17/U1321/ZN (NAND3_X1)                             0.04       1.10 f
  mult_17/U341/CO (FA_X1)                                 0.08       1.19 f
  mult_17/U336/CO (FA_X1)                                 0.08       1.27 f
  mult_17/U331/CO (FA_X1)                                 0.08       1.35 f
  mult_17/U325/CO (FA_X1)                                 0.08       1.43 f
  mult_17/U319/CO (FA_X1)                                 0.09       1.52 f
  mult_17/U1242/ZN (NAND2_X1)                             0.03       1.55 r
  mult_17/U1244/ZN (NAND3_X1)                             0.04       1.59 f
  mult_17/U306/CO (FA_X1)                                 0.09       1.68 f
  mult_17/U1310/ZN (NAND2_X1)                             0.04       1.71 r
  mult_17/U1311/ZN (NAND3_X1)                             0.05       1.76 f
  mult_17/U1314/ZN (NAND2_X1)                             0.04       1.80 r
  mult_17/U1315/ZN (NAND3_X1)                             0.04       1.83 f
  mult_17/U285/CO (FA_X1)                                 0.08       1.92 f
  mult_17/U278/S (FA_X1)                                  0.12       2.03 r
  mult_17/U277/S (FA_X1)                                  0.12       2.15 f
  mult_17/U1348/ZN (NAND2_X1)                             0.03       2.19 r
  mult_17/U1349/ZN (NAND3_X1)                             0.04       2.22 f
  mult_17/U147/CO (FA_X1)                                 0.09       2.31 f
  mult_17/U1294/ZN (NAND2_X1)                             0.04       2.34 r
  mult_17/U1297/ZN (NAND3_X1)                             0.04       2.38 f
  mult_17/U1595/ZN (NAND2_X1)                             0.04       2.42 r
  mult_17/U1288/ZN (NAND3_X1)                             0.04       2.46 f
  mult_17/U1284/ZN (NAND2_X1)                             0.03       2.48 r
  mult_17/U1287/ZN (NAND3_X1)                             0.03       2.51 f
  mult_17/U143/CO (FA_X1)                                 0.09       2.60 f
  mult_17/U1698/ZN (NAND2_X1)                             0.04       2.64 r
  mult_17/U1700/ZN (NAND3_X1)                             0.04       2.68 f
  mult_17/U1611/ZN (NAND2_X1)                             0.03       2.71 r
  mult_17/U1301/ZN (NAND3_X1)                             0.04       2.75 f
  mult_17/U1358/ZN (NAND2_X1)                             0.03       2.78 r
  mult_17/U1361/ZN (NAND3_X1)                             0.03       2.81 f
  mult_17/U139/CO (FA_X1)                                 0.09       2.89 f
  mult_17/U1630/ZN (NAND2_X1)                             0.04       2.93 r
  mult_17/U1302/ZN (NAND3_X1)                             0.04       2.97 f
  mult_17/U1365/ZN (NAND2_X1)                             0.03       3.00 r
  mult_17/U1368/ZN (NAND3_X1)                             0.03       3.03 f
  mult_17/U136/CO (FA_X1)                                 0.09       3.12 f
  mult_17/U1638/ZN (NAND2_X1)                             0.03       3.15 r
  mult_17/U1640/ZN (NAND3_X1)                             0.04       3.18 f
  mult_17/U134/CO (FA_X1)                                 0.09       3.27 f
  mult_17/U1649/ZN (NAND2_X1)                             0.03       3.30 r
  mult_17/U1652/ZN (NAND3_X1)                             0.04       3.34 f
  mult_17/U132/CO (FA_X1)                                 0.09       3.42 f
  mult_17/U1668/ZN (NAND2_X1)                             0.03       3.45 r
  mult_17/U1671/ZN (NAND3_X1)                             0.04       3.49 f
  mult_17/U130/CO (FA_X1)                                 0.09       3.58 f
  mult_17/U1692/ZN (NAND2_X1)                             0.03       3.61 r
  mult_17/U1694/ZN (NAND3_X1)                             0.04       3.64 f
  mult_17/U128/CO (FA_X1)                                 0.09       3.73 f
  mult_17/U1685/ZN (NAND2_X1)                             0.03       3.76 r
  mult_17/U1385/ZN (NAND3_X1)                             0.03       3.79 f
  mult_17/U1384/ZN (XNOR2_X1)                             0.05       3.85 f
  mult_17/U1533/ZN (XNOR2_X1)                             0.05       3.90 f
  mult_17/product[47] (FPMultiplier_DW_mult_uns_0)        0.00       3.90 f
  U179/ZN (INV_X1)                                        0.03       3.93 r
  U146/ZN (AND2_X1)                                       0.04       3.97 r
  add_0_root_sub_1_root_sub_23/U1_1/CO (FA_X1)            0.07       4.05 r
  U90/Z (CLKBUF_X1)                                       0.04       4.09 r
  U93/Z (XOR2_X1)                                         0.05       4.14 r
  U152/ZN (AND2_X1)                                       0.04       4.18 r
  result_reg[25]/D (DFF_X1)                               0.01       4.19 r
  data arrival time                                                  4.19

  clock clk (rise edge)                                   4.50       4.50
  clock network delay (ideal)                             0.00       4.50
  result_reg[25]/CK (DFF_X1)                              0.00       4.50 r
  library setup time                                     -0.03       4.47
  data required time                                                 4.47
  --------------------------------------------------------------------------
  data required time                                                 4.47
  data arrival time                                                 -4.19
  --------------------------------------------------------------------------
  slack (MET)                                                        0.28


  Startpoint: a_reg_reg[11]
              (rising edge-triggered flip-flop clocked by clk)
  Endpoint: result_reg[1]
            (rising edge-triggered flip-flop clocked by clk)
  Path Group: clk
  Path Type: max

  Des/Clust/Port     Wire Load Model       Library
  ------------------------------------------------
  FPMultiplier       5K_hvratio_1_1        NangateOpenCellLibrary_ss0p95vn40c

  Point                                                   Incr       Path
  --------------------------------------------------------------------------
  clock clk (rise edge)                                   0.00       0.00
  clock network delay (ideal)                             0.00       0.00
  a_reg_reg[11]/CK (DFF_X1)                               0.00       0.00 r
  a_reg_reg[11]/Q (DFF_X1)                                0.09       0.09 r
  mult_17/a[11] (FPMultiplier_DW_mult_uns_0)              0.00       0.09 r
  mult_17/U1520/ZN (INV_X1)                               0.04       0.12 f
  mult_17/U1391/Z (BUF_X4)                                0.07       0.19 f
  mult_17/U1955/ZN (XNOR2_X1)                             0.10       0.28 f
  mult_17/U1709/ZN (NOR2_X4)                              0.12       0.40 r
  mult_17/U1409/ZN (INV_X1)                               0.06       0.47 f
  mult_17/U1880/ZN (OAI22_X1)                             0.05       0.52 r
  mult_17/U1879/ZN (XNOR2_X1)                             0.04       0.56 f
  mult_17/U365/S (HA_X1)                                  0.08       0.63 f
  mult_17/U1249/ZN (NAND2_X1)                             0.03       0.67 r
  mult_17/U1250/ZN (NAND3_X1)                             0.04       0.70 f
  mult_17/U361/CO (FA_X1)                                 0.08       0.78 f
  mult_17/U358/CO (FA_X1)                                 0.08       0.87 f
  mult_17/U354/CO (FA_X1)                                 0.08       0.95 f
  mult_17/U350/CO (FA_X1)                                 0.09       1.04 f
  mult_17/U1319/ZN (NAND2_X1)                             0.03       1.07 r
  mult_17/U1321/ZN (NAND3_X1)                             0.04       1.10 f
  mult_17/U341/CO (FA_X1)                                 0.08       1.19 f
  mult_17/U336/CO (FA_X1)                                 0.08       1.27 f
  mult_17/U331/CO (FA_X1)                                 0.08       1.35 f
  mult_17/U325/CO (FA_X1)                                 0.08       1.43 f
  mult_17/U319/CO (FA_X1)                                 0.09       1.52 f
  mult_17/U1242/ZN (NAND2_X1)                             0.03       1.55 r
  mult_17/U1244/ZN (NAND3_X1)                             0.04       1.59 f
  mult_17/U306/CO (FA_X1)                                 0.09       1.68 f
  mult_17/U1310/ZN (NAND2_X1)                             0.04       1.71 r
  mult_17/U1311/ZN (NAND3_X1)                             0.05       1.76 f
  mult_17/U1314/ZN (NAND2_X1)                             0.04       1.80 r
  mult_17/U1315/ZN (NAND3_X1)                             0.04       1.83 f
  mult_17/U285/CO (FA_X1)                                 0.08       1.92 f
  mult_17/U278/S (FA_X1)                                  0.12       2.03 r
  mult_17/U277/S (FA_X1)                                  0.12       2.15 f
  mult_17/U1348/ZN (NAND2_X1)                             0.03       2.19 r
  mult_17/U1349/ZN (NAND3_X1)                             0.04       2.22 f
  mult_17/U147/CO (FA_X1)                                 0.09       2.31 f
  mult_17/U1294/ZN (NAND2_X1)                             0.04       2.34 r
  mult_17/U1297/ZN (NAND3_X1)                             0.04       2.38 f
  mult_17/U1595/ZN (NAND2_X1)                             0.04       2.42 r
  mult_17/U1288/ZN (NAND3_X1)                             0.04       2.46 f
  mult_17/U1284/ZN (NAND2_X1)                             0.03       2.48 r
  mult_17/U1287/ZN (NAND3_X1)                             0.03       2.51 f
  mult_17/U143/CO (FA_X1)                                 0.09       2.60 f
  mult_17/U1698/ZN (NAND2_X1)                             0.04       2.64 r
  mult_17/U1700/ZN (NAND3_X1)                             0.04       2.68 f
  mult_17/U1611/ZN (NAND2_X1)                             0.03       2.71 r
  mult_17/U1301/ZN (NAND3_X1)                             0.04       2.75 f
  mult_17/U1358/ZN (NAND2_X1)                             0.03       2.78 r
  mult_17/U1361/ZN (NAND3_X1)                             0.03       2.81 f
  mult_17/U139/CO (FA_X1)                                 0.09       2.89 f
  mult_17/U1630/ZN (NAND2_X1)                             0.04       2.93 r
  mult_17/U1302/ZN (NAND3_X1)                             0.04       2.97 f
  mult_17/U1365/ZN (NAND2_X1)                             0.03       3.00 r
  mult_17/U1368/ZN (NAND3_X1)                             0.03       3.03 f
  mult_17/U136/CO (FA_X1)                                 0.09       3.12 f
  mult_17/U1638/ZN (NAND2_X1)                             0.03       3.15 r
  mult_17/U1640/ZN (NAND3_X1)                             0.04       3.18 f
  mult_17/U134/CO (FA_X1)                                 0.09       3.27 f
  mult_17/U1649/ZN (NAND2_X1)                             0.03       3.30 r
  mult_17/U1652/ZN (NAND3_X1)                             0.04       3.34 f
  mult_17/U132/CO (FA_X1)                                 0.09       3.42 f
  mult_17/U1668/ZN (NAND2_X1)                             0.03       3.45 r
  mult_17/U1671/ZN (NAND3_X1)                             0.04       3.49 f
  mult_17/U130/CO (FA_X1)                                 0.09       3.58 f
  mult_17/U1692/ZN (NAND2_X1)                             0.03       3.61 r
  mult_17/U1694/ZN (NAND3_X1)                             0.04       3.64 f
  mult_17/U128/CO (FA_X1)                                 0.09       3.73 f
  mult_17/U1685/ZN (NAND2_X1)                             0.03       3.76 r
  mult_17/U1385/ZN (NAND3_X1)                             0.03       3.79 f
  mult_17/U1384/ZN (XNOR2_X1)                             0.05       3.85 f
  mult_17/U1533/ZN (XNOR2_X1)                             0.05       3.90 f
  mult_17/product[47] (FPMultiplier_DW_mult_uns_0)        0.00       3.90 f
  U179/ZN (INV_X1)                                        0.03       3.93 r
  U180/ZN (INV_X1)                                        0.03       3.96 f
  U104/Z (CLKBUF_X1)                                      0.05       4.01 f
  U189/ZN (OR2_X1)                                        0.09       4.10 f
  U127/ZN (OAI22_X1)                                      0.06       4.16 r
  result_reg[1]/D (DFF_X1)                                0.01       4.17 r
  data arrival time                                                  4.17

  clock clk (rise edge)                                   4.50       4.50
  clock network delay (ideal)                             0.00       4.50
  result_reg[1]/CK (DFF_X1)                               0.00       4.50 r
  library setup time                                     -0.04       4.46
  data required time                                                 4.46
  --------------------------------------------------------------------------
  data required time                                                 4.46
  data arrival time                                                 -4.17
  --------------------------------------------------------------------------
  slack (MET)                                                        0.29


  Startpoint: a_reg_reg[11]
              (rising edge-triggered flip-flop clocked by clk)
  Endpoint: result_reg[3]
            (rising edge-triggered flip-flop clocked by clk)
  Path Group: clk
  Path Type: max

  Des/Clust/Port     Wire Load Model       Library
  ------------------------------------------------
  FPMultiplier       5K_hvratio_1_1        NangateOpenCellLibrary_ss0p95vn40c

  Point                                                   Incr       Path
  --------------------------------------------------------------------------
  clock clk (rise edge)                                   0.00       0.00
  clock network delay (ideal)                             0.00       0.00
  a_reg_reg[11]/CK (DFF_X1)                               0.00       0.00 r
  a_reg_reg[11]/Q (DFF_X1)                                0.09       0.09 r
  mult_17/a[11] (FPMultiplier_DW_mult_uns_0)              0.00       0.09 r
  mult_17/U1520/ZN (INV_X1)                               0.04       0.12 f
  mult_17/U1391/Z (BUF_X4)                                0.07       0.19 f
  mult_17/U1955/ZN (XNOR2_X1)                             0.10       0.28 f
  mult_17/U1709/ZN (NOR2_X4)                              0.12       0.40 r
  mult_17/U1409/ZN (INV_X1)                               0.06       0.47 f
  mult_17/U1880/ZN (OAI22_X1)                             0.05       0.52 r
  mult_17/U1879/ZN (XNOR2_X1)                             0.04       0.56 f
  mult_17/U365/S (HA_X1)                                  0.08       0.63 f
  mult_17/U1249/ZN (NAND2_X1)                             0.03       0.67 r
  mult_17/U1250/ZN (NAND3_X1)                             0.04       0.70 f
  mult_17/U361/CO (FA_X1)                                 0.08       0.78 f
  mult_17/U358/CO (FA_X1)                                 0.08       0.87 f
  mult_17/U354/CO (FA_X1)                                 0.08       0.95 f
  mult_17/U350/CO (FA_X1)                                 0.09       1.04 f
  mult_17/U1319/ZN (NAND2_X1)                             0.03       1.07 r
  mult_17/U1321/ZN (NAND3_X1)                             0.04       1.10 f
  mult_17/U341/CO (FA_X1)                                 0.08       1.19 f
  mult_17/U336/CO (FA_X1)                                 0.08       1.27 f
  mult_17/U331/CO (FA_X1)                                 0.08       1.35 f
  mult_17/U325/CO (FA_X1)                                 0.08       1.43 f
  mult_17/U319/CO (FA_X1)                                 0.09       1.52 f
  mult_17/U1242/ZN (NAND2_X1)                             0.03       1.55 r
  mult_17/U1244/ZN (NAND3_X1)                             0.04       1.59 f
  mult_17/U306/CO (FA_X1)                                 0.09       1.68 f
  mult_17/U1310/ZN (NAND2_X1)                             0.04       1.71 r
  mult_17/U1311/ZN (NAND3_X1)                             0.05       1.76 f
  mult_17/U1314/ZN (NAND2_X1)                             0.04       1.80 r
  mult_17/U1315/ZN (NAND3_X1)                             0.04       1.83 f
  mult_17/U285/CO (FA_X1)                                 0.08       1.92 f
  mult_17/U278/S (FA_X1)                                  0.12       2.03 r
  mult_17/U277/S (FA_X1)                                  0.12       2.15 f
  mult_17/U1348/ZN (NAND2_X1)                             0.03       2.19 r
  mult_17/U1349/ZN (NAND3_X1)                             0.04       2.22 f
  mult_17/U147/CO (FA_X1)                                 0.09       2.31 f
  mult_17/U1294/ZN (NAND2_X1)                             0.04       2.34 r
  mult_17/U1297/ZN (NAND3_X1)                             0.04       2.38 f
  mult_17/U1595/ZN (NAND2_X1)                             0.04       2.42 r
  mult_17/U1288/ZN (NAND3_X1)                             0.04       2.46 f
  mult_17/U1284/ZN (NAND2_X1)                             0.03       2.48 r
  mult_17/U1287/ZN (NAND3_X1)                             0.03       2.51 f
  mult_17/U143/CO (FA_X1)                                 0.09       2.60 f
  mult_17/U1698/ZN (NAND2_X1)                             0.04       2.64 r
  mult_17/U1700/ZN (NAND3_X1)                             0.04       2.68 f
  mult_17/U1611/ZN (NAND2_X1)                             0.03       2.71 r
  mult_17/U1301/ZN (NAND3_X1)                             0.04       2.75 f
  mult_17/U1358/ZN (NAND2_X1)                             0.03       2.78 r
  mult_17/U1361/ZN (NAND3_X1)                             0.03       2.81 f
  mult_17/U139/CO (FA_X1)                                 0.09       2.89 f
  mult_17/U1630/ZN (NAND2_X1)                             0.04       2.93 r
  mult_17/U1302/ZN (NAND3_X1)                             0.04       2.97 f
  mult_17/U1365/ZN (NAND2_X1)                             0.03       3.00 r
  mult_17/U1368/ZN (NAND3_X1)                             0.03       3.03 f
  mult_17/U136/CO (FA_X1)                                 0.09       3.12 f
  mult_17/U1638/ZN (NAND2_X1)                             0.03       3.15 r
  mult_17/U1640/ZN (NAND3_X1)                             0.04       3.18 f
  mult_17/U134/CO (FA_X1)                                 0.09       3.27 f
  mult_17/U1649/ZN (NAND2_X1)                             0.03       3.30 r
  mult_17/U1652/ZN (NAND3_X1)                             0.04       3.34 f
  mult_17/U132/CO (FA_X1)                                 0.09       3.42 f
  mult_17/U1668/ZN (NAND2_X1)                             0.03       3.45 r
  mult_17/U1671/ZN (NAND3_X1)                             0.04       3.49 f
  mult_17/U130/CO (FA_X1)                                 0.09       3.58 f
  mult_17/U1692/ZN (NAND2_X1)                             0.03       3.61 r
  mult_17/U1694/ZN (NAND3_X1)                             0.04       3.64 f
  mult_17/U128/CO (FA_X1)                                 0.09       3.73 f
  mult_17/U1685/ZN (NAND2_X1)                             0.03       3.76 r
  mult_17/U1385/ZN (NAND3_X1)                             0.03       3.79 f
  mult_17/U1384/ZN (XNOR2_X1)                             0.05       3.85 f
  mult_17/U1533/ZN (XNOR2_X1)                             0.05       3.90 f
  mult_17/product[47] (FPMultiplier_DW_mult_uns_0)        0.00       3.90 f
  U179/ZN (INV_X1)                                        0.03       3.93 r
  U180/ZN (INV_X1)                                        0.03       3.96 f
  U104/Z (CLKBUF_X1)                                      0.05       4.01 f
  U189/ZN (OR2_X1)                                        0.09       4.10 f
  U111/ZN (OAI22_X1)                                      0.06       4.16 r
  result_reg[3]/D (DFF_X1)                                0.01       4.17 r
  data arrival time                                                  4.17

  clock clk (rise edge)                                   4.50       4.50
  clock network delay (ideal)                             0.00       4.50
  result_reg[3]/CK (DFF_X1)                               0.00       4.50 r
  library setup time                                     -0.04       4.46
  data required time                                                 4.46
  --------------------------------------------------------------------------
  data required time                                                 4.46
  data arrival time                                                 -4.17
  --------------------------------------------------------------------------
  slack (MET)                                                        0.29


  Startpoint: a_reg_reg[11]
              (rising edge-triggered flip-flop clocked by clk)
  Endpoint: result_reg[5]
            (rising edge-triggered flip-flop clocked by clk)
  Path Group: clk
  Path Type: max

  Des/Clust/Port     Wire Load Model       Library
  ------------------------------------------------
  FPMultiplier       5K_hvratio_1_1        NangateOpenCellLibrary_ss0p95vn40c

  Point                                                   Incr       Path
  --------------------------------------------------------------------------
  clock clk (rise edge)                                   0.00       0.00
  clock network delay (ideal)                             0.00       0.00
  a_reg_reg[11]/CK (DFF_X1)                               0.00       0.00 r
  a_reg_reg[11]/Q (DFF_X1)                                0.09       0.09 r
  mult_17/a[11] (FPMultiplier_DW_mult_uns_0)              0.00       0.09 r
  mult_17/U1520/ZN (INV_X1)                               0.04       0.12 f
  mult_17/U1391/Z (BUF_X4)                                0.07       0.19 f
  mult_17/U1955/ZN (XNOR2_X1)                             0.10       0.28 f
  mult_17/U1709/ZN (NOR2_X4)                              0.12       0.40 r
  mult_17/U1409/ZN (INV_X1)                               0.06       0.47 f
  mult_17/U1880/ZN (OAI22_X1)                             0.05       0.52 r
  mult_17/U1879/ZN (XNOR2_X1)                             0.04       0.56 f
  mult_17/U365/S (HA_X1)                                  0.08       0.63 f
  mult_17/U1249/ZN (NAND2_X1)                             0.03       0.67 r
  mult_17/U1250/ZN (NAND3_X1)                             0.04       0.70 f
  mult_17/U361/CO (FA_X1)                                 0.08       0.78 f
  mult_17/U358/CO (FA_X1)                                 0.08       0.87 f
  mult_17/U354/CO (FA_X1)                                 0.08       0.95 f
  mult_17/U350/CO (FA_X1)                                 0.09       1.04 f
  mult_17/U1319/ZN (NAND2_X1)                             0.03       1.07 r
  mult_17/U1321/ZN (NAND3_X1)                             0.04       1.10 f
  mult_17/U341/CO (FA_X1)                                 0.08       1.19 f
  mult_17/U336/CO (FA_X1)                                 0.08       1.27 f
  mult_17/U331/CO (FA_X1)                                 0.08       1.35 f
  mult_17/U325/CO (FA_X1)                                 0.08       1.43 f
  mult_17/U319/CO (FA_X1)                                 0.09       1.52 f
  mult_17/U1242/ZN (NAND2_X1)                             0.03       1.55 r
  mult_17/U1244/ZN (NAND3_X1)                             0.04       1.59 f
  mult_17/U306/CO (FA_X1)                                 0.09       1.68 f
  mult_17/U1310/ZN (NAND2_X1)                             0.04       1.71 r
  mult_17/U1311/ZN (NAND3_X1)                             0.05       1.76 f
  mult_17/U1314/ZN (NAND2_X1)                             0.04       1.80 r
  mult_17/U1315/ZN (NAND3_X1)                             0.04       1.83 f
  mult_17/U285/CO (FA_X1)                                 0.08       1.92 f
  mult_17/U278/S (FA_X1)                                  0.12       2.03 r
  mult_17/U277/S (FA_X1)                                  0.12       2.15 f
  mult_17/U1348/ZN (NAND2_X1)                             0.03       2.19 r
  mult_17/U1349/ZN (NAND3_X1)                             0.04       2.22 f
  mult_17/U147/CO (FA_X1)                                 0.09       2.31 f
  mult_17/U1294/ZN (NAND2_X1)                             0.04       2.34 r
  mult_17/U1297/ZN (NAND3_X1)                             0.04       2.38 f
  mult_17/U1595/ZN (NAND2_X1)                             0.04       2.42 r
  mult_17/U1288/ZN (NAND3_X1)                             0.04       2.46 f
  mult_17/U1284/ZN (NAND2_X1)                             0.03       2.48 r
  mult_17/U1287/ZN (NAND3_X1)                             0.03       2.51 f
  mult_17/U143/CO (FA_X1)                                 0.09       2.60 f
  mult_17/U1698/ZN (NAND2_X1)                             0.04       2.64 r
  mult_17/U1700/ZN (NAND3_X1)                             0.04       2.68 f
  mult_17/U1611/ZN (NAND2_X1)                             0.03       2.71 r
  mult_17/U1301/ZN (NAND3_X1)                             0.04       2.75 f
  mult_17/U1358/ZN (NAND2_X1)                             0.03       2.78 r
  mult_17/U1361/ZN (NAND3_X1)                             0.03       2.81 f
  mult_17/U139/CO (FA_X1)                                 0.09       2.89 f
  mult_17/U1630/ZN (NAND2_X1)                             0.04       2.93 r
  mult_17/U1302/ZN (NAND3_X1)                             0.04       2.97 f
  mult_17/U1365/ZN (NAND2_X1)                             0.03       3.00 r
  mult_17/U1368/ZN (NAND3_X1)                             0.03       3.03 f
  mult_17/U136/CO (FA_X1)                                 0.09       3.12 f
  mult_17/U1638/ZN (NAND2_X1)                             0.03       3.15 r
  mult_17/U1640/ZN (NAND3_X1)                             0.04       3.18 f
  mult_17/U134/CO (FA_X1)                                 0.09       3.27 f
  mult_17/U1649/ZN (NAND2_X1)                             0.03       3.30 r
  mult_17/U1652/ZN (NAND3_X1)                             0.04       3.34 f
  mult_17/U132/CO (FA_X1)                                 0.09       3.42 f
  mult_17/U1668/ZN (NAND2_X1)                             0.03       3.45 r
  mult_17/U1671/ZN (NAND3_X1)                             0.04       3.49 f
  mult_17/U130/CO (FA_X1)                                 0.09       3.58 f
  mult_17/U1692/ZN (NAND2_X1)                             0.03       3.61 r
  mult_17/U1694/ZN (NAND3_X1)                             0.04       3.64 f
  mult_17/U128/CO (FA_X1)                                 0.09       3.73 f
  mult_17/U1685/ZN (NAND2_X1)                             0.03       3.76 r
  mult_17/U1385/ZN (NAND3_X1)                             0.03       3.79 f
  mult_17/U1384/ZN (XNOR2_X1)                             0.05       3.85 f
  mult_17/U1533/ZN (XNOR2_X1)                             0.05       3.90 f
  mult_17/product[47] (FPMultiplier_DW_mult_uns_0)        0.00       3.90 f
  U179/ZN (INV_X1)                                        0.03       3.93 r
  U180/ZN (INV_X1)                                        0.03       3.96 f
  U104/Z (CLKBUF_X1)                                      0.05       4.01 f
  U189/ZN (OR2_X1)                                        0.09       4.10 f
  U110/ZN (OAI22_X1)                                      0.06       4.16 r
  result_reg[5]/D (DFF_X1)                                0.01       4.17 r
  data arrival time                                                  4.17

  clock clk (rise edge)                                   4.50       4.50
  clock network delay (ideal)                             0.00       4.50
  result_reg[5]/CK (DFF_X1)                               0.00       4.50 r
  library setup time                                     -0.04       4.46
  data required time                                                 4.46
  --------------------------------------------------------------------------
  data required time                                                 4.46
  data arrival time                                                 -4.17
  --------------------------------------------------------------------------
  slack (MET)                                                        0.29


  Startpoint: a_reg_reg[11]
              (rising edge-triggered flip-flop clocked by clk)
  Endpoint: result_reg[7]
            (rising edge-triggered flip-flop clocked by clk)
  Path Group: clk
  Path Type: max

  Des/Clust/Port     Wire Load Model       Library
  ------------------------------------------------
  FPMultiplier       5K_hvratio_1_1        NangateOpenCellLibrary_ss0p95vn40c

  Point                                                   Incr       Path
  --------------------------------------------------------------------------
  clock clk (rise edge)                                   0.00       0.00
  clock network delay (ideal)                             0.00       0.00
  a_reg_reg[11]/CK (DFF_X1)                               0.00       0.00 r
  a_reg_reg[11]/Q (DFF_X1)                                0.09       0.09 r
  mult_17/a[11] (FPMultiplier_DW_mult_uns_0)              0.00       0.09 r
  mult_17/U1520/ZN (INV_X1)                               0.04       0.12 f
  mult_17/U1391/Z (BUF_X4)                                0.07       0.19 f
  mult_17/U1955/ZN (XNOR2_X1)                             0.10       0.28 f
  mult_17/U1709/ZN (NOR2_X4)                              0.12       0.40 r
  mult_17/U1409/ZN (INV_X1)                               0.06       0.47 f
  mult_17/U1880/ZN (OAI22_X1)                             0.05       0.52 r
  mult_17/U1879/ZN (XNOR2_X1)                             0.04       0.56 f
  mult_17/U365/S (HA_X1)                                  0.08       0.63 f
  mult_17/U1249/ZN (NAND2_X1)                             0.03       0.67 r
  mult_17/U1250/ZN (NAND3_X1)                             0.04       0.70 f
  mult_17/U361/CO (FA_X1)                                 0.08       0.78 f
  mult_17/U358/CO (FA_X1)                                 0.08       0.87 f
  mult_17/U354/CO (FA_X1)                                 0.08       0.95 f
  mult_17/U350/CO (FA_X1)                                 0.09       1.04 f
  mult_17/U1319/ZN (NAND2_X1)                             0.03       1.07 r
  mult_17/U1321/ZN (NAND3_X1)                             0.04       1.10 f
  mult_17/U341/CO (FA_X1)                                 0.08       1.19 f
  mult_17/U336/CO (FA_X1)                                 0.08       1.27 f
  mult_17/U331/CO (FA_X1)                                 0.08       1.35 f
  mult_17/U325/CO (FA_X1)                                 0.08       1.43 f
  mult_17/U319/CO (FA_X1)                                 0.09       1.52 f
  mult_17/U1242/ZN (NAND2_X1)                             0.03       1.55 r
  mult_17/U1244/ZN (NAND3_X1)                             0.04       1.59 f
  mult_17/U306/CO (FA_X1)                                 0.09       1.68 f
  mult_17/U1310/ZN (NAND2_X1)                             0.04       1.71 r
  mult_17/U1311/ZN (NAND3_X1)                             0.05       1.76 f
  mult_17/U1314/ZN (NAND2_X1)                             0.04       1.80 r
  mult_17/U1315/ZN (NAND3_X1)                             0.04       1.83 f
  mult_17/U285/CO (FA_X1)                                 0.08       1.92 f
  mult_17/U278/S (FA_X1)                                  0.12       2.03 r
  mult_17/U277/S (FA_X1)                                  0.12       2.15 f
  mult_17/U1348/ZN (NAND2_X1)                             0.03       2.19 r
  mult_17/U1349/ZN (NAND3_X1)                             0.04       2.22 f
  mult_17/U147/CO (FA_X1)                                 0.09       2.31 f
  mult_17/U1294/ZN (NAND2_X1)                             0.04       2.34 r
  mult_17/U1297/ZN (NAND3_X1)                             0.04       2.38 f
  mult_17/U1595/ZN (NAND2_X1)                             0.04       2.42 r
  mult_17/U1288/ZN (NAND3_X1)                             0.04       2.46 f
  mult_17/U1284/ZN (NAND2_X1)                             0.03       2.48 r
  mult_17/U1287/ZN (NAND3_X1)                             0.03       2.51 f
  mult_17/U143/CO (FA_X1)                                 0.09       2.60 f
  mult_17/U1698/ZN (NAND2_X1)                             0.04       2.64 r
  mult_17/U1700/ZN (NAND3_X1)                             0.04       2.68 f
  mult_17/U1611/ZN (NAND2_X1)                             0.03       2.71 r
  mult_17/U1301/ZN (NAND3_X1)                             0.04       2.75 f
  mult_17/U1358/ZN (NAND2_X1)                             0.03       2.78 r
  mult_17/U1361/ZN (NAND3_X1)                             0.03       2.81 f
  mult_17/U139/CO (FA_X1)                                 0.09       2.89 f
  mult_17/U1630/ZN (NAND2_X1)                             0.04       2.93 r
  mult_17/U1302/ZN (NAND3_X1)                             0.04       2.97 f
  mult_17/U1365/ZN (NAND2_X1)                             0.03       3.00 r
  mult_17/U1368/ZN (NAND3_X1)                             0.03       3.03 f
  mult_17/U136/CO (FA_X1)                                 0.09       3.12 f
  mult_17/U1638/ZN (NAND2_X1)                             0.03       3.15 r
  mult_17/U1640/ZN (NAND3_X1)                             0.04       3.18 f
  mult_17/U134/CO (FA_X1)                                 0.09       3.27 f
  mult_17/U1649/ZN (NAND2_X1)                             0.03       3.30 r
  mult_17/U1652/ZN (NAND3_X1)                             0.04       3.34 f
  mult_17/U132/CO (FA_X1)                                 0.09       3.42 f
  mult_17/U1668/ZN (NAND2_X1)                             0.03       3.45 r
  mult_17/U1671/ZN (NAND3_X1)                             0.04       3.49 f
  mult_17/U130/CO (FA_X1)                                 0.09       3.58 f
  mult_17/U1692/ZN (NAND2_X1)                             0.03       3.61 r
  mult_17/U1694/ZN (NAND3_X1)                             0.04       3.64 f
  mult_17/U128/CO (FA_X1)                                 0.09       3.73 f
  mult_17/U1685/ZN (NAND2_X1)                             0.03       3.76 r
  mult_17/U1385/ZN (NAND3_X1)                             0.03       3.79 f
  mult_17/U1384/ZN (XNOR2_X1)                             0.05       3.85 f
  mult_17/U1533/ZN (XNOR2_X1)                             0.05       3.90 f
  mult_17/product[47] (FPMultiplier_DW_mult_uns_0)        0.00       3.90 f
  U179/ZN (INV_X1)                                        0.03       3.93 r
  U180/ZN (INV_X1)                                        0.03       3.96 f
  U104/Z (CLKBUF_X1)                                      0.05       4.01 f
  U189/ZN (OR2_X1)                                        0.09       4.10 f
  U126/ZN (OAI22_X1)                                      0.06       4.16 r
  result_reg[7]/D (DFF_X1)                                0.01       4.17 r
  data arrival time                                                  4.17

  clock clk (rise edge)                                   4.50       4.50
  clock network delay (ideal)                             0.00       4.50
  result_reg[7]/CK (DFF_X1)                               0.00       4.50 r
  library setup time                                     -0.04       4.46
  data required time                                                 4.46
  --------------------------------------------------------------------------
  data required time                                                 4.46
  data arrival time                                                 -4.17
  --------------------------------------------------------------------------
  slack (MET)                                                        0.29


1
