 
****************************************
Report : timing
        -path full
        -delay max
        -max_paths 10
Design : simpleAdder
Version: U-2022.12-SP7
Date   : Tue Dec 12 16:03:08 2023
****************************************

Operating Conditions: TYPICAL   Library: saed90nm_typ_ht
Wire Load Model Mode: enclosed

  Startpoint: b[0] (input port)
  Endpoint: overflow (output port)
  Path Group: (none)
  Path Type: max

  Des/Clust/Port     Wire Load Model       Library
  ------------------------------------------------
  simpleAdder        8000                  saed90nm_typ_ht
  fullAdder_0        ForQA                 saed90nm_typ_ht
  adder8bit_0        8000                  saed90nm_typ_ht
  adder8bit_3        8000                  saed90nm_typ_ht
  adder8bit_2        8000                  saed90nm_typ_ht
  adder8bit_1        8000                  saed90nm_typ_ht

  Point                                    Incr       Path
  -----------------------------------------------------------
  input external delay                     1.00       1.00 r
  b[0] (in)                                0.00       1.00 r
  f1/b[0] (adder8bit_0)                    0.00       1.00 r
  f1/gen[0].u0/b (fullAdder_0)             0.00       1.00 r
  f1/gen[0].u0/U3/Q (XOR2X1)               0.23       1.23 f
  f1/gen[0].u0/U2/Q (AO22X1)               0.18       1.41 f
  f1/gen[0].u0/cout (fullAdder_0)          0.00       1.41 f
  f1/gen[1].u0/cin (fullAdder_31)          0.00       1.41 f
  f1/gen[1].u0/U2/Q (AO22X1)               0.17       1.58 f
  f1/gen[1].u0/cout (fullAdder_31)         0.00       1.58 f
  f1/gen[2].u0/cin (fullAdder_30)          0.00       1.58 f
  f1/gen[2].u0/U2/Q (AO22X1)               0.17       1.75 f
  f1/gen[2].u0/cout (fullAdder_30)         0.00       1.75 f
  f1/gen[3].u0/cin (fullAdder_29)          0.00       1.75 f
  f1/gen[3].u0/U2/Q (AO22X1)               0.17       1.93 f
  f1/gen[3].u0/cout (fullAdder_29)         0.00       1.93 f
  f1/gen[4].u0/cin (fullAdder_28)          0.00       1.93 f
  f1/gen[4].u0/U2/Q (AO22X1)               0.17       2.10 f
  f1/gen[4].u0/cout (fullAdder_28)         0.00       2.10 f
  f1/gen[5].u0/cin (fullAdder_27)          0.00       2.10 f
  f1/gen[5].u0/U2/Q (AO22X1)               0.17       2.28 f
  f1/gen[5].u0/cout (fullAdder_27)         0.00       2.28 f
  f1/gen[6].u0/cin (fullAdder_26)          0.00       2.28 f
  f1/gen[6].u0/U2/Q (AO22X1)               0.17       2.45 f
  f1/gen[6].u0/cout (fullAdder_26)         0.00       2.45 f
  f1/gen[7].u0/cin (fullAdder_25)          0.00       2.45 f
  f1/gen[7].u0/U2/Q (AO22X1)               0.16       2.61 f
  f1/gen[7].u0/cout (fullAdder_25)         0.00       2.61 f
  f1/cout (adder8bit_0)                    0.00       2.61 f
  U97/Q (MUX21X1)                          0.18       2.80 f
  f2/cin (adder8bit_3)                     0.00       2.80 f
  f2/gen[0].u0/cin (fullAdder_24)          0.00       2.80 f
  f2/gen[0].u0/U2/Q (AO22X1)               0.18       2.98 f
  f2/gen[0].u0/cout (fullAdder_24)         0.00       2.98 f
  f2/gen[1].u0/cin (fullAdder_23)          0.00       2.98 f
  f2/gen[1].u0/U2/Q (AO22X1)               0.17       3.15 f
  f2/gen[1].u0/cout (fullAdder_23)         0.00       3.15 f
  f2/gen[2].u0/cin (fullAdder_22)          0.00       3.15 f
  f2/gen[2].u0/U2/Q (AO22X1)               0.17       3.32 f
  f2/gen[2].u0/cout (fullAdder_22)         0.00       3.32 f
  f2/gen[3].u0/cin (fullAdder_21)          0.00       3.32 f
  f2/gen[3].u0/U2/Q (AO22X1)               0.17       3.50 f
  f2/gen[3].u0/cout (fullAdder_21)         0.00       3.50 f
  f2/gen[4].u0/cin (fullAdder_20)          0.00       3.50 f
  f2/gen[4].u0/U2/Q (AO22X1)               0.17       3.67 f
  f2/gen[4].u0/cout (fullAdder_20)         0.00       3.67 f
  f2/gen[5].u0/cin (fullAdder_19)          0.00       3.67 f
  f2/gen[5].u0/U2/Q (AO22X1)               0.17       3.85 f
  f2/gen[5].u0/cout (fullAdder_19)         0.00       3.85 f
  f2/gen[6].u0/cin (fullAdder_18)          0.00       3.85 f
  f2/gen[6].u0/U2/Q (AO22X1)               0.17       4.02 f
  f2/gen[6].u0/cout (fullAdder_18)         0.00       4.02 f
  f2/gen[7].u0/cin (fullAdder_17)          0.00       4.02 f
  f2/gen[7].u0/U2/Q (AO22X1)               0.16       4.18 f
  f2/gen[7].u0/cout (fullAdder_17)         0.00       4.18 f
  f2/cout (adder8bit_3)                    0.00       4.18 f
  U85/Q (MUX21X1)                          0.18       4.37 f
  f3/cin (adder8bit_2)                     0.00       4.37 f
  f3/gen[0].u0/cin (fullAdder_16)          0.00       4.37 f
  f3/gen[0].u0/U2/Q (AO22X1)               0.18       4.55 f
  f3/gen[0].u0/cout (fullAdder_16)         0.00       4.55 f
  f3/gen[1].u0/cin (fullAdder_15)          0.00       4.55 f
  f3/gen[1].u0/U2/Q (AO22X1)               0.17       4.72 f
  f3/gen[1].u0/cout (fullAdder_15)         0.00       4.72 f
  f3/gen[2].u0/cin (fullAdder_14)          0.00       4.72 f
  f3/gen[2].u0/U2/Q (AO22X1)               0.17       4.90 f
  f3/gen[2].u0/cout (fullAdder_14)         0.00       4.90 f
  f3/gen[3].u0/cin (fullAdder_13)          0.00       4.90 f
  f3/gen[3].u0/U2/Q (AO22X1)               0.17       5.07 f
  f3/gen[3].u0/cout (fullAdder_13)         0.00       5.07 f
  f3/gen[4].u0/cin (fullAdder_12)          0.00       5.07 f
  f3/gen[4].u0/U2/Q (AO22X1)               0.17       5.24 f
  f3/gen[4].u0/cout (fullAdder_12)         0.00       5.24 f
  f3/gen[5].u0/cin (fullAdder_11)          0.00       5.24 f
  f3/gen[5].u0/U2/Q (AO22X1)               0.17       5.42 f
  f3/gen[5].u0/cout (fullAdder_11)         0.00       5.42 f
  f3/gen[6].u0/cin (fullAdder_10)          0.00       5.42 f
  f3/gen[6].u0/U2/Q (AO22X1)               0.17       5.59 f
  f3/gen[6].u0/cout (fullAdder_10)         0.00       5.59 f
  f3/gen[7].u0/cin (fullAdder_9)           0.00       5.59 f
  f3/gen[7].u0/U2/Q (AO22X1)               0.16       5.75 f
  f3/gen[7].u0/cout (fullAdder_9)          0.00       5.75 f
  f3/cout (adder8bit_2)                    0.00       5.75 f
  U73/Q (MUX21X1)                          0.18       5.94 f
  f4/cin (adder8bit_1)                     0.00       5.94 f
  f4/gen[0].u0/cin (fullAdder_8)           0.00       5.94 f
  f4/gen[0].u0/U2/Q (AO22X1)               0.18       6.12 f
  f4/gen[0].u0/cout (fullAdder_8)          0.00       6.12 f
  f4/gen[1].u0/cin (fullAdder_7)           0.00       6.12 f
  f4/gen[1].u0/U2/Q (AO22X1)               0.17       6.29 f
  f4/gen[1].u0/cout (fullAdder_7)          0.00       6.29 f
  f4/gen[2].u0/cin (fullAdder_6)           0.00       6.29 f
  f4/gen[2].u0/U2/Q (AO22X1)               0.17       6.47 f
  f4/gen[2].u0/cout (fullAdder_6)          0.00       6.47 f
  f4/gen[3].u0/cin (fullAdder_5)           0.00       6.47 f
  f4/gen[3].u0/U2/Q (AO22X1)               0.17       6.64 f
  f4/gen[3].u0/cout (fullAdder_5)          0.00       6.64 f
  f4/gen[4].u0/cin (fullAdder_4)           0.00       6.64 f
  f4/gen[4].u0/U2/Q (AO22X1)               0.17       6.81 f
  f4/gen[4].u0/cout (fullAdder_4)          0.00       6.81 f
  f4/gen[5].u0/cin (fullAdder_3)           0.00       6.81 f
  f4/gen[5].u0/U2/Q (AO22X1)               0.17       6.99 f
  f4/gen[5].u0/cout (fullAdder_3)          0.00       6.99 f
  f4/gen[6].u0/cin (fullAdder_2)           0.00       6.99 f
  f4/gen[6].u0/U2/Q (AO22X1)               0.17       7.16 f
  f4/gen[6].u0/cout (fullAdder_2)          0.00       7.16 f
  f4/gen[7].u0/cin (fullAdder_1)           0.00       7.16 f
  f4/gen[7].u0/U1/Q (XOR2X1)               0.25       7.41 f
  f4/gen[7].u0/sum (fullAdder_1)           0.00       7.41 f
  f4/result[7] (adder8bit_1)               0.00       7.41 f
  U58/Q (XNOR2X1)                          0.25       7.66 f
  U57/QN (NOR2X0)                          0.16       7.82 r
  overflow (out)                           0.22       8.03 r
  data arrival time                                   8.03
  -----------------------------------------------------------
  (Path is unconstrained)


  Startpoint: b[0] (input port)
  Endpoint: cout (output port)
  Path Group: (none)
  Path Type: max

  Des/Clust/Port     Wire Load Model       Library
  ------------------------------------------------
  simpleAdder        8000                  saed90nm_typ_ht
  fullAdder_0        ForQA                 saed90nm_typ_ht
  adder8bit_0        8000                  saed90nm_typ_ht
  adder8bit_3        8000                  saed90nm_typ_ht
  adder8bit_2        8000                  saed90nm_typ_ht
  adder8bit_1        8000                  saed90nm_typ_ht

  Point                                    Incr       Path
  -----------------------------------------------------------
  input external delay                     1.00       1.00 r
  b[0] (in)                                0.00       1.00 r
  f1/b[0] (adder8bit_0)                    0.00       1.00 r
  f1/gen[0].u0/b (fullAdder_0)             0.00       1.00 r
  f1/gen[0].u0/U3/Q (XOR2X1)               0.23       1.23 f
  f1/gen[0].u0/U2/Q (AO22X1)               0.18       1.41 f
  f1/gen[0].u0/cout (fullAdder_0)          0.00       1.41 f
  f1/gen[1].u0/cin (fullAdder_31)          0.00       1.41 f
  f1/gen[1].u0/U2/Q (AO22X1)               0.17       1.58 f
  f1/gen[1].u0/cout (fullAdder_31)         0.00       1.58 f
  f1/gen[2].u0/cin (fullAdder_30)          0.00       1.58 f
  f1/gen[2].u0/U2/Q (AO22X1)               0.17       1.75 f
  f1/gen[2].u0/cout (fullAdder_30)         0.00       1.75 f
  f1/gen[3].u0/cin (fullAdder_29)          0.00       1.75 f
  f1/gen[3].u0/U2/Q (AO22X1)               0.17       1.93 f
  f1/gen[3].u0/cout (fullAdder_29)         0.00       1.93 f
  f1/gen[4].u0/cin (fullAdder_28)          0.00       1.93 f
  f1/gen[4].u0/U2/Q (AO22X1)               0.17       2.10 f
  f1/gen[4].u0/cout (fullAdder_28)         0.00       2.10 f
  f1/gen[5].u0/cin (fullAdder_27)          0.00       2.10 f
  f1/gen[5].u0/U2/Q (AO22X1)               0.17       2.28 f
  f1/gen[5].u0/cout (fullAdder_27)         0.00       2.28 f
  f1/gen[6].u0/cin (fullAdder_26)          0.00       2.28 f
  f1/gen[6].u0/U2/Q (AO22X1)               0.17       2.45 f
  f1/gen[6].u0/cout (fullAdder_26)         0.00       2.45 f
  f1/gen[7].u0/cin (fullAdder_25)          0.00       2.45 f
  f1/gen[7].u0/U2/Q (AO22X1)               0.16       2.61 f
  f1/gen[7].u0/cout (fullAdder_25)         0.00       2.61 f
  f1/cout (adder8bit_0)                    0.00       2.61 f
  U97/Q (MUX21X1)                          0.18       2.80 f
  f2/cin (adder8bit_3)                     0.00       2.80 f
  f2/gen[0].u0/cin (fullAdder_24)          0.00       2.80 f
  f2/gen[0].u0/U2/Q (AO22X1)               0.18       2.98 f
  f2/gen[0].u0/cout (fullAdder_24)         0.00       2.98 f
  f2/gen[1].u0/cin (fullAdder_23)          0.00       2.98 f
  f2/gen[1].u0/U2/Q (AO22X1)               0.17       3.15 f
  f2/gen[1].u0/cout (fullAdder_23)         0.00       3.15 f
  f2/gen[2].u0/cin (fullAdder_22)          0.00       3.15 f
  f2/gen[2].u0/U2/Q (AO22X1)               0.17       3.32 f
  f2/gen[2].u0/cout (fullAdder_22)         0.00       3.32 f
  f2/gen[3].u0/cin (fullAdder_21)          0.00       3.32 f
  f2/gen[3].u0/U2/Q (AO22X1)               0.17       3.50 f
  f2/gen[3].u0/cout (fullAdder_21)         0.00       3.50 f
  f2/gen[4].u0/cin (fullAdder_20)          0.00       3.50 f
  f2/gen[4].u0/U2/Q (AO22X1)               0.17       3.67 f
  f2/gen[4].u0/cout (fullAdder_20)         0.00       3.67 f
  f2/gen[5].u0/cin (fullAdder_19)          0.00       3.67 f
  f2/gen[5].u0/U2/Q (AO22X1)               0.17       3.85 f
  f2/gen[5].u0/cout (fullAdder_19)         0.00       3.85 f
  f2/gen[6].u0/cin (fullAdder_18)          0.00       3.85 f
  f2/gen[6].u0/U2/Q (AO22X1)               0.17       4.02 f
  f2/gen[6].u0/cout (fullAdder_18)         0.00       4.02 f
  f2/gen[7].u0/cin (fullAdder_17)          0.00       4.02 f
  f2/gen[7].u0/U2/Q (AO22X1)               0.16       4.18 f
  f2/gen[7].u0/cout (fullAdder_17)         0.00       4.18 f
  f2/cout (adder8bit_3)                    0.00       4.18 f
  U85/Q (MUX21X1)                          0.18       4.37 f
  f3/cin (adder8bit_2)                     0.00       4.37 f
  f3/gen[0].u0/cin (fullAdder_16)          0.00       4.37 f
  f3/gen[0].u0/U2/Q (AO22X1)               0.18       4.55 f
  f3/gen[0].u0/cout (fullAdder_16)         0.00       4.55 f
  f3/gen[1].u0/cin (fullAdder_15)          0.00       4.55 f
  f3/gen[1].u0/U2/Q (AO22X1)               0.17       4.72 f
  f3/gen[1].u0/cout (fullAdder_15)         0.00       4.72 f
  f3/gen[2].u0/cin (fullAdder_14)          0.00       4.72 f
  f3/gen[2].u0/U2/Q (AO22X1)               0.17       4.90 f
  f3/gen[2].u0/cout (fullAdder_14)         0.00       4.90 f
  f3/gen[3].u0/cin (fullAdder_13)          0.00       4.90 f
  f3/gen[3].u0/U2/Q (AO22X1)               0.17       5.07 f
  f3/gen[3].u0/cout (fullAdder_13)         0.00       5.07 f
  f3/gen[4].u0/cin (fullAdder_12)          0.00       5.07 f
  f3/gen[4].u0/U2/Q (AO22X1)               0.17       5.24 f
  f3/gen[4].u0/cout (fullAdder_12)         0.00       5.24 f
  f3/gen[5].u0/cin (fullAdder_11)          0.00       5.24 f
  f3/gen[5].u0/U2/Q (AO22X1)               0.17       5.42 f
  f3/gen[5].u0/cout (fullAdder_11)         0.00       5.42 f
  f3/gen[6].u0/cin (fullAdder_10)          0.00       5.42 f
  f3/gen[6].u0/U2/Q (AO22X1)               0.17       5.59 f
  f3/gen[6].u0/cout (fullAdder_10)         0.00       5.59 f
  f3/gen[7].u0/cin (fullAdder_9)           0.00       5.59 f
  f3/gen[7].u0/U2/Q (AO22X1)               0.16       5.75 f
  f3/gen[7].u0/cout (fullAdder_9)          0.00       5.75 f
  f3/cout (adder8bit_2)                    0.00       5.75 f
  U73/Q (MUX21X1)                          0.18       5.94 f
  f4/cin (adder8bit_1)                     0.00       5.94 f
  f4/gen[0].u0/cin (fullAdder_8)           0.00       5.94 f
  f4/gen[0].u0/U2/Q (AO22X1)               0.18       6.12 f
  f4/gen[0].u0/cout (fullAdder_8)          0.00       6.12 f
  f4/gen[1].u0/cin (fullAdder_7)           0.00       6.12 f
  f4/gen[1].u0/U2/Q (AO22X1)               0.17       6.29 f
  f4/gen[1].u0/cout (fullAdder_7)          0.00       6.29 f
  f4/gen[2].u0/cin (fullAdder_6)           0.00       6.29 f
  f4/gen[2].u0/U2/Q (AO22X1)               0.17       6.47 f
  f4/gen[2].u0/cout (fullAdder_6)          0.00       6.47 f
  f4/gen[3].u0/cin (fullAdder_5)           0.00       6.47 f
  f4/gen[3].u0/U2/Q (AO22X1)               0.17       6.64 f
  f4/gen[3].u0/cout (fullAdder_5)          0.00       6.64 f
  f4/gen[4].u0/cin (fullAdder_4)           0.00       6.64 f
  f4/gen[4].u0/U2/Q (AO22X1)               0.17       6.81 f
  f4/gen[4].u0/cout (fullAdder_4)          0.00       6.81 f
  f4/gen[5].u0/cin (fullAdder_3)           0.00       6.81 f
  f4/gen[5].u0/U2/Q (AO22X1)               0.17       6.99 f
  f4/gen[5].u0/cout (fullAdder_3)          0.00       6.99 f
  f4/gen[6].u0/cin (fullAdder_2)           0.00       6.99 f
  f4/gen[6].u0/U2/Q (AO22X1)               0.17       7.16 f
  f4/gen[6].u0/cout (fullAdder_2)          0.00       7.16 f
  f4/gen[7].u0/cin (fullAdder_1)           0.00       7.16 f
  f4/gen[7].u0/U2/Q (AO22X1)               0.16       7.33 f
  f4/gen[7].u0/cout (fullAdder_1)          0.00       7.33 f
  f4/cout (adder8bit_1)                    0.00       7.33 f
  U59/Q (MUX21X1)                          0.19       7.52 f
  cout (out)                               0.22       7.74 f
  data arrival time                                   7.74
  -----------------------------------------------------------
  (Path is unconstrained)


  Startpoint: b[0] (input port)
  Endpoint: result[31] (output port)
  Path Group: (none)
  Path Type: max

  Des/Clust/Port     Wire Load Model       Library
  ------------------------------------------------
  simpleAdder        8000                  saed90nm_typ_ht
  fullAdder_0        ForQA                 saed90nm_typ_ht
  adder8bit_0        8000                  saed90nm_typ_ht
  adder8bit_3        8000                  saed90nm_typ_ht
  adder8bit_2        8000                  saed90nm_typ_ht
  adder8bit_1        8000                  saed90nm_typ_ht

  Point                                    Incr       Path
  -----------------------------------------------------------
  input external delay                     1.00       1.00 r
  b[0] (in)                                0.00       1.00 r
  f1/b[0] (adder8bit_0)                    0.00       1.00 r
  f1/gen[0].u0/b (fullAdder_0)             0.00       1.00 r
  f1/gen[0].u0/U3/Q (XOR2X1)               0.23       1.23 f
  f1/gen[0].u0/U2/Q (AO22X1)               0.18       1.41 f
  f1/gen[0].u0/cout (fullAdder_0)          0.00       1.41 f
  f1/gen[1].u0/cin (fullAdder_31)          0.00       1.41 f
  f1/gen[1].u0/U2/Q (AO22X1)               0.17       1.58 f
  f1/gen[1].u0/cout (fullAdder_31)         0.00       1.58 f
  f1/gen[2].u0/cin (fullAdder_30)          0.00       1.58 f
  f1/gen[2].u0/U2/Q (AO22X1)               0.17       1.75 f
  f1/gen[2].u0/cout (fullAdder_30)         0.00       1.75 f
  f1/gen[3].u0/cin (fullAdder_29)          0.00       1.75 f
  f1/gen[3].u0/U2/Q (AO22X1)               0.17       1.93 f
  f1/gen[3].u0/cout (fullAdder_29)         0.00       1.93 f
  f1/gen[4].u0/cin (fullAdder_28)          0.00       1.93 f
  f1/gen[4].u0/U2/Q (AO22X1)               0.17       2.10 f
  f1/gen[4].u0/cout (fullAdder_28)         0.00       2.10 f
  f1/gen[5].u0/cin (fullAdder_27)          0.00       2.10 f
  f1/gen[5].u0/U2/Q (AO22X1)               0.17       2.28 f
  f1/gen[5].u0/cout (fullAdder_27)         0.00       2.28 f
  f1/gen[6].u0/cin (fullAdder_26)          0.00       2.28 f
  f1/gen[6].u0/U2/Q (AO22X1)               0.17       2.45 f
  f1/gen[6].u0/cout (fullAdder_26)         0.00       2.45 f
  f1/gen[7].u0/cin (fullAdder_25)          0.00       2.45 f
  f1/gen[7].u0/U2/Q (AO22X1)               0.16       2.61 f
  f1/gen[7].u0/cout (fullAdder_25)         0.00       2.61 f
  f1/cout (adder8bit_0)                    0.00       2.61 f
  U97/Q (MUX21X1)                          0.18       2.80 f
  f2/cin (adder8bit_3)                     0.00       2.80 f
  f2/gen[0].u0/cin (fullAdder_24)          0.00       2.80 f
  f2/gen[0].u0/U2/Q (AO22X1)               0.18       2.98 f
  f2/gen[0].u0/cout (fullAdder_24)         0.00       2.98 f
  f2/gen[1].u0/cin (fullAdder_23)          0.00       2.98 f
  f2/gen[1].u0/U2/Q (AO22X1)               0.17       3.15 f
  f2/gen[1].u0/cout (fullAdder_23)         0.00       3.15 f
  f2/gen[2].u0/cin (fullAdder_22)          0.00       3.15 f
  f2/gen[2].u0/U2/Q (AO22X1)               0.17       3.32 f
  f2/gen[2].u0/cout (fullAdder_22)         0.00       3.32 f
  f2/gen[3].u0/cin (fullAdder_21)          0.00       3.32 f
  f2/gen[3].u0/U2/Q (AO22X1)               0.17       3.50 f
  f2/gen[3].u0/cout (fullAdder_21)         0.00       3.50 f
  f2/gen[4].u0/cin (fullAdder_20)          0.00       3.50 f
  f2/gen[4].u0/U2/Q (AO22X1)               0.17       3.67 f
  f2/gen[4].u0/cout (fullAdder_20)         0.00       3.67 f
  f2/gen[5].u0/cin (fullAdder_19)          0.00       3.67 f
  f2/gen[5].u0/U2/Q (AO22X1)               0.17       3.85 f
  f2/gen[5].u0/cout (fullAdder_19)         0.00       3.85 f
  f2/gen[6].u0/cin (fullAdder_18)          0.00       3.85 f
  f2/gen[6].u0/U2/Q (AO22X1)               0.17       4.02 f
  f2/gen[6].u0/cout (fullAdder_18)         0.00       4.02 f
  f2/gen[7].u0/cin (fullAdder_17)          0.00       4.02 f
  f2/gen[7].u0/U2/Q (AO22X1)               0.16       4.18 f
  f2/gen[7].u0/cout (fullAdder_17)         0.00       4.18 f
  f2/cout (adder8bit_3)                    0.00       4.18 f
  U85/Q (MUX21X1)                          0.18       4.37 f
  f3/cin (adder8bit_2)                     0.00       4.37 f
  f3/gen[0].u0/cin (fullAdder_16)          0.00       4.37 f
  f3/gen[0].u0/U2/Q (AO22X1)               0.18       4.55 f
  f3/gen[0].u0/cout (fullAdder_16)         0.00       4.55 f
  f3/gen[1].u0/cin (fullAdder_15)          0.00       4.55 f
  f3/gen[1].u0/U2/Q (AO22X1)               0.17       4.72 f
  f3/gen[1].u0/cout (fullAdder_15)         0.00       4.72 f
  f3/gen[2].u0/cin (fullAdder_14)          0.00       4.72 f
  f3/gen[2].u0/U2/Q (AO22X1)               0.17       4.90 f
  f3/gen[2].u0/cout (fullAdder_14)         0.00       4.90 f
  f3/gen[3].u0/cin (fullAdder_13)          0.00       4.90 f
  f3/gen[3].u0/U2/Q (AO22X1)               0.17       5.07 f
  f3/gen[3].u0/cout (fullAdder_13)         0.00       5.07 f
  f3/gen[4].u0/cin (fullAdder_12)          0.00       5.07 f
  f3/gen[4].u0/U2/Q (AO22X1)               0.17       5.24 f
  f3/gen[4].u0/cout (fullAdder_12)         0.00       5.24 f
  f3/gen[5].u0/cin (fullAdder_11)          0.00       5.24 f
  f3/gen[5].u0/U2/Q (AO22X1)               0.17       5.42 f
  f3/gen[5].u0/cout (fullAdder_11)         0.00       5.42 f
  f3/gen[6].u0/cin (fullAdder_10)          0.00       5.42 f
  f3/gen[6].u0/U2/Q (AO22X1)               0.17       5.59 f
  f3/gen[6].u0/cout (fullAdder_10)         0.00       5.59 f
  f3/gen[7].u0/cin (fullAdder_9)           0.00       5.59 f
  f3/gen[7].u0/U2/Q (AO22X1)               0.16       5.75 f
  f3/gen[7].u0/cout (fullAdder_9)          0.00       5.75 f
  f3/cout (adder8bit_2)                    0.00       5.75 f
  U73/Q (MUX21X1)                          0.18       5.94 f
  f4/cin (adder8bit_1)                     0.00       5.94 f
  f4/gen[0].u0/cin (fullAdder_8)           0.00       5.94 f
  f4/gen[0].u0/U2/Q (AO22X1)               0.18       6.12 f
  f4/gen[0].u0/cout (fullAdder_8)          0.00       6.12 f
  f4/gen[1].u0/cin (fullAdder_7)           0.00       6.12 f
  f4/gen[1].u0/U2/Q (AO22X1)               0.17       6.29 f
  f4/gen[1].u0/cout (fullAdder_7)          0.00       6.29 f
  f4/gen[2].u0/cin (fullAdder_6)           0.00       6.29 f
  f4/gen[2].u0/U2/Q (AO22X1)               0.17       6.47 f
  f4/gen[2].u0/cout (fullAdder_6)          0.00       6.47 f
  f4/gen[3].u0/cin (fullAdder_5)           0.00       6.47 f
  f4/gen[3].u0/U2/Q (AO22X1)               0.17       6.64 f
  f4/gen[3].u0/cout (fullAdder_5)          0.00       6.64 f
  f4/gen[4].u0/cin (fullAdder_4)           0.00       6.64 f
  f4/gen[4].u0/U2/Q (AO22X1)               0.17       6.81 f
  f4/gen[4].u0/cout (fullAdder_4)          0.00       6.81 f
  f4/gen[5].u0/cin (fullAdder_3)           0.00       6.81 f
  f4/gen[5].u0/U2/Q (AO22X1)               0.17       6.99 f
  f4/gen[5].u0/cout (fullAdder_3)          0.00       6.99 f
  f4/gen[6].u0/cin (fullAdder_2)           0.00       6.99 f
  f4/gen[6].u0/U2/Q (AO22X1)               0.17       7.16 f
  f4/gen[6].u0/cout (fullAdder_2)          0.00       7.16 f
  f4/gen[7].u0/cin (fullAdder_1)           0.00       7.16 f
  f4/gen[7].u0/U1/Q (XOR2X1)               0.25       7.41 f
  f4/gen[7].u0/sum (fullAdder_1)           0.00       7.41 f
  f4/result[7] (adder8bit_1)               0.00       7.41 f
  result[31] (out)                         0.25       7.66 f
  data arrival time                                   7.66
  -----------------------------------------------------------
  (Path is unconstrained)


  Startpoint: b[0] (input port)
  Endpoint: result[30] (output port)
  Path Group: (none)
  Path Type: max

  Des/Clust/Port     Wire Load Model       Library
  ------------------------------------------------
  simpleAdder        8000                  saed90nm_typ_ht
  fullAdder_0        ForQA                 saed90nm_typ_ht
  adder8bit_0        8000                  saed90nm_typ_ht
  adder8bit_3        8000                  saed90nm_typ_ht
  adder8bit_2        8000                  saed90nm_typ_ht
  adder8bit_1        8000                  saed90nm_typ_ht

  Point                                    Incr       Path
  -----------------------------------------------------------
  input external delay                     1.00       1.00 r
  b[0] (in)                                0.00       1.00 r
  f1/b[0] (adder8bit_0)                    0.00       1.00 r
  f1/gen[0].u0/b (fullAdder_0)             0.00       1.00 r
  f1/gen[0].u0/U3/Q (XOR2X1)               0.23       1.23 f
  f1/gen[0].u0/U2/Q (AO22X1)               0.18       1.41 f
  f1/gen[0].u0/cout (fullAdder_0)          0.00       1.41 f
  f1/gen[1].u0/cin (fullAdder_31)          0.00       1.41 f
  f1/gen[1].u0/U2/Q (AO22X1)               0.17       1.58 f
  f1/gen[1].u0/cout (fullAdder_31)         0.00       1.58 f
  f1/gen[2].u0/cin (fullAdder_30)          0.00       1.58 f
  f1/gen[2].u0/U2/Q (AO22X1)               0.17       1.75 f
  f1/gen[2].u0/cout (fullAdder_30)         0.00       1.75 f
  f1/gen[3].u0/cin (fullAdder_29)          0.00       1.75 f
  f1/gen[3].u0/U2/Q (AO22X1)               0.17       1.93 f
  f1/gen[3].u0/cout (fullAdder_29)         0.00       1.93 f
  f1/gen[4].u0/cin (fullAdder_28)          0.00       1.93 f
  f1/gen[4].u0/U2/Q (AO22X1)               0.17       2.10 f
  f1/gen[4].u0/cout (fullAdder_28)         0.00       2.10 f
  f1/gen[5].u0/cin (fullAdder_27)          0.00       2.10 f
  f1/gen[5].u0/U2/Q (AO22X1)               0.17       2.28 f
  f1/gen[5].u0/cout (fullAdder_27)         0.00       2.28 f
  f1/gen[6].u0/cin (fullAdder_26)          0.00       2.28 f
  f1/gen[6].u0/U2/Q (AO22X1)               0.17       2.45 f
  f1/gen[6].u0/cout (fullAdder_26)         0.00       2.45 f
  f1/gen[7].u0/cin (fullAdder_25)          0.00       2.45 f
  f1/gen[7].u0/U2/Q (AO22X1)               0.16       2.61 f
  f1/gen[7].u0/cout (fullAdder_25)         0.00       2.61 f
  f1/cout (adder8bit_0)                    0.00       2.61 f
  U97/Q (MUX21X1)                          0.18       2.80 f
  f2/cin (adder8bit_3)                     0.00       2.80 f
  f2/gen[0].u0/cin (fullAdder_24)          0.00       2.80 f
  f2/gen[0].u0/U2/Q (AO22X1)               0.18       2.98 f
  f2/gen[0].u0/cout (fullAdder_24)         0.00       2.98 f
  f2/gen[1].u0/cin (fullAdder_23)          0.00       2.98 f
  f2/gen[1].u0/U2/Q (AO22X1)               0.17       3.15 f
  f2/gen[1].u0/cout (fullAdder_23)         0.00       3.15 f
  f2/gen[2].u0/cin (fullAdder_22)          0.00       3.15 f
  f2/gen[2].u0/U2/Q (AO22X1)               0.17       3.32 f
  f2/gen[2].u0/cout (fullAdder_22)         0.00       3.32 f
  f2/gen[3].u0/cin (fullAdder_21)          0.00       3.32 f
  f2/gen[3].u0/U2/Q (AO22X1)               0.17       3.50 f
  f2/gen[3].u0/cout (fullAdder_21)         0.00       3.50 f
  f2/gen[4].u0/cin (fullAdder_20)          0.00       3.50 f
  f2/gen[4].u0/U2/Q (AO22X1)               0.17       3.67 f
  f2/gen[4].u0/cout (fullAdder_20)         0.00       3.67 f
  f2/gen[5].u0/cin (fullAdder_19)          0.00       3.67 f
  f2/gen[5].u0/U2/Q (AO22X1)               0.17       3.85 f
  f2/gen[5].u0/cout (fullAdder_19)         0.00       3.85 f
  f2/gen[6].u0/cin (fullAdder_18)          0.00       3.85 f
  f2/gen[6].u0/U2/Q (AO22X1)               0.17       4.02 f
  f2/gen[6].u0/cout (fullAdder_18)         0.00       4.02 f
  f2/gen[7].u0/cin (fullAdder_17)          0.00       4.02 f
  f2/gen[7].u0/U2/Q (AO22X1)               0.16       4.18 f
  f2/gen[7].u0/cout (fullAdder_17)         0.00       4.18 f
  f2/cout (adder8bit_3)                    0.00       4.18 f
  U85/Q (MUX21X1)                          0.18       4.37 f
  f3/cin (adder8bit_2)                     0.00       4.37 f
  f3/gen[0].u0/cin (fullAdder_16)          0.00       4.37 f
  f3/gen[0].u0/U2/Q (AO22X1)               0.18       4.55 f
  f3/gen[0].u0/cout (fullAdder_16)         0.00       4.55 f
  f3/gen[1].u0/cin (fullAdder_15)          0.00       4.55 f
  f3/gen[1].u0/U2/Q (AO22X1)               0.17       4.72 f
  f3/gen[1].u0/cout (fullAdder_15)         0.00       4.72 f
  f3/gen[2].u0/cin (fullAdder_14)          0.00       4.72 f
  f3/gen[2].u0/U2/Q (AO22X1)               0.17       4.90 f
  f3/gen[2].u0/cout (fullAdder_14)         0.00       4.90 f
  f3/gen[3].u0/cin (fullAdder_13)          0.00       4.90 f
  f3/gen[3].u0/U2/Q (AO22X1)               0.17       5.07 f
  f3/gen[3].u0/cout (fullAdder_13)         0.00       5.07 f
  f3/gen[4].u0/cin (fullAdder_12)          0.00       5.07 f
  f3/gen[4].u0/U2/Q (AO22X1)               0.17       5.24 f
  f3/gen[4].u0/cout (fullAdder_12)         0.00       5.24 f
  f3/gen[5].u0/cin (fullAdder_11)          0.00       5.24 f
  f3/gen[5].u0/U2/Q (AO22X1)               0.17       5.42 f
  f3/gen[5].u0/cout (fullAdder_11)         0.00       5.42 f
  f3/gen[6].u0/cin (fullAdder_10)          0.00       5.42 f
  f3/gen[6].u0/U2/Q (AO22X1)               0.17       5.59 f
  f3/gen[6].u0/cout (fullAdder_10)         0.00       5.59 f
  f3/gen[7].u0/cin (fullAdder_9)           0.00       5.59 f
  f3/gen[7].u0/U2/Q (AO22X1)               0.16       5.75 f
  f3/gen[7].u0/cout (fullAdder_9)          0.00       5.75 f
  f3/cout (adder8bit_2)                    0.00       5.75 f
  U73/Q (MUX21X1)                          0.18       5.94 f
  f4/cin (adder8bit_1)                     0.00       5.94 f
  f4/gen[0].u0/cin (fullAdder_8)           0.00       5.94 f
  f4/gen[0].u0/U2/Q (AO22X1)               0.18       6.12 f
  f4/gen[0].u0/cout (fullAdder_8)          0.00       6.12 f
  f4/gen[1].u0/cin (fullAdder_7)           0.00       6.12 f
  f4/gen[1].u0/U2/Q (AO22X1)               0.17       6.29 f
  f4/gen[1].u0/cout (fullAdder_7)          0.00       6.29 f
  f4/gen[2].u0/cin (fullAdder_6)           0.00       6.29 f
  f4/gen[2].u0/U2/Q (AO22X1)               0.17       6.47 f
  f4/gen[2].u0/cout (fullAdder_6)          0.00       6.47 f
  f4/gen[3].u0/cin (fullAdder_5)           0.00       6.47 f
  f4/gen[3].u0/U2/Q (AO22X1)               0.17       6.64 f
  f4/gen[3].u0/cout (fullAdder_5)          0.00       6.64 f
  f4/gen[4].u0/cin (fullAdder_4)           0.00       6.64 f
  f4/gen[4].u0/U2/Q (AO22X1)               0.17       6.81 f
  f4/gen[4].u0/cout (fullAdder_4)          0.00       6.81 f
  f4/gen[5].u0/cin (fullAdder_3)           0.00       6.81 f
  f4/gen[5].u0/U2/Q (AO22X1)               0.17       6.99 f
  f4/gen[5].u0/cout (fullAdder_3)          0.00       6.99 f
  f4/gen[6].u0/cin (fullAdder_2)           0.00       6.99 f
  f4/gen[6].u0/U1/Q (XOR2X1)               0.24       7.23 f
  f4/gen[6].u0/sum (fullAdder_2)           0.00       7.23 f
  f4/result[6] (adder8bit_1)               0.00       7.23 f
  result[30] (out)                         0.22       7.45 f
  data arrival time                                   7.45
  -----------------------------------------------------------
  (Path is unconstrained)


  Startpoint: b[0] (input port)
  Endpoint: result[29] (output port)
  Path Group: (none)
  Path Type: max

  Des/Clust/Port     Wire Load Model       Library
  ------------------------------------------------
  simpleAdder        8000                  saed90nm_typ_ht
  fullAdder_0        ForQA                 saed90nm_typ_ht
  adder8bit_0        8000                  saed90nm_typ_ht
  adder8bit_3        8000                  saed90nm_typ_ht
  adder8bit_2        8000                  saed90nm_typ_ht
  adder8bit_1        8000                  saed90nm_typ_ht

  Point                                    Incr       Path
  -----------------------------------------------------------
  input external delay                     1.00       1.00 r
  b[0] (in)                                0.00       1.00 r
  f1/b[0] (adder8bit_0)                    0.00       1.00 r
  f1/gen[0].u0/b (fullAdder_0)             0.00       1.00 r
  f1/gen[0].u0/U3/Q (XOR2X1)               0.23       1.23 f
  f1/gen[0].u0/U2/Q (AO22X1)               0.18       1.41 f
  f1/gen[0].u0/cout (fullAdder_0)          0.00       1.41 f
  f1/gen[1].u0/cin (fullAdder_31)          0.00       1.41 f
  f1/gen[1].u0/U2/Q (AO22X1)               0.17       1.58 f
  f1/gen[1].u0/cout (fullAdder_31)         0.00       1.58 f
  f1/gen[2].u0/cin (fullAdder_30)          0.00       1.58 f
  f1/gen[2].u0/U2/Q (AO22X1)               0.17       1.75 f
  f1/gen[2].u0/cout (fullAdder_30)         0.00       1.75 f
  f1/gen[3].u0/cin (fullAdder_29)          0.00       1.75 f
  f1/gen[3].u0/U2/Q (AO22X1)               0.17       1.93 f
  f1/gen[3].u0/cout (fullAdder_29)         0.00       1.93 f
  f1/gen[4].u0/cin (fullAdder_28)          0.00       1.93 f
  f1/gen[4].u0/U2/Q (AO22X1)               0.17       2.10 f
  f1/gen[4].u0/cout (fullAdder_28)         0.00       2.10 f
  f1/gen[5].u0/cin (fullAdder_27)          0.00       2.10 f
  f1/gen[5].u0/U2/Q (AO22X1)               0.17       2.28 f
  f1/gen[5].u0/cout (fullAdder_27)         0.00       2.28 f
  f1/gen[6].u0/cin (fullAdder_26)          0.00       2.28 f
  f1/gen[6].u0/U2/Q (AO22X1)               0.17       2.45 f
  f1/gen[6].u0/cout (fullAdder_26)         0.00       2.45 f
  f1/gen[7].u0/cin (fullAdder_25)          0.00       2.45 f
  f1/gen[7].u0/U2/Q (AO22X1)               0.16       2.61 f
  f1/gen[7].u0/cout (fullAdder_25)         0.00       2.61 f
  f1/cout (adder8bit_0)                    0.00       2.61 f
  U97/Q (MUX21X1)                          0.18       2.80 f
  f2/cin (adder8bit_3)                     0.00       2.80 f
  f2/gen[0].u0/cin (fullAdder_24)          0.00       2.80 f
  f2/gen[0].u0/U2/Q (AO22X1)               0.18       2.98 f
  f2/gen[0].u0/cout (fullAdder_24)         0.00       2.98 f
  f2/gen[1].u0/cin (fullAdder_23)          0.00       2.98 f
  f2/gen[1].u0/U2/Q (AO22X1)               0.17       3.15 f
  f2/gen[1].u0/cout (fullAdder_23)         0.00       3.15 f
  f2/gen[2].u0/cin (fullAdder_22)          0.00       3.15 f
  f2/gen[2].u0/U2/Q (AO22X1)               0.17       3.32 f
  f2/gen[2].u0/cout (fullAdder_22)         0.00       3.32 f
  f2/gen[3].u0/cin (fullAdder_21)          0.00       3.32 f
  f2/gen[3].u0/U2/Q (AO22X1)               0.17       3.50 f
  f2/gen[3].u0/cout (fullAdder_21)         0.00       3.50 f
  f2/gen[4].u0/cin (fullAdder_20)          0.00       3.50 f
  f2/gen[4].u0/U2/Q (AO22X1)               0.17       3.67 f
  f2/gen[4].u0/cout (fullAdder_20)         0.00       3.67 f
  f2/gen[5].u0/cin (fullAdder_19)          0.00       3.67 f
  f2/gen[5].u0/U2/Q (AO22X1)               0.17       3.85 f
  f2/gen[5].u0/cout (fullAdder_19)         0.00       3.85 f
  f2/gen[6].u0/cin (fullAdder_18)          0.00       3.85 f
  f2/gen[6].u0/U2/Q (AO22X1)               0.17       4.02 f
  f2/gen[6].u0/cout (fullAdder_18)         0.00       4.02 f
  f2/gen[7].u0/cin (fullAdder_17)          0.00       4.02 f
  f2/gen[7].u0/U2/Q (AO22X1)               0.16       4.18 f
  f2/gen[7].u0/cout (fullAdder_17)         0.00       4.18 f
  f2/cout (adder8bit_3)                    0.00       4.18 f
  U85/Q (MUX21X1)                          0.18       4.37 f
  f3/cin (adder8bit_2)                     0.00       4.37 f
  f3/gen[0].u0/cin (fullAdder_16)          0.00       4.37 f
  f3/gen[0].u0/U2/Q (AO22X1)               0.18       4.55 f
  f3/gen[0].u0/cout (fullAdder_16)         0.00       4.55 f
  f3/gen[1].u0/cin (fullAdder_15)          0.00       4.55 f
  f3/gen[1].u0/U2/Q (AO22X1)               0.17       4.72 f
  f3/gen[1].u0/cout (fullAdder_15)         0.00       4.72 f
  f3/gen[2].u0/cin (fullAdder_14)          0.00       4.72 f
  f3/gen[2].u0/U2/Q (AO22X1)               0.17       4.90 f
  f3/gen[2].u0/cout (fullAdder_14)         0.00       4.90 f
  f3/gen[3].u0/cin (fullAdder_13)          0.00       4.90 f
  f3/gen[3].u0/U2/Q (AO22X1)               0.17       5.07 f
  f3/gen[3].u0/cout (fullAdder_13)         0.00       5.07 f
  f3/gen[4].u0/cin (fullAdder_12)          0.00       5.07 f
  f3/gen[4].u0/U2/Q (AO22X1)               0.17       5.24 f
  f3/gen[4].u0/cout (fullAdder_12)         0.00       5.24 f
  f3/gen[5].u0/cin (fullAdder_11)          0.00       5.24 f
  f3/gen[5].u0/U2/Q (AO22X1)               0.17       5.42 f
  f3/gen[5].u0/cout (fullAdder_11)         0.00       5.42 f
  f3/gen[6].u0/cin (fullAdder_10)          0.00       5.42 f
  f3/gen[6].u0/U2/Q (AO22X1)               0.17       5.59 f
  f3/gen[6].u0/cout (fullAdder_10)         0.00       5.59 f
  f3/gen[7].u0/cin (fullAdder_9)           0.00       5.59 f
  f3/gen[7].u0/U2/Q (AO22X1)               0.16       5.75 f
  f3/gen[7].u0/cout (fullAdder_9)          0.00       5.75 f
  f3/cout (adder8bit_2)                    0.00       5.75 f
  U73/Q (MUX21X1)                          0.18       5.94 f
  f4/cin (adder8bit_1)                     0.00       5.94 f
  f4/gen[0].u0/cin (fullAdder_8)           0.00       5.94 f
  f4/gen[0].u0/U2/Q (AO22X1)               0.18       6.12 f
  f4/gen[0].u0/cout (fullAdder_8)          0.00       6.12 f
  f4/gen[1].u0/cin (fullAdder_7)           0.00       6.12 f
  f4/gen[1].u0/U2/Q (AO22X1)               0.17       6.29 f
  f4/gen[1].u0/cout (fullAdder_7)          0.00       6.29 f
  f4/gen[2].u0/cin (fullAdder_6)           0.00       6.29 f
  f4/gen[2].u0/U2/Q (AO22X1)               0.17       6.47 f
  f4/gen[2].u0/cout (fullAdder_6)          0.00       6.47 f
  f4/gen[3].u0/cin (fullAdder_5)           0.00       6.47 f
  f4/gen[3].u0/U2/Q (AO22X1)               0.17       6.64 f
  f4/gen[3].u0/cout (fullAdder_5)          0.00       6.64 f
  f4/gen[4].u0/cin (fullAdder_4)           0.00       6.64 f
  f4/gen[4].u0/U2/Q (AO22X1)               0.17       6.81 f
  f4/gen[4].u0/cout (fullAdder_4)          0.00       6.81 f
  f4/gen[5].u0/cin (fullAdder_3)           0.00       6.81 f
  f4/gen[5].u0/U1/Q (XOR2X1)               0.24       7.05 f
  f4/gen[5].u0/sum (fullAdder_3)           0.00       7.05 f
  f4/result[5] (adder8bit_1)               0.00       7.05 f
  result[29] (out)                         0.22       7.27 f
  data arrival time                                   7.27
  -----------------------------------------------------------
  (Path is unconstrained)


  Startpoint: b[0] (input port)
  Endpoint: result[28] (output port)
  Path Group: (none)
  Path Type: max

  Des/Clust/Port     Wire Load Model       Library
  ------------------------------------------------
  simpleAdder        8000                  saed90nm_typ_ht
  fullAdder_0        ForQA                 saed90nm_typ_ht
  adder8bit_0        8000                  saed90nm_typ_ht
  adder8bit_3        8000                  saed90nm_typ_ht
  adder8bit_2        8000                  saed90nm_typ_ht
  adder8bit_1        8000                  saed90nm_typ_ht

  Point                                    Incr       Path
  -----------------------------------------------------------
  input external delay                     1.00       1.00 r
  b[0] (in)                                0.00       1.00 r
  f1/b[0] (adder8bit_0)                    0.00       1.00 r
  f1/gen[0].u0/b (fullAdder_0)             0.00       1.00 r
  f1/gen[0].u0/U3/Q (XOR2X1)               0.23       1.23 f
  f1/gen[0].u0/U2/Q (AO22X1)               0.18       1.41 f
  f1/gen[0].u0/cout (fullAdder_0)          0.00       1.41 f
  f1/gen[1].u0/cin (fullAdder_31)          0.00       1.41 f
  f1/gen[1].u0/U2/Q (AO22X1)               0.17       1.58 f
  f1/gen[1].u0/cout (fullAdder_31)         0.00       1.58 f
  f1/gen[2].u0/cin (fullAdder_30)          0.00       1.58 f
  f1/gen[2].u0/U2/Q (AO22X1)               0.17       1.75 f
  f1/gen[2].u0/cout (fullAdder_30)         0.00       1.75 f
  f1/gen[3].u0/cin (fullAdder_29)          0.00       1.75 f
  f1/gen[3].u0/U2/Q (AO22X1)               0.17       1.93 f
  f1/gen[3].u0/cout (fullAdder_29)         0.00       1.93 f
  f1/gen[4].u0/cin (fullAdder_28)          0.00       1.93 f
  f1/gen[4].u0/U2/Q (AO22X1)               0.17       2.10 f
  f1/gen[4].u0/cout (fullAdder_28)         0.00       2.10 f
  f1/gen[5].u0/cin (fullAdder_27)          0.00       2.10 f
  f1/gen[5].u0/U2/Q (AO22X1)               0.17       2.28 f
  f1/gen[5].u0/cout (fullAdder_27)         0.00       2.28 f
  f1/gen[6].u0/cin (fullAdder_26)          0.00       2.28 f
  f1/gen[6].u0/U2/Q (AO22X1)               0.17       2.45 f
  f1/gen[6].u0/cout (fullAdder_26)         0.00       2.45 f
  f1/gen[7].u0/cin (fullAdder_25)          0.00       2.45 f
  f1/gen[7].u0/U2/Q (AO22X1)               0.16       2.61 f
  f1/gen[7].u0/cout (fullAdder_25)         0.00       2.61 f
  f1/cout (adder8bit_0)                    0.00       2.61 f
  U97/Q (MUX21X1)                          0.18       2.80 f
  f2/cin (adder8bit_3)                     0.00       2.80 f
  f2/gen[0].u0/cin (fullAdder_24)          0.00       2.80 f
  f2/gen[0].u0/U2/Q (AO22X1)               0.18       2.98 f
  f2/gen[0].u0/cout (fullAdder_24)         0.00       2.98 f
  f2/gen[1].u0/cin (fullAdder_23)          0.00       2.98 f
  f2/gen[1].u0/U2/Q (AO22X1)               0.17       3.15 f
  f2/gen[1].u0/cout (fullAdder_23)         0.00       3.15 f
  f2/gen[2].u0/cin (fullAdder_22)          0.00       3.15 f
  f2/gen[2].u0/U2/Q (AO22X1)               0.17       3.32 f
  f2/gen[2].u0/cout (fullAdder_22)         0.00       3.32 f
  f2/gen[3].u0/cin (fullAdder_21)          0.00       3.32 f
  f2/gen[3].u0/U2/Q (AO22X1)               0.17       3.50 f
  f2/gen[3].u0/cout (fullAdder_21)         0.00       3.50 f
  f2/gen[4].u0/cin (fullAdder_20)          0.00       3.50 f
  f2/gen[4].u0/U2/Q (AO22X1)               0.17       3.67 f
  f2/gen[4].u0/cout (fullAdder_20)         0.00       3.67 f
  f2/gen[5].u0/cin (fullAdder_19)          0.00       3.67 f
  f2/gen[5].u0/U2/Q (AO22X1)               0.17       3.85 f
  f2/gen[5].u0/cout (fullAdder_19)         0.00       3.85 f
  f2/gen[6].u0/cin (fullAdder_18)          0.00       3.85 f
  f2/gen[6].u0/U2/Q (AO22X1)               0.17       4.02 f
  f2/gen[6].u0/cout (fullAdder_18)         0.00       4.02 f
  f2/gen[7].u0/cin (fullAdder_17)          0.00       4.02 f
  f2/gen[7].u0/U2/Q (AO22X1)               0.16       4.18 f
  f2/gen[7].u0/cout (fullAdder_17)         0.00       4.18 f
  f2/cout (adder8bit_3)                    0.00       4.18 f
  U85/Q (MUX21X1)                          0.18       4.37 f
  f3/cin (adder8bit_2)                     0.00       4.37 f
  f3/gen[0].u0/cin (fullAdder_16)          0.00       4.37 f
  f3/gen[0].u0/U2/Q (AO22X1)               0.18       4.55 f
  f3/gen[0].u0/cout (fullAdder_16)         0.00       4.55 f
  f3/gen[1].u0/cin (fullAdder_15)          0.00       4.55 f
  f3/gen[1].u0/U2/Q (AO22X1)               0.17       4.72 f
  f3/gen[1].u0/cout (fullAdder_15)         0.00       4.72 f
  f3/gen[2].u0/cin (fullAdder_14)          0.00       4.72 f
  f3/gen[2].u0/U2/Q (AO22X1)               0.17       4.90 f
  f3/gen[2].u0/cout (fullAdder_14)         0.00       4.90 f
  f3/gen[3].u0/cin (fullAdder_13)          0.00       4.90 f
  f3/gen[3].u0/U2/Q (AO22X1)               0.17       5.07 f
  f3/gen[3].u0/cout (fullAdder_13)         0.00       5.07 f
  f3/gen[4].u0/cin (fullAdder_12)          0.00       5.07 f
  f3/gen[4].u0/U2/Q (AO22X1)               0.17       5.24 f
  f3/gen[4].u0/cout (fullAdder_12)         0.00       5.24 f
  f3/gen[5].u0/cin (fullAdder_11)          0.00       5.24 f
  f3/gen[5].u0/U2/Q (AO22X1)               0.17       5.42 f
  f3/gen[5].u0/cout (fullAdder_11)         0.00       5.42 f
  f3/gen[6].u0/cin (fullAdder_10)          0.00       5.42 f
  f3/gen[6].u0/U2/Q (AO22X1)               0.17       5.59 f
  f3/gen[6].u0/cout (fullAdder_10)         0.00       5.59 f
  f3/gen[7].u0/cin (fullAdder_9)           0.00       5.59 f
  f3/gen[7].u0/U2/Q (AO22X1)               0.16       5.75 f
  f3/gen[7].u0/cout (fullAdder_9)          0.00       5.75 f
  f3/cout (adder8bit_2)                    0.00       5.75 f
  U73/Q (MUX21X1)                          0.18       5.94 f
  f4/cin (adder8bit_1)                     0.00       5.94 f
  f4/gen[0].u0/cin (fullAdder_8)           0.00       5.94 f
  f4/gen[0].u0/U2/Q (AO22X1)               0.18       6.12 f
  f4/gen[0].u0/cout (fullAdder_8)          0.00       6.12 f
  f4/gen[1].u0/cin (fullAdder_7)           0.00       6.12 f
  f4/gen[1].u0/U2/Q (AO22X1)               0.17       6.29 f
  f4/gen[1].u0/cout (fullAdder_7)          0.00       6.29 f
  f4/gen[2].u0/cin (fullAdder_6)           0.00       6.29 f
  f4/gen[2].u0/U2/Q (AO22X1)               0.17       6.47 f
  f4/gen[2].u0/cout (fullAdder_6)          0.00       6.47 f
  f4/gen[3].u0/cin (fullAdder_5)           0.00       6.47 f
  f4/gen[3].u0/U2/Q (AO22X1)               0.17       6.64 f
  f4/gen[3].u0/cout (fullAdder_5)          0.00       6.64 f
  f4/gen[4].u0/cin (fullAdder_4)           0.00       6.64 f
  f4/gen[4].u0/U1/Q (XOR2X1)               0.24       6.88 f
  f4/gen[4].u0/sum (fullAdder_4)           0.00       6.88 f
  f4/result[4] (adder8bit_1)               0.00       6.88 f
  result[28] (out)                         0.22       7.10 f
  data arrival time                                   7.10
  -----------------------------------------------------------
  (Path is unconstrained)


  Startpoint: b[0] (input port)
  Endpoint: result[27] (output port)
  Path Group: (none)
  Path Type: max

  Des/Clust/Port     Wire Load Model       Library
  ------------------------------------------------
  simpleAdder        8000                  saed90nm_typ_ht
  fullAdder_0        ForQA                 saed90nm_typ_ht
  adder8bit_0        8000                  saed90nm_typ_ht
  adder8bit_3        8000                  saed90nm_typ_ht
  adder8bit_2        8000                  saed90nm_typ_ht
  adder8bit_1        8000                  saed90nm_typ_ht

  Point                                    Incr       Path
  -----------------------------------------------------------
  input external delay                     1.00       1.00 r
  b[0] (in)                                0.00       1.00 r
  f1/b[0] (adder8bit_0)                    0.00       1.00 r
  f1/gen[0].u0/b (fullAdder_0)             0.00       1.00 r
  f1/gen[0].u0/U3/Q (XOR2X1)               0.23       1.23 f
  f1/gen[0].u0/U2/Q (AO22X1)               0.18       1.41 f
  f1/gen[0].u0/cout (fullAdder_0)          0.00       1.41 f
  f1/gen[1].u0/cin (fullAdder_31)          0.00       1.41 f
  f1/gen[1].u0/U2/Q (AO22X1)               0.17       1.58 f
  f1/gen[1].u0/cout (fullAdder_31)         0.00       1.58 f
  f1/gen[2].u0/cin (fullAdder_30)          0.00       1.58 f
  f1/gen[2].u0/U2/Q (AO22X1)               0.17       1.75 f
  f1/gen[2].u0/cout (fullAdder_30)         0.00       1.75 f
  f1/gen[3].u0/cin (fullAdder_29)          0.00       1.75 f
  f1/gen[3].u0/U2/Q (AO22X1)               0.17       1.93 f
  f1/gen[3].u0/cout (fullAdder_29)         0.00       1.93 f
  f1/gen[4].u0/cin (fullAdder_28)          0.00       1.93 f
  f1/gen[4].u0/U2/Q (AO22X1)               0.17       2.10 f
  f1/gen[4].u0/cout (fullAdder_28)         0.00       2.10 f
  f1/gen[5].u0/cin (fullAdder_27)          0.00       2.10 f
  f1/gen[5].u0/U2/Q (AO22X1)               0.17       2.28 f
  f1/gen[5].u0/cout (fullAdder_27)         0.00       2.28 f
  f1/gen[6].u0/cin (fullAdder_26)          0.00       2.28 f
  f1/gen[6].u0/U2/Q (AO22X1)               0.17       2.45 f
  f1/gen[6].u0/cout (fullAdder_26)         0.00       2.45 f
  f1/gen[7].u0/cin (fullAdder_25)          0.00       2.45 f
  f1/gen[7].u0/U2/Q (AO22X1)               0.16       2.61 f
  f1/gen[7].u0/cout (fullAdder_25)         0.00       2.61 f
  f1/cout (adder8bit_0)                    0.00       2.61 f
  U97/Q (MUX21X1)                          0.18       2.80 f
  f2/cin (adder8bit_3)                     0.00       2.80 f
  f2/gen[0].u0/cin (fullAdder_24)          0.00       2.80 f
  f2/gen[0].u0/U2/Q (AO22X1)               0.18       2.98 f
  f2/gen[0].u0/cout (fullAdder_24)         0.00       2.98 f
  f2/gen[1].u0/cin (fullAdder_23)          0.00       2.98 f
  f2/gen[1].u0/U2/Q (AO22X1)               0.17       3.15 f
  f2/gen[1].u0/cout (fullAdder_23)         0.00       3.15 f
  f2/gen[2].u0/cin (fullAdder_22)          0.00       3.15 f
  f2/gen[2].u0/U2/Q (AO22X1)               0.17       3.32 f
  f2/gen[2].u0/cout (fullAdder_22)         0.00       3.32 f
  f2/gen[3].u0/cin (fullAdder_21)          0.00       3.32 f
  f2/gen[3].u0/U2/Q (AO22X1)               0.17       3.50 f
  f2/gen[3].u0/cout (fullAdder_21)         0.00       3.50 f
  f2/gen[4].u0/cin (fullAdder_20)          0.00       3.50 f
  f2/gen[4].u0/U2/Q (AO22X1)               0.17       3.67 f
  f2/gen[4].u0/cout (fullAdder_20)         0.00       3.67 f
  f2/gen[5].u0/cin (fullAdder_19)          0.00       3.67 f
  f2/gen[5].u0/U2/Q (AO22X1)               0.17       3.85 f
  f2/gen[5].u0/cout (fullAdder_19)         0.00       3.85 f
  f2/gen[6].u0/cin (fullAdder_18)          0.00       3.85 f
  f2/gen[6].u0/U2/Q (AO22X1)               0.17       4.02 f
  f2/gen[6].u0/cout (fullAdder_18)         0.00       4.02 f
  f2/gen[7].u0/cin (fullAdder_17)          0.00       4.02 f
  f2/gen[7].u0/U2/Q (AO22X1)               0.16       4.18 f
  f2/gen[7].u0/cout (fullAdder_17)         0.00       4.18 f
  f2/cout (adder8bit_3)                    0.00       4.18 f
  U85/Q (MUX21X1)                          0.18       4.37 f
  f3/cin (adder8bit_2)                     0.00       4.37 f
  f3/gen[0].u0/cin (fullAdder_16)          0.00       4.37 f
  f3/gen[0].u0/U2/Q (AO22X1)               0.18       4.55 f
  f3/gen[0].u0/cout (fullAdder_16)         0.00       4.55 f
  f3/gen[1].u0/cin (fullAdder_15)          0.00       4.55 f
  f3/gen[1].u0/U2/Q (AO22X1)               0.17       4.72 f
  f3/gen[1].u0/cout (fullAdder_15)         0.00       4.72 f
  f3/gen[2].u0/cin (fullAdder_14)          0.00       4.72 f
  f3/gen[2].u0/U2/Q (AO22X1)               0.17       4.90 f
  f3/gen[2].u0/cout (fullAdder_14)         0.00       4.90 f
  f3/gen[3].u0/cin (fullAdder_13)          0.00       4.90 f
  f3/gen[3].u0/U2/Q (AO22X1)               0.17       5.07 f
  f3/gen[3].u0/cout (fullAdder_13)         0.00       5.07 f
  f3/gen[4].u0/cin (fullAdder_12)          0.00       5.07 f
  f3/gen[4].u0/U2/Q (AO22X1)               0.17       5.24 f
  f3/gen[4].u0/cout (fullAdder_12)         0.00       5.24 f
  f3/gen[5].u0/cin (fullAdder_11)          0.00       5.24 f
  f3/gen[5].u0/U2/Q (AO22X1)               0.17       5.42 f
  f3/gen[5].u0/cout (fullAdder_11)         0.00       5.42 f
  f3/gen[6].u0/cin (fullAdder_10)          0.00       5.42 f
  f3/gen[6].u0/U2/Q (AO22X1)               0.17       5.59 f
  f3/gen[6].u0/cout (fullAdder_10)         0.00       5.59 f
  f3/gen[7].u0/cin (fullAdder_9)           0.00       5.59 f
  f3/gen[7].u0/U2/Q (AO22X1)               0.16       5.75 f
  f3/gen[7].u0/cout (fullAdder_9)          0.00       5.75 f
  f3/cout (adder8bit_2)                    0.00       5.75 f
  U73/Q (MUX21X1)                          0.18       5.94 f
  f4/cin (adder8bit_1)                     0.00       5.94 f
  f4/gen[0].u0/cin (fullAdder_8)           0.00       5.94 f
  f4/gen[0].u0/U2/Q (AO22X1)               0.18       6.12 f
  f4/gen[0].u0/cout (fullAdder_8)          0.00       6.12 f
  f4/gen[1].u0/cin (fullAdder_7)           0.00       6.12 f
  f4/gen[1].u0/U2/Q (AO22X1)               0.17       6.29 f
  f4/gen[1].u0/cout (fullAdder_7)          0.00       6.29 f
  f4/gen[2].u0/cin (fullAdder_6)           0.00       6.29 f
  f4/gen[2].u0/U2/Q (AO22X1)               0.17       6.47 f
  f4/gen[2].u0/cout (fullAdder_6)          0.00       6.47 f
  f4/gen[3].u0/cin (fullAdder_5)           0.00       6.47 f
  f4/gen[3].u0/U1/Q (XOR2X1)               0.24       6.71 f
  f4/gen[3].u0/sum (fullAdder_5)           0.00       6.71 f
  f4/result[3] (adder8bit_1)               0.00       6.71 f
  result[27] (out)                         0.22       6.93 f
  data arrival time                                   6.93
  -----------------------------------------------------------
  (Path is unconstrained)


  Startpoint: b[0] (input port)
  Endpoint: result[26] (output port)
  Path Group: (none)
  Path Type: max

  Des/Clust/Port     Wire Load Model       Library
  ------------------------------------------------
  simpleAdder        8000                  saed90nm_typ_ht
  fullAdder_0        ForQA                 saed90nm_typ_ht
  adder8bit_0        8000                  saed90nm_typ_ht
  adder8bit_3        8000                  saed90nm_typ_ht
  adder8bit_2        8000                  saed90nm_typ_ht
  adder8bit_1        8000                  saed90nm_typ_ht

  Point                                    Incr       Path
  -----------------------------------------------------------
  input external delay                     1.00       1.00 r
  b[0] (in)                                0.00       1.00 r
  f1/b[0] (adder8bit_0)                    0.00       1.00 r
  f1/gen[0].u0/b (fullAdder_0)             0.00       1.00 r
  f1/gen[0].u0/U3/Q (XOR2X1)               0.23       1.23 f
  f1/gen[0].u0/U2/Q (AO22X1)               0.18       1.41 f
  f1/gen[0].u0/cout (fullAdder_0)          0.00       1.41 f
  f1/gen[1].u0/cin (fullAdder_31)          0.00       1.41 f
  f1/gen[1].u0/U2/Q (AO22X1)               0.17       1.58 f
  f1/gen[1].u0/cout (fullAdder_31)         0.00       1.58 f
  f1/gen[2].u0/cin (fullAdder_30)          0.00       1.58 f
  f1/gen[2].u0/U2/Q (AO22X1)               0.17       1.75 f
  f1/gen[2].u0/cout (fullAdder_30)         0.00       1.75 f
  f1/gen[3].u0/cin (fullAdder_29)          0.00       1.75 f
  f1/gen[3].u0/U2/Q (AO22X1)               0.17       1.93 f
  f1/gen[3].u0/cout (fullAdder_29)         0.00       1.93 f
  f1/gen[4].u0/cin (fullAdder_28)          0.00       1.93 f
  f1/gen[4].u0/U2/Q (AO22X1)               0.17       2.10 f
  f1/gen[4].u0/cout (fullAdder_28)         0.00       2.10 f
  f1/gen[5].u0/cin (fullAdder_27)          0.00       2.10 f
  f1/gen[5].u0/U2/Q (AO22X1)               0.17       2.28 f
  f1/gen[5].u0/cout (fullAdder_27)         0.00       2.28 f
  f1/gen[6].u0/cin (fullAdder_26)          0.00       2.28 f
  f1/gen[6].u0/U2/Q (AO22X1)               0.17       2.45 f
  f1/gen[6].u0/cout (fullAdder_26)         0.00       2.45 f
  f1/gen[7].u0/cin (fullAdder_25)          0.00       2.45 f
  f1/gen[7].u0/U2/Q (AO22X1)               0.16       2.61 f
  f1/gen[7].u0/cout (fullAdder_25)         0.00       2.61 f
  f1/cout (adder8bit_0)                    0.00       2.61 f
  U97/Q (MUX21X1)                          0.18       2.80 f
  f2/cin (adder8bit_3)                     0.00       2.80 f
  f2/gen[0].u0/cin (fullAdder_24)          0.00       2.80 f
  f2/gen[0].u0/U2/Q (AO22X1)               0.18       2.98 f
  f2/gen[0].u0/cout (fullAdder_24)         0.00       2.98 f
  f2/gen[1].u0/cin (fullAdder_23)          0.00       2.98 f
  f2/gen[1].u0/U2/Q (AO22X1)               0.17       3.15 f
  f2/gen[1].u0/cout (fullAdder_23)         0.00       3.15 f
  f2/gen[2].u0/cin (fullAdder_22)          0.00       3.15 f
  f2/gen[2].u0/U2/Q (AO22X1)               0.17       3.32 f
  f2/gen[2].u0/cout (fullAdder_22)         0.00       3.32 f
  f2/gen[3].u0/cin (fullAdder_21)          0.00       3.32 f
  f2/gen[3].u0/U2/Q (AO22X1)               0.17       3.50 f
  f2/gen[3].u0/cout (fullAdder_21)         0.00       3.50 f
  f2/gen[4].u0/cin (fullAdder_20)          0.00       3.50 f
  f2/gen[4].u0/U2/Q (AO22X1)               0.17       3.67 f
  f2/gen[4].u0/cout (fullAdder_20)         0.00       3.67 f
  f2/gen[5].u0/cin (fullAdder_19)          0.00       3.67 f
  f2/gen[5].u0/U2/Q (AO22X1)               0.17       3.85 f
  f2/gen[5].u0/cout (fullAdder_19)         0.00       3.85 f
  f2/gen[6].u0/cin (fullAdder_18)          0.00       3.85 f
  f2/gen[6].u0/U2/Q (AO22X1)               0.17       4.02 f
  f2/gen[6].u0/cout (fullAdder_18)         0.00       4.02 f
  f2/gen[7].u0/cin (fullAdder_17)          0.00       4.02 f
  f2/gen[7].u0/U2/Q (AO22X1)               0.16       4.18 f
  f2/gen[7].u0/cout (fullAdder_17)         0.00       4.18 f
  f2/cout (adder8bit_3)                    0.00       4.18 f
  U85/Q (MUX21X1)                          0.18       4.37 f
  f3/cin (adder8bit_2)                     0.00       4.37 f
  f3/gen[0].u0/cin (fullAdder_16)          0.00       4.37 f
  f3/gen[0].u0/U2/Q (AO22X1)               0.18       4.55 f
  f3/gen[0].u0/cout (fullAdder_16)         0.00       4.55 f
  f3/gen[1].u0/cin (fullAdder_15)          0.00       4.55 f
  f3/gen[1].u0/U2/Q (AO22X1)               0.17       4.72 f
  f3/gen[1].u0/cout (fullAdder_15)         0.00       4.72 f
  f3/gen[2].u0/cin (fullAdder_14)          0.00       4.72 f
  f3/gen[2].u0/U2/Q (AO22X1)               0.17       4.90 f
  f3/gen[2].u0/cout (fullAdder_14)         0.00       4.90 f
  f3/gen[3].u0/cin (fullAdder_13)          0.00       4.90 f
  f3/gen[3].u0/U2/Q (AO22X1)               0.17       5.07 f
  f3/gen[3].u0/cout (fullAdder_13)         0.00       5.07 f
  f3/gen[4].u0/cin (fullAdder_12)          0.00       5.07 f
  f3/gen[4].u0/U2/Q (AO22X1)               0.17       5.24 f
  f3/gen[4].u0/cout (fullAdder_12)         0.00       5.24 f
  f3/gen[5].u0/cin (fullAdder_11)          0.00       5.24 f
  f3/gen[5].u0/U2/Q (AO22X1)               0.17       5.42 f
  f3/gen[5].u0/cout (fullAdder_11)         0.00       5.42 f
  f3/gen[6].u0/cin (fullAdder_10)          0.00       5.42 f
  f3/gen[6].u0/U2/Q (AO22X1)               0.17       5.59 f
  f3/gen[6].u0/cout (fullAdder_10)         0.00       5.59 f
  f3/gen[7].u0/cin (fullAdder_9)           0.00       5.59 f
  f3/gen[7].u0/U2/Q (AO22X1)               0.16       5.75 f
  f3/gen[7].u0/cout (fullAdder_9)          0.00       5.75 f
  f3/cout (adder8bit_2)                    0.00       5.75 f
  U73/Q (MUX21X1)                          0.18       5.94 f
  f4/cin (adder8bit_1)                     0.00       5.94 f
  f4/gen[0].u0/cin (fullAdder_8)           0.00       5.94 f
  f4/gen[0].u0/U2/Q (AO22X1)               0.18       6.12 f
  f4/gen[0].u0/cout (fullAdder_8)          0.00       6.12 f
  f4/gen[1].u0/cin (fullAdder_7)           0.00       6.12 f
  f4/gen[1].u0/U2/Q (AO22X1)               0.17       6.29 f
  f4/gen[1].u0/cout (fullAdder_7)          0.00       6.29 f
  f4/gen[2].u0/cin (fullAdder_6)           0.00       6.29 f
  f4/gen[2].u0/U1/Q (XOR2X1)               0.24       6.53 f
  f4/gen[2].u0/sum (fullAdder_6)           0.00       6.53 f
  f4/result[2] (adder8bit_1)               0.00       6.53 f
  result[26] (out)                         0.22       6.75 f
  data arrival time                                   6.75
  -----------------------------------------------------------
  (Path is unconstrained)


  Startpoint: b[0] (input port)
  Endpoint: result[25] (output port)
  Path Group: (none)
  Path Type: max

  Des/Clust/Port     Wire Load Model       Library
  ------------------------------------------------
  simpleAdder        8000                  saed90nm_typ_ht
  fullAdder_0        ForQA                 saed90nm_typ_ht
  adder8bit_0        8000                  saed90nm_typ_ht
  adder8bit_3        8000                  saed90nm_typ_ht
  adder8bit_2        8000                  saed90nm_typ_ht
  adder8bit_1        8000                  saed90nm_typ_ht

  Point                                    Incr       Path
  -----------------------------------------------------------
  input external delay                     1.00       1.00 r
  b[0] (in)                                0.00       1.00 r
  f1/b[0] (adder8bit_0)                    0.00       1.00 r
  f1/gen[0].u0/b (fullAdder_0)             0.00       1.00 r
  f1/gen[0].u0/U3/Q (XOR2X1)               0.23       1.23 f
  f1/gen[0].u0/U2/Q (AO22X1)               0.18       1.41 f
  f1/gen[0].u0/cout (fullAdder_0)          0.00       1.41 f
  f1/gen[1].u0/cin (fullAdder_31)          0.00       1.41 f
  f1/gen[1].u0/U2/Q (AO22X1)               0.17       1.58 f
  f1/gen[1].u0/cout (fullAdder_31)         0.00       1.58 f
  f1/gen[2].u0/cin (fullAdder_30)          0.00       1.58 f
  f1/gen[2].u0/U2/Q (AO22X1)               0.17       1.75 f
  f1/gen[2].u0/cout (fullAdder_30)         0.00       1.75 f
  f1/gen[3].u0/cin (fullAdder_29)          0.00       1.75 f
  f1/gen[3].u0/U2/Q (AO22X1)               0.17       1.93 f
  f1/gen[3].u0/cout (fullAdder_29)         0.00       1.93 f
  f1/gen[4].u0/cin (fullAdder_28)          0.00       1.93 f
  f1/gen[4].u0/U2/Q (AO22X1)               0.17       2.10 f
  f1/gen[4].u0/cout (fullAdder_28)         0.00       2.10 f
  f1/gen[5].u0/cin (fullAdder_27)          0.00       2.10 f
  f1/gen[5].u0/U2/Q (AO22X1)               0.17       2.28 f
  f1/gen[5].u0/cout (fullAdder_27)         0.00       2.28 f
  f1/gen[6].u0/cin (fullAdder_26)          0.00       2.28 f
  f1/gen[6].u0/U2/Q (AO22X1)               0.17       2.45 f
  f1/gen[6].u0/cout (fullAdder_26)         0.00       2.45 f
  f1/gen[7].u0/cin (fullAdder_25)          0.00       2.45 f
  f1/gen[7].u0/U2/Q (AO22X1)               0.16       2.61 f
  f1/gen[7].u0/cout (fullAdder_25)         0.00       2.61 f
  f1/cout (adder8bit_0)                    0.00       2.61 f
  U97/Q (MUX21X1)                          0.18       2.80 f
  f2/cin (adder8bit_3)                     0.00       2.80 f
  f2/gen[0].u0/cin (fullAdder_24)          0.00       2.80 f
  f2/gen[0].u0/U2/Q (AO22X1)               0.18       2.98 f
  f2/gen[0].u0/cout (fullAdder_24)         0.00       2.98 f
  f2/gen[1].u0/cin (fullAdder_23)          0.00       2.98 f
  f2/gen[1].u0/U2/Q (AO22X1)               0.17       3.15 f
  f2/gen[1].u0/cout (fullAdder_23)         0.00       3.15 f
  f2/gen[2].u0/cin (fullAdder_22)          0.00       3.15 f
  f2/gen[2].u0/U2/Q (AO22X1)               0.17       3.32 f
  f2/gen[2].u0/cout (fullAdder_22)         0.00       3.32 f
  f2/gen[3].u0/cin (fullAdder_21)          0.00       3.32 f
  f2/gen[3].u0/U2/Q (AO22X1)               0.17       3.50 f
  f2/gen[3].u0/cout (fullAdder_21)         0.00       3.50 f
  f2/gen[4].u0/cin (fullAdder_20)          0.00       3.50 f
  f2/gen[4].u0/U2/Q (AO22X1)               0.17       3.67 f
  f2/gen[4].u0/cout (fullAdder_20)         0.00       3.67 f
  f2/gen[5].u0/cin (fullAdder_19)          0.00       3.67 f
  f2/gen[5].u0/U2/Q (AO22X1)               0.17       3.85 f
  f2/gen[5].u0/cout (fullAdder_19)         0.00       3.85 f
  f2/gen[6].u0/cin (fullAdder_18)          0.00       3.85 f
  f2/gen[6].u0/U2/Q (AO22X1)               0.17       4.02 f
  f2/gen[6].u0/cout (fullAdder_18)         0.00       4.02 f
  f2/gen[7].u0/cin (fullAdder_17)          0.00       4.02 f
  f2/gen[7].u0/U2/Q (AO22X1)               0.16       4.18 f
  f2/gen[7].u0/cout (fullAdder_17)         0.00       4.18 f
  f2/cout (adder8bit_3)                    0.00       4.18 f
  U85/Q (MUX21X1)                          0.18       4.37 f
  f3/cin (adder8bit_2)                     0.00       4.37 f
  f3/gen[0].u0/cin (fullAdder_16)          0.00       4.37 f
  f3/gen[0].u0/U2/Q (AO22X1)               0.18       4.55 f
  f3/gen[0].u0/cout (fullAdder_16)         0.00       4.55 f
  f3/gen[1].u0/cin (fullAdder_15)          0.00       4.55 f
  f3/gen[1].u0/U2/Q (AO22X1)               0.17       4.72 f
  f3/gen[1].u0/cout (fullAdder_15)         0.00       4.72 f
  f3/gen[2].u0/cin (fullAdder_14)          0.00       4.72 f
  f3/gen[2].u0/U2/Q (AO22X1)               0.17       4.90 f
  f3/gen[2].u0/cout (fullAdder_14)         0.00       4.90 f
  f3/gen[3].u0/cin (fullAdder_13)          0.00       4.90 f
  f3/gen[3].u0/U2/Q (AO22X1)               0.17       5.07 f
  f3/gen[3].u0/cout (fullAdder_13)         0.00       5.07 f
  f3/gen[4].u0/cin (fullAdder_12)          0.00       5.07 f
  f3/gen[4].u0/U2/Q (AO22X1)               0.17       5.24 f
  f3/gen[4].u0/cout (fullAdder_12)         0.00       5.24 f
  f3/gen[5].u0/cin (fullAdder_11)          0.00       5.24 f
  f3/gen[5].u0/U2/Q (AO22X1)               0.17       5.42 f
  f3/gen[5].u0/cout (fullAdder_11)         0.00       5.42 f
  f3/gen[6].u0/cin (fullAdder_10)          0.00       5.42 f
  f3/gen[6].u0/U2/Q (AO22X1)               0.17       5.59 f
  f3/gen[6].u0/cout (fullAdder_10)         0.00       5.59 f
  f3/gen[7].u0/cin (fullAdder_9)           0.00       5.59 f
  f3/gen[7].u0/U2/Q (AO22X1)               0.16       5.75 f
  f3/gen[7].u0/cout (fullAdder_9)          0.00       5.75 f
  f3/cout (adder8bit_2)                    0.00       5.75 f
  U73/Q (MUX21X1)                          0.18       5.94 f
  f4/cin (adder8bit_1)                     0.00       5.94 f
  f4/gen[0].u0/cin (fullAdder_8)           0.00       5.94 f
  f4/gen[0].u0/U2/Q (AO22X1)               0.18       6.12 f
  f4/gen[0].u0/cout (fullAdder_8)          0.00       6.12 f
  f4/gen[1].u0/cin (fullAdder_7)           0.00       6.12 f
  f4/gen[1].u0/U1/Q (XOR2X1)               0.24       6.36 f
  f4/gen[1].u0/sum (fullAdder_7)           0.00       6.36 f
  f4/result[1] (adder8bit_1)               0.00       6.36 f
  result[25] (out)                         0.22       6.58 f
  data arrival time                                   6.58
  -----------------------------------------------------------
  (Path is unconstrained)


  Startpoint: b[0] (input port)
  Endpoint: result[24] (output port)
  Path Group: (none)
  Path Type: max

  Des/Clust/Port     Wire Load Model       Library
  ------------------------------------------------
  simpleAdder        8000                  saed90nm_typ_ht
  fullAdder_0        ForQA                 saed90nm_typ_ht
  adder8bit_0        8000                  saed90nm_typ_ht
  adder8bit_3        8000                  saed90nm_typ_ht
  adder8bit_2        8000                  saed90nm_typ_ht

  Point                                    Incr       Path
  -----------------------------------------------------------
  input external delay                     1.00       1.00 r
  b[0] (in)                                0.00       1.00 r
  f1/b[0] (adder8bit_0)                    0.00       1.00 r
  f1/gen[0].u0/b (fullAdder_0)             0.00       1.00 r
  f1/gen[0].u0/U3/Q (XOR2X1)               0.23       1.23 f
  f1/gen[0].u0/U2/Q (AO22X1)               0.18       1.41 f
  f1/gen[0].u0/cout (fullAdder_0)          0.00       1.41 f
  f1/gen[1].u0/cin (fullAdder_31)          0.00       1.41 f
  f1/gen[1].u0/U2/Q (AO22X1)               0.17       1.58 f
  f1/gen[1].u0/cout (fullAdder_31)         0.00       1.58 f
  f1/gen[2].u0/cin (fullAdder_30)          0.00       1.58 f
  f1/gen[2].u0/U2/Q (AO22X1)               0.17       1.75 f
  f1/gen[2].u0/cout (fullAdder_30)         0.00       1.75 f
  f1/gen[3].u0/cin (fullAdder_29)          0.00       1.75 f
  f1/gen[3].u0/U2/Q (AO22X1)               0.17       1.93 f
  f1/gen[3].u0/cout (fullAdder_29)         0.00       1.93 f
  f1/gen[4].u0/cin (fullAdder_28)          0.00       1.93 f
  f1/gen[4].u0/U2/Q (AO22X1)               0.17       2.10 f
  f1/gen[4].u0/cout (fullAdder_28)         0.00       2.10 f
  f1/gen[5].u0/cin (fullAdder_27)          0.00       2.10 f
  f1/gen[5].u0/U2/Q (AO22X1)               0.17       2.28 f
  f1/gen[5].u0/cout (fullAdder_27)         0.00       2.28 f
  f1/gen[6].u0/cin (fullAdder_26)          0.00       2.28 f
  f1/gen[6].u0/U2/Q (AO22X1)               0.17       2.45 f
  f1/gen[6].u0/cout (fullAdder_26)         0.00       2.45 f
  f1/gen[7].u0/cin (fullAdder_25)          0.00       2.45 f
  f1/gen[7].u0/U2/Q (AO22X1)               0.16       2.61 f
  f1/gen[7].u0/cout (fullAdder_25)         0.00       2.61 f
  f1/cout (adder8bit_0)                    0.00       2.61 f
  U97/Q (MUX21X1)                          0.18       2.80 f
  f2/cin (adder8bit_3)                     0.00       2.80 f
  f2/gen[0].u0/cin (fullAdder_24)          0.00       2.80 f
  f2/gen[0].u0/U2/Q (AO22X1)               0.18       2.98 f
  f2/gen[0].u0/cout (fullAdder_24)         0.00       2.98 f
  f2/gen[1].u0/cin (fullAdder_23)          0.00       2.98 f
  f2/gen[1].u0/U2/Q (AO22X1)               0.17       3.15 f
  f2/gen[1].u0/cout (fullAdder_23)         0.00       3.15 f
  f2/gen[2].u0/cin (fullAdder_22)          0.00       3.15 f
  f2/gen[2].u0/U2/Q (AO22X1)               0.17       3.32 f
  f2/gen[2].u0/cout (fullAdder_22)         0.00       3.32 f
  f2/gen[3].u0/cin (fullAdder_21)          0.00       3.32 f
  f2/gen[3].u0/U2/Q (AO22X1)               0.17       3.50 f
  f2/gen[3].u0/cout (fullAdder_21)         0.00       3.50 f
  f2/gen[4].u0/cin (fullAdder_20)          0.00       3.50 f
  f2/gen[4].u0/U2/Q (AO22X1)               0.17       3.67 f
  f2/gen[4].u0/cout (fullAdder_20)         0.00       3.67 f
  f2/gen[5].u0/cin (fullAdder_19)          0.00       3.67 f
  f2/gen[5].u0/U2/Q (AO22X1)               0.17       3.85 f
  f2/gen[5].u0/cout (fullAdder_19)         0.00       3.85 f
  f2/gen[6].u0/cin (fullAdder_18)          0.00       3.85 f
  f2/gen[6].u0/U2/Q (AO22X1)               0.17       4.02 f
  f2/gen[6].u0/cout (fullAdder_18)         0.00       4.02 f
  f2/gen[7].u0/cin (fullAdder_17)          0.00       4.02 f
  f2/gen[7].u0/U2/Q (AO22X1)               0.16       4.18 f
  f2/gen[7].u0/cout (fullAdder_17)         0.00       4.18 f
  f2/cout (adder8bit_3)                    0.00       4.18 f
  U85/Q (MUX21X1)                          0.18       4.37 f
  f3/cin (adder8bit_2)                     0.00       4.37 f
  f3/gen[0].u0/cin (fullAdder_16)          0.00       4.37 f
  f3/gen[0].u0/U2/Q (AO22X1)               0.18       4.55 f
  f3/gen[0].u0/cout (fullAdder_16)         0.00       4.55 f
  f3/gen[1].u0/cin (fullAdder_15)          0.00       4.55 f
  f3/gen[1].u0/U2/Q (AO22X1)               0.17       4.72 f
  f3/gen[1].u0/cout (fullAdder_15)         0.00       4.72 f
  f3/gen[2].u0/cin (fullAdder_14)          0.00       4.72 f
  f3/gen[2].u0/U2/Q (AO22X1)               0.17       4.90 f
  f3/gen[2].u0/cout (fullAdder_14)         0.00       4.90 f
  f3/gen[3].u0/cin (fullAdder_13)          0.00       4.90 f
  f3/gen[3].u0/U2/Q (AO22X1)               0.17       5.07 f
  f3/gen[3].u0/cout (fullAdder_13)         0.00       5.07 f
  f3/gen[4].u0/cin (fullAdder_12)          0.00       5.07 f
  f3/gen[4].u0/U2/Q (AO22X1)               0.17       5.24 f
  f3/gen[4].u0/cout (fullAdder_12)         0.00       5.24 f
  f3/gen[5].u0/cin (fullAdder_11)          0.00       5.24 f
  f3/gen[5].u0/U2/Q (AO22X1)               0.17       5.42 f
  f3/gen[5].u0/cout (fullAdder_11)         0.00       5.42 f
  f3/gen[6].u0/cin (fullAdder_10)          0.00       5.42 f
  f3/gen[6].u0/U2/Q (AO22X1)               0.17       5.59 f
  f3/gen[6].u0/cout (fullAdder_10)         0.00       5.59 f
  f3/gen[7].u0/cin (fullAdder_9)           0.00       5.59 f
  f3/gen[7].u0/U2/Q (AO22X1)               0.16       5.75 f
  f3/gen[7].u0/cout (fullAdder_9)          0.00       5.75 f
  f3/cout (adder8bit_2)                    0.00       5.75 f
  U73/Q (MUX21X1)                          0.18       5.94 f
  f4/cin (adder8bit_1)                     0.00       5.94 f
  f4/gen[0].u0/cin (fullAdder_8)           0.00       5.94 f
  f4/gen[0].u0/U1/Q (XOR2X1)               0.25       6.19 f
  f4/gen[0].u0/sum (fullAdder_8)           0.00       6.19 f
  f4/result[0] (adder8bit_1)               0.00       6.19 f
  result[24] (out)                         0.22       6.41 f
  data arrival time                                   6.41
  -----------------------------------------------------------
  (Path is unconstrained)


1
