 
****************************************
Report : timing
        -path full
        -delay min
        -max_paths 5
Design : FPMultiplier
Version: G-2012.06-ICC-SP2
Date   : Tue Dec 29 01:18:35 2015
****************************************

 * Some/all delay information is back-annotated.

Operating Conditions: worst_low   Library: NangateOpenCellLibrary_ss0p95vn40c
	Parasitic source    : LPE
	Parasitic mode      : RealRC
	Extraction mode     : MIN_MAX
	Extraction derating : -40/-40/-40

Information: Percent of Arnoldi-based delays =  0.00%

  Startpoint: a_reg_reg_31_
              (rising edge-triggered flip-flop clocked by clk)
  Endpoint: result_reg_31_
            (rising edge-triggered flip-flop clocked by clk)
  Path Group: clk
  Path Type: min

  Point                                    Incr       Path
  -----------------------------------------------------------
  clock clk (rise edge)                    0.00       0.00
  clock network delay (propagated)         0.03       0.03
  a_reg_reg_31_/CK (DFF_X1)                0.00       0.03 r
  a_reg_reg_31_/Q (DFF_X1)                 0.08       0.12 f
  U82/Z (XOR2_X1)                          0.04 &     0.16 r
  result_reg_31_/D (DFF_X1)               -0.01 &     0.15 r
  data arrival time                                   0.15

  clock clk (rise edge)                    0.00       0.00
  clock network delay (propagated)         0.02       0.02
  result_reg_31_/CK (DFF_X1)               0.00       0.02 r
  library hold time                        0.02       0.04
  data required time                                  0.04
  -----------------------------------------------------------
  data required time                                  0.04
  data arrival time                                  -0.15
  -----------------------------------------------------------
  slack (MET)                                         0.11


  Startpoint: b[24] (input port clocked by clk)
  Endpoint: b_reg_reg_24_
            (rising edge-triggered flip-flop clocked by clk)
  Path Group: clk
  Path Type: min

  Point                                    Incr       Path
  -----------------------------------------------------------
  clock clk (rise edge)                    0.00       0.00
  clock network delay (propagated)         0.00       0.00
  input external delay                     0.20       0.20 f
  b[24] (in)                               0.00       0.20 f
  b_reg_reg_24_/D (DFF_X1)                 0.00 &     0.20 f
  data arrival time                                   0.20

  clock clk (rise edge)                    0.00       0.00
  clock network delay (propagated)         0.04       0.04
  b_reg_reg_24_/CK (DFF_X1)                0.00       0.04 r
  library hold time                        0.01       0.05
  data required time                                  0.05
  -----------------------------------------------------------
  data required time                                  0.05
  data arrival time                                  -0.20
  -----------------------------------------------------------
  slack (MET)                                         0.15


  Startpoint: b[25] (input port clocked by clk)
  Endpoint: b_reg_reg_25_
            (rising edge-triggered flip-flop clocked by clk)
  Path Group: clk
  Path Type: min

  Point                                    Incr       Path
  -----------------------------------------------------------
  clock clk (rise edge)                    0.00       0.00
  clock network delay (propagated)         0.00       0.00
  input external delay                     0.20       0.20 f
  b[25] (in)                               0.00       0.20 f
  b_reg_reg_25_/D (DFF_X1)                 0.00 &     0.20 f
  data arrival time                                   0.20

  clock clk (rise edge)                    0.00       0.00
  clock network delay (propagated)         0.04       0.04
  b_reg_reg_25_/CK (DFF_X1)                0.00       0.04 r
  library hold time                        0.01       0.05
  data required time                                  0.05
  -----------------------------------------------------------
  data required time                                  0.05
  data arrival time                                  -0.20
  -----------------------------------------------------------
  slack (MET)                                         0.15


  Startpoint: b[23] (input port clocked by clk)
  Endpoint: b_reg_reg_23_
            (rising edge-triggered flip-flop clocked by clk)
  Path Group: clk
  Path Type: min

  Point                                    Incr       Path
  -----------------------------------------------------------
  clock clk (rise edge)                    0.00       0.00
  clock network delay (propagated)         0.00       0.00
  input external delay                     0.20       0.20 f
  b[23] (in)                               0.00       0.20 f
  b_reg_reg_23_/D (DFF_X1)                 0.00 &     0.20 f
  data arrival time                                   0.20

  clock clk (rise edge)                    0.00       0.00
  clock network delay (propagated)         0.04       0.04
  b_reg_reg_23_/CK (DFF_X1)                0.00       0.04 r
  library hold time                        0.01       0.05
  data required time                                  0.05
  -----------------------------------------------------------
  data required time                                  0.05
  data arrival time                                  -0.20
  -----------------------------------------------------------
  slack (MET)                                         0.15


  Startpoint: b[26] (input port clocked by clk)
  Endpoint: b_reg_reg_26_
            (rising edge-triggered flip-flop clocked by clk)
  Path Group: clk
  Path Type: min

  Point                                    Incr       Path
  -----------------------------------------------------------
  clock clk (rise edge)                    0.00       0.00
  clock network delay (propagated)         0.00       0.00
  input external delay                     0.20       0.20 f
  b[26] (in)                               0.00       0.20 f
  b_reg_reg_26_/D (DFF_X1)                 0.00 &     0.20 f
  data arrival time                                   0.20

  clock clk (rise edge)                    0.00       0.00
  clock network delay (propagated)         0.04       0.04
  b_reg_reg_26_/CK (DFF_X1)                0.00       0.04 r
  library hold time                        0.01       0.05
  data required time                                  0.05
  -----------------------------------------------------------
  data required time                                  0.05
  data arrival time                                  -0.20
  -----------------------------------------------------------
  slack (MET)                                         0.15


1
