 
****************************************
Report : timing
        -path full
        -delay max
        -max_paths 10
Design : FPMultiplier
Version: G-2012.06-ICC-SP2
Date   : Tue Dec 29 01:18:35 2015
****************************************

 * Some/all delay information is back-annotated.

Operating Conditions: worst_low   Library: NangateOpenCellLibrary_ss0p95vn40c
	Parasitic source    : LPE
	Parasitic mode      : RealRC
	Extraction mode     : MIN_MAX
	Extraction derating : -40/-40/-40

Information: Percent of Arnoldi-based delays =  0.00%

  Startpoint: a_reg_reg_2_
              (rising edge-triggered flip-flop clocked by clk)
  Endpoint: result_reg_30_
            (rising edge-triggered flip-flop clocked by clk)
  Path Group: clk
  Path Type: max

  Point                                                   Incr       Path
  --------------------------------------------------------------------------
  clock clk (rise edge)                                   0.00       0.00
  clock network delay (propagated)                        0.03       0.03
  a_reg_reg_2_/CK (DFF_X1)                                0.00       0.03 r
  a_reg_reg_2_/Q (DFF_X1)                                 0.18       0.22 r
  mult_17/a[2] (FPMultiplier_DW_mult_uns_0)               0.00       0.22 r
  mult_17/U17/ZN (INV_X1)                                 0.14 &     0.35 f
  mult_17/U2316/ZN (XNOR2_X1)                             0.07 &     0.43 f
  mult_17/U1665/ZN (OR3_X1)                               0.13 &     0.55 f
  mult_17/U2312/ZN (OAI22_X1)                             0.06 &     0.61 r
  mult_17/U2311/ZN (AOI221_X1)                            0.02 &     0.63 f
  mult_17/U2310/ZN (XNOR2_X1)                             0.05 &     0.68 f
  mult_17/U1280/ZN (NAND2_X1)                             0.02 &     0.71 r
  mult_17/U1191/ZN (AND3_X1)                              0.05 &     0.75 r
  mult_17/U2306/ZN (OAI222_X1)                            0.04 &     0.79 f
  mult_17/U2302/ZN (AOI222_X1)                            0.07 &     0.87 r
  mult_17/U2298/ZN (OAI222_X1)                            0.05 &     0.92 f
  mult_17/U1586/ZN (NAND2_X1)                             0.02 &     0.94 r
  mult_17/U1192/ZN (AND3_X1)                              0.05 &     0.98 r
  mult_17/U2291/ZN (OAI222_X1)                            0.04 &     1.02 f
  mult_17/U2287/ZN (AOI222_X1)                            0.08 &     1.10 r
  mult_17/U2283/ZN (OAI222_X1)                            0.05 &     1.15 f
  mult_17/U2279/ZN (AOI222_X1)                            0.07 &     1.22 r
  mult_17/U2275/ZN (OAI222_X1)                            0.05 &     1.27 f
  mult_17/U1536/ZN (NAND2_X1)                             0.02 &     1.29 r
  mult_17/U1281/ZN (AND3_X1)                              0.05 &     1.34 r
  mult_17/U2268/ZN (OAI222_X1)                            0.04 &     1.38 f
  mult_17/U1583/ZN (NAND2_X1)                             0.02 &     1.39 r
  mult_17/U1214/ZN (AND3_X1)                              0.05 &     1.44 r
  mult_17/U1534/ZN (OAI222_X1)                            0.04 &     1.48 f
  mult_17/U1354/ZN (NAND2_X1)                             0.02 &     1.50 r
  mult_17/U1235/ZN (AND3_X1)                              0.05 &     1.54 r
  mult_17/U2258/ZN (OAI222_X1)                            0.04 &     1.58 f
  mult_17/U1389/ZN (NAND2_X1)                             0.02 &     1.60 r
  mult_17/U1260/ZN (AND3_X1)                              0.05 &     1.64 r
  mult_17/U2252/ZN (OAI222_X1)                            0.04 &     1.68 f
  mult_17/U1643/ZN (NAND2_X1)                             0.02 &     1.70 r
  mult_17/U1645/ZN (AND3_X1)                              0.04 &     1.74 r
  mult_17/U2247/ZN (OAI222_X1)                            0.03 &     1.78 f
  mult_17/U150/CO (FA_X1)                                 0.07 &     1.85 f
  mult_17/U1655/ZN (NAND2_X1)                             0.02 &     1.87 r
  mult_17/U1230/ZN (NAND3_X1)                             0.03 &     1.90 f
  mult_17/U1346/ZN (NAND2_X1)                             0.02 &     1.92 r
  mult_17/U1349/ZN (NAND3_X1)                             0.02 &     1.94 f
  mult_17/U147/CO (FA_X1)                                 0.07 &     2.01 f
  mult_17/U1294/ZN (NAND2_X1)                             0.02 &     2.03 r
  mult_17/U1297/ZN (NAND3_X1)                             0.03 &     2.05 f
  mult_17/U1595/ZN (NAND2_X1)                             0.02 &     2.08 r
  mult_17/U1598/ZN (NAND3_X1)                             0.02 &     2.10 f
  mult_17/U1285/ZN (NAND2_X1)                             0.01 &     2.11 r
  mult_17/U1287/ZN (NAND3_X1)                             0.02 &     2.14 f
  mult_17/U143/CO (FA_X1)                                 0.07 &     2.21 f
  mult_17/U1698/ZN (NAND2_X1)                             0.02 &     2.23 r
  mult_17/U1700/ZN (NAND3_X1)                             0.02 &     2.25 f
  mult_17/U1611/ZN (NAND2_X1)                             0.02 &     2.27 r
  mult_17/U1301/ZN (NAND3_X1)                             0.03 &     2.30 f
  mult_17/U1358/ZN (NAND2_X1)                             0.02 &     2.32 r
  mult_17/U1361/ZN (NAND3_X1)                             0.02 &     2.34 f
  mult_17/U139/CO (FA_X1)                                 0.07 &     2.41 f
  mult_17/U1630/ZN (NAND2_X1)                             0.02 &     2.43 r
  mult_17/U1302/ZN (NAND3_X1)                             0.03 &     2.46 f
  mult_17/U1365/ZN (NAND2_X1)                             0.02 &     2.47 r
  mult_17/U1368/ZN (NAND3_X1)                             0.02 &     2.49 f
  mult_17/U136/CO (FA_X1)                                 0.07 &     2.56 f
  mult_17/U1638/ZN (NAND2_X1)                             0.02 &     2.58 r
  mult_17/U1640/ZN (NAND3_X1)                             0.02 &     2.60 f
  mult_17/U134/CO (FA_X1)                                 0.07 &     2.67 f
  mult_17/U1649/ZN (NAND2_X1)                             0.02 &     2.69 r
  mult_17/U1652/ZN (NAND3_X1)                             0.02 &     2.72 f
  mult_17/U132/CO (FA_X1)                                 0.07 &     2.79 f
  mult_17/U1668/ZN (NAND2_X1)                             0.02 &     2.80 r
  mult_17/U1671/ZN (NAND3_X1)                             0.02 &     2.83 f
  mult_17/U130/CO (FA_X1)                                 0.07 &     2.90 f
  mult_17/U1692/ZN (NAND2_X1)                             0.02 &     2.91 r
  mult_17/U1694/ZN (NAND3_X1)                             0.02 &     2.94 f
  mult_17/U128/CO (FA_X1)                                 0.07 &     3.01 f
  mult_17/U1685/ZN (NAND2_X1)                             0.02 &     3.02 r
  mult_17/U1385/ZN (NAND3_X1)                             0.02 &     3.05 f
  mult_17/U1384/ZN (XNOR2_X1)                             0.04 &     3.09 f
  mult_17/U1533/ZN (XNOR2_X1)                             0.06 &     3.15 r
  mult_17/product[47] (FPMultiplier_DW_mult_uns_0)        0.00       3.15 r
  U179/ZN (INV_X1)                                        0.03 &     3.18 f
  U146/ZN (AND2_X1)                                       0.03 &     3.21 f
  add_0_root_sub_1_root_sub_23_U1_1/CO (FA_X1)            0.07 &     3.27 f
  U1/ZN (AND2_X1)                                         0.03 &     3.31 f
  U2/ZN (AND2_X1)                                         0.03 &     3.33 f
  add_0_root_sub_1_root_sub_23_U1_4/CO (FA_X1)            0.06 &     3.40 f
  U4/ZN (AND2_X1)                                         0.03 &     3.43 f
  U3/ZN (AND2_X1)                                         0.03 &     3.46 f
  U165/ZN (XNOR2_X1)                                      0.03 &     3.48 r
  U182/ZN (AND2_X1)                                       0.05 &     3.53 r
  result_reg_30_/D (DFF_X1)                               0.00 &     3.53 r
  data arrival time                                                  3.53

  clock clk (rise edge)                                   4.50       4.50
  clock network delay (propagated)                        0.02       4.52
  result_reg_30_/CK (DFF_X1)                              0.00       4.52 r
  library setup time                                     -0.03       4.49
  data required time                                                 4.49
  --------------------------------------------------------------------------
  data required time                                                 4.49
  data arrival time                                                 -3.53
  --------------------------------------------------------------------------
  slack (MET)                                                        0.96


  Startpoint: a_reg_reg_2_
              (rising edge-triggered flip-flop clocked by clk)
  Endpoint: result_reg_29_
            (rising edge-triggered flip-flop clocked by clk)
  Path Group: clk
  Path Type: max

  Point                                                   Incr       Path
  --------------------------------------------------------------------------
  clock clk (rise edge)                                   0.00       0.00
  clock network delay (propagated)                        0.03       0.03
  a_reg_reg_2_/CK (DFF_X1)                                0.00       0.03 r
  a_reg_reg_2_/Q (DFF_X1)                                 0.18       0.22 r
  mult_17/a[2] (FPMultiplier_DW_mult_uns_0)               0.00       0.22 r
  mult_17/U17/ZN (INV_X1)                                 0.14 &     0.35 f
  mult_17/U2316/ZN (XNOR2_X1)                             0.07 &     0.43 f
  mult_17/U1665/ZN (OR3_X1)                               0.13 &     0.55 f
  mult_17/U2312/ZN (OAI22_X1)                             0.06 &     0.61 r
  mult_17/U2311/ZN (AOI221_X1)                            0.02 &     0.63 f
  mult_17/U2310/ZN (XNOR2_X1)                             0.05 &     0.68 f
  mult_17/U1280/ZN (NAND2_X1)                             0.02 &     0.71 r
  mult_17/U1191/ZN (AND3_X1)                              0.05 &     0.75 r
  mult_17/U2306/ZN (OAI222_X1)                            0.04 &     0.79 f
  mult_17/U2302/ZN (AOI222_X1)                            0.07 &     0.87 r
  mult_17/U2298/ZN (OAI222_X1)                            0.05 &     0.92 f
  mult_17/U1586/ZN (NAND2_X1)                             0.02 &     0.94 r
  mult_17/U1192/ZN (AND3_X1)                              0.05 &     0.98 r
  mult_17/U2291/ZN (OAI222_X1)                            0.04 &     1.02 f
  mult_17/U2287/ZN (AOI222_X1)                            0.08 &     1.10 r
  mult_17/U2283/ZN (OAI222_X1)                            0.05 &     1.15 f
  mult_17/U2279/ZN (AOI222_X1)                            0.07 &     1.22 r
  mult_17/U2275/ZN (OAI222_X1)                            0.05 &     1.27 f
  mult_17/U1536/ZN (NAND2_X1)                             0.02 &     1.29 r
  mult_17/U1281/ZN (AND3_X1)                              0.05 &     1.34 r
  mult_17/U2268/ZN (OAI222_X1)                            0.04 &     1.38 f
  mult_17/U1583/ZN (NAND2_X1)                             0.02 &     1.39 r
  mult_17/U1214/ZN (AND3_X1)                              0.05 &     1.44 r
  mult_17/U1534/ZN (OAI222_X1)                            0.04 &     1.48 f
  mult_17/U1354/ZN (NAND2_X1)                             0.02 &     1.50 r
  mult_17/U1235/ZN (AND3_X1)                              0.05 &     1.54 r
  mult_17/U2258/ZN (OAI222_X1)                            0.04 &     1.58 f
  mult_17/U1389/ZN (NAND2_X1)                             0.02 &     1.60 r
  mult_17/U1260/ZN (AND3_X1)                              0.05 &     1.64 r
  mult_17/U2252/ZN (OAI222_X1)                            0.04 &     1.68 f
  mult_17/U1643/ZN (NAND2_X1)                             0.02 &     1.70 r
  mult_17/U1645/ZN (AND3_X1)                              0.04 &     1.74 r
  mult_17/U2247/ZN (OAI222_X1)                            0.03 &     1.78 f
  mult_17/U150/CO (FA_X1)                                 0.07 &     1.85 f
  mult_17/U1655/ZN (NAND2_X1)                             0.02 &     1.87 r
  mult_17/U1230/ZN (NAND3_X1)                             0.03 &     1.90 f
  mult_17/U1346/ZN (NAND2_X1)                             0.02 &     1.92 r
  mult_17/U1349/ZN (NAND3_X1)                             0.02 &     1.94 f
  mult_17/U147/CO (FA_X1)                                 0.07 &     2.01 f
  mult_17/U1294/ZN (NAND2_X1)                             0.02 &     2.03 r
  mult_17/U1297/ZN (NAND3_X1)                             0.03 &     2.05 f
  mult_17/U1595/ZN (NAND2_X1)                             0.02 &     2.08 r
  mult_17/U1598/ZN (NAND3_X1)                             0.02 &     2.10 f
  mult_17/U1285/ZN (NAND2_X1)                             0.01 &     2.11 r
  mult_17/U1287/ZN (NAND3_X1)                             0.02 &     2.14 f
  mult_17/U143/CO (FA_X1)                                 0.07 &     2.21 f
  mult_17/U1698/ZN (NAND2_X1)                             0.02 &     2.23 r
  mult_17/U1700/ZN (NAND3_X1)                             0.02 &     2.25 f
  mult_17/U1611/ZN (NAND2_X1)                             0.02 &     2.27 r
  mult_17/U1301/ZN (NAND3_X1)                             0.03 &     2.30 f
  mult_17/U1358/ZN (NAND2_X1)                             0.02 &     2.32 r
  mult_17/U1361/ZN (NAND3_X1)                             0.02 &     2.34 f
  mult_17/U139/CO (FA_X1)                                 0.07 &     2.41 f
  mult_17/U1630/ZN (NAND2_X1)                             0.02 &     2.43 r
  mult_17/U1302/ZN (NAND3_X1)                             0.03 &     2.46 f
  mult_17/U1365/ZN (NAND2_X1)                             0.02 &     2.47 r
  mult_17/U1368/ZN (NAND3_X1)                             0.02 &     2.49 f
  mult_17/U136/CO (FA_X1)                                 0.07 &     2.56 f
  mult_17/U1638/ZN (NAND2_X1)                             0.02 &     2.58 r
  mult_17/U1640/ZN (NAND3_X1)                             0.02 &     2.60 f
  mult_17/U134/CO (FA_X1)                                 0.07 &     2.67 f
  mult_17/U1649/ZN (NAND2_X1)                             0.02 &     2.69 r
  mult_17/U1652/ZN (NAND3_X1)                             0.02 &     2.72 f
  mult_17/U132/CO (FA_X1)                                 0.07 &     2.79 f
  mult_17/U1668/ZN (NAND2_X1)                             0.02 &     2.80 r
  mult_17/U1671/ZN (NAND3_X1)                             0.02 &     2.83 f
  mult_17/U130/CO (FA_X1)                                 0.07 &     2.90 f
  mult_17/U1692/ZN (NAND2_X1)                             0.02 &     2.91 r
  mult_17/U1694/ZN (NAND3_X1)                             0.02 &     2.94 f
  mult_17/U128/CO (FA_X1)                                 0.07 &     3.01 f
  mult_17/U1685/ZN (NAND2_X1)                             0.02 &     3.02 r
  mult_17/U1385/ZN (NAND3_X1)                             0.02 &     3.05 f
  mult_17/U1384/ZN (XNOR2_X1)                             0.04 &     3.09 f
  mult_17/U1533/ZN (XNOR2_X1)                             0.06 &     3.15 r
  mult_17/product[47] (FPMultiplier_DW_mult_uns_0)        0.00       3.15 r
  U179/ZN (INV_X1)                                        0.03 &     3.18 f
  U146/ZN (AND2_X1)                                       0.03 &     3.21 f
  add_0_root_sub_1_root_sub_23_U1_1/CO (FA_X1)            0.07 &     3.27 f
  U1/ZN (AND2_X1)                                         0.03 &     3.31 f
  U2/ZN (AND2_X1)                                         0.03 &     3.33 f
  add_0_root_sub_1_root_sub_23_U1_4/CO (FA_X1)            0.06 &     3.40 f
  U4/ZN (AND2_X1)                                         0.03 &     3.43 f
  U100/Z (XOR2_X1)                                        0.05 &     3.47 f
  U151/ZN (AND2_X1)                                       0.03 &     3.50 f
  result_reg_29_/D (DFF_X1)                               0.00 &     3.50 f
  data arrival time                                                  3.50

  clock clk (rise edge)                                   4.50       4.50
  clock network delay (propagated)                        0.03       4.53
  result_reg_29_/CK (DFF_X1)                              0.00       4.53 r
  library setup time                                     -0.03       4.50
  data required time                                                 4.50
  --------------------------------------------------------------------------
  data required time                                                 4.50
  data arrival time                                                 -3.50
  --------------------------------------------------------------------------
  slack (MET)                                                        0.99


  Startpoint: a_reg_reg_2_
              (rising edge-triggered flip-flop clocked by clk)
  Endpoint: result_reg_28_
            (rising edge-triggered flip-flop clocked by clk)
  Path Group: clk
  Path Type: max

  Point                                                   Incr       Path
  --------------------------------------------------------------------------
  clock clk (rise edge)                                   0.00       0.00
  clock network delay (propagated)                        0.03       0.03
  a_reg_reg_2_/CK (DFF_X1)                                0.00       0.03 r
  a_reg_reg_2_/Q (DFF_X1)                                 0.18       0.22 r
  mult_17/a[2] (FPMultiplier_DW_mult_uns_0)               0.00       0.22 r
  mult_17/U17/ZN (INV_X1)                                 0.14 &     0.35 f
  mult_17/U2316/ZN (XNOR2_X1)                             0.07 &     0.43 f
  mult_17/U1665/ZN (OR3_X1)                               0.13 &     0.55 f
  mult_17/U2312/ZN (OAI22_X1)                             0.06 &     0.61 r
  mult_17/U2311/ZN (AOI221_X1)                            0.02 &     0.63 f
  mult_17/U2310/ZN (XNOR2_X1)                             0.05 &     0.68 f
  mult_17/U1280/ZN (NAND2_X1)                             0.02 &     0.71 r
  mult_17/U1191/ZN (AND3_X1)                              0.05 &     0.75 r
  mult_17/U2306/ZN (OAI222_X1)                            0.04 &     0.79 f
  mult_17/U2302/ZN (AOI222_X1)                            0.07 &     0.87 r
  mult_17/U2298/ZN (OAI222_X1)                            0.05 &     0.92 f
  mult_17/U1586/ZN (NAND2_X1)                             0.02 &     0.94 r
  mult_17/U1192/ZN (AND3_X1)                              0.05 &     0.98 r
  mult_17/U2291/ZN (OAI222_X1)                            0.04 &     1.02 f
  mult_17/U2287/ZN (AOI222_X1)                            0.08 &     1.10 r
  mult_17/U2283/ZN (OAI222_X1)                            0.05 &     1.15 f
  mult_17/U2279/ZN (AOI222_X1)                            0.07 &     1.22 r
  mult_17/U2275/ZN (OAI222_X1)                            0.05 &     1.27 f
  mult_17/U1536/ZN (NAND2_X1)                             0.02 &     1.29 r
  mult_17/U1281/ZN (AND3_X1)                              0.05 &     1.34 r
  mult_17/U2268/ZN (OAI222_X1)                            0.04 &     1.38 f
  mult_17/U1583/ZN (NAND2_X1)                             0.02 &     1.39 r
  mult_17/U1214/ZN (AND3_X1)                              0.05 &     1.44 r
  mult_17/U1534/ZN (OAI222_X1)                            0.04 &     1.48 f
  mult_17/U1354/ZN (NAND2_X1)                             0.02 &     1.50 r
  mult_17/U1235/ZN (AND3_X1)                              0.05 &     1.54 r
  mult_17/U2258/ZN (OAI222_X1)                            0.04 &     1.58 f
  mult_17/U1389/ZN (NAND2_X1)                             0.02 &     1.60 r
  mult_17/U1260/ZN (AND3_X1)                              0.05 &     1.64 r
  mult_17/U2252/ZN (OAI222_X1)                            0.04 &     1.68 f
  mult_17/U1643/ZN (NAND2_X1)                             0.02 &     1.70 r
  mult_17/U1645/ZN (AND3_X1)                              0.04 &     1.74 r
  mult_17/U2247/ZN (OAI222_X1)                            0.03 &     1.78 f
  mult_17/U150/CO (FA_X1)                                 0.07 &     1.85 f
  mult_17/U1655/ZN (NAND2_X1)                             0.02 &     1.87 r
  mult_17/U1230/ZN (NAND3_X1)                             0.03 &     1.90 f
  mult_17/U1346/ZN (NAND2_X1)                             0.02 &     1.92 r
  mult_17/U1349/ZN (NAND3_X1)                             0.02 &     1.94 f
  mult_17/U147/CO (FA_X1)                                 0.07 &     2.01 f
  mult_17/U1294/ZN (NAND2_X1)                             0.02 &     2.03 r
  mult_17/U1297/ZN (NAND3_X1)                             0.03 &     2.05 f
  mult_17/U1595/ZN (NAND2_X1)                             0.02 &     2.08 r
  mult_17/U1598/ZN (NAND3_X1)                             0.02 &     2.10 f
  mult_17/U1285/ZN (NAND2_X1)                             0.01 &     2.11 r
  mult_17/U1287/ZN (NAND3_X1)                             0.02 &     2.14 f
  mult_17/U143/CO (FA_X1)                                 0.07 &     2.21 f
  mult_17/U1698/ZN (NAND2_X1)                             0.02 &     2.23 r
  mult_17/U1700/ZN (NAND3_X1)                             0.02 &     2.25 f
  mult_17/U1611/ZN (NAND2_X1)                             0.02 &     2.27 r
  mult_17/U1301/ZN (NAND3_X1)                             0.03 &     2.30 f
  mult_17/U1358/ZN (NAND2_X1)                             0.02 &     2.32 r
  mult_17/U1361/ZN (NAND3_X1)                             0.02 &     2.34 f
  mult_17/U139/CO (FA_X1)                                 0.07 &     2.41 f
  mult_17/U1630/ZN (NAND2_X1)                             0.02 &     2.43 r
  mult_17/U1302/ZN (NAND3_X1)                             0.03 &     2.46 f
  mult_17/U1365/ZN (NAND2_X1)                             0.02 &     2.47 r
  mult_17/U1368/ZN (NAND3_X1)                             0.02 &     2.49 f
  mult_17/U136/CO (FA_X1)                                 0.07 &     2.56 f
  mult_17/U1638/ZN (NAND2_X1)                             0.02 &     2.58 r
  mult_17/U1640/ZN (NAND3_X1)                             0.02 &     2.60 f
  mult_17/U134/CO (FA_X1)                                 0.07 &     2.67 f
  mult_17/U1649/ZN (NAND2_X1)                             0.02 &     2.69 r
  mult_17/U1652/ZN (NAND3_X1)                             0.02 &     2.72 f
  mult_17/U132/CO (FA_X1)                                 0.07 &     2.79 f
  mult_17/U1668/ZN (NAND2_X1)                             0.02 &     2.80 r
  mult_17/U1671/ZN (NAND3_X1)                             0.02 &     2.83 f
  mult_17/U130/CO (FA_X1)                                 0.07 &     2.90 f
  mult_17/U1692/ZN (NAND2_X1)                             0.02 &     2.91 r
  mult_17/U1694/ZN (NAND3_X1)                             0.02 &     2.94 f
  mult_17/U128/CO (FA_X1)                                 0.07 &     3.01 f
  mult_17/U1685/ZN (NAND2_X1)                             0.02 &     3.02 r
  mult_17/U1385/ZN (NAND3_X1)                             0.02 &     3.05 f
  mult_17/U1384/ZN (XNOR2_X1)                             0.04 &     3.09 f
  mult_17/U1533/ZN (XNOR2_X1)                             0.06 &     3.15 r
  mult_17/product[47] (FPMultiplier_DW_mult_uns_0)        0.00       3.15 r
  U179/ZN (INV_X1)                                        0.03 &     3.18 f
  U146/ZN (AND2_X1)                                       0.03 &     3.21 f
  add_0_root_sub_1_root_sub_23_U1_1/CO (FA_X1)            0.07 &     3.27 f
  U1/ZN (AND2_X1)                                         0.03 &     3.31 f
  U2/ZN (AND2_X1)                                         0.03 &     3.33 f
  add_0_root_sub_1_root_sub_23_U1_4/CO (FA_X1)            0.06 &     3.40 f
  U102/Z (XOR2_X1)                                        0.05 &     3.44 f
  U154/ZN (AND2_X1)                                       0.03 &     3.47 f
  result_reg_28_/D (DFF_X1)                               0.00 &     3.48 f
  data arrival time                                                  3.48

  clock clk (rise edge)                                   4.50       4.50
  clock network delay (propagated)                        0.02       4.52
  result_reg_28_/CK (DFF_X1)                              0.00       4.52 r
  library setup time                                     -0.03       4.50
  data required time                                                 4.50
  --------------------------------------------------------------------------
  data required time                                                 4.50
  data arrival time                                                 -3.48
  --------------------------------------------------------------------------
  slack (MET)                                                        1.02


  Startpoint: a_reg_reg_2_
              (rising edge-triggered flip-flop clocked by clk)
  Endpoint: result_reg_27_
            (rising edge-triggered flip-flop clocked by clk)
  Path Group: clk
  Path Type: max

  Point                                                   Incr       Path
  --------------------------------------------------------------------------
  clock clk (rise edge)                                   0.00       0.00
  clock network delay (propagated)                        0.03       0.03
  a_reg_reg_2_/CK (DFF_X1)                                0.00       0.03 r
  a_reg_reg_2_/Q (DFF_X1)                                 0.18       0.22 r
  mult_17/a[2] (FPMultiplier_DW_mult_uns_0)               0.00       0.22 r
  mult_17/U17/ZN (INV_X1)                                 0.14 &     0.35 f
  mult_17/U2316/ZN (XNOR2_X1)                             0.07 &     0.43 f
  mult_17/U1665/ZN (OR3_X1)                               0.13 &     0.55 f
  mult_17/U2312/ZN (OAI22_X1)                             0.06 &     0.61 r
  mult_17/U2311/ZN (AOI221_X1)                            0.02 &     0.63 f
  mult_17/U2310/ZN (XNOR2_X1)                             0.05 &     0.68 f
  mult_17/U1280/ZN (NAND2_X1)                             0.02 &     0.71 r
  mult_17/U1191/ZN (AND3_X1)                              0.05 &     0.75 r
  mult_17/U2306/ZN (OAI222_X1)                            0.04 &     0.79 f
  mult_17/U2302/ZN (AOI222_X1)                            0.07 &     0.87 r
  mult_17/U2298/ZN (OAI222_X1)                            0.05 &     0.92 f
  mult_17/U1586/ZN (NAND2_X1)                             0.02 &     0.94 r
  mult_17/U1192/ZN (AND3_X1)                              0.05 &     0.98 r
  mult_17/U2291/ZN (OAI222_X1)                            0.04 &     1.02 f
  mult_17/U2287/ZN (AOI222_X1)                            0.08 &     1.10 r
  mult_17/U2283/ZN (OAI222_X1)                            0.05 &     1.15 f
  mult_17/U2279/ZN (AOI222_X1)                            0.07 &     1.22 r
  mult_17/U2275/ZN (OAI222_X1)                            0.05 &     1.27 f
  mult_17/U1536/ZN (NAND2_X1)                             0.02 &     1.29 r
  mult_17/U1281/ZN (AND3_X1)                              0.05 &     1.34 r
  mult_17/U2268/ZN (OAI222_X1)                            0.04 &     1.38 f
  mult_17/U1583/ZN (NAND2_X1)                             0.02 &     1.39 r
  mult_17/U1214/ZN (AND3_X1)                              0.05 &     1.44 r
  mult_17/U1534/ZN (OAI222_X1)                            0.04 &     1.48 f
  mult_17/U1354/ZN (NAND2_X1)                             0.02 &     1.50 r
  mult_17/U1235/ZN (AND3_X1)                              0.05 &     1.54 r
  mult_17/U2258/ZN (OAI222_X1)                            0.04 &     1.58 f
  mult_17/U1389/ZN (NAND2_X1)                             0.02 &     1.60 r
  mult_17/U1260/ZN (AND3_X1)                              0.05 &     1.64 r
  mult_17/U2252/ZN (OAI222_X1)                            0.04 &     1.68 f
  mult_17/U1643/ZN (NAND2_X1)                             0.02 &     1.70 r
  mult_17/U1645/ZN (AND3_X1)                              0.04 &     1.74 r
  mult_17/U2247/ZN (OAI222_X1)                            0.03 &     1.78 f
  mult_17/U150/CO (FA_X1)                                 0.07 &     1.85 f
  mult_17/U1655/ZN (NAND2_X1)                             0.02 &     1.87 r
  mult_17/U1230/ZN (NAND3_X1)                             0.03 &     1.90 f
  mult_17/U1346/ZN (NAND2_X1)                             0.02 &     1.92 r
  mult_17/U1349/ZN (NAND3_X1)                             0.02 &     1.94 f
  mult_17/U147/CO (FA_X1)                                 0.07 &     2.01 f
  mult_17/U1294/ZN (NAND2_X1)                             0.02 &     2.03 r
  mult_17/U1297/ZN (NAND3_X1)                             0.03 &     2.05 f
  mult_17/U1595/ZN (NAND2_X1)                             0.02 &     2.08 r
  mult_17/U1598/ZN (NAND3_X1)                             0.02 &     2.10 f
  mult_17/U1285/ZN (NAND2_X1)                             0.01 &     2.11 r
  mult_17/U1287/ZN (NAND3_X1)                             0.02 &     2.14 f
  mult_17/U143/CO (FA_X1)                                 0.07 &     2.21 f
  mult_17/U1698/ZN (NAND2_X1)                             0.02 &     2.23 r
  mult_17/U1700/ZN (NAND3_X1)                             0.02 &     2.25 f
  mult_17/U1611/ZN (NAND2_X1)                             0.02 &     2.27 r
  mult_17/U1301/ZN (NAND3_X1)                             0.03 &     2.30 f
  mult_17/U1358/ZN (NAND2_X1)                             0.02 &     2.32 r
  mult_17/U1361/ZN (NAND3_X1)                             0.02 &     2.34 f
  mult_17/U139/CO (FA_X1)                                 0.07 &     2.41 f
  mult_17/U1630/ZN (NAND2_X1)                             0.02 &     2.43 r
  mult_17/U1302/ZN (NAND3_X1)                             0.03 &     2.46 f
  mult_17/U1365/ZN (NAND2_X1)                             0.02 &     2.47 r
  mult_17/U1368/ZN (NAND3_X1)                             0.02 &     2.49 f
  mult_17/U136/CO (FA_X1)                                 0.07 &     2.56 f
  mult_17/U1638/ZN (NAND2_X1)                             0.02 &     2.58 r
  mult_17/U1640/ZN (NAND3_X1)                             0.02 &     2.60 f
  mult_17/U134/CO (FA_X1)                                 0.07 &     2.67 f
  mult_17/U1649/ZN (NAND2_X1)                             0.02 &     2.69 r
  mult_17/U1652/ZN (NAND3_X1)                             0.02 &     2.72 f
  mult_17/U132/CO (FA_X1)                                 0.07 &     2.79 f
  mult_17/U1668/ZN (NAND2_X1)                             0.02 &     2.80 r
  mult_17/U1671/ZN (NAND3_X1)                             0.02 &     2.83 f
  mult_17/U130/CO (FA_X1)                                 0.07 &     2.90 f
  mult_17/U1692/ZN (NAND2_X1)                             0.02 &     2.91 r
  mult_17/U1694/ZN (NAND3_X1)                             0.02 &     2.94 f
  mult_17/U128/CO (FA_X1)                                 0.07 &     3.01 f
  mult_17/U1685/ZN (NAND2_X1)                             0.02 &     3.02 r
  mult_17/U1385/ZN (NAND3_X1)                             0.02 &     3.05 f
  mult_17/U1384/ZN (XNOR2_X1)                             0.04 &     3.09 f
  mult_17/U1533/ZN (XNOR2_X1)                             0.06 &     3.15 r
  mult_17/product[47] (FPMultiplier_DW_mult_uns_0)        0.00       3.15 r
  U179/ZN (INV_X1)                                        0.03 &     3.18 f
  U146/ZN (AND2_X1)                                       0.03 &     3.21 f
  add_0_root_sub_1_root_sub_23_U1_1/CO (FA_X1)            0.07 &     3.27 f
  U1/ZN (AND2_X1)                                         0.03 &     3.31 f
  U2/ZN (AND2_X1)                                         0.03 &     3.33 f
  add_0_root_sub_1_root_sub_23_U1_4/S (FA_X1)             0.09 &     3.43 r
  U155/ZN (AND2_X1)                                       0.03 &     3.46 r
  result_reg_27_/D (DFF_X1)                               0.00 &     3.46 r
  data arrival time                                                  3.46

  clock clk (rise edge)                                   4.50       4.50
  clock network delay (propagated)                        0.02       4.52
  result_reg_27_/CK (DFF_X1)                              0.00       4.52 r
  library setup time                                     -0.03       4.49
  data required time                                                 4.49
  --------------------------------------------------------------------------
  data required time                                                 4.49
  data arrival time                                                 -3.46
  --------------------------------------------------------------------------
  slack (MET)                                                        1.03


  Startpoint: a_reg_reg_2_
              (rising edge-triggered flip-flop clocked by clk)
  Endpoint: result_reg_26_
            (rising edge-triggered flip-flop clocked by clk)
  Path Group: clk
  Path Type: max

  Point                                                   Incr       Path
  --------------------------------------------------------------------------
  clock clk (rise edge)                                   0.00       0.00
  clock network delay (propagated)                        0.03       0.03
  a_reg_reg_2_/CK (DFF_X1)                                0.00       0.03 r
  a_reg_reg_2_/Q (DFF_X1)                                 0.18       0.22 r
  mult_17/a[2] (FPMultiplier_DW_mult_uns_0)               0.00       0.22 r
  mult_17/U17/ZN (INV_X1)                                 0.14 &     0.35 f
  mult_17/U2316/ZN (XNOR2_X1)                             0.07 &     0.43 f
  mult_17/U1665/ZN (OR3_X1)                               0.13 &     0.55 f
  mult_17/U2312/ZN (OAI22_X1)                             0.06 &     0.61 r
  mult_17/U2311/ZN (AOI221_X1)                            0.02 &     0.63 f
  mult_17/U2310/ZN (XNOR2_X1)                             0.05 &     0.68 f
  mult_17/U1280/ZN (NAND2_X1)                             0.02 &     0.71 r
  mult_17/U1191/ZN (AND3_X1)                              0.05 &     0.75 r
  mult_17/U2306/ZN (OAI222_X1)                            0.04 &     0.79 f
  mult_17/U2302/ZN (AOI222_X1)                            0.07 &     0.87 r
  mult_17/U2298/ZN (OAI222_X1)                            0.05 &     0.92 f
  mult_17/U1586/ZN (NAND2_X1)                             0.02 &     0.94 r
  mult_17/U1192/ZN (AND3_X1)                              0.05 &     0.98 r
  mult_17/U2291/ZN (OAI222_X1)                            0.04 &     1.02 f
  mult_17/U2287/ZN (AOI222_X1)                            0.08 &     1.10 r
  mult_17/U2283/ZN (OAI222_X1)                            0.05 &     1.15 f
  mult_17/U2279/ZN (AOI222_X1)                            0.07 &     1.22 r
  mult_17/U2275/ZN (OAI222_X1)                            0.05 &     1.27 f
  mult_17/U1536/ZN (NAND2_X1)                             0.02 &     1.29 r
  mult_17/U1281/ZN (AND3_X1)                              0.05 &     1.34 r
  mult_17/U2268/ZN (OAI222_X1)                            0.04 &     1.38 f
  mult_17/U1583/ZN (NAND2_X1)                             0.02 &     1.39 r
  mult_17/U1214/ZN (AND3_X1)                              0.05 &     1.44 r
  mult_17/U1534/ZN (OAI222_X1)                            0.04 &     1.48 f
  mult_17/U1354/ZN (NAND2_X1)                             0.02 &     1.50 r
  mult_17/U1235/ZN (AND3_X1)                              0.05 &     1.54 r
  mult_17/U2258/ZN (OAI222_X1)                            0.04 &     1.58 f
  mult_17/U1389/ZN (NAND2_X1)                             0.02 &     1.60 r
  mult_17/U1260/ZN (AND3_X1)                              0.05 &     1.64 r
  mult_17/U2252/ZN (OAI222_X1)                            0.04 &     1.68 f
  mult_17/U1643/ZN (NAND2_X1)                             0.02 &     1.70 r
  mult_17/U1645/ZN (AND3_X1)                              0.04 &     1.74 r
  mult_17/U2247/ZN (OAI222_X1)                            0.03 &     1.78 f
  mult_17/U150/CO (FA_X1)                                 0.07 &     1.85 f
  mult_17/U1655/ZN (NAND2_X1)                             0.02 &     1.87 r
  mult_17/U1230/ZN (NAND3_X1)                             0.03 &     1.90 f
  mult_17/U1346/ZN (NAND2_X1)                             0.02 &     1.92 r
  mult_17/U1349/ZN (NAND3_X1)                             0.02 &     1.94 f
  mult_17/U147/CO (FA_X1)                                 0.07 &     2.01 f
  mult_17/U1294/ZN (NAND2_X1)                             0.02 &     2.03 r
  mult_17/U1297/ZN (NAND3_X1)                             0.03 &     2.05 f
  mult_17/U1595/ZN (NAND2_X1)                             0.02 &     2.08 r
  mult_17/U1598/ZN (NAND3_X1)                             0.02 &     2.10 f
  mult_17/U1285/ZN (NAND2_X1)                             0.01 &     2.11 r
  mult_17/U1287/ZN (NAND3_X1)                             0.02 &     2.14 f
  mult_17/U143/CO (FA_X1)                                 0.07 &     2.21 f
  mult_17/U1698/ZN (NAND2_X1)                             0.02 &     2.23 r
  mult_17/U1700/ZN (NAND3_X1)                             0.02 &     2.25 f
  mult_17/U1611/ZN (NAND2_X1)                             0.02 &     2.27 r
  mult_17/U1301/ZN (NAND3_X1)                             0.03 &     2.30 f
  mult_17/U1358/ZN (NAND2_X1)                             0.02 &     2.32 r
  mult_17/U1361/ZN (NAND3_X1)                             0.02 &     2.34 f
  mult_17/U139/CO (FA_X1)                                 0.07 &     2.41 f
  mult_17/U1630/ZN (NAND2_X1)                             0.02 &     2.43 r
  mult_17/U1302/ZN (NAND3_X1)                             0.03 &     2.46 f
  mult_17/U1365/ZN (NAND2_X1)                             0.02 &     2.47 r
  mult_17/U1368/ZN (NAND3_X1)                             0.02 &     2.49 f
  mult_17/U136/CO (FA_X1)                                 0.07 &     2.56 f
  mult_17/U1638/ZN (NAND2_X1)                             0.02 &     2.58 r
  mult_17/U1640/ZN (NAND3_X1)                             0.02 &     2.60 f
  mult_17/U134/CO (FA_X1)                                 0.07 &     2.67 f
  mult_17/U1649/ZN (NAND2_X1)                             0.02 &     2.69 r
  mult_17/U1652/ZN (NAND3_X1)                             0.02 &     2.72 f
  mult_17/U132/CO (FA_X1)                                 0.07 &     2.79 f
  mult_17/U1668/ZN (NAND2_X1)                             0.02 &     2.80 r
  mult_17/U1671/ZN (NAND3_X1)                             0.02 &     2.83 f
  mult_17/U130/CO (FA_X1)                                 0.07 &     2.90 f
  mult_17/U1692/ZN (NAND2_X1)                             0.02 &     2.91 r
  mult_17/U1694/ZN (NAND3_X1)                             0.02 &     2.94 f
  mult_17/U128/CO (FA_X1)                                 0.07 &     3.01 f
  mult_17/U1685/ZN (NAND2_X1)                             0.02 &     3.02 r
  mult_17/U1385/ZN (NAND3_X1)                             0.02 &     3.05 f
  mult_17/U1384/ZN (XNOR2_X1)                             0.04 &     3.09 f
  mult_17/U1533/ZN (XNOR2_X1)                             0.06 &     3.15 r
  mult_17/product[47] (FPMultiplier_DW_mult_uns_0)        0.00       3.15 r
  U179/ZN (INV_X1)                                        0.03 &     3.18 f
  U146/ZN (AND2_X1)                                       0.03 &     3.21 f
  add_0_root_sub_1_root_sub_23_U1_1/CO (FA_X1)            0.07 &     3.27 f
  U1/ZN (AND2_X1)                                         0.03 &     3.31 f
  U98/Z (XOR2_X1)                                         0.04 &     3.35 f
  U156/ZN (AND2_X1)                                       0.03 &     3.38 f
  result_reg_26_/D (DFF_X1)                               0.00 &     3.38 f
  data arrival time                                                  3.38

  clock clk (rise edge)                                   4.50       4.50
  clock network delay (propagated)                        0.02       4.52
  result_reg_26_/CK (DFF_X1)                              0.00       4.52 r
  library setup time                                     -0.03       4.50
  data required time                                                 4.50
  --------------------------------------------------------------------------
  data required time                                                 4.50
  data arrival time                                                 -3.38
  --------------------------------------------------------------------------
  slack (MET)                                                        1.11


  Startpoint: a_reg_reg_2_
              (rising edge-triggered flip-flop clocked by clk)
  Endpoint: result_reg_25_
            (rising edge-triggered flip-flop clocked by clk)
  Path Group: clk
  Path Type: max

  Point                                                   Incr       Path
  --------------------------------------------------------------------------
  clock clk (rise edge)                                   0.00       0.00
  clock network delay (propagated)                        0.03       0.03
  a_reg_reg_2_/CK (DFF_X1)                                0.00       0.03 r
  a_reg_reg_2_/Q (DFF_X1)                                 0.18       0.22 r
  mult_17/a[2] (FPMultiplier_DW_mult_uns_0)               0.00       0.22 r
  mult_17/U17/ZN (INV_X1)                                 0.14 &     0.35 f
  mult_17/U2316/ZN (XNOR2_X1)                             0.07 &     0.43 f
  mult_17/U1665/ZN (OR3_X1)                               0.13 &     0.55 f
  mult_17/U2312/ZN (OAI22_X1)                             0.06 &     0.61 r
  mult_17/U2311/ZN (AOI221_X1)                            0.02 &     0.63 f
  mult_17/U2310/ZN (XNOR2_X1)                             0.05 &     0.68 f
  mult_17/U1280/ZN (NAND2_X1)                             0.02 &     0.71 r
  mult_17/U1191/ZN (AND3_X1)                              0.05 &     0.75 r
  mult_17/U2306/ZN (OAI222_X1)                            0.04 &     0.79 f
  mult_17/U2302/ZN (AOI222_X1)                            0.07 &     0.87 r
  mult_17/U2298/ZN (OAI222_X1)                            0.05 &     0.92 f
  mult_17/U1586/ZN (NAND2_X1)                             0.02 &     0.94 r
  mult_17/U1192/ZN (AND3_X1)                              0.05 &     0.98 r
  mult_17/U2291/ZN (OAI222_X1)                            0.04 &     1.02 f
  mult_17/U2287/ZN (AOI222_X1)                            0.08 &     1.10 r
  mult_17/U2283/ZN (OAI222_X1)                            0.05 &     1.15 f
  mult_17/U2279/ZN (AOI222_X1)                            0.07 &     1.22 r
  mult_17/U2275/ZN (OAI222_X1)                            0.05 &     1.27 f
  mult_17/U1536/ZN (NAND2_X1)                             0.02 &     1.29 r
  mult_17/U1281/ZN (AND3_X1)                              0.05 &     1.34 r
  mult_17/U2268/ZN (OAI222_X1)                            0.04 &     1.38 f
  mult_17/U1583/ZN (NAND2_X1)                             0.02 &     1.39 r
  mult_17/U1214/ZN (AND3_X1)                              0.05 &     1.44 r
  mult_17/U1534/ZN (OAI222_X1)                            0.04 &     1.48 f
  mult_17/U1354/ZN (NAND2_X1)                             0.02 &     1.50 r
  mult_17/U1235/ZN (AND3_X1)                              0.05 &     1.54 r
  mult_17/U2258/ZN (OAI222_X1)                            0.04 &     1.58 f
  mult_17/U1389/ZN (NAND2_X1)                             0.02 &     1.60 r
  mult_17/U1260/ZN (AND3_X1)                              0.05 &     1.64 r
  mult_17/U2252/ZN (OAI222_X1)                            0.04 &     1.68 f
  mult_17/U1643/ZN (NAND2_X1)                             0.02 &     1.70 r
  mult_17/U1645/ZN (AND3_X1)                              0.04 &     1.74 r
  mult_17/U2247/ZN (OAI222_X1)                            0.03 &     1.78 f
  mult_17/U150/CO (FA_X1)                                 0.07 &     1.85 f
  mult_17/U1655/ZN (NAND2_X1)                             0.02 &     1.87 r
  mult_17/U1230/ZN (NAND3_X1)                             0.03 &     1.90 f
  mult_17/U1346/ZN (NAND2_X1)                             0.02 &     1.92 r
  mult_17/U1349/ZN (NAND3_X1)                             0.02 &     1.94 f
  mult_17/U147/CO (FA_X1)                                 0.07 &     2.01 f
  mult_17/U1294/ZN (NAND2_X1)                             0.02 &     2.03 r
  mult_17/U1297/ZN (NAND3_X1)                             0.03 &     2.05 f
  mult_17/U1595/ZN (NAND2_X1)                             0.02 &     2.08 r
  mult_17/U1598/ZN (NAND3_X1)                             0.02 &     2.10 f
  mult_17/U1285/ZN (NAND2_X1)                             0.01 &     2.11 r
  mult_17/U1287/ZN (NAND3_X1)                             0.02 &     2.14 f
  mult_17/U143/CO (FA_X1)                                 0.07 &     2.21 f
  mult_17/U1698/ZN (NAND2_X1)                             0.02 &     2.23 r
  mult_17/U1700/ZN (NAND3_X1)                             0.02 &     2.25 f
  mult_17/U1611/ZN (NAND2_X1)                             0.02 &     2.27 r
  mult_17/U1301/ZN (NAND3_X1)                             0.03 &     2.30 f
  mult_17/U1358/ZN (NAND2_X1)                             0.02 &     2.32 r
  mult_17/U1361/ZN (NAND3_X1)                             0.02 &     2.34 f
  mult_17/U139/CO (FA_X1)                                 0.07 &     2.41 f
  mult_17/U1630/ZN (NAND2_X1)                             0.02 &     2.43 r
  mult_17/U1302/ZN (NAND3_X1)                             0.03 &     2.46 f
  mult_17/U1365/ZN (NAND2_X1)                             0.02 &     2.47 r
  mult_17/U1368/ZN (NAND3_X1)                             0.02 &     2.49 f
  mult_17/U136/CO (FA_X1)                                 0.07 &     2.56 f
  mult_17/U1638/ZN (NAND2_X1)                             0.02 &     2.58 r
  mult_17/U1640/ZN (NAND3_X1)                             0.02 &     2.60 f
  mult_17/U134/CO (FA_X1)                                 0.07 &     2.67 f
  mult_17/U1649/ZN (NAND2_X1)                             0.02 &     2.69 r
  mult_17/U1652/ZN (NAND3_X1)                             0.02 &     2.72 f
  mult_17/U132/CO (FA_X1)                                 0.07 &     2.79 f
  mult_17/U1668/ZN (NAND2_X1)                             0.02 &     2.80 r
  mult_17/U1671/ZN (NAND3_X1)                             0.02 &     2.83 f
  mult_17/U130/CO (FA_X1)                                 0.07 &     2.90 f
  mult_17/U1692/ZN (NAND2_X1)                             0.02 &     2.91 r
  mult_17/U1694/ZN (NAND3_X1)                             0.02 &     2.94 f
  mult_17/U128/CO (FA_X1)                                 0.07 &     3.01 f
  mult_17/U1685/ZN (NAND2_X1)                             0.02 &     3.02 r
  mult_17/U1385/ZN (NAND3_X1)                             0.02 &     3.05 f
  mult_17/U1384/ZN (XNOR2_X1)                             0.04 &     3.09 f
  mult_17/U1533/ZN (XNOR2_X1)                             0.06 &     3.15 r
  mult_17/product[47] (FPMultiplier_DW_mult_uns_0)        0.00       3.15 r
  U179/ZN (INV_X1)                                        0.03 &     3.18 f
  U146/ZN (AND2_X1)                                       0.03 &     3.21 f
  add_0_root_sub_1_root_sub_23_U1_1/CO (FA_X1)            0.07 &     3.27 f
  U93/Z (XOR2_X1)                                         0.05 &     3.32 f
  U152/ZN (AND2_X1)                                       0.03 &     3.35 f
  result_reg_25_/D (DFF_X1)                               0.00 &     3.35 f
  data arrival time                                                  3.35

  clock clk (rise edge)                                   4.50       4.50
  clock network delay (propagated)                        0.02       4.52
  result_reg_25_/CK (DFF_X1)                              0.00       4.52 r
  library setup time                                     -0.03       4.50
  data required time                                                 4.50
  --------------------------------------------------------------------------
  data required time                                                 4.50
  data arrival time                                                 -3.35
  --------------------------------------------------------------------------
  slack (MET)                                                        1.14


  Startpoint: a_reg_reg_2_
              (rising edge-triggered flip-flop clocked by clk)
  Endpoint: result_reg_24_
            (rising edge-triggered flip-flop clocked by clk)
  Path Group: clk
  Path Type: max

  Point                                                   Incr       Path
  --------------------------------------------------------------------------
  clock clk (rise edge)                                   0.00       0.00
  clock network delay (propagated)                        0.03       0.03
  a_reg_reg_2_/CK (DFF_X1)                                0.00       0.03 r
  a_reg_reg_2_/Q (DFF_X1)                                 0.18       0.22 r
  mult_17/a[2] (FPMultiplier_DW_mult_uns_0)               0.00       0.22 r
  mult_17/U17/ZN (INV_X1)                                 0.14 &     0.35 f
  mult_17/U2316/ZN (XNOR2_X1)                             0.07 &     0.43 f
  mult_17/U1665/ZN (OR3_X1)                               0.13 &     0.55 f
  mult_17/U2312/ZN (OAI22_X1)                             0.06 &     0.61 r
  mult_17/U2311/ZN (AOI221_X1)                            0.02 &     0.63 f
  mult_17/U2310/ZN (XNOR2_X1)                             0.05 &     0.68 f
  mult_17/U1280/ZN (NAND2_X1)                             0.02 &     0.71 r
  mult_17/U1191/ZN (AND3_X1)                              0.05 &     0.75 r
  mult_17/U2306/ZN (OAI222_X1)                            0.04 &     0.79 f
  mult_17/U2302/ZN (AOI222_X1)                            0.07 &     0.87 r
  mult_17/U2298/ZN (OAI222_X1)                            0.05 &     0.92 f
  mult_17/U1586/ZN (NAND2_X1)                             0.02 &     0.94 r
  mult_17/U1192/ZN (AND3_X1)                              0.05 &     0.98 r
  mult_17/U2291/ZN (OAI222_X1)                            0.04 &     1.02 f
  mult_17/U2287/ZN (AOI222_X1)                            0.08 &     1.10 r
  mult_17/U2283/ZN (OAI222_X1)                            0.05 &     1.15 f
  mult_17/U2279/ZN (AOI222_X1)                            0.07 &     1.22 r
  mult_17/U2275/ZN (OAI222_X1)                            0.05 &     1.27 f
  mult_17/U1536/ZN (NAND2_X1)                             0.02 &     1.29 r
  mult_17/U1281/ZN (AND3_X1)                              0.05 &     1.34 r
  mult_17/U2268/ZN (OAI222_X1)                            0.04 &     1.38 f
  mult_17/U1583/ZN (NAND2_X1)                             0.02 &     1.39 r
  mult_17/U1214/ZN (AND3_X1)                              0.05 &     1.44 r
  mult_17/U1534/ZN (OAI222_X1)                            0.04 &     1.48 f
  mult_17/U1354/ZN (NAND2_X1)                             0.02 &     1.50 r
  mult_17/U1235/ZN (AND3_X1)                              0.05 &     1.54 r
  mult_17/U2258/ZN (OAI222_X1)                            0.04 &     1.58 f
  mult_17/U1389/ZN (NAND2_X1)                             0.02 &     1.60 r
  mult_17/U1260/ZN (AND3_X1)                              0.05 &     1.64 r
  mult_17/U2252/ZN (OAI222_X1)                            0.04 &     1.68 f
  mult_17/U1643/ZN (NAND2_X1)                             0.02 &     1.70 r
  mult_17/U1645/ZN (AND3_X1)                              0.04 &     1.74 r
  mult_17/U2247/ZN (OAI222_X1)                            0.03 &     1.78 f
  mult_17/U150/CO (FA_X1)                                 0.07 &     1.85 f
  mult_17/U1655/ZN (NAND2_X1)                             0.02 &     1.87 r
  mult_17/U1230/ZN (NAND3_X1)                             0.03 &     1.90 f
  mult_17/U1346/ZN (NAND2_X1)                             0.02 &     1.92 r
  mult_17/U1349/ZN (NAND3_X1)                             0.02 &     1.94 f
  mult_17/U147/CO (FA_X1)                                 0.07 &     2.01 f
  mult_17/U1294/ZN (NAND2_X1)                             0.02 &     2.03 r
  mult_17/U1297/ZN (NAND3_X1)                             0.03 &     2.05 f
  mult_17/U1595/ZN (NAND2_X1)                             0.02 &     2.08 r
  mult_17/U1598/ZN (NAND3_X1)                             0.02 &     2.10 f
  mult_17/U1285/ZN (NAND2_X1)                             0.01 &     2.11 r
  mult_17/U1287/ZN (NAND3_X1)                             0.02 &     2.14 f
  mult_17/U143/CO (FA_X1)                                 0.07 &     2.21 f
  mult_17/U1698/ZN (NAND2_X1)                             0.02 &     2.23 r
  mult_17/U1700/ZN (NAND3_X1)                             0.02 &     2.25 f
  mult_17/U1611/ZN (NAND2_X1)                             0.02 &     2.27 r
  mult_17/U1301/ZN (NAND3_X1)                             0.03 &     2.30 f
  mult_17/U1358/ZN (NAND2_X1)                             0.02 &     2.32 r
  mult_17/U1361/ZN (NAND3_X1)                             0.02 &     2.34 f
  mult_17/U139/CO (FA_X1)                                 0.07 &     2.41 f
  mult_17/U1630/ZN (NAND2_X1)                             0.02 &     2.43 r
  mult_17/U1302/ZN (NAND3_X1)                             0.03 &     2.46 f
  mult_17/U1365/ZN (NAND2_X1)                             0.02 &     2.47 r
  mult_17/U1368/ZN (NAND3_X1)                             0.02 &     2.49 f
  mult_17/U136/CO (FA_X1)                                 0.07 &     2.56 f
  mult_17/U1638/ZN (NAND2_X1)                             0.02 &     2.58 r
  mult_17/U1640/ZN (NAND3_X1)                             0.02 &     2.60 f
  mult_17/U134/CO (FA_X1)                                 0.07 &     2.67 f
  mult_17/U1649/ZN (NAND2_X1)                             0.02 &     2.69 r
  mult_17/U1652/ZN (NAND3_X1)                             0.02 &     2.72 f
  mult_17/U132/CO (FA_X1)                                 0.07 &     2.79 f
  mult_17/U1668/ZN (NAND2_X1)                             0.02 &     2.80 r
  mult_17/U1671/ZN (NAND3_X1)                             0.02 &     2.83 f
  mult_17/U130/CO (FA_X1)                                 0.07 &     2.90 f
  mult_17/U1692/ZN (NAND2_X1)                             0.02 &     2.91 r
  mult_17/U1694/ZN (NAND3_X1)                             0.02 &     2.94 f
  mult_17/U128/CO (FA_X1)                                 0.07 &     3.01 f
  mult_17/U1685/ZN (NAND2_X1)                             0.02 &     3.02 r
  mult_17/U1385/ZN (NAND3_X1)                             0.02 &     3.05 f
  mult_17/U1384/ZN (XNOR2_X1)                             0.04 &     3.09 f
  mult_17/U1533/ZN (XNOR2_X1)                             0.06 &     3.15 r
  mult_17/product[47] (FPMultiplier_DW_mult_uns_0)        0.00       3.15 r
  U179/ZN (INV_X1)                                        0.03 &     3.18 f
  U146/ZN (AND2_X1)                                       0.03 &     3.21 f
  add_0_root_sub_1_root_sub_23_U1_1/S (FA_X1)             0.10 &     3.31 r
  U132/ZN (AND2_X1)                                       0.03 &     3.34 r
  result_reg_24_/D (DFF_X1)                               0.00 &     3.34 r
  data arrival time                                                  3.34

  clock clk (rise edge)                                   4.50       4.50
  clock network delay (propagated)                        0.02       4.52
  result_reg_24_/CK (DFF_X1)                              0.00       4.52 r
  library setup time                                     -0.03       4.49
  data required time                                                 4.49
  --------------------------------------------------------------------------
  data required time                                                 4.49
  data arrival time                                                 -3.34
  --------------------------------------------------------------------------
  slack (MET)                                                        1.15


  Startpoint: a_reg_reg_2_
              (rising edge-triggered flip-flop clocked by clk)
  Endpoint: result_reg_2_
            (rising edge-triggered flip-flop clocked by clk)
  Path Group: clk
  Path Type: max

  Point                                                   Incr       Path
  --------------------------------------------------------------------------
  clock clk (rise edge)                                   0.00       0.00
  clock network delay (propagated)                        0.03       0.03
  a_reg_reg_2_/CK (DFF_X1)                                0.00       0.03 r
  a_reg_reg_2_/Q (DFF_X1)                                 0.18       0.22 r
  mult_17/a[2] (FPMultiplier_DW_mult_uns_0)               0.00       0.22 r
  mult_17/U17/ZN (INV_X1)                                 0.14 &     0.35 f
  mult_17/U2316/ZN (XNOR2_X1)                             0.07 &     0.43 f
  mult_17/U1665/ZN (OR3_X1)                               0.13 &     0.55 f
  mult_17/U2312/ZN (OAI22_X1)                             0.06 &     0.61 r
  mult_17/U2311/ZN (AOI221_X1)                            0.02 &     0.63 f
  mult_17/U2310/ZN (XNOR2_X1)                             0.05 &     0.68 f
  mult_17/U1280/ZN (NAND2_X1)                             0.02 &     0.71 r
  mult_17/U1191/ZN (AND3_X1)                              0.05 &     0.75 r
  mult_17/U2306/ZN (OAI222_X1)                            0.04 &     0.79 f
  mult_17/U2302/ZN (AOI222_X1)                            0.07 &     0.87 r
  mult_17/U2298/ZN (OAI222_X1)                            0.05 &     0.92 f
  mult_17/U1586/ZN (NAND2_X1)                             0.02 &     0.94 r
  mult_17/U1192/ZN (AND3_X1)                              0.05 &     0.98 r
  mult_17/U2291/ZN (OAI222_X1)                            0.04 &     1.02 f
  mult_17/U2287/ZN (AOI222_X1)                            0.08 &     1.10 r
  mult_17/U2283/ZN (OAI222_X1)                            0.05 &     1.15 f
  mult_17/U2279/ZN (AOI222_X1)                            0.07 &     1.22 r
  mult_17/U2275/ZN (OAI222_X1)                            0.05 &     1.27 f
  mult_17/U1536/ZN (NAND2_X1)                             0.02 &     1.29 r
  mult_17/U1281/ZN (AND3_X1)                              0.05 &     1.34 r
  mult_17/U2268/ZN (OAI222_X1)                            0.04 &     1.38 f
  mult_17/U1583/ZN (NAND2_X1)                             0.02 &     1.39 r
  mult_17/U1214/ZN (AND3_X1)                              0.05 &     1.44 r
  mult_17/U1534/ZN (OAI222_X1)                            0.04 &     1.48 f
  mult_17/U1354/ZN (NAND2_X1)                             0.02 &     1.50 r
  mult_17/U1235/ZN (AND3_X1)                              0.05 &     1.54 r
  mult_17/U2258/ZN (OAI222_X1)                            0.04 &     1.58 f
  mult_17/U1389/ZN (NAND2_X1)                             0.02 &     1.60 r
  mult_17/U1260/ZN (AND3_X1)                              0.05 &     1.64 r
  mult_17/U2252/ZN (OAI222_X1)                            0.04 &     1.68 f
  mult_17/U1643/ZN (NAND2_X1)                             0.02 &     1.70 r
  mult_17/U1645/ZN (AND3_X1)                              0.04 &     1.74 r
  mult_17/U2247/ZN (OAI222_X1)                            0.03 &     1.78 f
  mult_17/U150/CO (FA_X1)                                 0.07 &     1.85 f
  mult_17/U1655/ZN (NAND2_X1)                             0.02 &     1.87 r
  mult_17/U1230/ZN (NAND3_X1)                             0.03 &     1.90 f
  mult_17/U1346/ZN (NAND2_X1)                             0.02 &     1.92 r
  mult_17/U1349/ZN (NAND3_X1)                             0.02 &     1.94 f
  mult_17/U147/CO (FA_X1)                                 0.07 &     2.01 f
  mult_17/U1294/ZN (NAND2_X1)                             0.02 &     2.03 r
  mult_17/U1297/ZN (NAND3_X1)                             0.03 &     2.05 f
  mult_17/U1595/ZN (NAND2_X1)                             0.02 &     2.08 r
  mult_17/U1598/ZN (NAND3_X1)                             0.02 &     2.10 f
  mult_17/U1285/ZN (NAND2_X1)                             0.01 &     2.11 r
  mult_17/U1287/ZN (NAND3_X1)                             0.02 &     2.14 f
  mult_17/U143/CO (FA_X1)                                 0.07 &     2.21 f
  mult_17/U1698/ZN (NAND2_X1)                             0.02 &     2.23 r
  mult_17/U1700/ZN (NAND3_X1)                             0.02 &     2.25 f
  mult_17/U1611/ZN (NAND2_X1)                             0.02 &     2.27 r
  mult_17/U1301/ZN (NAND3_X1)                             0.03 &     2.30 f
  mult_17/U1358/ZN (NAND2_X1)                             0.02 &     2.32 r
  mult_17/U1361/ZN (NAND3_X1)                             0.02 &     2.34 f
  mult_17/U139/CO (FA_X1)                                 0.07 &     2.41 f
  mult_17/U1630/ZN (NAND2_X1)                             0.02 &     2.43 r
  mult_17/U1302/ZN (NAND3_X1)                             0.03 &     2.46 f
  mult_17/U1365/ZN (NAND2_X1)                             0.02 &     2.47 r
  mult_17/U1368/ZN (NAND3_X1)                             0.02 &     2.49 f
  mult_17/U136/CO (FA_X1)                                 0.07 &     2.56 f
  mult_17/U1638/ZN (NAND2_X1)                             0.02 &     2.58 r
  mult_17/U1640/ZN (NAND3_X1)                             0.02 &     2.60 f
  mult_17/U134/CO (FA_X1)                                 0.07 &     2.67 f
  mult_17/U1649/ZN (NAND2_X1)                             0.02 &     2.69 r
  mult_17/U1652/ZN (NAND3_X1)                             0.02 &     2.72 f
  mult_17/U132/CO (FA_X1)                                 0.07 &     2.79 f
  mult_17/U1668/ZN (NAND2_X1)                             0.02 &     2.80 r
  mult_17/U1671/ZN (NAND3_X1)                             0.02 &     2.83 f
  mult_17/U130/CO (FA_X1)                                 0.07 &     2.90 f
  mult_17/U1692/ZN (NAND2_X1)                             0.02 &     2.91 r
  mult_17/U1694/ZN (NAND3_X1)                             0.02 &     2.94 f
  mult_17/U128/CO (FA_X1)                                 0.07 &     3.01 f
  mult_17/U1685/ZN (NAND2_X1)                             0.02 &     3.02 r
  mult_17/U1385/ZN (NAND3_X1)                             0.02 &     3.05 f
  mult_17/U1384/ZN (XNOR2_X1)                             0.04 &     3.09 f
  mult_17/U1533/ZN (XNOR2_X1)                             0.06 &     3.15 r
  mult_17/product[47] (FPMultiplier_DW_mult_uns_0)        0.00       3.15 r
  U188/ZN (NAND2_X1)                                      0.09 &     3.24 f
  U108/ZN (OAI22_X1)                                      0.06 &     3.30 r
  result_reg_2_/D (DFF_X1)                                0.02 &     3.31 r
  data arrival time                                                  3.31

  clock clk (rise edge)                                   4.50       4.50
  clock network delay (propagated)                        0.04       4.54
  result_reg_2_/CK (DFF_X1)                               0.00       4.54 r
  library setup time                                     -0.05       4.49
  data required time                                                 4.49
  --------------------------------------------------------------------------
  data required time                                                 4.49
  data arrival time                                                 -3.31
  --------------------------------------------------------------------------
  slack (MET)                                                        1.18


  Startpoint: a_reg_reg_2_
              (rising edge-triggered flip-flop clocked by clk)
  Endpoint: result_reg_0_
            (rising edge-triggered flip-flop clocked by clk)
  Path Group: clk
  Path Type: max

  Point                                                   Incr       Path
  --------------------------------------------------------------------------
  clock clk (rise edge)                                   0.00       0.00
  clock network delay (propagated)                        0.03       0.03
  a_reg_reg_2_/CK (DFF_X1)                                0.00       0.03 r
  a_reg_reg_2_/Q (DFF_X1)                                 0.18       0.22 r
  mult_17/a[2] (FPMultiplier_DW_mult_uns_0)               0.00       0.22 r
  mult_17/U17/ZN (INV_X1)                                 0.14 &     0.35 f
  mult_17/U2316/ZN (XNOR2_X1)                             0.07 &     0.43 f
  mult_17/U1665/ZN (OR3_X1)                               0.13 &     0.55 f
  mult_17/U2312/ZN (OAI22_X1)                             0.06 &     0.61 r
  mult_17/U2311/ZN (AOI221_X1)                            0.02 &     0.63 f
  mult_17/U2310/ZN (XNOR2_X1)                             0.05 &     0.68 f
  mult_17/U1280/ZN (NAND2_X1)                             0.02 &     0.71 r
  mult_17/U1191/ZN (AND3_X1)                              0.05 &     0.75 r
  mult_17/U2306/ZN (OAI222_X1)                            0.04 &     0.79 f
  mult_17/U2302/ZN (AOI222_X1)                            0.07 &     0.87 r
  mult_17/U2298/ZN (OAI222_X1)                            0.05 &     0.92 f
  mult_17/U1586/ZN (NAND2_X1)                             0.02 &     0.94 r
  mult_17/U1192/ZN (AND3_X1)                              0.05 &     0.98 r
  mult_17/U2291/ZN (OAI222_X1)                            0.04 &     1.02 f
  mult_17/U2287/ZN (AOI222_X1)                            0.08 &     1.10 r
  mult_17/U2283/ZN (OAI222_X1)                            0.05 &     1.15 f
  mult_17/U2279/ZN (AOI222_X1)                            0.07 &     1.22 r
  mult_17/U2275/ZN (OAI222_X1)                            0.05 &     1.27 f
  mult_17/U1536/ZN (NAND2_X1)                             0.02 &     1.29 r
  mult_17/U1281/ZN (AND3_X1)                              0.05 &     1.34 r
  mult_17/U2268/ZN (OAI222_X1)                            0.04 &     1.38 f
  mult_17/U1583/ZN (NAND2_X1)                             0.02 &     1.39 r
  mult_17/U1214/ZN (AND3_X1)                              0.05 &     1.44 r
  mult_17/U1534/ZN (OAI222_X1)                            0.04 &     1.48 f
  mult_17/U1354/ZN (NAND2_X1)                             0.02 &     1.50 r
  mult_17/U1235/ZN (AND3_X1)                              0.05 &     1.54 r
  mult_17/U2258/ZN (OAI222_X1)                            0.04 &     1.58 f
  mult_17/U1389/ZN (NAND2_X1)                             0.02 &     1.60 r
  mult_17/U1260/ZN (AND3_X1)                              0.05 &     1.64 r
  mult_17/U2252/ZN (OAI222_X1)                            0.04 &     1.68 f
  mult_17/U1643/ZN (NAND2_X1)                             0.02 &     1.70 r
  mult_17/U1645/ZN (AND3_X1)                              0.04 &     1.74 r
  mult_17/U2247/ZN (OAI222_X1)                            0.03 &     1.78 f
  mult_17/U150/CO (FA_X1)                                 0.07 &     1.85 f
  mult_17/U1655/ZN (NAND2_X1)                             0.02 &     1.87 r
  mult_17/U1230/ZN (NAND3_X1)                             0.03 &     1.90 f
  mult_17/U1346/ZN (NAND2_X1)                             0.02 &     1.92 r
  mult_17/U1349/ZN (NAND3_X1)                             0.02 &     1.94 f
  mult_17/U147/CO (FA_X1)                                 0.07 &     2.01 f
  mult_17/U1294/ZN (NAND2_X1)                             0.02 &     2.03 r
  mult_17/U1297/ZN (NAND3_X1)                             0.03 &     2.05 f
  mult_17/U1595/ZN (NAND2_X1)                             0.02 &     2.08 r
  mult_17/U1598/ZN (NAND3_X1)                             0.02 &     2.10 f
  mult_17/U1285/ZN (NAND2_X1)                             0.01 &     2.11 r
  mult_17/U1287/ZN (NAND3_X1)                             0.02 &     2.14 f
  mult_17/U143/CO (FA_X1)                                 0.07 &     2.21 f
  mult_17/U1698/ZN (NAND2_X1)                             0.02 &     2.23 r
  mult_17/U1700/ZN (NAND3_X1)                             0.02 &     2.25 f
  mult_17/U1611/ZN (NAND2_X1)                             0.02 &     2.27 r
  mult_17/U1301/ZN (NAND3_X1)                             0.03 &     2.30 f
  mult_17/U1358/ZN (NAND2_X1)                             0.02 &     2.32 r
  mult_17/U1361/ZN (NAND3_X1)                             0.02 &     2.34 f
  mult_17/U139/CO (FA_X1)                                 0.07 &     2.41 f
  mult_17/U1630/ZN (NAND2_X1)                             0.02 &     2.43 r
  mult_17/U1302/ZN (NAND3_X1)                             0.03 &     2.46 f
  mult_17/U1365/ZN (NAND2_X1)                             0.02 &     2.47 r
  mult_17/U1368/ZN (NAND3_X1)                             0.02 &     2.49 f
  mult_17/U136/CO (FA_X1)                                 0.07 &     2.56 f
  mult_17/U1638/ZN (NAND2_X1)                             0.02 &     2.58 r
  mult_17/U1640/ZN (NAND3_X1)                             0.02 &     2.60 f
  mult_17/U134/CO (FA_X1)                                 0.07 &     2.67 f
  mult_17/U1649/ZN (NAND2_X1)                             0.02 &     2.69 r
  mult_17/U1652/ZN (NAND3_X1)                             0.02 &     2.72 f
  mult_17/U132/CO (FA_X1)                                 0.07 &     2.79 f
  mult_17/U1668/ZN (NAND2_X1)                             0.02 &     2.80 r
  mult_17/U1671/ZN (NAND3_X1)                             0.02 &     2.83 f
  mult_17/U130/CO (FA_X1)                                 0.07 &     2.90 f
  mult_17/U1692/ZN (NAND2_X1)                             0.02 &     2.91 r
  mult_17/U1694/ZN (NAND3_X1)                             0.02 &     2.94 f
  mult_17/U128/CO (FA_X1)                                 0.07 &     3.01 f
  mult_17/U1685/ZN (NAND2_X1)                             0.02 &     3.02 r
  mult_17/U1385/ZN (NAND3_X1)                             0.02 &     3.05 f
  mult_17/U1384/ZN (XNOR2_X1)                             0.04 &     3.09 f
  mult_17/U1533/ZN (XNOR2_X1)                             0.06 &     3.15 r
  mult_17/product[47] (FPMultiplier_DW_mult_uns_0)        0.00       3.15 r
  U188/ZN (NAND2_X1)                                      0.09 &     3.24 f
  U118/ZN (OAI22_X1)                                      0.06 &     3.30 r
  result_reg_0_/D (DFF_X1)                                0.01 &     3.30 r
  data arrival time                                                  3.30

  clock clk (rise edge)                                   4.50       4.50
  clock network delay (propagated)                        0.04       4.54
  result_reg_0_/CK (DFF_X1)                               0.00       4.54 r
  library setup time                                     -0.04       4.49
  data required time                                                 4.49
  --------------------------------------------------------------------------
  data required time                                                 4.49
  data arrival time                                                 -3.30
  --------------------------------------------------------------------------
  slack (MET)                                                        1.19


  Startpoint: a_reg_reg_2_
              (rising edge-triggered flip-flop clocked by clk)
  Endpoint: result_reg_1_
            (rising edge-triggered flip-flop clocked by clk)
  Path Group: clk
  Path Type: max

  Point                                                   Incr       Path
  --------------------------------------------------------------------------
  clock clk (rise edge)                                   0.00       0.00
  clock network delay (propagated)                        0.03       0.03
  a_reg_reg_2_/CK (DFF_X1)                                0.00       0.03 r
  a_reg_reg_2_/Q (DFF_X1)                                 0.18       0.22 r
  mult_17/a[2] (FPMultiplier_DW_mult_uns_0)               0.00       0.22 r
  mult_17/U17/ZN (INV_X1)                                 0.14 &     0.35 f
  mult_17/U2316/ZN (XNOR2_X1)                             0.07 &     0.43 f
  mult_17/U1665/ZN (OR3_X1)                               0.13 &     0.55 f
  mult_17/U2312/ZN (OAI22_X1)                             0.06 &     0.61 r
  mult_17/U2311/ZN (AOI221_X1)                            0.02 &     0.63 f
  mult_17/U2310/ZN (XNOR2_X1)                             0.05 &     0.68 f
  mult_17/U1280/ZN (NAND2_X1)                             0.02 &     0.71 r
  mult_17/U1191/ZN (AND3_X1)                              0.05 &     0.75 r
  mult_17/U2306/ZN (OAI222_X1)                            0.04 &     0.79 f
  mult_17/U2302/ZN (AOI222_X1)                            0.07 &     0.87 r
  mult_17/U2298/ZN (OAI222_X1)                            0.05 &     0.92 f
  mult_17/U1586/ZN (NAND2_X1)                             0.02 &     0.94 r
  mult_17/U1192/ZN (AND3_X1)                              0.05 &     0.98 r
  mult_17/U2291/ZN (OAI222_X1)                            0.04 &     1.02 f
  mult_17/U2287/ZN (AOI222_X1)                            0.08 &     1.10 r
  mult_17/U2283/ZN (OAI222_X1)                            0.05 &     1.15 f
  mult_17/U2279/ZN (AOI222_X1)                            0.07 &     1.22 r
  mult_17/U2275/ZN (OAI222_X1)                            0.05 &     1.27 f
  mult_17/U1536/ZN (NAND2_X1)                             0.02 &     1.29 r
  mult_17/U1281/ZN (AND3_X1)                              0.05 &     1.34 r
  mult_17/U2268/ZN (OAI222_X1)                            0.04 &     1.38 f
  mult_17/U1583/ZN (NAND2_X1)                             0.02 &     1.39 r
  mult_17/U1214/ZN (AND3_X1)                              0.05 &     1.44 r
  mult_17/U1534/ZN (OAI222_X1)                            0.04 &     1.48 f
  mult_17/U1354/ZN (NAND2_X1)                             0.02 &     1.50 r
  mult_17/U1235/ZN (AND3_X1)                              0.05 &     1.54 r
  mult_17/U2258/ZN (OAI222_X1)                            0.04 &     1.58 f
  mult_17/U1389/ZN (NAND2_X1)                             0.02 &     1.60 r
  mult_17/U1260/ZN (AND3_X1)                              0.05 &     1.64 r
  mult_17/U2252/ZN (OAI222_X1)                            0.04 &     1.68 f
  mult_17/U1643/ZN (NAND2_X1)                             0.02 &     1.70 r
  mult_17/U1645/ZN (AND3_X1)                              0.04 &     1.74 r
  mult_17/U2247/ZN (OAI222_X1)                            0.03 &     1.78 f
  mult_17/U150/CO (FA_X1)                                 0.07 &     1.85 f
  mult_17/U1655/ZN (NAND2_X1)                             0.02 &     1.87 r
  mult_17/U1230/ZN (NAND3_X1)                             0.03 &     1.90 f
  mult_17/U1346/ZN (NAND2_X1)                             0.02 &     1.92 r
  mult_17/U1349/ZN (NAND3_X1)                             0.02 &     1.94 f
  mult_17/U147/CO (FA_X1)                                 0.07 &     2.01 f
  mult_17/U1294/ZN (NAND2_X1)                             0.02 &     2.03 r
  mult_17/U1297/ZN (NAND3_X1)                             0.03 &     2.05 f
  mult_17/U1595/ZN (NAND2_X1)                             0.02 &     2.08 r
  mult_17/U1598/ZN (NAND3_X1)                             0.02 &     2.10 f
  mult_17/U1285/ZN (NAND2_X1)                             0.01 &     2.11 r
  mult_17/U1287/ZN (NAND3_X1)                             0.02 &     2.14 f
  mult_17/U143/CO (FA_X1)                                 0.07 &     2.21 f
  mult_17/U1698/ZN (NAND2_X1)                             0.02 &     2.23 r
  mult_17/U1700/ZN (NAND3_X1)                             0.02 &     2.25 f
  mult_17/U1611/ZN (NAND2_X1)                             0.02 &     2.27 r
  mult_17/U1301/ZN (NAND3_X1)                             0.03 &     2.30 f
  mult_17/U1358/ZN (NAND2_X1)                             0.02 &     2.32 r
  mult_17/U1361/ZN (NAND3_X1)                             0.02 &     2.34 f
  mult_17/U139/CO (FA_X1)                                 0.07 &     2.41 f
  mult_17/U1630/ZN (NAND2_X1)                             0.02 &     2.43 r
  mult_17/U1302/ZN (NAND3_X1)                             0.03 &     2.46 f
  mult_17/U1365/ZN (NAND2_X1)                             0.02 &     2.47 r
  mult_17/U1368/ZN (NAND3_X1)                             0.02 &     2.49 f
  mult_17/U136/CO (FA_X1)                                 0.07 &     2.56 f
  mult_17/U1638/ZN (NAND2_X1)                             0.02 &     2.58 r
  mult_17/U1640/ZN (NAND3_X1)                             0.02 &     2.60 f
  mult_17/U134/CO (FA_X1)                                 0.07 &     2.67 f
  mult_17/U1649/ZN (NAND2_X1)                             0.02 &     2.69 r
  mult_17/U1652/ZN (NAND3_X1)                             0.02 &     2.72 f
  mult_17/U132/CO (FA_X1)                                 0.07 &     2.79 f
  mult_17/U1668/ZN (NAND2_X1)                             0.02 &     2.80 r
  mult_17/U1671/ZN (NAND3_X1)                             0.02 &     2.83 f
  mult_17/U130/CO (FA_X1)                                 0.07 &     2.90 f
  mult_17/U1692/ZN (NAND2_X1)                             0.02 &     2.91 r
  mult_17/U1694/ZN (NAND3_X1)                             0.02 &     2.94 f
  mult_17/U128/CO (FA_X1)                                 0.07 &     3.01 f
  mult_17/U1685/ZN (NAND2_X1)                             0.02 &     3.02 r
  mult_17/U1385/ZN (NAND3_X1)                             0.02 &     3.05 f
  mult_17/U1384/ZN (XNOR2_X1)                             0.04 &     3.09 f
  mult_17/U1533/ZN (XNOR2_X1)                             0.06 &     3.14 f
  mult_17/product[47] (FPMultiplier_DW_mult_uns_0)        0.00       3.14 f
  U189/ZN (OR2_X1)                                        0.09 &     3.24 f
  U127/ZN (OAI22_X1)                                      0.05 &     3.29 r
  result_reg_1_/D (DFF_X1)                                0.01 &     3.30 r
  data arrival time                                                  3.30

  clock clk (rise edge)                                   4.50       4.50
  clock network delay (propagated)                        0.04       4.54
  result_reg_1_/CK (DFF_X1)                               0.00       4.54 r
  library setup time                                     -0.04       4.49
  data required time                                                 4.49
  --------------------------------------------------------------------------
  data required time                                                 4.49
  data arrival time                                                 -3.30
  --------------------------------------------------------------------------
  slack (MET)                                                        1.20


1
