
  Loading design 'FPAdder'




Information: Library Manufacturing Grid(GridResolution) : 5
Information: Time Unit from Milkyway design library: 'ns' 
Information: Design Library and main library timing units are matched - 1.000 ns. 
Information: Resistance Unit from Milkyway design library: 'kohm' 
Warning: Mismatch in the main library and the Milkyway library resistance units. In the main library it is 1000.000 kohm and in the Milkyway design library it is 1.000 kohm. Check and correct the resistance units in the .tf and .db files. (PSYN-476)
Information: Capacitance Unit from Milkyway design library: 'ff' 
Information: Design Library and main library capacitance units are matched - 0.001 pf. 
Information: The distance unit in Capacitance and Resistance is 1 micron. (RCEX-007)
Information: The RC model used is detail route TLU+. (RCEX-015)
Information: Start mixed mode parasitic extraction. (RCEX-023)
Information: Start rc extraction...
Memory usage for extraction task 106 Mbytes -- main task 249 Mbytes.
Warning: Net 'SNPS_LOGIC1' is not fully connected and will be estimated. (RCEX-060)
Warning: Net 'Adder/SNPS_LOGIC0' is not fully connected and will be estimated. (RCEX-060)
Information: Parasitic source is LPE. (RCEX-040)
Information: Parasitic mode is RealRC. (RCEX-041)
Information: Using virtual shield extraction. (RCEX-081)
Information: Extraction mode is MIN_MAX. (RCEX-042)
Information: Extraction derate is -40/-40/-40. (RCEX-043)
Information: Coupling capacitances are explicitly created. (RCEX-044)
Information: Start back annotation for parasitic extraction. (RCEX-023)
Information: End back annotation for parasitic extraction. (RCEX-023)
Information: Start timing update for parasitic extraction. (RCEX-023)
Information: End timing update for parasitic extraction. (RCEX-023)
Information: End parasitic extraction. (RCEX-023)
Information: Start rc update...
****************************************************************
Information: TLUPlus based RC computation is enabled. (RCEX-141)
****************************************************************
Information: The distance unit in Capacitance and Resistance is 1 micron. (RCEX-007)
Information: The RC model used is TLU+. (RCEX-015)
Information: Library Derived Cap for layer metal1 : 0.15 0.14 (RCEX-011)
Information: Library Derived Res for layer metal1 : 5.8e-06 5.8e-06 (RCEX-011)
Information: Library Derived Cap for layer metal2 : 0.097 0.089 (RCEX-011)
Information: Library Derived Res for layer metal2 : 3.6e-06 3.6e-06 (RCEX-011)
Information: Library Derived Cap for layer metal3 : 0.068 0.063 (RCEX-011)
Information: Library Derived Res for layer metal3 : 3.6e-06 3.6e-06 (RCEX-011)
Information: Library Derived Cap for layer metal4 : 0.084 0.078 (RCEX-011)
Information: Library Derived Res for layer metal4 : 1.5e-06 1.5e-06 (RCEX-011)
Information: Library Derived Cap for layer metal5 : 0.072 0.067 (RCEX-011)
Information: Library Derived Res for layer metal5 : 1.5e-06 1.5e-06 (RCEX-011)
Information: Library Derived Cap for layer metal6 : 0.072 0.067 (RCEX-011)
Information: Library Derived Res for layer metal6 : 1.5e-06 1.5e-06 (RCEX-011)
Information: Library Derived Cap for layer metal7 : 0.1 0.096 (RCEX-011)
Information: Library Derived Res for layer metal7 : 1.9e-07 1.9e-07 (RCEX-011)
Information: Library Derived Cap for layer metal8 : 0.1 0.096 (RCEX-011)
Information: Library Derived Res for layer metal8 : 1.9e-07 1.9e-07 (RCEX-011)
Information: Library Derived Cap for layer metal9 : 0.19 0.17 (RCEX-011)
Information: Library Derived Res for layer metal9 : 3.8e-08 3.8e-08 (RCEX-011)
Information: Library Derived Cap for layer metal10 : 0.11 0.1 (RCEX-011)
Information: Library Derived Res for layer metal10 : 3.8e-08 3.8e-08 (RCEX-011)
Information: Library Derived Horizontal Cap : 0.12 0.11 (RCEX-011)
Information: Library Derived Horizontal Res : 2.2e-06 2.2e-06 (RCEX-011)
Information: Library Derived Vertical Cap : 0.094 0.086 (RCEX-011)
Information: Library Derived Vertical Res : 1.4e-06 1.4e-06 (RCEX-011)
Information: Using derived R and C coefficients. (RCEX-008)
Information: Using region-based R and C coefficients. (RCEX-013)
Information: Library Derived Via Res : 3.1e-06 3.1e-06 (RCEX-011)
Information: End rc update.
Information: Updating graph... (UID-83)

************************************************************
SI options:
Delta Delay Computation:           true
Static Noise Computation:          true
Timing window analysis for SI:     true
Reselection in timing window:      false
Min Delta Delay for SI:            true
Analysis Effort:                   medium
Max Transition Mode:               normal_slew
Static Noise Thresholds:           0.35 (0.33V) above low
                                   0.35 (0.33V) below high
Route xtalk prevention:            true
Route xtalk prevention threshold:  0.35
************************************************************

Information: Updating design information... (UID-85)

************************************************************
SI options:
Delta Delay Computation:           true
Static Noise Computation:          true
Timing window analysis for SI:     true
Reselection in timing window:      false
Min Delta Delay for SI:            true
Analysis Effort:                   medium
Max Transition Mode:               normal_slew
Static Noise Thresholds:           0.35 (0.33V) above low
                                   0.35 (0.33V) below high
Route xtalk prevention:            true
Route xtalk prevention threshold:  0.35
************************************************************

Information: Input delay ('fall') on clock port 'clk' will be added to the clock's propagated skew. (TIM-112)
Information: Input delay ('rise') on clock port 'clk' will be added to the clock's propagated skew. (TIM-112)
Information: Input delay ('rise') on clock port 'clk' will be added to the clock's propagated skew. (TIM-112)
Information: Input delay ('fall') on clock port 'clk' will be added to the clock's propagated skew. (TIM-112)
Information: Total 2983 nets in the design, 2944 nets have timing window. (TIM-180)
Information: Input delay ('fall') on clock port 'clk' will be added to the clock's propagated skew. (TIM-112)
Information: Input delay ('rise') on clock port 'clk' will be added to the clock's propagated skew. (TIM-112)
Information: Input delay ('rise') on clock port 'clk' will be added to the clock's propagated skew. (TIM-112)
Information: Input delay ('fall') on clock port 'clk' will be added to the clock's propagated skew. (TIM-112)
 
****************************************
Report : qor
Design : FPAdder
Version: G-2012.06-ICC-SP2
Date   : Tue Dec 29 01:24:26 2015
****************************************


  Timing Path Group 'clk'
  -----------------------------------
  Levels of Logic:             187.00
  Critical Path Length:          8.22
  Critical Path Slack:           0.73
  Critical Path Clk Period:      9.00
  Total Negative Slack:          0.00
  No. of Violating Paths:        0.00
  Worst Hold Violation:          0.00
  Total Hold Violation:          0.00
  No. of Hold Violations:        0.00
  -----------------------------------


  Cell Count
  -----------------------------------
  Hierarchical Cell Count:         14
  Hierarchical Port Count:        874
  Leaf Cell Count:               2725
  Buf/Inv Cell Count:             611
  CT Buf/Inv Cell Count:            2
  Combinational Cell Count:      2627
  Sequential Cell Count:           98
  Macro Count:                      0
  -----------------------------------


  Area
  -----------------------------------
  Combinational Area:     2957.654000
  Noncombinational Area:   443.155984
  Buf/Inv Area:            342.342003
  Net Area:                  0.000000
  Net XLength        :       11946.02
  Net YLength        :       17096.23
  -----------------------------------
  Cell Area:              3400.809984
  Design Area:            3400.809984
  Net Length        :        29042.25


  Design Rules
  -----------------------------------
  Total Number of Nets:          2885
  Nets With Violations:             0
  Max Trans Violations:             0
  Max Cap Violations:               0
  -----------------------------------


  Hostname: localhost.localdomain

  Compile CPU Statistics
  -----------------------------------------
  Resource Sharing:                    0.00
  Logic Optimization:                  0.00
  Mapping Optimization:                2.04
  -----------------------------------------
  Overall Compile Time:                2.15
  Overall Compile Wall Clock Time:     2.23

1
