Warning: Design 'register_N64.db:register_N64' comes before design 'register_N64.db:register_N64' in the link_library; 'register_N64.db:register_N64' will be ignored. (UIO-92)
Information: Design 'register_N64' is referenced in design 'TopModule.db:TopModule'. (UIO-93)
 
****************************************
Report : area
Design : TopModule
Version: G-2012.06-SP2
Date   : Sat Dec 24 21:21:20 2016
****************************************

Information: Updating design information... (UID-85)
Library(s) Used:

    NangateOpenCellLibrary_ss0p95vn40c (File: /home/standard_cell_libraries/NangateOpenCellLibrary_PDKv1_3_v2010_12/lib/Front_End/Liberty/NLDM/NangateOpenCellLibrary_ss0p95vn40c.db)

Number of ports:                          131
Number of nets:                           258
Number of cells:                            4
Number of combinational cells:              0
Number of sequential cells:                 0
Number of macros:                           0
Number of buf/inv:                          0
Number of references:                       4

Combinational area:       5347.664008
Buf/Inv area:              219.715996
Noncombinational area:     783.104004
Net Interconnect area:      undefined  (Wire load has zero net area)

Total cell area:          6130.768012
Total area:                 undefined

Hierarchical area distribution
------------------------------

                                  Global cell area          Local cell area
                                  ------------------  ---------------------------- 
Hierarchical cell                 Absolute   Percent  Combi-     Noncombi-  Black
                                  Total      Total    national   national   boxes   Design
--------------------------------  ---------  -------  ---------  ---------  ------  ----------------------------
TopModule                         6130.7680    100.0     0.0000     0.0000  0.0000  TopModule
M0                                5334.8960     87.0     0.0000     0.0000  0.0000  simpleMultiplier
M0/mult_8                         5334.8960     87.0  5134.8640     0.0000  0.0000  simpleMultiplier_DW02_mult_0
M0/mult_8/FS_1                     200.0320      3.3   200.0320     0.0000  0.0000  simpleMultiplier_DW01_add_0
R0                                 198.7020      3.2     2.9260   195.7760  0.0000  register_N32_2
R1                                 198.7020      3.2     2.9260   195.7760  0.0000  register_N32_3
R2                                 398.4680      6.5     6.9160   391.5520  0.0000  register_N64
--------------------------------  ---------  -------  ---------  ---------  ------  ----------------------------
Total                                                 5347.6640   783.1040  0.0000

1
