 
****************************************
Report : cell
Design : TopModule
Version: G-2012.06-SP2
Date   : Sat Dec 24 21:21:20 2016
****************************************

Attributes:
    b - black box (unknown)
    h - hierarchical
    n - noncombinational
    p - parameterized
    r - removable
    u - contains unmapped logic

Cell                      Reference       Library             Area  Attributes
--------------------------------------------------------------------------------
M0                        simpleMultiplier                5334.896008
                                                                    h
R0                        register_N32_2                  198.702001
                                                                    h, n, p
R1                        register_N32_3                  198.702001
                                                                    h, n, p
R2                        register_N64                    398.468002
                                                                    h, n, p
--------------------------------------------------------------------------------
Total 4 cells                                             6130.768012
1
