 
****************************************
Report : area
Design : carryLookAheadAdder
Version: U-2022.12-SP7
Date   : Tue Dec 12 16:01:02 2023
****************************************

Information: Updating design information... (UID-85)
Library(s) Used:

    saed90nm_typ_ht (File: /home/user60/.sheshLabVLSI/VLSI-Project-Part1/Lookahead-Work/ref/models/saed90nm_typ_ht.db)

Number of ports:                           99
Number of nets:                           163
Number of cells:                           98
Number of combinational cells:             98
Number of sequential cells:                 0
Number of macros/black boxes:               0
Number of buf/inv:                          0
Number of references:                       4

Combinational area:               1287.475213
Buf/Inv area:                        0.000000
Noncombinational area:               0.000000
Macro/Black Box area:                0.000000
Net Interconnect area:              46.182588

Total cell area:                  1287.475213
Total area:                       1333.657801
1
