 
****************************************
Report : timing
        -path full
        -delay max
        -max_paths 10
Design : TopModule
Version: G-2012.06-SP2
Date   : Sat Dec 24 21:21:20 2016
****************************************

Operating Conditions: worst_low   Library: NangateOpenCellLibrary_ss0p95vn40c
Wire Load Model Mode: top

  Startpoint: R1/reg_out_reg[31]
              (rising edge-triggered flip-flop clocked by clk)
  Endpoint: R2/reg_out_reg_63_
            (rising edge-triggered flip-flop clocked by clk)
  Path Group: clk
  Path Type: max

  Des/Clust/Port     Wire Load Model       Library
  ------------------------------------------------
  TopModule          5K_hvratio_1_1        NangateOpenCellLibrary_ss0p95vn40c

  Point                                                   Incr       Path
  --------------------------------------------------------------------------
  clock clk (rise edge)                                   0.00       0.00
  clock network delay (ideal)                             0.00       0.00
  R1/reg_out_reg[31]/CK (SDFF_X1)                         0.00       0.00 r
  R1/reg_out_reg[31]/Q (SDFF_X1)                          0.12       0.12 f
  R1/reg_out[31] (register_N32_3)                         0.00       0.12 f
  M0/b[31] (simpleMultiplier)                             0.00       0.12 f
  M0/mult_8/B[31] (simpleMultiplier_DW02_mult_0)          0.00       0.12 f
  M0/mult_8/U317/ZN (INV_X1)                              0.03       0.15 r
  M0/mult_8/U148/Z (BUF_X1)                               0.11       0.26 r
  M0/mult_8/U1380/ZN (NOR2_X1)                            0.06       0.33 f
  M0/mult_8/U33/Z (XOR2_X1)                               0.08       0.40 f
  M0/mult_8/S2_2_29/S (FA_X1)                             0.12       0.52 r
  M0/mult_8/S2_3_28/S (FA_X1)                             0.10       0.62 f
  M0/mult_8/S2_4_27/S (FA_X1)                             0.12       0.74 r
  M0/mult_8/S2_5_26/S (FA_X1)                             0.10       0.84 f
  M0/mult_8/S2_6_25/S (FA_X1)                             0.12       0.96 r
  M0/mult_8/S2_7_24/S (FA_X1)                             0.10       1.06 f
  M0/mult_8/S2_8_23/S (FA_X1)                             0.12       1.18 r
  M0/mult_8/S2_9_22/S (FA_X1)                             0.10       1.28 f
  M0/mult_8/S2_10_21/S (FA_X1)                            0.12       1.40 r
  M0/mult_8/S2_11_20/S (FA_X1)                            0.10       1.50 f
  M0/mult_8/S2_12_19/S (FA_X1)                            0.12       1.62 r
  M0/mult_8/S2_13_18/S (FA_X1)                            0.10       1.72 f
  M0/mult_8/S2_14_17/S (FA_X1)                            0.12       1.84 r
  M0/mult_8/S2_15_16/S (FA_X1)                            0.10       1.95 f
  M0/mult_8/S2_16_15/S (FA_X1)                            0.12       2.06 r
  M0/mult_8/S2_17_14/S (FA_X1)                            0.10       2.17 f
  M0/mult_8/S2_18_13/S (FA_X1)                            0.12       2.28 r
  M0/mult_8/S2_19_12/S (FA_X1)                            0.10       2.39 f
  M0/mult_8/S2_20_11/S (FA_X1)                            0.12       2.50 r
  M0/mult_8/S2_21_10/S (FA_X1)                            0.10       2.61 f
  M0/mult_8/S2_22_9/S (FA_X1)                             0.12       2.72 r
  M0/mult_8/S2_23_8/S (FA_X1)                             0.10       2.83 f
  M0/mult_8/S2_24_7/S (FA_X1)                             0.12       2.94 r
  M0/mult_8/S2_25_6/S (FA_X1)                             0.10       3.05 f
  M0/mult_8/S2_26_5/S (FA_X1)                             0.12       3.16 r
  M0/mult_8/S2_27_4/S (FA_X1)                             0.10       3.27 f
  M0/mult_8/S2_28_3/S (FA_X1)                             0.12       3.39 r
  M0/mult_8/S2_29_2/S (FA_X1)                             0.10       3.49 f
  M0/mult_8/S2_30_1/CO (FA_X1)                            0.08       3.57 f
  M0/mult_8/S4_1/S (FA_X1)                                0.13       3.70 r
  M0/mult_8/U205/Z (XOR2_X1)                              0.07       3.77 r
  M0/mult_8/FS_1/A[30] (simpleMultiplier_DW01_add_0)      0.00       3.77 r
  M0/mult_8/FS_1/U212/ZN (NAND2_X1)                       0.04       3.82 f
  M0/mult_8/FS_1/U206/ZN (OAI21_X1)                       0.04       3.86 r
  M0/mult_8/FS_1/U39/ZN (INV_X1)                          0.03       3.89 f
  M0/mult_8/FS_1/U179/ZN (NOR4_X1)                        0.07       3.96 r
  M0/mult_8/FS_1/U110/ZN (AOI221_X1)                      0.04       4.00 f
  M0/mult_8/FS_1/U30/ZN (INV_X1)                          0.03       4.03 r
  M0/mult_8/FS_1/U109/ZN (AOI21_X1)                       0.03       4.06 f
  M0/mult_8/FS_1/U108/ZN (OAI21_X1)                       0.04       4.09 r
  M0/mult_8/FS_1/U107/ZN (AOI21_X1)                       0.03       4.12 f
  M0/mult_8/FS_1/U106/ZN (OAI21_X1)                       0.03       4.15 r
  M0/mult_8/FS_1/U105/ZN (AOI21_X1)                       0.04       4.19 f
  M0/mult_8/FS_1/U103/ZN (OAI21_X1)                       0.05       4.24 r
  M0/mult_8/FS_1/U95/ZN (AOI21_X1)                        0.04       4.28 f
  M0/mult_8/FS_1/U93/ZN (OAI21_X1)                        0.05       4.33 r
  M0/mult_8/FS_1/U85/ZN (AOI21_X1)                        0.04       4.38 f
  M0/mult_8/FS_1/U83/ZN (OAI21_X1)                        0.05       4.43 r
  M0/mult_8/FS_1/U75/ZN (AOI21_X1)                        0.04       4.47 f
  M0/mult_8/FS_1/U73/ZN (OAI21_X1)                        0.05       4.52 r
  M0/mult_8/FS_1/U65/ZN (AOI21_X1)                        0.04       4.56 f
  M0/mult_8/FS_1/U63/ZN (OAI21_X1)                        0.05       4.61 r
  M0/mult_8/FS_1/U55/ZN (AOI21_X1)                        0.04       4.66 f
  M0/mult_8/FS_1/U53/ZN (OAI21_X1)                        0.05       4.71 r
  M0/mult_8/FS_1/U45/ZN (AOI21_X1)                        0.04       4.75 f
  M0/mult_8/FS_1/U43/ZN (OAI21_X1)                        0.04       4.79 r
  M0/mult_8/FS_1/U41/Z (XOR2_X1)                          0.06       4.85 r
  M0/mult_8/FS_1/SUM[61] (simpleMultiplier_DW01_add_0)
                                                          0.00       4.85 r
  M0/mult_8/PRODUCT[63] (simpleMultiplier_DW02_mult_0)
                                                          0.00       4.85 r
  M0/result[63] (simpleMultiplier)                        0.00       4.85 r
  R2/reg_in[63] (register_N64)                            0.00       4.85 r
  R2/reg_out_reg_63_/SE (SDFF_X1)                         0.01       4.87 r
  data arrival time                                                  4.87

  clock clk (rise edge)                                   5.00       5.00
  clock network delay (ideal)                             0.00       5.00
  R2/reg_out_reg_63_/CK (SDFF_X1)                         0.00       5.00 r
  library setup time                                     -0.07       4.93
  data required time                                                 4.93
  --------------------------------------------------------------------------
  data required time                                                 4.93
  data arrival time                                                 -4.87
  --------------------------------------------------------------------------
  slack (MET)                                                        0.07


  Startpoint: R1/reg_out_reg[31]
              (rising edge-triggered flip-flop clocked by clk)
  Endpoint: R2/reg_out_reg_62_
            (rising edge-triggered flip-flop clocked by clk)
  Path Group: clk
  Path Type: max

  Des/Clust/Port     Wire Load Model       Library
  ------------------------------------------------
  TopModule          5K_hvratio_1_1        NangateOpenCellLibrary_ss0p95vn40c

  Point                                                   Incr       Path
  --------------------------------------------------------------------------
  clock clk (rise edge)                                   0.00       0.00
  clock network delay (ideal)                             0.00       0.00
  R1/reg_out_reg[31]/CK (SDFF_X1)                         0.00       0.00 r
  R1/reg_out_reg[31]/Q (SDFF_X1)                          0.12       0.12 f
  R1/reg_out[31] (register_N32_3)                         0.00       0.12 f
  M0/b[31] (simpleMultiplier)                             0.00       0.12 f
  M0/mult_8/B[31] (simpleMultiplier_DW02_mult_0)          0.00       0.12 f
  M0/mult_8/U317/ZN (INV_X1)                              0.03       0.15 r
  M0/mult_8/U148/Z (BUF_X1)                               0.11       0.26 r
  M0/mult_8/U1380/ZN (NOR2_X1)                            0.06       0.33 f
  M0/mult_8/U33/Z (XOR2_X1)                               0.08       0.40 f
  M0/mult_8/S2_2_29/S (FA_X1)                             0.12       0.52 r
  M0/mult_8/S2_3_28/S (FA_X1)                             0.10       0.62 f
  M0/mult_8/S2_4_27/S (FA_X1)                             0.12       0.74 r
  M0/mult_8/S2_5_26/S (FA_X1)                             0.10       0.84 f
  M0/mult_8/S2_6_25/S (FA_X1)                             0.12       0.96 r
  M0/mult_8/S2_7_24/S (FA_X1)                             0.10       1.06 f
  M0/mult_8/S2_8_23/S (FA_X1)                             0.12       1.18 r
  M0/mult_8/S2_9_22/S (FA_X1)                             0.10       1.28 f
  M0/mult_8/S2_10_21/S (FA_X1)                            0.12       1.40 r
  M0/mult_8/S2_11_20/S (FA_X1)                            0.10       1.50 f
  M0/mult_8/S2_12_19/S (FA_X1)                            0.12       1.62 r
  M0/mult_8/S2_13_18/S (FA_X1)                            0.10       1.72 f
  M0/mult_8/S2_14_17/S (FA_X1)                            0.12       1.84 r
  M0/mult_8/S2_15_16/S (FA_X1)                            0.10       1.95 f
  M0/mult_8/S2_16_15/S (FA_X1)                            0.12       2.06 r
  M0/mult_8/S2_17_14/S (FA_X1)                            0.10       2.17 f
  M0/mult_8/S2_18_13/S (FA_X1)                            0.12       2.28 r
  M0/mult_8/S2_19_12/S (FA_X1)                            0.10       2.39 f
  M0/mult_8/S2_20_11/S (FA_X1)                            0.12       2.50 r
  M0/mult_8/S2_21_10/S (FA_X1)                            0.10       2.61 f
  M0/mult_8/S2_22_9/S (FA_X1)                             0.12       2.72 r
  M0/mult_8/S2_23_8/S (FA_X1)                             0.10       2.83 f
  M0/mult_8/S2_24_7/S (FA_X1)                             0.12       2.94 r
  M0/mult_8/S2_25_6/S (FA_X1)                             0.10       3.05 f
  M0/mult_8/S2_26_5/S (FA_X1)                             0.12       3.16 r
  M0/mult_8/S2_27_4/S (FA_X1)                             0.10       3.27 f
  M0/mult_8/S2_28_3/S (FA_X1)                             0.12       3.39 r
  M0/mult_8/S2_29_2/S (FA_X1)                             0.10       3.49 f
  M0/mult_8/S2_30_1/S (FA_X1)                             0.12       3.61 r
  M0/mult_8/S4_0/S (FA_X1)                                0.10       3.71 f
  M0/mult_8/S14_31_0/CO (FA_X1)                           0.08       3.79 f
  M0/mult_8/FS_1/B[30] (simpleMultiplier_DW01_add_0)      0.00       3.79 f
  M0/mult_8/FS_1/U212/ZN (NAND2_X1)                       0.04       3.83 r
  M0/mult_8/FS_1/U206/ZN (OAI21_X1)                       0.03       3.87 f
  M0/mult_8/FS_1/U39/ZN (INV_X1)                          0.03       3.90 r
  M0/mult_8/FS_1/U179/ZN (NOR4_X1)                        0.03       3.93 f
  M0/mult_8/FS_1/U110/ZN (AOI221_X1)                      0.05       3.98 r
  M0/mult_8/FS_1/U30/ZN (INV_X1)                          0.03       4.01 f
  M0/mult_8/FS_1/U109/ZN (AOI21_X1)                       0.03       4.04 r
  M0/mult_8/FS_1/U108/ZN (OAI21_X1)                       0.03       4.07 f
  M0/mult_8/FS_1/U107/ZN (AOI21_X1)                       0.04       4.11 r
  M0/mult_8/FS_1/U106/ZN (OAI21_X1)                       0.03       4.14 f
  M0/mult_8/FS_1/U105/ZN (AOI21_X1)                       0.05       4.19 r
  M0/mult_8/FS_1/U103/ZN (OAI21_X1)                       0.04       4.23 f
  M0/mult_8/FS_1/U95/ZN (AOI21_X1)                        0.05       4.28 r
  M0/mult_8/FS_1/U93/ZN (OAI21_X1)                        0.04       4.32 f
  M0/mult_8/FS_1/U85/ZN (AOI21_X1)                        0.05       4.38 r
  M0/mult_8/FS_1/U83/ZN (OAI21_X1)                        0.04       4.42 f
  M0/mult_8/FS_1/U75/ZN (AOI21_X1)                        0.05       4.47 r
  M0/mult_8/FS_1/U73/ZN (OAI21_X1)                        0.04       4.51 f
  M0/mult_8/FS_1/U65/ZN (AOI21_X1)                        0.05       4.57 r
  M0/mult_8/FS_1/U63/ZN (OAI21_X1)                        0.04       4.61 f
  M0/mult_8/FS_1/U55/ZN (AOI21_X1)                        0.05       4.66 r
  M0/mult_8/FS_1/U53/ZN (OAI21_X1)                        0.04       4.70 f
  M0/mult_8/FS_1/U45/ZN (AOI21_X1)                        0.05       4.76 r
  M0/mult_8/FS_1/U44/Z (XOR2_X1)                          0.07       4.82 r
  M0/mult_8/FS_1/SUM[60] (simpleMultiplier_DW01_add_0)
                                                          0.00       4.82 r
  M0/mult_8/PRODUCT[62] (simpleMultiplier_DW02_mult_0)
                                                          0.00       4.82 r
  M0/result[62] (simpleMultiplier)                        0.00       4.82 r
  R2/reg_in[62] (register_N64)                            0.00       4.82 r
  R2/reg_out_reg_62_/SE (SDFF_X1)                         0.01       4.84 r
  data arrival time                                                  4.84

  clock clk (rise edge)                                   5.00       5.00
  clock network delay (ideal)                             0.00       5.00
  R2/reg_out_reg_62_/CK (SDFF_X1)                         0.00       5.00 r
  library setup time                                     -0.07       4.93
  data required time                                                 4.93
  --------------------------------------------------------------------------
  data required time                                                 4.93
  data arrival time                                                 -4.84
  --------------------------------------------------------------------------
  slack (MET)                                                        0.10


  Startpoint: R1/reg_out_reg[31]
              (rising edge-triggered flip-flop clocked by clk)
  Endpoint: R2/reg_out_reg_61_
            (rising edge-triggered flip-flop clocked by clk)
  Path Group: clk
  Path Type: max

  Des/Clust/Port     Wire Load Model       Library
  ------------------------------------------------
  TopModule          5K_hvratio_1_1        NangateOpenCellLibrary_ss0p95vn40c

  Point                                                   Incr       Path
  --------------------------------------------------------------------------
  clock clk (rise edge)                                   0.00       0.00
  clock network delay (ideal)                             0.00       0.00
  R1/reg_out_reg[31]/CK (SDFF_X1)                         0.00       0.00 r
  R1/reg_out_reg[31]/Q (SDFF_X1)                          0.12       0.12 f
  R1/reg_out[31] (register_N32_3)                         0.00       0.12 f
  M0/b[31] (simpleMultiplier)                             0.00       0.12 f
  M0/mult_8/B[31] (simpleMultiplier_DW02_mult_0)          0.00       0.12 f
  M0/mult_8/U317/ZN (INV_X1)                              0.03       0.15 r
  M0/mult_8/U148/Z (BUF_X1)                               0.11       0.26 r
  M0/mult_8/U1380/ZN (NOR2_X1)                            0.06       0.33 f
  M0/mult_8/U33/Z (XOR2_X1)                               0.08       0.40 f
  M0/mult_8/S2_2_29/S (FA_X1)                             0.12       0.52 r
  M0/mult_8/S2_3_28/S (FA_X1)                             0.10       0.62 f
  M0/mult_8/S2_4_27/S (FA_X1)                             0.12       0.74 r
  M0/mult_8/S2_5_26/S (FA_X1)                             0.10       0.84 f
  M0/mult_8/S2_6_25/S (FA_X1)                             0.12       0.96 r
  M0/mult_8/S2_7_24/S (FA_X1)                             0.10       1.06 f
  M0/mult_8/S2_8_23/S (FA_X1)                             0.12       1.18 r
  M0/mult_8/S2_9_22/S (FA_X1)                             0.10       1.28 f
  M0/mult_8/S2_10_21/S (FA_X1)                            0.12       1.40 r
  M0/mult_8/S2_11_20/S (FA_X1)                            0.10       1.50 f
  M0/mult_8/S2_12_19/S (FA_X1)                            0.12       1.62 r
  M0/mult_8/S2_13_18/S (FA_X1)                            0.10       1.72 f
  M0/mult_8/S2_14_17/S (FA_X1)                            0.12       1.84 r
  M0/mult_8/S2_15_16/S (FA_X1)                            0.10       1.95 f
  M0/mult_8/S2_16_15/S (FA_X1)                            0.12       2.06 r
  M0/mult_8/S2_17_14/S (FA_X1)                            0.10       2.17 f
  M0/mult_8/S2_18_13/S (FA_X1)                            0.12       2.28 r
  M0/mult_8/S2_19_12/S (FA_X1)                            0.10       2.39 f
  M0/mult_8/S2_20_11/S (FA_X1)                            0.12       2.50 r
  M0/mult_8/S2_21_10/S (FA_X1)                            0.10       2.61 f
  M0/mult_8/S2_22_9/S (FA_X1)                             0.12       2.72 r
  M0/mult_8/S2_23_8/S (FA_X1)                             0.10       2.83 f
  M0/mult_8/S2_24_7/S (FA_X1)                             0.12       2.94 r
  M0/mult_8/S2_25_6/S (FA_X1)                             0.10       3.05 f
  M0/mult_8/S2_26_5/S (FA_X1)                             0.12       3.16 r
  M0/mult_8/S2_27_4/S (FA_X1)                             0.10       3.27 f
  M0/mult_8/S2_28_3/S (FA_X1)                             0.12       3.39 r
  M0/mult_8/S2_29_2/S (FA_X1)                             0.10       3.49 f
  M0/mult_8/S2_30_1/CO (FA_X1)                            0.08       3.57 f
  M0/mult_8/S4_1/S (FA_X1)                                0.13       3.70 r
  M0/mult_8/U205/Z (XOR2_X1)                              0.07       3.77 r
  M0/mult_8/FS_1/A[30] (simpleMultiplier_DW01_add_0)      0.00       3.77 r
  M0/mult_8/FS_1/U212/ZN (NAND2_X1)                       0.04       3.82 f
  M0/mult_8/FS_1/U206/ZN (OAI21_X1)                       0.04       3.86 r
  M0/mult_8/FS_1/U39/ZN (INV_X1)                          0.03       3.89 f
  M0/mult_8/FS_1/U179/ZN (NOR4_X1)                        0.07       3.96 r
  M0/mult_8/FS_1/U110/ZN (AOI221_X1)                      0.04       4.00 f
  M0/mult_8/FS_1/U30/ZN (INV_X1)                          0.03       4.03 r
  M0/mult_8/FS_1/U109/ZN (AOI21_X1)                       0.03       4.06 f
  M0/mult_8/FS_1/U108/ZN (OAI21_X1)                       0.04       4.09 r
  M0/mult_8/FS_1/U107/ZN (AOI21_X1)                       0.03       4.12 f
  M0/mult_8/FS_1/U106/ZN (OAI21_X1)                       0.03       4.15 r
  M0/mult_8/FS_1/U105/ZN (AOI21_X1)                       0.04       4.19 f
  M0/mult_8/FS_1/U103/ZN (OAI21_X1)                       0.05       4.24 r
  M0/mult_8/FS_1/U95/ZN (AOI21_X1)                        0.04       4.28 f
  M0/mult_8/FS_1/U93/ZN (OAI21_X1)                        0.05       4.33 r
  M0/mult_8/FS_1/U85/ZN (AOI21_X1)                        0.04       4.38 f
  M0/mult_8/FS_1/U83/ZN (OAI21_X1)                        0.05       4.43 r
  M0/mult_8/FS_1/U75/ZN (AOI21_X1)                        0.04       4.47 f
  M0/mult_8/FS_1/U73/ZN (OAI21_X1)                        0.05       4.52 r
  M0/mult_8/FS_1/U65/ZN (AOI21_X1)                        0.04       4.56 f
  M0/mult_8/FS_1/U63/ZN (OAI21_X1)                        0.05       4.61 r
  M0/mult_8/FS_1/U55/ZN (AOI21_X1)                        0.04       4.66 f
  M0/mult_8/FS_1/U53/ZN (OAI21_X1)                        0.05       4.71 r
  M0/mult_8/FS_1/U49/Z (XOR2_X1)                          0.07       4.77 r
  M0/mult_8/FS_1/SUM[59] (simpleMultiplier_DW01_add_0)
                                                          0.00       4.77 r
  M0/mult_8/PRODUCT[61] (simpleMultiplier_DW02_mult_0)
                                                          0.00       4.77 r
  M0/result[61] (simpleMultiplier)                        0.00       4.77 r
  R2/reg_in[61] (register_N64)                            0.00       4.77 r
  R2/reg_out_reg_61_/SE (SDFF_X1)                         0.01       4.79 r
  data arrival time                                                  4.79

  clock clk (rise edge)                                   5.00       5.00
  clock network delay (ideal)                             0.00       5.00
  R2/reg_out_reg_61_/CK (SDFF_X1)                         0.00       5.00 r
  library setup time                                     -0.07       4.93
  data required time                                                 4.93
  --------------------------------------------------------------------------
  data required time                                                 4.93
  data arrival time                                                 -4.79
  --------------------------------------------------------------------------
  slack (MET)                                                        0.15


  Startpoint: R1/reg_out_reg[31]
              (rising edge-triggered flip-flop clocked by clk)
  Endpoint: R2/reg_out_reg_60_
            (rising edge-triggered flip-flop clocked by clk)
  Path Group: clk
  Path Type: max

  Des/Clust/Port     Wire Load Model       Library
  ------------------------------------------------
  TopModule          5K_hvratio_1_1        NangateOpenCellLibrary_ss0p95vn40c

  Point                                                   Incr       Path
  --------------------------------------------------------------------------
  clock clk (rise edge)                                   0.00       0.00
  clock network delay (ideal)                             0.00       0.00
  R1/reg_out_reg[31]/CK (SDFF_X1)                         0.00       0.00 r
  R1/reg_out_reg[31]/Q (SDFF_X1)                          0.12       0.12 f
  R1/reg_out[31] (register_N32_3)                         0.00       0.12 f
  M0/b[31] (simpleMultiplier)                             0.00       0.12 f
  M0/mult_8/B[31] (simpleMultiplier_DW02_mult_0)          0.00       0.12 f
  M0/mult_8/U317/ZN (INV_X1)                              0.03       0.15 r
  M0/mult_8/U148/Z (BUF_X1)                               0.11       0.26 r
  M0/mult_8/U1380/ZN (NOR2_X1)                            0.06       0.33 f
  M0/mult_8/U33/Z (XOR2_X1)                               0.08       0.40 f
  M0/mult_8/S2_2_29/S (FA_X1)                             0.12       0.52 r
  M0/mult_8/S2_3_28/S (FA_X1)                             0.10       0.62 f
  M0/mult_8/S2_4_27/S (FA_X1)                             0.12       0.74 r
  M0/mult_8/S2_5_26/S (FA_X1)                             0.10       0.84 f
  M0/mult_8/S2_6_25/S (FA_X1)                             0.12       0.96 r
  M0/mult_8/S2_7_24/S (FA_X1)                             0.10       1.06 f
  M0/mult_8/S2_8_23/S (FA_X1)                             0.12       1.18 r
  M0/mult_8/S2_9_22/S (FA_X1)                             0.10       1.28 f
  M0/mult_8/S2_10_21/S (FA_X1)                            0.12       1.40 r
  M0/mult_8/S2_11_20/S (FA_X1)                            0.10       1.50 f
  M0/mult_8/S2_12_19/S (FA_X1)                            0.12       1.62 r
  M0/mult_8/S2_13_18/S (FA_X1)                            0.10       1.72 f
  M0/mult_8/S2_14_17/S (FA_X1)                            0.12       1.84 r
  M0/mult_8/S2_15_16/S (FA_X1)                            0.10       1.95 f
  M0/mult_8/S2_16_15/S (FA_X1)                            0.12       2.06 r
  M0/mult_8/S2_17_14/S (FA_X1)                            0.10       2.17 f
  M0/mult_8/S2_18_13/S (FA_X1)                            0.12       2.28 r
  M0/mult_8/S2_19_12/S (FA_X1)                            0.10       2.39 f
  M0/mult_8/S2_20_11/S (FA_X1)                            0.12       2.50 r
  M0/mult_8/S2_21_10/S (FA_X1)                            0.10       2.61 f
  M0/mult_8/S2_22_9/S (FA_X1)                             0.12       2.72 r
  M0/mult_8/S2_23_8/S (FA_X1)                             0.10       2.83 f
  M0/mult_8/S2_24_7/S (FA_X1)                             0.12       2.94 r
  M0/mult_8/S2_25_6/S (FA_X1)                             0.10       3.05 f
  M0/mult_8/S2_26_5/S (FA_X1)                             0.12       3.16 r
  M0/mult_8/S2_27_4/S (FA_X1)                             0.10       3.27 f
  M0/mult_8/S2_28_3/S (FA_X1)                             0.12       3.39 r
  M0/mult_8/S2_29_2/S (FA_X1)                             0.10       3.49 f
  M0/mult_8/S2_30_1/S (FA_X1)                             0.12       3.61 r
  M0/mult_8/S4_0/S (FA_X1)                                0.10       3.71 f
  M0/mult_8/S14_31_0/CO (FA_X1)                           0.08       3.79 f
  M0/mult_8/FS_1/B[30] (simpleMultiplier_DW01_add_0)      0.00       3.79 f
  M0/mult_8/FS_1/U212/ZN (NAND2_X1)                       0.04       3.83 r
  M0/mult_8/FS_1/U206/ZN (OAI21_X1)                       0.03       3.87 f
  M0/mult_8/FS_1/U39/ZN (INV_X1)                          0.03       3.90 r
  M0/mult_8/FS_1/U179/ZN (NOR4_X1)                        0.03       3.93 f
  M0/mult_8/FS_1/U110/ZN (AOI221_X1)                      0.05       3.98 r
  M0/mult_8/FS_1/U30/ZN (INV_X1)                          0.03       4.01 f
  M0/mult_8/FS_1/U109/ZN (AOI21_X1)                       0.03       4.04 r
  M0/mult_8/FS_1/U108/ZN (OAI21_X1)                       0.03       4.07 f
  M0/mult_8/FS_1/U107/ZN (AOI21_X1)                       0.04       4.11 r
  M0/mult_8/FS_1/U106/ZN (OAI21_X1)                       0.03       4.14 f
  M0/mult_8/FS_1/U105/ZN (AOI21_X1)                       0.05       4.19 r
  M0/mult_8/FS_1/U103/ZN (OAI21_X1)                       0.04       4.23 f
  M0/mult_8/FS_1/U95/ZN (AOI21_X1)                        0.05       4.28 r
  M0/mult_8/FS_1/U93/ZN (OAI21_X1)                        0.04       4.32 f
  M0/mult_8/FS_1/U85/ZN (AOI21_X1)                        0.05       4.38 r
  M0/mult_8/FS_1/U83/ZN (OAI21_X1)                        0.04       4.42 f
  M0/mult_8/FS_1/U75/ZN (AOI21_X1)                        0.05       4.47 r
  M0/mult_8/FS_1/U73/ZN (OAI21_X1)                        0.04       4.51 f
  M0/mult_8/FS_1/U65/ZN (AOI21_X1)                        0.05       4.57 r
  M0/mult_8/FS_1/U63/ZN (OAI21_X1)                        0.04       4.61 f
  M0/mult_8/FS_1/U55/ZN (AOI21_X1)                        0.05       4.66 r
  M0/mult_8/FS_1/U54/Z (XOR2_X1)                          0.07       4.73 r
  M0/mult_8/FS_1/SUM[58] (simpleMultiplier_DW01_add_0)
                                                          0.00       4.73 r
  M0/mult_8/PRODUCT[60] (simpleMultiplier_DW02_mult_0)
                                                          0.00       4.73 r
  M0/result[60] (simpleMultiplier)                        0.00       4.73 r
  R2/reg_in[60] (register_N64)                            0.00       4.73 r
  R2/reg_out_reg_60_/SE (SDFF_X1)                         0.01       4.74 r
  data arrival time                                                  4.74

  clock clk (rise edge)                                   5.00       5.00
  clock network delay (ideal)                             0.00       5.00
  R2/reg_out_reg_60_/CK (SDFF_X1)                         0.00       5.00 r
  library setup time                                     -0.07       4.93
  data required time                                                 4.93
  --------------------------------------------------------------------------
  data required time                                                 4.93
  data arrival time                                                 -4.74
  --------------------------------------------------------------------------
  slack (MET)                                                        0.19


  Startpoint: R1/reg_out_reg[31]
              (rising edge-triggered flip-flop clocked by clk)
  Endpoint: R2/reg_out_reg_59_
            (rising edge-triggered flip-flop clocked by clk)
  Path Group: clk
  Path Type: max

  Des/Clust/Port     Wire Load Model       Library
  ------------------------------------------------
  TopModule          5K_hvratio_1_1        NangateOpenCellLibrary_ss0p95vn40c

  Point                                                   Incr       Path
  --------------------------------------------------------------------------
  clock clk (rise edge)                                   0.00       0.00
  clock network delay (ideal)                             0.00       0.00
  R1/reg_out_reg[31]/CK (SDFF_X1)                         0.00       0.00 r
  R1/reg_out_reg[31]/Q (SDFF_X1)                          0.12       0.12 f
  R1/reg_out[31] (register_N32_3)                         0.00       0.12 f
  M0/b[31] (simpleMultiplier)                             0.00       0.12 f
  M0/mult_8/B[31] (simpleMultiplier_DW02_mult_0)          0.00       0.12 f
  M0/mult_8/U317/ZN (INV_X1)                              0.03       0.15 r
  M0/mult_8/U148/Z (BUF_X1)                               0.11       0.26 r
  M0/mult_8/U1380/ZN (NOR2_X1)                            0.06       0.33 f
  M0/mult_8/U33/Z (XOR2_X1)                               0.08       0.40 f
  M0/mult_8/S2_2_29/S (FA_X1)                             0.12       0.52 r
  M0/mult_8/S2_3_28/S (FA_X1)                             0.10       0.62 f
  M0/mult_8/S2_4_27/S (FA_X1)                             0.12       0.74 r
  M0/mult_8/S2_5_26/S (FA_X1)                             0.10       0.84 f
  M0/mult_8/S2_6_25/S (FA_X1)                             0.12       0.96 r
  M0/mult_8/S2_7_24/S (FA_X1)                             0.10       1.06 f
  M0/mult_8/S2_8_23/S (FA_X1)                             0.12       1.18 r
  M0/mult_8/S2_9_22/S (FA_X1)                             0.10       1.28 f
  M0/mult_8/S2_10_21/S (FA_X1)                            0.12       1.40 r
  M0/mult_8/S2_11_20/S (FA_X1)                            0.10       1.50 f
  M0/mult_8/S2_12_19/S (FA_X1)                            0.12       1.62 r
  M0/mult_8/S2_13_18/S (FA_X1)                            0.10       1.72 f
  M0/mult_8/S2_14_17/S (FA_X1)                            0.12       1.84 r
  M0/mult_8/S2_15_16/S (FA_X1)                            0.10       1.95 f
  M0/mult_8/S2_16_15/S (FA_X1)                            0.12       2.06 r
  M0/mult_8/S2_17_14/S (FA_X1)                            0.10       2.17 f
  M0/mult_8/S2_18_13/S (FA_X1)                            0.12       2.28 r
  M0/mult_8/S2_19_12/S (FA_X1)                            0.10       2.39 f
  M0/mult_8/S2_20_11/S (FA_X1)                            0.12       2.50 r
  M0/mult_8/S2_21_10/S (FA_X1)                            0.10       2.61 f
  M0/mult_8/S2_22_9/S (FA_X1)                             0.12       2.72 r
  M0/mult_8/S2_23_8/S (FA_X1)                             0.10       2.83 f
  M0/mult_8/S2_24_7/S (FA_X1)                             0.12       2.94 r
  M0/mult_8/S2_25_6/S (FA_X1)                             0.10       3.05 f
  M0/mult_8/S2_26_5/S (FA_X1)                             0.12       3.16 r
  M0/mult_8/S2_27_4/S (FA_X1)                             0.10       3.27 f
  M0/mult_8/S2_28_3/S (FA_X1)                             0.12       3.39 r
  M0/mult_8/S2_29_2/S (FA_X1)                             0.10       3.49 f
  M0/mult_8/S2_30_1/CO (FA_X1)                            0.08       3.57 f
  M0/mult_8/S4_1/S (FA_X1)                                0.13       3.70 r
  M0/mult_8/U205/Z (XOR2_X1)                              0.07       3.77 r
  M0/mult_8/FS_1/A[30] (simpleMultiplier_DW01_add_0)      0.00       3.77 r
  M0/mult_8/FS_1/U212/ZN (NAND2_X1)                       0.04       3.82 f
  M0/mult_8/FS_1/U206/ZN (OAI21_X1)                       0.04       3.86 r
  M0/mult_8/FS_1/U39/ZN (INV_X1)                          0.03       3.89 f
  M0/mult_8/FS_1/U179/ZN (NOR4_X1)                        0.07       3.96 r
  M0/mult_8/FS_1/U110/ZN (AOI221_X1)                      0.04       4.00 f
  M0/mult_8/FS_1/U30/ZN (INV_X1)                          0.03       4.03 r
  M0/mult_8/FS_1/U109/ZN (AOI21_X1)                       0.03       4.06 f
  M0/mult_8/FS_1/U108/ZN (OAI21_X1)                       0.04       4.09 r
  M0/mult_8/FS_1/U107/ZN (AOI21_X1)                       0.03       4.12 f
  M0/mult_8/FS_1/U106/ZN (OAI21_X1)                       0.03       4.15 r
  M0/mult_8/FS_1/U105/ZN (AOI21_X1)                       0.04       4.19 f
  M0/mult_8/FS_1/U103/ZN (OAI21_X1)                       0.05       4.24 r
  M0/mult_8/FS_1/U95/ZN (AOI21_X1)                        0.04       4.28 f
  M0/mult_8/FS_1/U93/ZN (OAI21_X1)                        0.05       4.33 r
  M0/mult_8/FS_1/U85/ZN (AOI21_X1)                        0.04       4.38 f
  M0/mult_8/FS_1/U83/ZN (OAI21_X1)                        0.05       4.43 r
  M0/mult_8/FS_1/U75/ZN (AOI21_X1)                        0.04       4.47 f
  M0/mult_8/FS_1/U73/ZN (OAI21_X1)                        0.05       4.52 r
  M0/mult_8/FS_1/U65/ZN (AOI21_X1)                        0.04       4.56 f
  M0/mult_8/FS_1/U63/ZN (OAI21_X1)                        0.05       4.61 r
  M0/mult_8/FS_1/U59/Z (XOR2_X1)                          0.07       4.68 r
  M0/mult_8/FS_1/SUM[57] (simpleMultiplier_DW01_add_0)
                                                          0.00       4.68 r
  M0/mult_8/PRODUCT[59] (simpleMultiplier_DW02_mult_0)
                                                          0.00       4.68 r
  M0/result[59] (simpleMultiplier)                        0.00       4.68 r
  R2/reg_in[59] (register_N64)                            0.00       4.68 r
  R2/reg_out_reg_59_/SE (SDFF_X1)                         0.01       4.69 r
  data arrival time                                                  4.69

  clock clk (rise edge)                                   5.00       5.00
  clock network delay (ideal)                             0.00       5.00
  R2/reg_out_reg_59_/CK (SDFF_X1)                         0.00       5.00 r
  library setup time                                     -0.07       4.93
  data required time                                                 4.93
  --------------------------------------------------------------------------
  data required time                                                 4.93
  data arrival time                                                 -4.69
  --------------------------------------------------------------------------
  slack (MET)                                                        0.24


  Startpoint: R1/reg_out_reg[31]
              (rising edge-triggered flip-flop clocked by clk)
  Endpoint: R2/reg_out_reg_58_
            (rising edge-triggered flip-flop clocked by clk)
  Path Group: clk
  Path Type: max

  Des/Clust/Port     Wire Load Model       Library
  ------------------------------------------------
  TopModule          5K_hvratio_1_1        NangateOpenCellLibrary_ss0p95vn40c

  Point                                                   Incr       Path
  --------------------------------------------------------------------------
  clock clk (rise edge)                                   0.00       0.00
  clock network delay (ideal)                             0.00       0.00
  R1/reg_out_reg[31]/CK (SDFF_X1)                         0.00       0.00 r
  R1/reg_out_reg[31]/Q (SDFF_X1)                          0.12       0.12 f
  R1/reg_out[31] (register_N32_3)                         0.00       0.12 f
  M0/b[31] (simpleMultiplier)                             0.00       0.12 f
  M0/mult_8/B[31] (simpleMultiplier_DW02_mult_0)          0.00       0.12 f
  M0/mult_8/U317/ZN (INV_X1)                              0.03       0.15 r
  M0/mult_8/U148/Z (BUF_X1)                               0.11       0.26 r
  M0/mult_8/U1380/ZN (NOR2_X1)                            0.06       0.33 f
  M0/mult_8/U33/Z (XOR2_X1)                               0.08       0.40 f
  M0/mult_8/S2_2_29/S (FA_X1)                             0.12       0.52 r
  M0/mult_8/S2_3_28/S (FA_X1)                             0.10       0.62 f
  M0/mult_8/S2_4_27/S (FA_X1)                             0.12       0.74 r
  M0/mult_8/S2_5_26/S (FA_X1)                             0.10       0.84 f
  M0/mult_8/S2_6_25/S (FA_X1)                             0.12       0.96 r
  M0/mult_8/S2_7_24/S (FA_X1)                             0.10       1.06 f
  M0/mult_8/S2_8_23/S (FA_X1)                             0.12       1.18 r
  M0/mult_8/S2_9_22/S (FA_X1)                             0.10       1.28 f
  M0/mult_8/S2_10_21/S (FA_X1)                            0.12       1.40 r
  M0/mult_8/S2_11_20/S (FA_X1)                            0.10       1.50 f
  M0/mult_8/S2_12_19/S (FA_X1)                            0.12       1.62 r
  M0/mult_8/S2_13_18/S (FA_X1)                            0.10       1.72 f
  M0/mult_8/S2_14_17/S (FA_X1)                            0.12       1.84 r
  M0/mult_8/S2_15_16/S (FA_X1)                            0.10       1.95 f
  M0/mult_8/S2_16_15/S (FA_X1)                            0.12       2.06 r
  M0/mult_8/S2_17_14/S (FA_X1)                            0.10       2.17 f
  M0/mult_8/S2_18_13/S (FA_X1)                            0.12       2.28 r
  M0/mult_8/S2_19_12/S (FA_X1)                            0.10       2.39 f
  M0/mult_8/S2_20_11/S (FA_X1)                            0.12       2.50 r
  M0/mult_8/S2_21_10/S (FA_X1)                            0.10       2.61 f
  M0/mult_8/S2_22_9/S (FA_X1)                             0.12       2.72 r
  M0/mult_8/S2_23_8/S (FA_X1)                             0.10       2.83 f
  M0/mult_8/S2_24_7/S (FA_X1)                             0.12       2.94 r
  M0/mult_8/S2_25_6/S (FA_X1)                             0.10       3.05 f
  M0/mult_8/S2_26_5/S (FA_X1)                             0.12       3.16 r
  M0/mult_8/S2_27_4/S (FA_X1)                             0.10       3.27 f
  M0/mult_8/S2_28_3/S (FA_X1)                             0.12       3.39 r
  M0/mult_8/S2_29_2/S (FA_X1)                             0.10       3.49 f
  M0/mult_8/S2_30_1/S (FA_X1)                             0.12       3.61 r
  M0/mult_8/S4_0/S (FA_X1)                                0.10       3.71 f
  M0/mult_8/S14_31_0/CO (FA_X1)                           0.08       3.79 f
  M0/mult_8/FS_1/B[30] (simpleMultiplier_DW01_add_0)      0.00       3.79 f
  M0/mult_8/FS_1/U212/ZN (NAND2_X1)                       0.04       3.83 r
  M0/mult_8/FS_1/U206/ZN (OAI21_X1)                       0.03       3.87 f
  M0/mult_8/FS_1/U39/ZN (INV_X1)                          0.03       3.90 r
  M0/mult_8/FS_1/U179/ZN (NOR4_X1)                        0.03       3.93 f
  M0/mult_8/FS_1/U110/ZN (AOI221_X1)                      0.05       3.98 r
  M0/mult_8/FS_1/U30/ZN (INV_X1)                          0.03       4.01 f
  M0/mult_8/FS_1/U109/ZN (AOI21_X1)                       0.03       4.04 r
  M0/mult_8/FS_1/U108/ZN (OAI21_X1)                       0.03       4.07 f
  M0/mult_8/FS_1/U107/ZN (AOI21_X1)                       0.04       4.11 r
  M0/mult_8/FS_1/U106/ZN (OAI21_X1)                       0.03       4.14 f
  M0/mult_8/FS_1/U105/ZN (AOI21_X1)                       0.05       4.19 r
  M0/mult_8/FS_1/U103/ZN (OAI21_X1)                       0.04       4.23 f
  M0/mult_8/FS_1/U95/ZN (AOI21_X1)                        0.05       4.28 r
  M0/mult_8/FS_1/U93/ZN (OAI21_X1)                        0.04       4.32 f
  M0/mult_8/FS_1/U85/ZN (AOI21_X1)                        0.05       4.38 r
  M0/mult_8/FS_1/U83/ZN (OAI21_X1)                        0.04       4.42 f
  M0/mult_8/FS_1/U75/ZN (AOI21_X1)                        0.05       4.47 r
  M0/mult_8/FS_1/U73/ZN (OAI21_X1)                        0.04       4.51 f
  M0/mult_8/FS_1/U65/ZN (AOI21_X1)                        0.05       4.57 r
  M0/mult_8/FS_1/U64/Z (XOR2_X1)                          0.07       4.63 r
  M0/mult_8/FS_1/SUM[56] (simpleMultiplier_DW01_add_0)
                                                          0.00       4.63 r
  M0/mult_8/PRODUCT[58] (simpleMultiplier_DW02_mult_0)
                                                          0.00       4.63 r
  M0/result[58] (simpleMultiplier)                        0.00       4.63 r
  R2/reg_in[58] (register_N64)                            0.00       4.63 r
  R2/reg_out_reg_58_/SE (SDFF_X1)                         0.01       4.65 r
  data arrival time                                                  4.65

  clock clk (rise edge)                                   5.00       5.00
  clock network delay (ideal)                             0.00       5.00
  R2/reg_out_reg_58_/CK (SDFF_X1)                         0.00       5.00 r
  library setup time                                     -0.07       4.93
  data required time                                                 4.93
  --------------------------------------------------------------------------
  data required time                                                 4.93
  data arrival time                                                 -4.65
  --------------------------------------------------------------------------
  slack (MET)                                                        0.29


  Startpoint: R1/reg_out_reg[31]
              (rising edge-triggered flip-flop clocked by clk)
  Endpoint: R2/reg_out_reg_57_
            (rising edge-triggered flip-flop clocked by clk)
  Path Group: clk
  Path Type: max

  Des/Clust/Port     Wire Load Model       Library
  ------------------------------------------------
  TopModule          5K_hvratio_1_1        NangateOpenCellLibrary_ss0p95vn40c

  Point                                                   Incr       Path
  --------------------------------------------------------------------------
  clock clk (rise edge)                                   0.00       0.00
  clock network delay (ideal)                             0.00       0.00
  R1/reg_out_reg[31]/CK (SDFF_X1)                         0.00       0.00 r
  R1/reg_out_reg[31]/Q (SDFF_X1)                          0.12       0.12 f
  R1/reg_out[31] (register_N32_3)                         0.00       0.12 f
  M0/b[31] (simpleMultiplier)                             0.00       0.12 f
  M0/mult_8/B[31] (simpleMultiplier_DW02_mult_0)          0.00       0.12 f
  M0/mult_8/U317/ZN (INV_X1)                              0.03       0.15 r
  M0/mult_8/U148/Z (BUF_X1)                               0.11       0.26 r
  M0/mult_8/U1380/ZN (NOR2_X1)                            0.06       0.33 f
  M0/mult_8/U33/Z (XOR2_X1)                               0.08       0.40 f
  M0/mult_8/S2_2_29/S (FA_X1)                             0.12       0.52 r
  M0/mult_8/S2_3_28/S (FA_X1)                             0.10       0.62 f
  M0/mult_8/S2_4_27/S (FA_X1)                             0.12       0.74 r
  M0/mult_8/S2_5_26/S (FA_X1)                             0.10       0.84 f
  M0/mult_8/S2_6_25/S (FA_X1)                             0.12       0.96 r
  M0/mult_8/S2_7_24/S (FA_X1)                             0.10       1.06 f
  M0/mult_8/S2_8_23/S (FA_X1)                             0.12       1.18 r
  M0/mult_8/S2_9_22/S (FA_X1)                             0.10       1.28 f
  M0/mult_8/S2_10_21/S (FA_X1)                            0.12       1.40 r
  M0/mult_8/S2_11_20/S (FA_X1)                            0.10       1.50 f
  M0/mult_8/S2_12_19/S (FA_X1)                            0.12       1.62 r
  M0/mult_8/S2_13_18/S (FA_X1)                            0.10       1.72 f
  M0/mult_8/S2_14_17/S (FA_X1)                            0.12       1.84 r
  M0/mult_8/S2_15_16/S (FA_X1)                            0.10       1.95 f
  M0/mult_8/S2_16_15/S (FA_X1)                            0.12       2.06 r
  M0/mult_8/S2_17_14/S (FA_X1)                            0.10       2.17 f
  M0/mult_8/S2_18_13/S (FA_X1)                            0.12       2.28 r
  M0/mult_8/S2_19_12/S (FA_X1)                            0.10       2.39 f
  M0/mult_8/S2_20_11/S (FA_X1)                            0.12       2.50 r
  M0/mult_8/S2_21_10/S (FA_X1)                            0.10       2.61 f
  M0/mult_8/S2_22_9/S (FA_X1)                             0.12       2.72 r
  M0/mult_8/S2_23_8/S (FA_X1)                             0.10       2.83 f
  M0/mult_8/S2_24_7/S (FA_X1)                             0.12       2.94 r
  M0/mult_8/S2_25_6/S (FA_X1)                             0.10       3.05 f
  M0/mult_8/S2_26_5/S (FA_X1)                             0.12       3.16 r
  M0/mult_8/S2_27_4/S (FA_X1)                             0.10       3.27 f
  M0/mult_8/S2_28_3/S (FA_X1)                             0.12       3.39 r
  M0/mult_8/S2_29_2/S (FA_X1)                             0.10       3.49 f
  M0/mult_8/S2_30_1/CO (FA_X1)                            0.08       3.57 f
  M0/mult_8/S4_1/S (FA_X1)                                0.13       3.70 r
  M0/mult_8/U205/Z (XOR2_X1)                              0.07       3.77 r
  M0/mult_8/FS_1/A[30] (simpleMultiplier_DW01_add_0)      0.00       3.77 r
  M0/mult_8/FS_1/U212/ZN (NAND2_X1)                       0.04       3.82 f
  M0/mult_8/FS_1/U206/ZN (OAI21_X1)                       0.04       3.86 r
  M0/mult_8/FS_1/U39/ZN (INV_X1)                          0.03       3.89 f
  M0/mult_8/FS_1/U179/ZN (NOR4_X1)                        0.07       3.96 r
  M0/mult_8/FS_1/U110/ZN (AOI221_X1)                      0.04       4.00 f
  M0/mult_8/FS_1/U30/ZN (INV_X1)                          0.03       4.03 r
  M0/mult_8/FS_1/U109/ZN (AOI21_X1)                       0.03       4.06 f
  M0/mult_8/FS_1/U108/ZN (OAI21_X1)                       0.04       4.09 r
  M0/mult_8/FS_1/U107/ZN (AOI21_X1)                       0.03       4.12 f
  M0/mult_8/FS_1/U106/ZN (OAI21_X1)                       0.03       4.15 r
  M0/mult_8/FS_1/U105/ZN (AOI21_X1)                       0.04       4.19 f
  M0/mult_8/FS_1/U103/ZN (OAI21_X1)                       0.05       4.24 r
  M0/mult_8/FS_1/U95/ZN (AOI21_X1)                        0.04       4.28 f
  M0/mult_8/FS_1/U93/ZN (OAI21_X1)                        0.05       4.33 r
  M0/mult_8/FS_1/U85/ZN (AOI21_X1)                        0.04       4.38 f
  M0/mult_8/FS_1/U83/ZN (OAI21_X1)                        0.05       4.43 r
  M0/mult_8/FS_1/U75/ZN (AOI21_X1)                        0.04       4.47 f
  M0/mult_8/FS_1/U73/ZN (OAI21_X1)                        0.05       4.52 r
  M0/mult_8/FS_1/U69/Z (XOR2_X1)                          0.07       4.59 r
  M0/mult_8/FS_1/SUM[55] (simpleMultiplier_DW01_add_0)
                                                          0.00       4.59 r
  M0/mult_8/PRODUCT[57] (simpleMultiplier_DW02_mult_0)
                                                          0.00       4.59 r
  M0/result[57] (simpleMultiplier)                        0.00       4.59 r
  R2/reg_in[57] (register_N64)                            0.00       4.59 r
  R2/reg_out_reg_57_/SE (SDFF_X1)                         0.01       4.60 r
  data arrival time                                                  4.60

  clock clk (rise edge)                                   5.00       5.00
  clock network delay (ideal)                             0.00       5.00
  R2/reg_out_reg_57_/CK (SDFF_X1)                         0.00       5.00 r
  library setup time                                     -0.07       4.93
  data required time                                                 4.93
  --------------------------------------------------------------------------
  data required time                                                 4.93
  data arrival time                                                 -4.60
  --------------------------------------------------------------------------
  slack (MET)                                                        0.33


  Startpoint: R1/reg_out_reg[31]
              (rising edge-triggered flip-flop clocked by clk)
  Endpoint: R2/reg_out_reg_56_
            (rising edge-triggered flip-flop clocked by clk)
  Path Group: clk
  Path Type: max

  Des/Clust/Port     Wire Load Model       Library
  ------------------------------------------------
  TopModule          5K_hvratio_1_1        NangateOpenCellLibrary_ss0p95vn40c

  Point                                                   Incr       Path
  --------------------------------------------------------------------------
  clock clk (rise edge)                                   0.00       0.00
  clock network delay (ideal)                             0.00       0.00
  R1/reg_out_reg[31]/CK (SDFF_X1)                         0.00       0.00 r
  R1/reg_out_reg[31]/Q (SDFF_X1)                          0.12       0.12 f
  R1/reg_out[31] (register_N32_3)                         0.00       0.12 f
  M0/b[31] (simpleMultiplier)                             0.00       0.12 f
  M0/mult_8/B[31] (simpleMultiplier_DW02_mult_0)          0.00       0.12 f
  M0/mult_8/U317/ZN (INV_X1)                              0.03       0.15 r
  M0/mult_8/U148/Z (BUF_X1)                               0.11       0.26 r
  M0/mult_8/U1380/ZN (NOR2_X1)                            0.06       0.33 f
  M0/mult_8/U33/Z (XOR2_X1)                               0.08       0.40 f
  M0/mult_8/S2_2_29/S (FA_X1)                             0.12       0.52 r
  M0/mult_8/S2_3_28/S (FA_X1)                             0.10       0.62 f
  M0/mult_8/S2_4_27/S (FA_X1)                             0.12       0.74 r
  M0/mult_8/S2_5_26/S (FA_X1)                             0.10       0.84 f
  M0/mult_8/S2_6_25/S (FA_X1)                             0.12       0.96 r
  M0/mult_8/S2_7_24/S (FA_X1)                             0.10       1.06 f
  M0/mult_8/S2_8_23/S (FA_X1)                             0.12       1.18 r
  M0/mult_8/S2_9_22/S (FA_X1)                             0.10       1.28 f
  M0/mult_8/S2_10_21/S (FA_X1)                            0.12       1.40 r
  M0/mult_8/S2_11_20/S (FA_X1)                            0.10       1.50 f
  M0/mult_8/S2_12_19/S (FA_X1)                            0.12       1.62 r
  M0/mult_8/S2_13_18/S (FA_X1)                            0.10       1.72 f
  M0/mult_8/S2_14_17/S (FA_X1)                            0.12       1.84 r
  M0/mult_8/S2_15_16/S (FA_X1)                            0.10       1.95 f
  M0/mult_8/S2_16_15/S (FA_X1)                            0.12       2.06 r
  M0/mult_8/S2_17_14/S (FA_X1)                            0.10       2.17 f
  M0/mult_8/S2_18_13/S (FA_X1)                            0.12       2.28 r
  M0/mult_8/S2_19_12/S (FA_X1)                            0.10       2.39 f
  M0/mult_8/S2_20_11/S (FA_X1)                            0.12       2.50 r
  M0/mult_8/S2_21_10/S (FA_X1)                            0.10       2.61 f
  M0/mult_8/S2_22_9/S (FA_X1)                             0.12       2.72 r
  M0/mult_8/S2_23_8/S (FA_X1)                             0.10       2.83 f
  M0/mult_8/S2_24_7/S (FA_X1)                             0.12       2.94 r
  M0/mult_8/S2_25_6/S (FA_X1)                             0.10       3.05 f
  M0/mult_8/S2_26_5/S (FA_X1)                             0.12       3.16 r
  M0/mult_8/S2_27_4/S (FA_X1)                             0.10       3.27 f
  M0/mult_8/S2_28_3/S (FA_X1)                             0.12       3.39 r
  M0/mult_8/S2_29_2/S (FA_X1)                             0.10       3.49 f
  M0/mult_8/S2_30_1/S (FA_X1)                             0.12       3.61 r
  M0/mult_8/S4_0/S (FA_X1)                                0.10       3.71 f
  M0/mult_8/S14_31_0/CO (FA_X1)                           0.08       3.79 f
  M0/mult_8/FS_1/B[30] (simpleMultiplier_DW01_add_0)      0.00       3.79 f
  M0/mult_8/FS_1/U212/ZN (NAND2_X1)                       0.04       3.83 r
  M0/mult_8/FS_1/U206/ZN (OAI21_X1)                       0.03       3.87 f
  M0/mult_8/FS_1/U39/ZN (INV_X1)                          0.03       3.90 r
  M0/mult_8/FS_1/U179/ZN (NOR4_X1)                        0.03       3.93 f
  M0/mult_8/FS_1/U110/ZN (AOI221_X1)                      0.05       3.98 r
  M0/mult_8/FS_1/U30/ZN (INV_X1)                          0.03       4.01 f
  M0/mult_8/FS_1/U109/ZN (AOI21_X1)                       0.03       4.04 r
  M0/mult_8/FS_1/U108/ZN (OAI21_X1)                       0.03       4.07 f
  M0/mult_8/FS_1/U107/ZN (AOI21_X1)                       0.04       4.11 r
  M0/mult_8/FS_1/U106/ZN (OAI21_X1)                       0.03       4.14 f
  M0/mult_8/FS_1/U105/ZN (AOI21_X1)                       0.05       4.19 r
  M0/mult_8/FS_1/U103/ZN (OAI21_X1)                       0.04       4.23 f
  M0/mult_8/FS_1/U95/ZN (AOI21_X1)                        0.05       4.28 r
  M0/mult_8/FS_1/U93/ZN (OAI21_X1)                        0.04       4.32 f
  M0/mult_8/FS_1/U85/ZN (AOI21_X1)                        0.05       4.38 r
  M0/mult_8/FS_1/U83/ZN (OAI21_X1)                        0.04       4.42 f
  M0/mult_8/FS_1/U75/ZN (AOI21_X1)                        0.05       4.47 r
  M0/mult_8/FS_1/U74/Z (XOR2_X1)                          0.07       4.54 r
  M0/mult_8/FS_1/SUM[54] (simpleMultiplier_DW01_add_0)
                                                          0.00       4.54 r
  M0/mult_8/PRODUCT[56] (simpleMultiplier_DW02_mult_0)
                                                          0.00       4.54 r
  M0/result[56] (simpleMultiplier)                        0.00       4.54 r
  R2/reg_in[56] (register_N64)                            0.00       4.54 r
  R2/reg_out_reg_56_/SE (SDFF_X1)                         0.01       4.55 r
  data arrival time                                                  4.55

  clock clk (rise edge)                                   5.00       5.00
  clock network delay (ideal)                             0.00       5.00
  R2/reg_out_reg_56_/CK (SDFF_X1)                         0.00       5.00 r
  library setup time                                     -0.07       4.93
  data required time                                                 4.93
  --------------------------------------------------------------------------
  data required time                                                 4.93
  data arrival time                                                 -4.55
  --------------------------------------------------------------------------
  slack (MET)                                                        0.38


  Startpoint: R1/reg_out_reg[31]
              (rising edge-triggered flip-flop clocked by clk)
  Endpoint: R2/reg_out_reg_55_
            (rising edge-triggered flip-flop clocked by clk)
  Path Group: clk
  Path Type: max

  Des/Clust/Port     Wire Load Model       Library
  ------------------------------------------------
  TopModule          5K_hvratio_1_1        NangateOpenCellLibrary_ss0p95vn40c

  Point                                                   Incr       Path
  --------------------------------------------------------------------------
  clock clk (rise edge)                                   0.00       0.00
  clock network delay (ideal)                             0.00       0.00
  R1/reg_out_reg[31]/CK (SDFF_X1)                         0.00       0.00 r
  R1/reg_out_reg[31]/Q (SDFF_X1)                          0.12       0.12 f
  R1/reg_out[31] (register_N32_3)                         0.00       0.12 f
  M0/b[31] (simpleMultiplier)                             0.00       0.12 f
  M0/mult_8/B[31] (simpleMultiplier_DW02_mult_0)          0.00       0.12 f
  M0/mult_8/U317/ZN (INV_X1)                              0.03       0.15 r
  M0/mult_8/U148/Z (BUF_X1)                               0.11       0.26 r
  M0/mult_8/U1380/ZN (NOR2_X1)                            0.06       0.33 f
  M0/mult_8/U33/Z (XOR2_X1)                               0.08       0.40 f
  M0/mult_8/S2_2_29/S (FA_X1)                             0.12       0.52 r
  M0/mult_8/S2_3_28/S (FA_X1)                             0.10       0.62 f
  M0/mult_8/S2_4_27/S (FA_X1)                             0.12       0.74 r
  M0/mult_8/S2_5_26/S (FA_X1)                             0.10       0.84 f
  M0/mult_8/S2_6_25/S (FA_X1)                             0.12       0.96 r
  M0/mult_8/S2_7_24/S (FA_X1)                             0.10       1.06 f
  M0/mult_8/S2_8_23/S (FA_X1)                             0.12       1.18 r
  M0/mult_8/S2_9_22/S (FA_X1)                             0.10       1.28 f
  M0/mult_8/S2_10_21/S (FA_X1)                            0.12       1.40 r
  M0/mult_8/S2_11_20/S (FA_X1)                            0.10       1.50 f
  M0/mult_8/S2_12_19/S (FA_X1)                            0.12       1.62 r
  M0/mult_8/S2_13_18/S (FA_X1)                            0.10       1.72 f
  M0/mult_8/S2_14_17/S (FA_X1)                            0.12       1.84 r
  M0/mult_8/S2_15_16/S (FA_X1)                            0.10       1.95 f
  M0/mult_8/S2_16_15/S (FA_X1)                            0.12       2.06 r
  M0/mult_8/S2_17_14/S (FA_X1)                            0.10       2.17 f
  M0/mult_8/S2_18_13/S (FA_X1)                            0.12       2.28 r
  M0/mult_8/S2_19_12/S (FA_X1)                            0.10       2.39 f
  M0/mult_8/S2_20_11/S (FA_X1)                            0.12       2.50 r
  M0/mult_8/S2_21_10/S (FA_X1)                            0.10       2.61 f
  M0/mult_8/S2_22_9/S (FA_X1)                             0.12       2.72 r
  M0/mult_8/S2_23_8/S (FA_X1)                             0.10       2.83 f
  M0/mult_8/S2_24_7/S (FA_X1)                             0.12       2.94 r
  M0/mult_8/S2_25_6/S (FA_X1)                             0.10       3.05 f
  M0/mult_8/S2_26_5/S (FA_X1)                             0.12       3.16 r
  M0/mult_8/S2_27_4/S (FA_X1)                             0.10       3.27 f
  M0/mult_8/S2_28_3/S (FA_X1)                             0.12       3.39 r
  M0/mult_8/S2_29_2/S (FA_X1)                             0.10       3.49 f
  M0/mult_8/S2_30_1/CO (FA_X1)                            0.08       3.57 f
  M0/mult_8/S4_1/S (FA_X1)                                0.13       3.70 r
  M0/mult_8/U205/Z (XOR2_X1)                              0.07       3.77 r
  M0/mult_8/FS_1/A[30] (simpleMultiplier_DW01_add_0)      0.00       3.77 r
  M0/mult_8/FS_1/U212/ZN (NAND2_X1)                       0.04       3.82 f
  M0/mult_8/FS_1/U206/ZN (OAI21_X1)                       0.04       3.86 r
  M0/mult_8/FS_1/U39/ZN (INV_X1)                          0.03       3.89 f
  M0/mult_8/FS_1/U179/ZN (NOR4_X1)                        0.07       3.96 r
  M0/mult_8/FS_1/U110/ZN (AOI221_X1)                      0.04       4.00 f
  M0/mult_8/FS_1/U30/ZN (INV_X1)                          0.03       4.03 r
  M0/mult_8/FS_1/U109/ZN (AOI21_X1)                       0.03       4.06 f
  M0/mult_8/FS_1/U108/ZN (OAI21_X1)                       0.04       4.09 r
  M0/mult_8/FS_1/U107/ZN (AOI21_X1)                       0.03       4.12 f
  M0/mult_8/FS_1/U106/ZN (OAI21_X1)                       0.03       4.15 r
  M0/mult_8/FS_1/U105/ZN (AOI21_X1)                       0.04       4.19 f
  M0/mult_8/FS_1/U103/ZN (OAI21_X1)                       0.05       4.24 r
  M0/mult_8/FS_1/U95/ZN (AOI21_X1)                        0.04       4.28 f
  M0/mult_8/FS_1/U93/ZN (OAI21_X1)                        0.05       4.33 r
  M0/mult_8/FS_1/U85/ZN (AOI21_X1)                        0.04       4.38 f
  M0/mult_8/FS_1/U83/ZN (OAI21_X1)                        0.05       4.43 r
  M0/mult_8/FS_1/U79/Z (XOR2_X1)                          0.07       4.49 r
  M0/mult_8/FS_1/SUM[53] (simpleMultiplier_DW01_add_0)
                                                          0.00       4.49 r
  M0/mult_8/PRODUCT[55] (simpleMultiplier_DW02_mult_0)
                                                          0.00       4.49 r
  M0/result[55] (simpleMultiplier)                        0.00       4.49 r
  R2/reg_in[55] (register_N64)                            0.00       4.49 r
  R2/reg_out_reg_55_/SE (SDFF_X1)                         0.01       4.51 r
  data arrival time                                                  4.51

  clock clk (rise edge)                                   5.00       5.00
  clock network delay (ideal)                             0.00       5.00
  R2/reg_out_reg_55_/CK (SDFF_X1)                         0.00       5.00 r
  library setup time                                     -0.07       4.93
  data required time                                                 4.93
  --------------------------------------------------------------------------
  data required time                                                 4.93
  data arrival time                                                 -4.51
  --------------------------------------------------------------------------
  slack (MET)                                                        0.43


  Startpoint: R1/reg_out_reg[31]
              (rising edge-triggered flip-flop clocked by clk)
  Endpoint: R2/reg_out_reg_54_
            (rising edge-triggered flip-flop clocked by clk)
  Path Group: clk
  Path Type: max

  Des/Clust/Port     Wire Load Model       Library
  ------------------------------------------------
  TopModule          5K_hvratio_1_1        NangateOpenCellLibrary_ss0p95vn40c

  Point                                                   Incr       Path
  --------------------------------------------------------------------------
  clock clk (rise edge)                                   0.00       0.00
  clock network delay (ideal)                             0.00       0.00
  R1/reg_out_reg[31]/CK (SDFF_X1)                         0.00       0.00 r
  R1/reg_out_reg[31]/Q (SDFF_X1)                          0.12       0.12 f
  R1/reg_out[31] (register_N32_3)                         0.00       0.12 f
  M0/b[31] (simpleMultiplier)                             0.00       0.12 f
  M0/mult_8/B[31] (simpleMultiplier_DW02_mult_0)          0.00       0.12 f
  M0/mult_8/U317/ZN (INV_X1)                              0.03       0.15 r
  M0/mult_8/U148/Z (BUF_X1)                               0.11       0.26 r
  M0/mult_8/U1380/ZN (NOR2_X1)                            0.06       0.33 f
  M0/mult_8/U33/Z (XOR2_X1)                               0.08       0.40 f
  M0/mult_8/S2_2_29/S (FA_X1)                             0.12       0.52 r
  M0/mult_8/S2_3_28/S (FA_X1)                             0.10       0.62 f
  M0/mult_8/S2_4_27/S (FA_X1)                             0.12       0.74 r
  M0/mult_8/S2_5_26/S (FA_X1)                             0.10       0.84 f
  M0/mult_8/S2_6_25/S (FA_X1)                             0.12       0.96 r
  M0/mult_8/S2_7_24/S (FA_X1)                             0.10       1.06 f
  M0/mult_8/S2_8_23/S (FA_X1)                             0.12       1.18 r
  M0/mult_8/S2_9_22/S (FA_X1)                             0.10       1.28 f
  M0/mult_8/S2_10_21/S (FA_X1)                            0.12       1.40 r
  M0/mult_8/S2_11_20/S (FA_X1)                            0.10       1.50 f
  M0/mult_8/S2_12_19/S (FA_X1)                            0.12       1.62 r
  M0/mult_8/S2_13_18/S (FA_X1)                            0.10       1.72 f
  M0/mult_8/S2_14_17/S (FA_X1)                            0.12       1.84 r
  M0/mult_8/S2_15_16/S (FA_X1)                            0.10       1.95 f
  M0/mult_8/S2_16_15/S (FA_X1)                            0.12       2.06 r
  M0/mult_8/S2_17_14/S (FA_X1)                            0.10       2.17 f
  M0/mult_8/S2_18_13/S (FA_X1)                            0.12       2.28 r
  M0/mult_8/S2_19_12/S (FA_X1)                            0.10       2.39 f
  M0/mult_8/S2_20_11/S (FA_X1)                            0.12       2.50 r
  M0/mult_8/S2_21_10/S (FA_X1)                            0.10       2.61 f
  M0/mult_8/S2_22_9/S (FA_X1)                             0.12       2.72 r
  M0/mult_8/S2_23_8/S (FA_X1)                             0.10       2.83 f
  M0/mult_8/S2_24_7/S (FA_X1)                             0.12       2.94 r
  M0/mult_8/S2_25_6/S (FA_X1)                             0.10       3.05 f
  M0/mult_8/S2_26_5/S (FA_X1)                             0.12       3.16 r
  M0/mult_8/S2_27_4/S (FA_X1)                             0.10       3.27 f
  M0/mult_8/S2_28_3/S (FA_X1)                             0.12       3.39 r
  M0/mult_8/S2_29_2/S (FA_X1)                             0.10       3.49 f
  M0/mult_8/S2_30_1/S (FA_X1)                             0.12       3.61 r
  M0/mult_8/S4_0/S (FA_X1)                                0.10       3.71 f
  M0/mult_8/S14_31_0/CO (FA_X1)                           0.08       3.79 f
  M0/mult_8/FS_1/B[30] (simpleMultiplier_DW01_add_0)      0.00       3.79 f
  M0/mult_8/FS_1/U212/ZN (NAND2_X1)                       0.04       3.83 r
  M0/mult_8/FS_1/U206/ZN (OAI21_X1)                       0.03       3.87 f
  M0/mult_8/FS_1/U39/ZN (INV_X1)                          0.03       3.90 r
  M0/mult_8/FS_1/U179/ZN (NOR4_X1)                        0.03       3.93 f
  M0/mult_8/FS_1/U110/ZN (AOI221_X1)                      0.05       3.98 r
  M0/mult_8/FS_1/U30/ZN (INV_X1)                          0.03       4.01 f
  M0/mult_8/FS_1/U109/ZN (AOI21_X1)                       0.03       4.04 r
  M0/mult_8/FS_1/U108/ZN (OAI21_X1)                       0.03       4.07 f
  M0/mult_8/FS_1/U107/ZN (AOI21_X1)                       0.04       4.11 r
  M0/mult_8/FS_1/U106/ZN (OAI21_X1)                       0.03       4.14 f
  M0/mult_8/FS_1/U105/ZN (AOI21_X1)                       0.05       4.19 r
  M0/mult_8/FS_1/U103/ZN (OAI21_X1)                       0.04       4.23 f
  M0/mult_8/FS_1/U95/ZN (AOI21_X1)                        0.05       4.28 r
  M0/mult_8/FS_1/U93/ZN (OAI21_X1)                        0.04       4.32 f
  M0/mult_8/FS_1/U85/ZN (AOI21_X1)                        0.05       4.38 r
  M0/mult_8/FS_1/U84/Z (XOR2_X1)                          0.07       4.44 r
  M0/mult_8/FS_1/SUM[52] (simpleMultiplier_DW01_add_0)
                                                          0.00       4.44 r
  M0/mult_8/PRODUCT[54] (simpleMultiplier_DW02_mult_0)
                                                          0.00       4.44 r
  M0/result[54] (simpleMultiplier)                        0.00       4.44 r
  R2/reg_in[54] (register_N64)                            0.00       4.44 r
  R2/reg_out_reg_54_/SE (SDFF_X1)                         0.01       4.46 r
  data arrival time                                                  4.46

  clock clk (rise edge)                                   5.00       5.00
  clock network delay (ideal)                             0.00       5.00
  R2/reg_out_reg_54_/CK (SDFF_X1)                         0.00       5.00 r
  library setup time                                     -0.07       4.93
  data required time                                                 4.93
  --------------------------------------------------------------------------
  data required time                                                 4.93
  data arrival time                                                 -4.46
  --------------------------------------------------------------------------
  slack (MET)                                                        0.48


1
