 
****************************************
Report : cell
Design : carrySelectAdder
Version: U-2022.12-SP7
Date   : Tue Dec 12 17:24:34 2023
****************************************

Attributes:
    b - black box (unknown)
    h - hierarchical
    n - noncombinational
    r - removable
    u - contains unmapped logic

Cell                      Reference       Library             Area  Attributes
--------------------------------------------------------------------------------
CSL1                      carry_select_4bit_0             372.326405
                                                                    h
CSL2                      carry_select_4bit_7             372.326405
                                                                    h
CSL3                      carry_select_4bit_6             372.326405
                                                                    h
CSL4                      carry_select_4bit_5             372.326405
                                                                    h
CSL5                      carry_select_4bit_4             372.326405
                                                                    h
CSL6                      carry_select_4bit_3             372.326405
                                                                    h
CSL7                      carry_select_4bit_2             372.326405
                                                                    h
CSL8                      carry_select_4bit_1             372.326405
                                                                    h
U4                        NOR2X0          saed90nm_typ_ht 5.529600  
U5                        XOR2X1          saed90nm_typ_ht 13.824000 
U6                        XNOR2X1         saed90nm_typ_ht 13.824000 
--------------------------------------------------------------------------------
Total 11 cells                                            3011.788837
1
