 
****************************************
Report : area
Design : TopModule
Version: G-2012.06-SP2
Date   : Sat Dec 24 21:18:04 2016
****************************************

Information: Updating design information... (UID-85)
Library(s) Used:

    NangateOpenCellLibrary_ss0p95vn40c (File: /home/standard_cell_libraries/NangateOpenCellLibrary_PDKv1_3_v2010_12/lib/Front_End/Liberty/NLDM/NangateOpenCellLibrary_ss0p95vn40c.db)

Number of ports:                          130
Number of nets:                           258
Number of cells:                            4
Number of combinational cells:              0
Number of sequential cells:                 0
Number of macros:                           0
Number of buf/inv:                          0
Number of references:                       4

Combinational area:       6582.967925
Buf/Inv area:              735.756001
Noncombinational area:     783.104004
Net Interconnect area:      undefined  (Wire load has zero net area)

Total cell area:          7366.071929
Total area:                 undefined

Hierarchical area distribution
------------------------------

                                  Global cell area          Local cell area
                                  ------------------  ---------------------------- 
Hierarchical cell                 Absolute   Percent  Combi-     Noncombi-  Black
                                  Total      Total    national   national   boxes   Design
--------------------------------  ---------  -------  ---------  ---------  ------  ---------------------------
TopModule                         7366.0719    100.0     0.0000     0.0000  0.0000  TopModule
M0                                6570.1999     89.2  1212.1620     0.0000  0.0000  multiplierTreeV2
M0/A0                              161.7280      2.2   161.7280     0.0000  0.0000  carryLookAheadAdder_0
M0/A2                              161.7280      2.2   161.7280     0.0000  0.0000  carryLookAheadAdder_1
M0/add_14                           82.4600      1.1    82.4600     0.0000  0.0000  multiplierTreeV2_DW01_add_2
M0/add_15                           85.6520      1.2    85.6520     0.0000  0.0000  multiplierTreeV2_DW01_add_1
M0/add_32                          174.2300      2.4   174.2300     0.0000  0.0000  multiplierTreeV2_DW01_add_0
M0/generating_partialProducts[10].A1
                                   162.2600      2.2   162.2600     0.0000  0.0000  carryLookAheadAdder_21
M0/generating_partialProducts[11].A1
                                   161.7280      2.2   161.7280     0.0000  0.0000  carryLookAheadAdder_20
M0/generating_partialProducts[12].A1
                                   161.7280      2.2   161.7280     0.0000  0.0000  carryLookAheadAdder_19
M0/generating_partialProducts[13].A1
                                   161.7280      2.2   161.7280     0.0000  0.0000  carryLookAheadAdder_18
M0/generating_partialProducts[14].A1
                                   161.7280      2.2   161.7280     0.0000  0.0000  carryLookAheadAdder_17
M0/generating_partialProducts[15].A1
                                   161.7280      2.2   161.7280     0.0000  0.0000  carryLookAheadAdder_16
M0/generating_partialProducts[16].A1
                                   161.7280      2.2   161.7280     0.0000  0.0000  carryLookAheadAdder_15
M0/generating_partialProducts[17].A1
                                   161.7280      2.2   161.7280     0.0000  0.0000  carryLookAheadAdder_14
M0/generating_partialProducts[18].A1
                                   161.7280      2.2   161.7280     0.0000  0.0000  carryLookAheadAdder_13
M0/generating_partialProducts[19].A1
                                   161.7280      2.2   161.7280     0.0000  0.0000  carryLookAheadAdder_12
M0/generating_partialProducts[1].A1
                                   161.7280      2.2   161.7280     0.0000  0.0000  carryLookAheadAdder_30
M0/generating_partialProducts[20].A1
                                   161.7280      2.2   161.7280     0.0000  0.0000  carryLookAheadAdder_11
M0/generating_partialProducts[21].A1
                                   161.7280      2.2   161.7280     0.0000  0.0000  carryLookAheadAdder_10
M0/generating_partialProducts[22].A1
                                   161.7280      2.2   161.7280     0.0000  0.0000  carryLookAheadAdder_9
M0/generating_partialProducts[23].A1
                                   161.7280      2.2   161.7280     0.0000  0.0000  carryLookAheadAdder_8
M0/generating_partialProducts[24].A1
                                   161.7280      2.2   161.7280     0.0000  0.0000  carryLookAheadAdder_7
M0/generating_partialProducts[25].A1
                                   161.7280      2.2   161.7280     0.0000  0.0000  carryLookAheadAdder_6
M0/generating_partialProducts[26].A1
                                   161.7280      2.2   161.7280     0.0000  0.0000  carryLookAheadAdder_5
M0/generating_partialProducts[27].A1
                                   161.7280      2.2   161.7280     0.0000  0.0000  carryLookAheadAdder_4
M0/generating_partialProducts[28].A1
                                   161.7280      2.2   161.7280     0.0000  0.0000  carryLookAheadAdder_3
M0/generating_partialProducts[29].A1
                                   161.7280      2.2   161.7280     0.0000  0.0000  carryLookAheadAdder_2
M0/generating_partialProducts[2].A1
                                   161.7280      2.2   161.7280     0.0000  0.0000  carryLookAheadAdder_29
M0/generating_partialProducts[3].A1
                                   161.7280      2.2   161.7280     0.0000  0.0000  carryLookAheadAdder_28
M0/generating_partialProducts[4].A1
                                   161.7280      2.2   161.7280     0.0000  0.0000  carryLookAheadAdder_27
M0/generating_partialProducts[5].A1
                                   161.7280      2.2   161.7280     0.0000  0.0000  carryLookAheadAdder_26
M0/generating_partialProducts[6].A1
                                   162.2600      2.2   162.2600     0.0000  0.0000  carryLookAheadAdder_25
M0/generating_partialProducts[7].A1
                                   161.7280      2.2   161.7280     0.0000  0.0000  carryLookAheadAdder_24
M0/generating_partialProducts[8].A1
                                   162.7920      2.2   162.7920     0.0000  0.0000  carryLookAheadAdder_23
M0/generating_partialProducts[9].A1
                                   161.7280      2.2   161.7280     0.0000  0.0000  carryLookAheadAdder_22
R0                                 198.7020      2.7     2.9260   195.7760  0.0000  register_N32_0
R1                                 198.7020      2.7     2.9260   195.7760  0.0000  register_N32_1
R2                                 398.4680      5.4     6.9160   391.5520  0.0000  register_N64
--------------------------------  ---------  -------  ---------  ---------  ------  ---------------------------
Total                                                 6582.9679   783.1040  0.0000

1
