Information: Evaluating DesignWare library utilization. (UISN-27)

============================================================================
| DesignWare Building Block Library  |         Version         | Available |
============================================================================
| Basic DW Building Blocks           | G-2012.06-DWBB_201206.2 |     *     |
| Licensed DW Building Blocks        |                         |           |
============================================================================


Information: There are 33 potential problems in your design. Please run 'check_design' for more information. (LINT-99)



  Beginning Pass 1 Mapping
  ------------------------
  Processing 'register_N64'
  Processing 'carryLookAheadAdder_0'
  Processing 'multiplierTreeV2'
  Processing 'register_N32_0'
  Processing 'TopModule'

  Updating timing information
Information: Updating design information... (UID-85)

  Beginning Implementation Selection
  ----------------------------------
  Processing 'multiplierTreeV2_DW01_add_0'
  Processing 'multiplierTreeV2_DW01_add_1'
  Processing 'multiplierTreeV2_DW01_add_2'

  Beginning Mapping Optimizations  (Medium effort)
  -------------------------------

   ELAPSED            WORST NEG TOTAL NEG  DESIGN                            
    TIME      AREA      SLACK     SLACK   RULE COST         ENDPOINT         
  --------- --------- --------- --------- --------- -------------------------
    0:00:13    8614.9      0.29       0.7      42.4                          
    0:00:13    8614.9      0.29       0.7      42.4                          
    0:00:13    8614.9      0.29       0.7      42.4                          
    0:00:13    8614.9      0.29       0.7      42.4                          
    0:00:13    8614.9      0.29       0.7      42.4                          
    0:00:13    8614.9      0.29       0.7      42.4                          
    0:00:14    7415.8      0.05       0.1       0.0                          
    0:00:14    7402.0      0.00       0.0       0.0                          
    0:00:14    7402.0      0.00       0.0       0.0                          
    0:00:14    7402.0      0.00       0.0       0.0                          
    0:00:14    7402.0      0.00       0.0       0.0                          
    0:00:14    7402.0      0.00       0.0       0.0                          
    0:00:14    7402.0      0.00       0.0       0.0                          
    0:00:14    7402.0      0.00       0.0       0.0                          
    0:00:14    7402.0      0.00       0.0       0.0                          
    0:00:14    7402.0      0.00       0.0       0.0                          



  Beginning Delay Optimization Phase
  ----------------------------------

   ELAPSED            WORST NEG TOTAL NEG  DESIGN                            
    TIME      AREA      SLACK     SLACK   RULE COST         ENDPOINT         
  --------- --------- --------- --------- --------- -------------------------
    0:00:14    7402.0      0.00       0.0       0.0                          
    0:00:14    7402.0      0.00       0.0       0.0                          
    0:00:14    7402.0      0.00       0.0       0.0                          


  Beginning Area-Recovery Phase  (cleanup)
  -----------------------------

   ELAPSED            WORST NEG TOTAL NEG  DESIGN                            
    TIME      AREA      SLACK     SLACK   RULE COST         ENDPOINT         
  --------- --------- --------- --------- --------- -------------------------
    0:00:14    7402.0      0.00       0.0       0.0                          
    0:00:14    7402.0      0.00       0.0       0.0                          
    0:00:14    7402.0      0.00       0.0       0.0                          
    0:00:14    7390.5      0.00       0.0       0.0                          
    0:00:14    7390.5      0.00       0.0       0.0                          
    0:00:14    7390.5      0.00       0.0       0.0                          
    0:00:14    7390.5      0.00       0.0       0.0                          
    0:00:14    7390.5      0.00       0.0       0.0                          
    0:00:14    7390.5      0.00       0.0       0.0                          
    0:00:14    7390.5      0.00       0.0       0.0                          
    0:00:14    7367.9      0.00       0.0       0.0                          
    0:00:14    7366.9      0.00       0.0       0.0                          
    0:00:14    7366.9      0.00       0.0       0.0                          
    0:00:14    7366.9      0.00       0.0       0.0                          
    0:00:14    7366.9      0.00       0.0       0.0                          
    0:00:14    7366.9      0.00       0.0       0.0                          
    0:00:14    7366.9      0.00       0.0       0.0                          
    0:00:14    7366.9      0.00       0.0       0.0                          
    0:00:15    7366.1      0.00       0.0       0.0                          
Loading db file '/home/standard_cell_libraries/NangateOpenCellLibrary_PDKv1_3_v2010_12/lib/Front_End/Liberty/NLDM/NangateOpenCellLibrary_ss0p95vn40c.db'

  Optimization Complete
  ---------------------
1
