 
****************************************
Report : cell
Design : TopModule
Version: G-2012.06-SP2
Date   : Sat Dec 24 21:18:04 2016
****************************************

Attributes:
    b - black box (unknown)
    h - hierarchical
    n - noncombinational
    p - parameterized
    r - removable
    u - contains unmapped logic

Cell                      Reference       Library             Area  Attributes
--------------------------------------------------------------------------------
M0                        multiplierTreeV2                6570.199925
                                                                    h
R0                        register_N32_0                  198.702001
                                                                    h, n, p
R1                        register_N32_1                  198.702001
                                                                    h, n, p
R2                        register_N64                    398.468002
                                                                    h, n, p
--------------------------------------------------------------------------------
Total 4 cells                                             7366.071929
1
