Loading db file '/home/standard_cell_libraries/NangateOpenCellLibrary_PDKv1_3_v2010_12/lib/Front_End/Liberty/NLDM/NangateOpenCellLibrary_ss0p95vn40c.db'
Information: Propagating switching activity (low effort zero delay simulation). (PWR-6)
Warning: Design has unannotated primary inputs. (PWR-414)
Warning: Design has unannotated sequential cell outputs. (PWR-415)
 
****************************************
Report : power
        -hier
        -analysis_effort low
Design : TopModule
Version: G-2012.06-SP2
Date   : Sat Dec 24 21:18:05 2016
****************************************


Library(s) Used:

    NangateOpenCellLibrary_ss0p95vn40c (File: /home/standard_cell_libraries/NangateOpenCellLibrary_PDKv1_3_v2010_12/lib/Front_End/Liberty/NLDM/NangateOpenCellLibrary_ss0p95vn40c.db)


Operating Conditions: worst_low   Library: NangateOpenCellLibrary_ss0p95vn40c
Wire Load Model Mode: top

Design        Wire Load Model            Library
------------------------------------------------
TopModule              5K_hvratio_1_1    NangateOpenCellLibrary_ss0p95vn40c


Global Operating Voltage = 0.95 
Power-specific unit information :
    Voltage Units = 1V
    Capacitance Units = 1.000000ff
    Time Units = 1ns
    Dynamic Power Units = 1uW    (derived from V,C,T units)
    Leakage Power Units = 1nW


--------------------------------------------------------------------------------
                                       Switch   Int      Leak     Total
Hierarchy                              Power    Power    Power    Power    %
--------------------------------------------------------------------------------
TopModule                               176.581  228.297 3.27e+04  437.577 100.0
  R2 (register_N64)                       6.734   30.734 1.31e+03   38.774   8.9
  M0 (multiplierTreeV2)                 168.719  173.371 3.01e+04  372.156  85.0
    add_14 (multiplierTreeV2_DW01_add_2)
                                          0.349    1.178  311.142    1.838   0.4
    add_15 (multiplierTreeV2_DW01_add_1)
                                          0.348    1.179  314.329    1.842   0.4
    add_32 (multiplierTreeV2_DW01_add_0)
                                          1.512    4.630  656.704    6.798   1.6
    A2 (carryLookAheadAdder_1)            2.344    4.577  628.989    7.550   1.7
    generating_partialProducts[29].A1 (carryLookAheadAdder_2)
                                          4.144    5.066  646.139    9.856   2.3
    generating_partialProducts[28].A1 (carryLookAheadAdder_3)
                                          4.137    5.060  646.584    9.844   2.2
    generating_partialProducts[27].A1 (carryLookAheadAdder_4)
                                          4.115    5.054  644.695    9.814   2.2
    generating_partialProducts[26].A1 (carryLookAheadAdder_5)
                                          4.112    5.050  645.384    9.807   2.2
    generating_partialProducts[25].A1 (carryLookAheadAdder_6)
                                          4.113    5.056  644.825    9.814   2.2
    generating_partialProducts[24].A1 (carryLookAheadAdder_7)
                                          4.139    5.067  645.123    9.851   2.3
    generating_partialProducts[23].A1 (carryLookAheadAdder_8)
                                          4.125    5.055  647.193    9.828   2.2
    generating_partialProducts[22].A1 (carryLookAheadAdder_9)
                                          4.107    5.064  642.637    9.814   2.2
    generating_partialProducts[21].A1 (carryLookAheadAdder_10)
                                          4.116    5.068  643.705    9.828   2.2
    generating_partialProducts[20].A1 (carryLookAheadAdder_11)
                                          4.123    5.036  654.696    9.814   2.2
    generating_partialProducts[19].A1 (carryLookAheadAdder_12)
                                          4.137    5.051  649.372    9.837   2.2
    generating_partialProducts[18].A1 (carryLookAheadAdder_13)
                                          4.123    5.067  643.145    9.833   2.2
    generating_partialProducts[17].A1 (carryLookAheadAdder_14)
                                          4.105    5.046  646.917    9.798   2.2
    generating_partialProducts[16].A1 (carryLookAheadAdder_15)
                                          4.118    5.047  645.003    9.810   2.2
    generating_partialProducts[15].A1 (carryLookAheadAdder_16)
                                          4.122    5.029  647.204    9.799   2.2
    generating_partialProducts[14].A1 (carryLookAheadAdder_17)
                                          4.108    5.042  643.152    9.793   2.2
    generating_partialProducts[13].A1 (carryLookAheadAdder_18)
                                          4.105    5.033  643.454    9.781   2.2
    generating_partialProducts[12].A1 (carryLookAheadAdder_19)
                                          4.064    4.981  645.114    9.690   2.2
    generating_partialProducts[11].A1 (carryLookAheadAdder_20)
                                          4.037    4.954  645.969    9.638   2.2
    generating_partialProducts[10].A1 (carryLookAheadAdder_21)
                                          4.044    4.936  650.736    9.631   2.2
    generating_partialProducts[9].A1 (carryLookAheadAdder_22)
                                          3.989    4.847  655.543    9.492   2.2
    generating_partialProducts[8].A1 (carryLookAheadAdder_23)
                                          3.923    4.797  657.888    9.378   2.1
    generating_partialProducts[7].A1 (carryLookAheadAdder_24)
                                          3.893    4.757  643.136    9.293   2.1
    generating_partialProducts[6].A1 (carryLookAheadAdder_25)
                                          3.827    4.642  654.612    9.124   2.1
    generating_partialProducts[5].A1 (carryLookAheadAdder_26)
                                          3.689    4.506  644.385    8.840   2.0
    generating_partialProducts[4].A1 (carryLookAheadAdder_27)
                                          3.589    4.375  642.092    8.606   2.0
    generating_partialProducts[3].A1 (carryLookAheadAdder_28)
                                          3.403    4.145  640.805    8.189   1.9
    generating_partialProducts[2].A1 (carryLookAheadAdder_29)
                                          3.128    3.794  644.905    7.567   1.7
    generating_partialProducts[1].A1 (carryLookAheadAdder_30)
                                          2.690    3.323  637.335    6.650   1.5
    A0 (carryLookAheadAdder_0)            2.050    2.625  621.916    5.297   1.2
  R1 (register_N32_1)                     0.573   12.112  663.214   13.349   3.1
  R0 (register_N32_0)                     0.555   12.080  663.409   13.299   3.0
1
