Information: Propagating switching activity (low effort zero delay simulation). (PWR-6)
Warning: Design has unannotated primary inputs. (PWR-414)
Warning: Design has unannotated sequential cell outputs. (PWR-415)
 
****************************************
Report : power
        -hier
        -analysis_effort low
Design : FPAdder
Version: G-2012.06-SP2
Date   : Mon Dec 28 22:39:07 2015
****************************************


Library(s) Used:

    NangateOpenCellLibrary_ss0p95vn40c (File: /home/standard_cell_libraries/NangateOpenCellLibrary_PDKv1_3_v2010_12/lib/Front_End/Liberty/NLDM/NangateOpenCellLibrary_ss0p95vn40c.db)


Operating Conditions: worst_low   Library: NangateOpenCellLibrary_ss0p95vn40c
Wire Load Model Mode: top

Design        Wire Load Model            Library
------------------------------------------------
FPAdder                5K_hvratio_1_1    NangateOpenCellLibrary_ss0p95vn40c


Global Operating Voltage = 0.95 
Power-specific unit information :
    Voltage Units = 1V
    Capacitance Units = 1.000000ff
    Time Units = 1ns
    Dynamic Power Units = 1uW    (derived from V,C,T units)
    Leakage Power Units = 1nW


--------------------------------------------------------------------------------
                                       Switch   Int      Leak     Total
Hierarchy                              Power    Power    Power    Power    %
--------------------------------------------------------------------------------
FPAdder                                 112.351  131.712 1.80e+04  262.031 100.0
  Norm (Normalize)                       61.800   47.185 1.04e+04  119.373  45.6
  Adder (Adder24Bit)                     28.235   30.000 3.76e+03   61.998  23.7
    add_23 (Adder24Bit_DW01_add_6)        0.921    1.854  315.250    3.091   1.2
    add_33 (Adder24Bit_DW01_add_4)        1.353    3.145  364.259    4.862   1.9
    add_24 (Adder24Bit_DW01_add_5)        2.512    2.844  321.041    5.677   2.2
    Comp (comparator24bit)                6.764    6.175  943.211   13.883   5.3
      add_13 (comparator24bit_DW01_add_1)
                                          2.307    2.669  457.538    5.434   2.1
      sub_add_11_b0 (comparator24bit_DW01_sub_1)
                                          4.457    3.506  485.673    8.449   3.2
    CL (carryLookAheadAdder)              9.611    8.217 1.01e+03   18.842   7.2
  shift (shiftRegister)                   8.743    8.576 1.25e+03   18.574   7.1
    srl_15 (shiftRegister_DW_rightsh_2)
                                          8.192    7.592 1.06e+03   16.848   6.4
  comparator (comparator8bit)             4.076    3.033  584.233    7.693   2.9
    add_14 (comparator8bit_DW01_add_2)    1.330    1.205  269.615    2.805   1.1
    add_18 (comparator8bit_DW01_inc_0)    0.232    0.701   84.218    1.017   0.4
1
