Information: Propagating switching activity (low effort zero delay simulation). (PWR-6)
Warning: Design has unannotated primary inputs. (PWR-414)
Warning: Design has unannotated sequential cell outputs. (PWR-415)
 
****************************************
Report : power
        -hier
        -analysis_effort low
Design : TopModule
Version: G-2012.06-SP2
Date   : Sat Dec 24 21:32:45 2016
****************************************


Library(s) Used:

    NangateOpenCellLibrary_ss0p95vn40c (File: /home/standard_cell_libraries/NangateOpenCellLibrary_PDKv1_3_v2010_12/lib/Front_End/Liberty/NLDM/NangateOpenCellLibrary_ss0p95vn40c.db)


Operating Conditions: worst_low   Library: NangateOpenCellLibrary_ss0p95vn40c
Wire Load Model Mode: top

Design        Wire Load Model            Library
------------------------------------------------
TopModule              5K_hvratio_1_1    NangateOpenCellLibrary_ss0p95vn40c


Global Operating Voltage = 0.95 
Power-specific unit information :
    Voltage Units = 1V
    Capacitance Units = 1.000000ff
    Time Units = 1ns
    Dynamic Power Units = 1uW    (derived from V,C,T units)
    Leakage Power Units = 1nW


--------------------------------------------------------------------------------
                                       Switch   Int      Leak     Total
Hierarchy                              Power    Power    Power    Power    %
--------------------------------------------------------------------------------
TopModule                                64.998  272.685 8.25e+03  345.938 100.0
  R2 (register_N64_3)                     3.379   13.917 1.26e+03   18.551   5.4
  M0 (boothMultiplier)                   57.626  242.874 5.67e+03  306.165  88.5
    A1 (carrySelectAdder_1)              15.340   16.896 2.13e+03   34.363   9.9
      CSL8 (carry_select_4bit_1)          0.852    0.995  264.314    2.112   0.6
        F8 (fullAdder_1)               6.34e-02 9.10e-02   27.280    0.182   0.1
        F7 (fullAdder_2)               8.71e-02 9.88e-02   28.285    0.214   0.1
        F6 (fullAdder_3)               9.90e-02    0.111   29.492    0.239   0.1
        F5 (fullAdder_4)               9.87e-02    0.104   31.908    0.234   0.1
        F4 (fullAdder_5)               5.30e-02 8.08e-02   22.218    0.156   0.0
        F3 (fullAdder_6)               6.65e-02 8.85e-02   22.318    0.177   0.1
        F2 (fullAdder_7)               8.04e-02    0.109   22.177    0.212   0.1
        F1 (fullAdder_8)               8.41e-02    0.124   21.805    0.230   0.1
      CSL7 (carry_select_4bit_2)          1.448    1.560  264.922    3.274   0.9
        F8 (fullAdder_9)                  0.106    0.147   27.491    0.281   0.1
        F7 (fullAdder_10)                 0.137    0.151   28.343    0.316   0.1
        F6 (fullAdder_11)                 0.147    0.160   29.592    0.336   0.1
        F5 (fullAdder_12)                 0.143    0.145   32.053    0.320   0.1
        F4 (fullAdder_13)              9.40e-02    0.142   22.271    0.259   0.1
        F3 (fullAdder_14)                 0.119    0.154   22.314    0.295   0.1
        F2 (fullAdder_15)                 0.129    0.167   22.222    0.318   0.1
        F1 (fullAdder_16)                 0.136    0.190   21.862    0.348   0.1
      CSL6 (carry_select_4bit_3)          1.840    1.995  264.594    4.099   1.2
        F8 (fullAdder_17)                 0.146    0.196   27.499    0.369   0.1
        F7 (fullAdder_18)                 0.179    0.195   28.427    0.402   0.1
        F6 (fullAdder_19)                 0.182    0.195   29.408    0.406   0.1
        F5 (fullAdder_20)                 0.181    0.181   31.756    0.394   0.1
        F4 (fullAdder_21)                 0.134    0.198   22.338    0.355   0.1
        F3 (fullAdder_22)                 0.161    0.204   22.358    0.387   0.1
        F2 (fullAdder_23)                 0.163    0.208   22.166    0.393   0.1
        F1 (fullAdder_24)                 0.165    0.230   21.772    0.416   0.1
      CSL5 (carry_select_4bit_4)          2.048    2.208  265.402    4.521   1.3
        F8 (fullAdder_25)                 0.162    0.212   27.922    0.402   0.1
        F7 (fullAdder_26)                 0.197    0.214   28.458    0.439   0.1
        F6 (fullAdder_27)                 0.200    0.215   29.375    0.445   0.1
        F5 (fullAdder_28)                 0.191    0.191   31.850    0.414   0.1
        F4 (fullAdder_29)                 0.152    0.218   22.510    0.393   0.1
        F3 (fullAdder_30)                 0.181    0.227   22.446    0.431   0.1
        F2 (fullAdder_31)                 0.187    0.236   22.143    0.445   0.1
        F1 (fullAdder_32)                 0.192    0.260   21.803    0.474   0.1
      CSL4 (carry_select_4bit_5)          2.200    2.368  265.832    4.834   1.4
        F8 (fullAdder_33)                 0.177    0.230   27.997    0.436   0.1
        F7 (fullAdder_34)                 0.212    0.229   28.760    0.471   0.1
        F6 (fullAdder_35)                 0.216    0.232   29.385    0.477   0.1
        F5 (fullAdder_36)                 0.206    0.204   31.819    0.442   0.1
        F4 (fullAdder_37)                 0.166    0.236   22.544    0.425   0.1
        F3 (fullAdder_38)                 0.196    0.243   22.499    0.461   0.1
        F2 (fullAdder_39)                 0.193    0.247   22.180    0.462   0.1
        F1 (fullAdder_40)                 0.199    0.271   21.804    0.492   0.1
      CSL3 (carry_select_4bit_6)          2.303    2.473  266.880    5.043   1.5
        F8 (fullAdder_41)                 0.186    0.238   28.236    0.452   0.1
        F7 (fullAdder_42)                 0.223    0.241   28.471    0.492   0.1
        F6 (fullAdder_43)                 0.221    0.233   29.927    0.484   0.1
        F5 (fullAdder_44)                 0.209    0.207   32.140    0.448   0.1
        F4 (fullAdder_45)                 0.179    0.255   22.632    0.456   0.1
        F3 (fullAdder_46)                 0.202    0.254   22.443    0.479   0.1
        F2 (fullAdder_47)                 0.210    0.258   22.347    0.490   0.1
        F1 (fullAdder_48)                 0.217    0.288   21.919    0.527   0.2
      CSL2 (carry_select_4bit_7)          2.391    2.611  268.801    5.270   1.5
        F8 (fullAdder_49)                 0.196    0.253   27.919    0.477   0.1
        F7 (fullAdder_50)                 0.227    0.244   28.864    0.501   0.1
        F6 (fullAdder_51)                 0.224    0.237   29.818    0.491   0.1
        F5 (fullAdder_52)                 0.224    0.222   32.024    0.479   0.1
        F4 (fullAdder_53)                 0.188    0.267   22.545    0.478   0.1
        F3 (fullAdder_54)                 0.216    0.265   22.631    0.503   0.1
        F2 (fullAdder_55)                 0.221    0.271   22.340    0.514   0.1
        F1 (fullAdder_56)                 0.220    0.297   21.910    0.539   0.2
      CSL1 (carry_select_4bit_8)          2.258    2.685  266.426    5.210   1.5
        F8 (fullAdder_57)                 0.196    0.253   27.961    0.476   0.1
        F7 (fullAdder_58)                 0.234    0.255   28.272    0.518   0.1
        F6 (fullAdder_59)                 0.236    0.253   29.379    0.518   0.1
        F5 (fullAdder_60)                 0.212    0.211   31.803    0.455   0.1
        F4 (fullAdder_61)                 0.188    0.267   22.657    0.477   0.1
        F3 (fullAdder_62)                 0.218    0.271   22.424    0.512   0.1
        F2 (fullAdder_63)                 0.217    0.275   22.242    0.515   0.1
        F1 (fullAdder_64)                 0.225    0.299   21.831    0.545   0.2
    A0 (carrySelectAdder_0)              14.541   19.137 1.70e+03   35.383  10.2
      CSL8 (carry_select_4bit_9)          0.755    1.013  213.286    1.981   0.6
        F8 (fullAdder_65)              5.14e-02 8.38e-02   19.339    0.155   0.0
        F7 (fullAdder_66)              6.62e-02 9.87e-02   19.367    0.184   0.1
        F6 (fullAdder_67)              8.86e-02    0.128   19.800    0.236   0.1
        F5 (fullAdder_68)                 0.101    0.119   23.331    0.243   0.1
        F4 (fullAdder_69)              4.86e-02 8.12e-02   19.083    0.149   0.0
        F3 (fullAdder_70)              6.05e-02 9.74e-02   18.931    0.177   0.1
        F2 (fullAdder_71)              7.86e-02    0.124   18.895    0.221   0.1
        F1 (fullAdder_72)              8.20e-02    0.136   18.796    0.237   0.1
      CSL7 (carry_select_4bit_10)         1.352    1.745  213.243    3.311   1.0
        F8 (fullAdder_73)              9.67e-02    0.170   19.347    0.286   0.1
        F7 (fullAdder_74)                 0.123    0.182   19.444    0.324   0.1
        F6 (fullAdder_75)                 0.139    0.201   19.749    0.360   0.1
        F5 (fullAdder_76)                 0.154    0.181   23.237    0.358   0.1
        F4 (fullAdder_77)              9.58e-02    0.168   19.104    0.283   0.1
        F3 (fullAdder_78)                 0.119    0.182   18.984    0.320   0.1
        F2 (fullAdder_79)                 0.125    0.197   18.888    0.341   0.1
        F1 (fullAdder_80)                 0.125    0.207   18.759    0.351   0.1
      CSL6 (carry_select_4bit_11)         1.746    2.260  213.532    4.220   1.2
        F8 (fullAdder_81)                 0.135    0.236   19.258    0.390   0.1
        F7 (fullAdder_82)                 0.164    0.242   19.480    0.425   0.1
        F6 (fullAdder_83)                 0.174    0.251   19.814    0.445   0.1
        F5 (fullAdder_84)                 0.180    0.211   23.448    0.415   0.1
        F4 (fullAdder_85)                 0.137    0.239   19.071    0.395   0.1
        F3 (fullAdder_86)                 0.160    0.243   18.952    0.423   0.1
        F2 (fullAdder_87)                 0.163    0.252   18.914    0.433   0.1
        F1 (fullAdder_88)                 0.166    0.260   18.852    0.445   0.1
      CSL5 (carry_select_4bit_12)         1.959    2.560  212.961    4.731   1.4
        F8 (fullAdder_89)                 0.156    0.275   19.096    0.450   0.1
        F7 (fullAdder_90)                 0.186    0.278   19.330    0.484   0.1
        F6 (fullAdder_91)                 0.193    0.280   19.887    0.493   0.1
        F5 (fullAdder_92)                 0.208    0.242   23.385    0.474   0.1
        F4 (fullAdder_93)                 0.155    0.272   18.902    0.446   0.1
        F3 (fullAdder_94)                 0.180    0.278   18.868    0.477   0.1
        F2 (fullAdder_95)                 0.181    0.281   18.950    0.481   0.1
        F1 (fullAdder_96)                 0.176    0.284   18.824    0.479   0.1
      CSL4 (carry_select_4bit_13)         2.089    2.730  212.963    5.032   1.5
        F8 (fullAdder_97)                 0.167    0.292   19.141    0.478   0.1
        F7 (fullAdder_98)                 0.199    0.298   19.332    0.516   0.1
        F6 (fullAdder_99)                 0.203    0.297   19.827    0.520   0.2
        F5 (fullAdder_100)                0.214    0.250   23.415    0.487   0.1
        F4 (fullAdder_101)                0.169    0.294   18.912    0.482   0.1
        F3 (fullAdder_102)                0.192    0.297   18.830    0.508   0.1
        F2 (fullAdder_103)                0.195    0.304   18.936    0.518   0.1
        F1 (fullAdder_104)                0.192    0.303   18.839    0.514   0.1
      CSL3 (carry_select_4bit_14)         2.191    2.882  212.406    5.286   1.5
        F8 (fullAdder_105)                0.178    0.317   19.045    0.514   0.1
        F7 (fullAdder_106)                0.211    0.314   19.353    0.544   0.2
        F6 (fullAdder_107)                0.217    0.320   19.707    0.557   0.2
        F5 (fullAdder_108)                0.232    0.271   23.194    0.526   0.2
        F4 (fullAdder_109)                0.174    0.308   18.844    0.501   0.1
        F3 (fullAdder_110)                0.209    0.318   18.953    0.545   0.2
        F2 (fullAdder_111)                0.199    0.310   18.834    0.528   0.2
        F1 (fullAdder_112)                0.194    0.316   18.750    0.529   0.2
      CSL2 (carry_select_4bit_15)         2.272    2.982  212.829    5.466   1.6
        F8 (fullAdder_113)                0.187    0.325   19.253    0.531   0.2
        F7 (fullAdder_114)                0.218    0.326   19.286    0.563   0.2
        F6 (fullAdder_115)                0.229    0.332   19.717    0.580   0.2
        F5 (fullAdder_116)                0.235    0.276   23.294    0.534   0.2
        F4 (fullAdder_117)                0.189    0.328   19.016    0.535   0.2
        F3 (fullAdder_118)                0.208    0.321   18.860    0.547   0.2
        F2 (fullAdder_119)                0.202    0.321   18.860    0.542   0.2
        F1 (fullAdder_120)                0.209    0.332   18.802    0.560   0.2
      CSL1 (carry_select_4bit_0)          2.177    2.966  213.590    5.356   1.5
        F8 (fullAdder_121)                0.189    0.335   19.188    0.543   0.2
        F7 (fullAdder_122)                0.221    0.329   19.508    0.570   0.2
        F6 (fullAdder_123)                0.222    0.328   19.937    0.570   0.2
        F5 (fullAdder_124)                0.240    0.277   23.463    0.541   0.2
        F4 (fullAdder_125)                0.188    0.330   18.931    0.537   0.2
        F3 (fullAdder_126)                0.216    0.329   19.024    0.565   0.2
        F2 (fullAdder_127)                0.218    0.334   18.981    0.571   0.2
        F1 (fullAdder_0)                  0.197    0.320   18.865    0.536   0.2
  R0 (register_N64_2)                     3.994   15.895 1.33e+03   21.222   6.1
1
