 
****************************************
Report : area
Design : simpleAdder
Version: U-2022.12-SP7
Date   : Tue Dec 12 16:03:08 2023
****************************************

Information: Updating design information... (UID-85)
Library(s) Used:

    saed90nm_typ_ht (File: /home/user58/Desktop/Lab4/ref/models/saed90nm_typ_ht.db)

Number of ports:                          363
Number of nets:                           477
Number of cells:                          184
Number of combinational cells:            148
Number of sequential cells:                 0
Number of macros/black boxes:               0
Number of buf/inv:                          1
Number of references:                      14

Combinational area:               1880.064026
Buf/Inv area:                        5.529600
Noncombinational area:               0.000000
Macro/Black Box area:                0.000000
Net Interconnect area:              62.702508

Total cell area:                  1880.064026
Total area:                       1942.766534
1
