 
****************************************
Report : cell
Design : simpleAdder
Version: U-2022.12-SP7
Date   : Tue Dec 12 16:08:43 2023
****************************************

Attributes:
    b - black box (unknown)
    h - hierarchical
    n - noncombinational
    r - removable
    u - contains unmapped logic

Cell                      Reference       Library             Area  Attributes
--------------------------------------------------------------------------------
U4                        NOR2X0          saed90nm_typ_ht 5.529600  
U5                        XOR2X1          saed90nm_typ_ht 13.824000 
U6                        XNOR2X1         saed90nm_typ_ht 13.824000 
gen[0].u0                 fullAdder_0                     39.628800 h
gen[1].u0                 fullAdder_31                    39.628800 h
gen[2].u0                 fullAdder_30                    39.628800 h
gen[3].u0                 fullAdder_29                    39.628800 h
gen[4].u0                 fullAdder_28                    39.628800 h
gen[5].u0                 fullAdder_27                    39.628800 h
gen[6].u0                 fullAdder_26                    39.628800 h
gen[7].u0                 fullAdder_25                    39.628800 h
gen[8].u0                 fullAdder_24                    39.628800 h
gen[9].u0                 fullAdder_23                    39.628800 h
gen[10].u0                fullAdder_22                    39.628800 h
gen[11].u0                fullAdder_21                    39.628800 h
gen[12].u0                fullAdder_20                    39.628800 h
gen[13].u0                fullAdder_19                    39.628800 h
gen[14].u0                fullAdder_18                    39.628800 h
gen[15].u0                fullAdder_17                    39.628800 h
gen[16].u0                fullAdder_16                    39.628800 h
gen[17].u0                fullAdder_15                    39.628800 h
gen[18].u0                fullAdder_14                    39.628800 h
gen[19].u0                fullAdder_13                    39.628800 h
gen[20].u0                fullAdder_12                    39.628800 h
gen[21].u0                fullAdder_11                    39.628800 h
gen[22].u0                fullAdder_10                    39.628800 h
gen[23].u0                fullAdder_9                     39.628800 h
gen[24].u0                fullAdder_8                     39.628800 h
gen[25].u0                fullAdder_7                     39.628800 h
gen[26].u0                fullAdder_6                     39.628800 h
gen[27].u0                fullAdder_5                     39.628800 h
gen[28].u0                fullAdder_4                     39.628800 h
gen[29].u0                fullAdder_3                     39.628800 h
gen[30].u0                fullAdder_2                     39.628800 h
gen[31].u0                fullAdder_1                     39.628800 h
--------------------------------------------------------------------------------
Total 35 cells                                            1301.299213
1
