
Information: There are 7 potential problems in your design. Please run 'check_design' for more information. (LINT-99)



  Beginning Pass 1 Mapping
  ------------------------
  Processing 'register_N64_2'
  Processing 'fullAdder_0'
  Processing 'carry_select_4bit_0'
  Processing 'carrySelectAdder_0'
  Processing 'boothMultiplier'
  Processing 'TopModule'

  Updating timing information
Information: Updating design information... (UID-85)

  Beginning Implementation Selection
  ----------------------------------
  Processing 'boothMultiplier_DW01_dec_0'

  Beginning Mapping Optimizations  (Medium effort)
  -------------------------------

   ELAPSED            WORST NEG TOTAL NEG  DESIGN                            
    TIME      AREA      SLACK     SLACK   RULE COST         ENDPOINT         
  --------- --------- --------- --------- --------- -------------------------
    0:00:01    2383.6      0.00       0.0       0.0                          
    0:00:01    2383.6      0.00       0.0       0.0                          
    0:00:01    2383.6      0.00       0.0       0.0                          
    0:00:01    2383.6      0.00       0.0       0.0                          
    0:00:01    2383.6      0.00       0.0       0.0                          
    0:00:01    2383.6      0.00       0.0       0.0                          
    0:00:02    2117.4      0.00       0.0       0.0                          
    0:00:02    2117.4      0.00       0.0       0.0                          
    0:00:02    2117.4      0.00       0.0       0.0                          
    0:00:02    2117.4      0.00       0.0       0.0                          
    0:00:02    2117.4      0.00       0.0       0.0                          
    0:00:02    2117.4      0.00       0.0       0.0                          
    0:00:02    2117.4      0.00       0.0       0.0                          
    0:00:02    2117.4      0.00       0.0       0.0                          
    0:00:02    2117.4      0.00       0.0       0.0                          



  Beginning Delay Optimization Phase
  ----------------------------------

   ELAPSED            WORST NEG TOTAL NEG  DESIGN                            
    TIME      AREA      SLACK     SLACK   RULE COST         ENDPOINT         
  --------- --------- --------- --------- --------- -------------------------
    0:00:02    2117.4      0.00       0.0       0.0                          
    0:00:02    2117.4      0.00       0.0       0.0                          
    0:00:02    2117.4      0.00       0.0       0.0                          


  Beginning Area-Recovery Phase  (cleanup)
  -----------------------------

   ELAPSED            WORST NEG TOTAL NEG  DESIGN                            
    TIME      AREA      SLACK     SLACK   RULE COST         ENDPOINT         
  --------- --------- --------- --------- --------- -------------------------
    0:00:02    2117.4      0.00       0.0       0.0                          
    0:00:02    2117.4      0.00       0.0       0.0                          
    0:00:02    2117.4      0.00       0.0       0.0                          
    0:00:02    2115.2      0.00       0.0       0.0                          
    0:00:02    2114.2      0.00       0.0       0.0                          
    0:00:02    2114.2      0.00       0.0       0.0                          
    0:00:02    2114.2      0.00       0.0       0.0                          
    0:00:02    2114.2      0.00       0.0       0.0                          
    0:00:02    2114.2      0.00       0.0       0.0                          
    0:00:02    2114.2      0.00       0.0       0.0                          
    0:00:02    2114.2      0.00       0.0       0.0                          
    0:00:02    2113.6      0.00       0.0       0.0                          
    0:00:02    2113.6      0.00       0.0       0.0                          
    0:00:02    2113.6      0.00       0.0       0.0                          
    0:00:02    2113.6      0.00       0.0       0.0                          
    0:00:02    2113.6      0.00       0.0       0.0                          
    0:00:02    2113.6      0.00       0.0       0.0                          
    0:00:02    2113.6      0.00       0.0       0.0                          
    0:00:02    2113.6      0.00       0.0       0.0                          
Loading db file '/home/standard_cell_libraries/NangateOpenCellLibrary_PDKv1_3_v2010_12/lib/Front_End/Liberty/NLDM/NangateOpenCellLibrary_ss0p95vn40c.db'

  Optimization Complete
  ---------------------
1
