 
****************************************
Report : area
Design : TopModule
Version: G-2012.06-SP2
Date   : Sat Dec 24 21:32:45 2016
****************************************

Information: Updating design information... (UID-85)
Library(s) Used:

    NangateOpenCellLibrary_ss0p95vn40c (File: /home/standard_cell_libraries/NangateOpenCellLibrary_PDKv1_3_v2010_12/lib/Front_End/Liberty/NLDM/NangateOpenCellLibrary_ss0p95vn40c.db)

Number of ports:                          132
Number of nets:                           260
Number of cells:                            3
Number of combinational cells:              0
Number of sequential cells:                 0
Number of macros:                           0
Number of buf/inv:                          0
Number of references:                       3

Combinational area:        956.801999
Buf/Inv area:              178.220001
Noncombinational area:    1156.833999
Net Interconnect area:      undefined  (Wire load has zero net area)

Total cell area:          2113.635998
Total area:                 undefined

Hierarchical area distribution
------------------------------

                                  Global cell area          Local cell area
                                  ------------------  --------------------------- 
Hierarchical cell                 Absolute   Percent  Combi-    Noncombi-  Black
                                  Total      Total    national  national   boxes   Design
--------------------------------  ---------  -------  --------  ---------  ------  --------------------
TopModule                         2113.6360    100.0    0.0000     0.0000  0.0000  TopModule
M0                                1316.7000     62.3  137.7880   373.7300  0.0000  boothMultiplier
M0/A0                              402.1920     19.0    0.0000     0.0000  0.0000  carrySelectAdder_0
M0/A0/CSL1                          50.2740      2.4    9.8420     0.0000  0.0000  carry_select_4bit_0
M0/A0/CSL1/F1                        5.0540      0.2    5.0540     0.0000  0.0000  fullAdder_0
M0/A0/CSL1/F2                        5.0540      0.2    5.0540     0.0000  0.0000  fullAdder_127
M0/A0/CSL1/F3                        5.0540      0.2    5.0540     0.0000  0.0000  fullAdder_126
M0/A0/CSL1/F4                        5.0540      0.2    5.0540     0.0000  0.0000  fullAdder_125
M0/A0/CSL1/F5                        5.0540      0.2    5.0540     0.0000  0.0000  fullAdder_124
M0/A0/CSL1/F6                        5.0540      0.2    5.0540     0.0000  0.0000  fullAdder_123
M0/A0/CSL1/F7                        5.0540      0.2    5.0540     0.0000  0.0000  fullAdder_122
M0/A0/CSL1/F8                        5.0540      0.2    5.0540     0.0000  0.0000  fullAdder_121
M0/A0/CSL2                          50.2740      2.4    9.8420     0.0000  0.0000  carry_select_4bit_15
M0/A0/CSL2/F1                        5.0540      0.2    5.0540     0.0000  0.0000  fullAdder_120
M0/A0/CSL2/F2                        5.0540      0.2    5.0540     0.0000  0.0000  fullAdder_119
M0/A0/CSL2/F3                        5.0540      0.2    5.0540     0.0000  0.0000  fullAdder_118
M0/A0/CSL2/F4                        5.0540      0.2    5.0540     0.0000  0.0000  fullAdder_117
M0/A0/CSL2/F5                        5.0540      0.2    5.0540     0.0000  0.0000  fullAdder_116
M0/A0/CSL2/F6                        5.0540      0.2    5.0540     0.0000  0.0000  fullAdder_115
M0/A0/CSL2/F7                        5.0540      0.2    5.0540     0.0000  0.0000  fullAdder_114
M0/A0/CSL2/F8                        5.0540      0.2    5.0540     0.0000  0.0000  fullAdder_113
M0/A0/CSL3                          50.2740      2.4    9.8420     0.0000  0.0000  carry_select_4bit_14
M0/A0/CSL3/F1                        5.0540      0.2    5.0540     0.0000  0.0000  fullAdder_112
M0/A0/CSL3/F2                        5.0540      0.2    5.0540     0.0000  0.0000  fullAdder_111
M0/A0/CSL3/F3                        5.0540      0.2    5.0540     0.0000  0.0000  fullAdder_110
M0/A0/CSL3/F4                        5.0540      0.2    5.0540     0.0000  0.0000  fullAdder_109
M0/A0/CSL3/F5                        5.0540      0.2    5.0540     0.0000  0.0000  fullAdder_108
M0/A0/CSL3/F6                        5.0540      0.2    5.0540     0.0000  0.0000  fullAdder_107
M0/A0/CSL3/F7                        5.0540      0.2    5.0540     0.0000  0.0000  fullAdder_106
M0/A0/CSL3/F8                        5.0540      0.2    5.0540     0.0000  0.0000  fullAdder_105
M0/A0/CSL4                          50.2740      2.4    9.8420     0.0000  0.0000  carry_select_4bit_13
M0/A0/CSL4/F1                        5.0540      0.2    5.0540     0.0000  0.0000  fullAdder_104
M0/A0/CSL4/F2                        5.0540      0.2    5.0540     0.0000  0.0000  fullAdder_103
M0/A0/CSL4/F3                        5.0540      0.2    5.0540     0.0000  0.0000  fullAdder_102
M0/A0/CSL4/F4                        5.0540      0.2    5.0540     0.0000  0.0000  fullAdder_101
M0/A0/CSL4/F5                        5.0540      0.2    5.0540     0.0000  0.0000  fullAdder_100
M0/A0/CSL4/F6                        5.0540      0.2    5.0540     0.0000  0.0000  fullAdder_99
M0/A0/CSL4/F7                        5.0540      0.2    5.0540     0.0000  0.0000  fullAdder_98
M0/A0/CSL4/F8                        5.0540      0.2    5.0540     0.0000  0.0000  fullAdder_97
M0/A0/CSL5                          50.2740      2.4    9.8420     0.0000  0.0000  carry_select_4bit_12
M0/A0/CSL5/F1                        5.0540      0.2    5.0540     0.0000  0.0000  fullAdder_96
M0/A0/CSL5/F2                        5.0540      0.2    5.0540     0.0000  0.0000  fullAdder_95
M0/A0/CSL5/F3                        5.0540      0.2    5.0540     0.0000  0.0000  fullAdder_94
M0/A0/CSL5/F4                        5.0540      0.2    5.0540     0.0000  0.0000  fullAdder_93
M0/A0/CSL5/F5                        5.0540      0.2    5.0540     0.0000  0.0000  fullAdder_92
M0/A0/CSL5/F6                        5.0540      0.2    5.0540     0.0000  0.0000  fullAdder_91
M0/A0/CSL5/F7                        5.0540      0.2    5.0540     0.0000  0.0000  fullAdder_90
M0/A0/CSL5/F8                        5.0540      0.2    5.0540     0.0000  0.0000  fullAdder_89
M0/A0/CSL6                          50.2740      2.4    9.8420     0.0000  0.0000  carry_select_4bit_11
M0/A0/CSL6/F1                        5.0540      0.2    5.0540     0.0000  0.0000  fullAdder_88
M0/A0/CSL6/F2                        5.0540      0.2    5.0540     0.0000  0.0000  fullAdder_87
M0/A0/CSL6/F3                        5.0540      0.2    5.0540     0.0000  0.0000  fullAdder_86
M0/A0/CSL6/F4                        5.0540      0.2    5.0540     0.0000  0.0000  fullAdder_85
M0/A0/CSL6/F5                        5.0540      0.2    5.0540     0.0000  0.0000  fullAdder_84
M0/A0/CSL6/F6                        5.0540      0.2    5.0540     0.0000  0.0000  fullAdder_83
M0/A0/CSL6/F7                        5.0540      0.2    5.0540     0.0000  0.0000  fullAdder_82
M0/A0/CSL6/F8                        5.0540      0.2    5.0540     0.0000  0.0000  fullAdder_81
M0/A0/CSL7                          50.2740      2.4    9.8420     0.0000  0.0000  carry_select_4bit_10
M0/A0/CSL7/F1                        5.0540      0.2    5.0540     0.0000  0.0000  fullAdder_80
M0/A0/CSL7/F2                        5.0540      0.2    5.0540     0.0000  0.0000  fullAdder_79
M0/A0/CSL7/F3                        5.0540      0.2    5.0540     0.0000  0.0000  fullAdder_78
M0/A0/CSL7/F4                        5.0540      0.2    5.0540     0.0000  0.0000  fullAdder_77
M0/A0/CSL7/F5                        5.0540      0.2    5.0540     0.0000  0.0000  fullAdder_76
M0/A0/CSL7/F6                        5.0540      0.2    5.0540     0.0000  0.0000  fullAdder_75
M0/A0/CSL7/F7                        5.0540      0.2    5.0540     0.0000  0.0000  fullAdder_74
M0/A0/CSL7/F8                        5.0540      0.2    5.0540     0.0000  0.0000  fullAdder_73
M0/A0/CSL8                          50.2740      2.4    9.8420     0.0000  0.0000  carry_select_4bit_9
M0/A0/CSL8/F1                        5.0540      0.2    5.0540     0.0000  0.0000  fullAdder_72
M0/A0/CSL8/F2                        5.0540      0.2    5.0540     0.0000  0.0000  fullAdder_71
M0/A0/CSL8/F3                        5.0540      0.2    5.0540     0.0000  0.0000  fullAdder_70
M0/A0/CSL8/F4                        5.0540      0.2    5.0540     0.0000  0.0000  fullAdder_69
M0/A0/CSL8/F5                        5.0540      0.2    5.0540     0.0000  0.0000  fullAdder_68
M0/A0/CSL8/F6                        5.0540      0.2    5.0540     0.0000  0.0000  fullAdder_67
M0/A0/CSL8/F7                        5.0540      0.2    5.0540     0.0000  0.0000  fullAdder_66
M0/A0/CSL8/F8                        5.0540      0.2    5.0540     0.0000  0.0000  fullAdder_65
M0/A1                              402.9900     19.1    0.0000     0.0000  0.0000  carrySelectAdder_1
M0/A1/CSL1                          50.2740      2.4    9.8420     0.0000  0.0000  carry_select_4bit_8
M0/A1/CSL1/F1                        5.0540      0.2    5.0540     0.0000  0.0000  fullAdder_64
M0/A1/CSL1/F2                        5.0540      0.2    5.0540     0.0000  0.0000  fullAdder_63
M0/A1/CSL1/F3                        5.0540      0.2    5.0540     0.0000  0.0000  fullAdder_62
M0/A1/CSL1/F4                        5.0540      0.2    5.0540     0.0000  0.0000  fullAdder_61
M0/A1/CSL1/F5                        5.0540      0.2    5.0540     0.0000  0.0000  fullAdder_60
M0/A1/CSL1/F6                        5.0540      0.2    5.0540     0.0000  0.0000  fullAdder_59
M0/A1/CSL1/F7                        5.0540      0.2    5.0540     0.0000  0.0000  fullAdder_58
M0/A1/CSL1/F8                        5.0540      0.2    5.0540     0.0000  0.0000  fullAdder_57
M0/A1/CSL2                          51.0720      2.4   10.6400     0.0000  0.0000  carry_select_4bit_7
M0/A1/CSL2/F1                        5.0540      0.2    5.0540     0.0000  0.0000  fullAdder_56
M0/A1/CSL2/F2                        5.0540      0.2    5.0540     0.0000  0.0000  fullAdder_55
M0/A1/CSL2/F3                        5.0540      0.2    5.0540     0.0000  0.0000  fullAdder_54
M0/A1/CSL2/F4                        5.0540      0.2    5.0540     0.0000  0.0000  fullAdder_53
M0/A1/CSL2/F5                        5.0540      0.2    5.0540     0.0000  0.0000  fullAdder_52
M0/A1/CSL2/F6                        5.0540      0.2    5.0540     0.0000  0.0000  fullAdder_51
M0/A1/CSL2/F7                        5.0540      0.2    5.0540     0.0000  0.0000  fullAdder_50
M0/A1/CSL2/F8                        5.0540      0.2    5.0540     0.0000  0.0000  fullAdder_49
M0/A1/CSL3                          50.2740      2.4    9.8420     0.0000  0.0000  carry_select_4bit_6
M0/A1/CSL3/F1                        5.0540      0.2    5.0540     0.0000  0.0000  fullAdder_48
M0/A1/CSL3/F2                        5.0540      0.2    5.0540     0.0000  0.0000  fullAdder_47
M0/A1/CSL3/F3                        5.0540      0.2    5.0540     0.0000  0.0000  fullAdder_46
M0/A1/CSL3/F4                        5.0540      0.2    5.0540     0.0000  0.0000  fullAdder_45
M0/A1/CSL3/F5                        5.0540      0.2    5.0540     0.0000  0.0000  fullAdder_44
M0/A1/CSL3/F6                        5.0540      0.2    5.0540     0.0000  0.0000  fullAdder_43
M0/A1/CSL3/F7                        5.0540      0.2    5.0540     0.0000  0.0000  fullAdder_42
M0/A1/CSL3/F8                        5.0540      0.2    5.0540     0.0000  0.0000  fullAdder_41
M0/A1/CSL4                          50.2740      2.4    9.8420     0.0000  0.0000  carry_select_4bit_5
M0/A1/CSL4/F1                        5.0540      0.2    5.0540     0.0000  0.0000  fullAdder_40
M0/A1/CSL4/F2                        5.0540      0.2    5.0540     0.0000  0.0000  fullAdder_39
M0/A1/CSL4/F3                        5.0540      0.2    5.0540     0.0000  0.0000  fullAdder_38
M0/A1/CSL4/F4                        5.0540      0.2    5.0540     0.0000  0.0000  fullAdder_37
M0/A1/CSL4/F5                        5.0540      0.2    5.0540     0.0000  0.0000  fullAdder_36
M0/A1/CSL4/F6                        5.0540      0.2    5.0540     0.0000  0.0000  fullAdder_35
M0/A1/CSL4/F7                        5.0540      0.2    5.0540     0.0000  0.0000  fullAdder_34
M0/A1/CSL4/F8                        5.0540      0.2    5.0540     0.0000  0.0000  fullAdder_33
M0/A1/CSL5                          50.2740      2.4    9.8420     0.0000  0.0000  carry_select_4bit_4
M0/A1/CSL5/F1                        5.0540      0.2    5.0540     0.0000  0.0000  fullAdder_32
M0/A1/CSL5/F2                        5.0540      0.2    5.0540     0.0000  0.0000  fullAdder_31
M0/A1/CSL5/F3                        5.0540      0.2    5.0540     0.0000  0.0000  fullAdder_30
M0/A1/CSL5/F4                        5.0540      0.2    5.0540     0.0000  0.0000  fullAdder_29
M0/A1/CSL5/F5                        5.0540      0.2    5.0540     0.0000  0.0000  fullAdder_28
M0/A1/CSL5/F6                        5.0540      0.2    5.0540     0.0000  0.0000  fullAdder_27
M0/A1/CSL5/F7                        5.0540      0.2    5.0540     0.0000  0.0000  fullAdder_26
M0/A1/CSL5/F8                        5.0540      0.2    5.0540     0.0000  0.0000  fullAdder_25
M0/A1/CSL6                          50.2740      2.4    9.8420     0.0000  0.0000  carry_select_4bit_3
M0/A1/CSL6/F1                        5.0540      0.2    5.0540     0.0000  0.0000  fullAdder_24
M0/A1/CSL6/F2                        5.0540      0.2    5.0540     0.0000  0.0000  fullAdder_23
M0/A1/CSL6/F3                        5.0540      0.2    5.0540     0.0000  0.0000  fullAdder_22
M0/A1/CSL6/F4                        5.0540      0.2    5.0540     0.0000  0.0000  fullAdder_21
M0/A1/CSL6/F5                        5.0540      0.2    5.0540     0.0000  0.0000  fullAdder_20
M0/A1/CSL6/F6                        5.0540      0.2    5.0540     0.0000  0.0000  fullAdder_19
M0/A1/CSL6/F7                        5.0540      0.2    5.0540     0.0000  0.0000  fullAdder_18
M0/A1/CSL6/F8                        5.0540      0.2    5.0540     0.0000  0.0000  fullAdder_17
M0/A1/CSL7                          50.2740      2.4    9.8420     0.0000  0.0000  carry_select_4bit_2
M0/A1/CSL7/F1                        5.0540      0.2    5.0540     0.0000  0.0000  fullAdder_16
M0/A1/CSL7/F2                        5.0540      0.2    5.0540     0.0000  0.0000  fullAdder_15
M0/A1/CSL7/F3                        5.0540      0.2    5.0540     0.0000  0.0000  fullAdder_14
M0/A1/CSL7/F4                        5.0540      0.2    5.0540     0.0000  0.0000  fullAdder_13
M0/A1/CSL7/F5                        5.0540      0.2    5.0540     0.0000  0.0000  fullAdder_12
M0/A1/CSL7/F6                        5.0540      0.2    5.0540     0.0000  0.0000  fullAdder_11
M0/A1/CSL7/F7                        5.0540      0.2    5.0540     0.0000  0.0000  fullAdder_10
M0/A1/CSL7/F8                        5.0540      0.2    5.0540     0.0000  0.0000  fullAdder_9
M0/A1/CSL8                          50.2740      2.4    9.8420     0.0000  0.0000  carry_select_4bit_1
M0/A1/CSL8/F1                        5.0540      0.2    5.0540     0.0000  0.0000  fullAdder_8
M0/A1/CSL8/F2                        5.0540      0.2    5.0540     0.0000  0.0000  fullAdder_7
M0/A1/CSL8/F3                        5.0540      0.2    5.0540     0.0000  0.0000  fullAdder_6
M0/A1/CSL8/F4                        5.0540      0.2    5.0540     0.0000  0.0000  fullAdder_5
M0/A1/CSL8/F5                        5.0540      0.2    5.0540     0.0000  0.0000  fullAdder_4
M0/A1/CSL8/F6                        5.0540      0.2    5.0540     0.0000  0.0000  fullAdder_3
M0/A1/CSL8/F7                        5.0540      0.2    5.0540     0.0000  0.0000  fullAdder_2
M0/A1/CSL8/F8                        5.0540      0.2    5.0540     0.0000  0.0000  fullAdder_1
R0                                 398.4680     18.9    6.9160   391.5520  0.0000  register_N64_2
R2                                 398.4680     18.9    6.9160   391.5520  0.0000  register_N64_3
--------------------------------  ---------  -------  --------  ---------  ------  --------------------
Total                                                 956.8020  1156.8340  0.0000

1
