 
****************************************
Report : qor
Design : TopModule
Version: G-2012.06-SP2
Date   : Sat Dec 24 21:32:45 2016
****************************************


  Timing Path Group 'clk'
  -----------------------------------
  Levels of Logic:               0.00
  Critical Path Length:          0.01
  Critical Path Slack:           0.51
  Critical Path Clk Period:     52.80
  Total Negative Slack:          0.00
  No. of Violating Paths:        0.00
  Worst Hold Violation:          0.00
  Total Hold Violation:          0.00
  No. of Hold Violations:        0.00
  -----------------------------------

  Timing Path Group 'iclk'
  -----------------------------------
  Levels of Logic:              34.00
  Critical Path Length:          1.56
  Critical Path Slack:           0.01
  Critical Path Clk Period:      1.60
  Total Negative Slack:          0.00
  No. of Violating Paths:        0.00
  Worst Hold Violation:          0.00
  Total Hold Violation:          0.00
  No. of Hold Violations:        0.00
  -----------------------------------


  Cell Count
  -----------------------------------
  Hierarchical Cell Count:        149
  Hierarchical Port Count:       1450
  Leaf Cell Count:               1042
  Buf/Inv Cell Count:             322
  CT Buf/Inv Cell Count:            0
  Combinational Cell Count:       843
  Sequential Cell Count:          199
  Macro Count:                      0
  -----------------------------------


  Area
  -----------------------------------
  Combinational Area:      956.801999
  Noncombinational Area:  1156.833999
  Buf/Inv Area:            178.220001
  Net Area:                  0.000000
  -----------------------------------
  Cell Area:              2113.635998
  Design Area:            2113.635998


  Design Rules
  -----------------------------------
  Total Number of Nets:          1279
  Nets With Violations:             0
  Max Trans Violations:             0
  Max Cap Violations:               0
  -----------------------------------


  Hostname: localhost.localdomain

  Compile CPU Statistics
  -----------------------------------------
  Resource Sharing:                    0.23
  Logic Optimization:                  0.56
  Mapping Optimization:                0.48
  -----------------------------------------
  Overall Compile Time:                2.06
  Overall Compile Wall Clock Time:     2.24

1
