Warning: The following synthetic libraries should be added to 
	the list of link libraries: 
	'dw_foundation.sldb'. (UISN-26)
Information: Checking out the license 'DesignWare'. (SEC-104)
Information: Evaluating DesignWare library utilization. (UISN-27)

============================================================================
| DesignWare Building Block Library  |         Version         | Available |
============================================================================
| Basic DW Building Blocks           | U-2022.12-DWBB_202212.5 |     *     |
| Licensed DW Building Blocks        | U-2022.12-DWBB_202212.5 |     *     |
============================================================================

====================================================================================================
| Flow Information                                                                                 |
----------------------------------------------------------------------------------------------------
| Flow         | Design Compiler                                                                   |
====================================================================================================
| Design Information                                      | Value                                  |
====================================================================================================
| Number of Scenarios                                     | 0                                      |
| Leaf Cell Count                                         | 6                                      |
| Number of User Hierarchies                              | 0                                      |
| Sequential Cell Count                                   | 0                                      |
| Macro Count                                             | 0                                      |
| Number of Power Domains                                 | 0                                      |
| Number of Path Groups                                   | 1                                      |
| Number of VT Class                                      | 1                                      |
| Number of Clocks                                        | 0                                      |
| Number of Dont Touch Cells                              | 0                                      |
| Number of Dont Touch Nets                               | 0                                      |
| Number of Size Only Cells                               | 0                                      |
| Design with UPF Data                                    | false                                  |
====================================================================================================


  Beginning Pass 1 Mapping
  ------------------------
  Processing 'simpleAdder'

  Updating timing information
Information: Updating design information... (UID-85)
Information: Design 'simpleAdder' has no optimization constraints set. (OPT-108)

  Beginning Implementation Selection
  ----------------------------------
  Processing 'simpleAdder_DW01_add_0'
Information: Command 'do_operand_isolation' is obsolete and is being ignored.  Please refer to the replacement command 'set power_enable_datapath_gating true' instead. (INFO-118)

  Beginning Mapping Optimizations  (Medium effort)
  -------------------------------
  Structuring 'simpleAdder'
  Mapping 'simpleAdder'
Information: Command 'do_operand_isolation' is obsolete and is being ignored.  Please refer to the replacement command 'set power_enable_datapath_gating true' instead. (INFO-118)

                                  TOTAL                                      
   ELAPSED            WORST NEG   SETUP    DESIGN                            
    TIME      AREA      SLACK     COST    RULE COST         ENDPOINT         
  --------- --------- --------- --------- --------- -------------------------
    0:00:00     976.9      0.00       0.0       0.0                          
    0:00:00     976.9      0.00       0.0       0.0                          
    0:00:00     976.9      0.00       0.0       0.0                          
    0:00:00     976.9      0.00       0.0       0.0                          
    0:00:00     976.9      0.00       0.0       0.0                          
    0:00:00     976.9      0.00       0.0       0.0                          
    0:00:00     976.9      0.00       0.0       0.0                          
    0:00:00     976.9      0.00       0.0       0.0                          
    0:00:00     976.9      0.00       0.0       0.0                          
    0:00:00     976.9      0.00       0.0       0.0                          
    0:00:00     976.9      0.00       0.0       0.0                          
    0:00:00     976.9      0.00       0.0       0.0                          



  Beginning Delay Optimization Phase
  ----------------------------------

                                  TOTAL                                      
   ELAPSED            WORST NEG   SETUP    DESIGN                            
    TIME      AREA      SLACK     COST    RULE COST         ENDPOINT         
  --------- --------- --------- --------- --------- -------------------------
    0:00:00     976.9      0.00       0.0       0.0                          
    0:00:00     976.9      0.00       0.0       0.0                          
    0:00:00     976.9      0.00       0.0       0.0                          


  Beginning Area-Recovery Phase  (cleanup)
  -----------------------------

                                  TOTAL                                      
   ELAPSED            WORST NEG   SETUP    DESIGN                            
    TIME      AREA      SLACK     COST    RULE COST         ENDPOINT         
  --------- --------- --------- --------- --------- -------------------------
    0:00:00     976.9      0.00       0.0       0.0                          
    0:00:00     976.9      0.00       0.0       0.0                          
    0:00:00     976.9      0.00       0.0       0.0                          
    0:00:00     976.9      0.00       0.0       0.0                          
    0:00:00     976.9      0.00       0.0       0.0                          
    0:00:00     976.9      0.00       0.0       0.0                          
    0:00:00     976.9      0.00       0.0       0.0                          
    0:00:00     976.9      0.00       0.0       0.0                          
    0:00:00     976.9      0.00       0.0       0.0                          
    0:00:00     976.9      0.00       0.0       0.0                          
    0:00:00     976.9      0.00       0.0       0.0                          
Loading db file '/home/user57/Desktop/simpleAdder/ref/models/saed90nm_typ_ht.db'


Note: Symbol # after min delay cost means estimated hold TNS across all active scenarios 


  Optimization Complete
  ---------------------
Information: Total number of MV cells in the design.
----------------------------------------------------------------------------------------------------
 MV Cells                                           Total Number                                   
----------------------------------------------------------------------------------------------------
 Level Shifter:                                     0                                             
 Enable Level Shifter:                              0                                             
 Isolation Cell:                                    0                                             
 Retention Cell:                                    0                                             
 Retention Clamp Cell:                              0                                             
 Switch Cell:                                       0                                             
 Always-On Cell:                                    0                                             
 Repeater Cell:                                     0                                             

----------------------------------------------------------------------------------------------------
Unmapped MV Cells 
----------------------------------------------------------------------------------------------------
0 Isolation Cells are unmapped 
0 Retention Clamp Cells are unmapped 
----------------------------------------------------------------------------------------------------
1
