 
****************************************
Report : resources
Design : simpleAdder
Version: U-2022.12-SP7
Date   : Wed Dec 13 18:52:35 2023
****************************************

Resource Sharing Report for design simpleAdder in file ../source/simpleAdder.v

===============================================================================
|          |              |            | Contained     |                      |
| Resource | Module       | Parameters | Resources     | Contained Operations |
===============================================================================
| r366     | DW01_add     | width=33   |               | add_1_root_add_10_2  |
===============================================================================


Implementation Report
===============================================================================
|                    |                  | Current            | Set            |
| Cell               | Module           | Implementation     | Implementation |
===============================================================================
| add_1_root_add_10_2                   |                    |                |
|                    | DW01_add         | rpl                |                |
===============================================================================

1
