 
****************************************
Report : cell
Design : TopModule
Version: G-2012.06-SP2
Date   : Sat Dec 24 21:30:41 2016
****************************************

Attributes:
    b - black box (unknown)
    h - hierarchical
    n - noncombinational
    p - parameterized
    r - removable
    u - contains unmapped logic

Cell                      Reference       Library             Area  Attributes
--------------------------------------------------------------------------------
M0                        sequentialMultiplier            1552.907985
                                                                    h, n
R0                        register_N64_0                  398.468002
                                                                    h, n, p
R2                        register_N64_1                  398.468002
                                                                    h, n, p
--------------------------------------------------------------------------------
Total 3 cells                                             2349.843989
1
