 
****************************************
Report : qor
Design : TopModule
Version: G-2012.06-SP2
Date   : Sat Dec 24 21:30:41 2016
****************************************


  Timing Path Group 'clk'
  -----------------------------------
  Levels of Logic:               0.00
  Critical Path Length:          0.01
  Critical Path Slack:           2.91
  Critical Path Clk Period:    132.00
  Total Negative Slack:          0.00
  No. of Violating Paths:        0.00
  Worst Hold Violation:          0.00
  Total Hold Violation:          0.00
  No. of Hold Violations:        0.00
  -----------------------------------

  Timing Path Group 'iclk'
  -----------------------------------
  Levels of Logic:              92.00
  Critical Path Length:          3.96
  Critical Path Slack:           0.01
  Critical Path Clk Period:      4.00
  Total Negative Slack:          0.00
  No. of Violating Paths:        0.00
  Worst Hold Violation:          0.00
  Total Hold Violation:          0.00
  No. of Hold Violations:        0.00
  -----------------------------------


  Cell Count
  -----------------------------------
  Hierarchical Cell Count:          4
  Hierarchical Port Count:        584
  Leaf Cell Count:               1187
  Buf/Inv Cell Count:             320
  CT Buf/Inv Cell Count:            0
  Combinational Cell Count:       989
  Sequential Cell Count:          198
  Macro Count:                      0
  -----------------------------------


  Area
  -----------------------------------
  Combinational Area:     1250.199996
  Noncombinational Area:  1099.643992
  Buf/Inv Area:            192.052000
  Net Area:                  0.000000
  -----------------------------------
  Cell Area:              2349.843989
  Design Area:            2349.843989


  Design Rules
  -----------------------------------
  Total Number of Nets:          1393
  Nets With Violations:             0
  Max Trans Violations:             0
  Max Cap Violations:               0
  -----------------------------------


  Hostname: localhost.localdomain

  Compile CPU Statistics
  -----------------------------------------
  Resource Sharing:                    0.46
  Logic Optimization:                  1.76
  Mapping Optimization:                2.79
  -----------------------------------------
  Overall Compile Time:                5.99
  Overall Compile Wall Clock Time:     6.00

1
